Copyright 1986-2021 Xilinx, Inc. All Rights Reserved.
--------------------------------------------------------------------------------------------------------------------------------------------------------------------
| Tool Version : Vivado v.2021.1 (win64) Build 3247384 Thu Jun 10 19:36:33 MDT 2021
| Date         : Fri Dec  9 23:50:15 2022
| Host         : DESKTOP-1FT5C23 running 64-bit major release  (build 9200)
| Command      : report_methodology -file sysgen_STN_methodology_drc_routed.rpt -pb sysgen_STN_methodology_drc_routed.pb -rpx sysgen_STN_methodology_drc_routed.rpx
| Design       : sysgen_STN
| Device       : xc7z020clg484-1
| Speed File   : -1
| Design State : Fully Routed
--------------------------------------------------------------------------------------------------------------------------------------------------------------------

Report Methodology

Table of Contents
-----------------
1. REPORT SUMMARY
2. REPORT DETAILS

1. REPORT SUMMARY
-----------------
            Netlist: netlist
          Floorplan: design_1
      Design limits: <entire design considered>
             Max violations: <unlimited>
             Violations found: 111
+-----------+----------+-------------------------------+------------+
| Rule      | Severity | Description                   | Violations |
+-----------+----------+-------------------------------+------------+
| TIMING-16 | Warning  | Large setup violation         | 87         |
| TIMING-18 | Warning  | Missing input or output delay | 24         |
+-----------+----------+-------------------------------+------------+

2. REPORT DETAILS
-----------------
TIMING-16#1 Warning
Large setup violation  
There is a large setup violation of -1.003 ns between your_instance_name/U0/bram_stn_8bit_struct/subsystem/addsub7/comp0.core_instance0/U0/xst_addsub/i_baseblox.i_baseblox_addsub/no_pipelining.the_addsub/i_lut6.i_lut6_addsub/i_simple_model.i_gt_1.carrychaingen[7].carryxor_i_1_psdsp/C (clocked by CLK) and your_instance_name/U0/bram_stn_8bit_struct/subsystem/mult3/comp0.core_instance0/U0/i_mult/gDSP.gDSP_only.iDSP/inferred_dsp.use_p_reg.p_reg_reg/B[11] (clocked by CLK). Large setup violations at the end of those stages might be difficult to fix during the post-placement implementation flow and could be the result of non-optimal XDC constraints or non-optimal design architecture
Related violations: <none>

TIMING-16#2 Warning
Large setup violation  
There is a large setup violation of -1.004 ns between your_instance_name/U0/bram_stn_8bit_struct/subsystem/addsub6/comp0.core_instance0/U0/xst_addsub/i_baseblox.i_baseblox_addsub/no_pipelining.the_addsub/i_lut6.i_lut6_addsub/i_simple_model.i_gt_1.carrychaingen[7].carryxor_i_1_psdsp_8/C (clocked by CLK) and your_instance_name/U0/bram_stn_8bit_struct/subsystem/mult2/comp0.core_instance0/U0/i_mult/gDSP.gDSP_only.iDSP/inferred_dsp.use_p_reg.p_reg_reg/B[11] (clocked by CLK). Large setup violations at the end of those stages might be difficult to fix during the post-placement implementation flow and could be the result of non-optimal XDC constraints or non-optimal design architecture
Related violations: <none>

TIMING-16#3 Warning
Large setup violation  
There is a large setup violation of -1.011 ns between your_instance_name/U0/bram_stn_8bit_struct/subsystem/addsub6/comp0.core_instance0/U0/xst_addsub/i_baseblox.i_baseblox_addsub/no_pipelining.the_addsub/i_lut6.i_lut6_addsub/i_simple_model.i_gt_1.carrychaingen[7].carryxor_i_1_psdsp_12/C (clocked by CLK) and your_instance_name/U0/bram_stn_8bit_struct/subsystem/mult2/comp0.core_instance0/U0/i_mult/gDSP.gDSP_only.iDSP/inferred_dsp.use_p_reg.p_reg_reg/B[3] (clocked by CLK). Large setup violations at the end of those stages might be difficult to fix during the post-placement implementation flow and could be the result of non-optimal XDC constraints or non-optimal design architecture
Related violations: <none>

TIMING-16#4 Warning
Large setup violation  
There is a large setup violation of -1.011 ns between your_instance_name/U0/bram_stn_8bit_struct/subsystem/addsub7/comp0.core_instance0/U0/xst_addsub/i_baseblox.i_baseblox_addsub/no_pipelining.the_addsub/i_lut6.i_lut6_addsub/i_simple_model.i_gt_1.carrychaingen[7].carryxor_i_1_psdsp_7/C (clocked by CLK) and your_instance_name/U0/bram_stn_8bit_struct/subsystem/mult3/comp0.core_instance0/U0/i_mult/gDSP.gDSP_only.iDSP/inferred_dsp.use_p_reg.p_reg_reg/B[0] (clocked by CLK). Large setup violations at the end of those stages might be difficult to fix during the post-placement implementation flow and could be the result of non-optimal XDC constraints or non-optimal design architecture
Related violations: <none>

TIMING-16#5 Warning
Large setup violation  
There is a large setup violation of -1.014 ns between your_instance_name/U0/bram_stn_8bit_struct/subsystem/addsub7/comp0.core_instance0/U0/xst_addsub/i_baseblox.i_baseblox_addsub/no_pipelining.the_addsub/i_lut6.i_lut6_addsub/i_simple_model.i_gt_1.carrychaingen[7].carryxor_i_1_psdsp/C (clocked by CLK) and your_instance_name/U0/bram_stn_8bit_struct/subsystem/mult3/comp0.core_instance0/U0/i_mult/gDSP.gDSP_only.iDSP/inferred_dsp.use_p_reg.p_reg_reg/B[10] (clocked by CLK). Large setup violations at the end of those stages might be difficult to fix during the post-placement implementation flow and could be the result of non-optimal XDC constraints or non-optimal design architecture
Related violations: <none>

TIMING-16#6 Warning
Large setup violation  
There is a large setup violation of -1.014 ns between your_instance_name/U0/bram_stn_8bit_struct/subsystem/addsub7/comp0.core_instance0/U0/xst_addsub/i_baseblox.i_baseblox_addsub/no_pipelining.the_addsub/i_lut6.i_lut6_addsub/i_simple_model.i_gt_1.carrychaingen[7].carryxor_i_1_psdsp/C (clocked by CLK) and your_instance_name/U0/bram_stn_8bit_struct/subsystem/mult3/comp0.core_instance0/U0/i_mult/gDSP.gDSP_only.iDSP/inferred_dsp.use_p_reg.p_reg_reg/B[8] (clocked by CLK). Large setup violations at the end of those stages might be difficult to fix during the post-placement implementation flow and could be the result of non-optimal XDC constraints or non-optimal design architecture
Related violations: <none>

TIMING-16#7 Warning
Large setup violation  
There is a large setup violation of -1.015 ns between your_instance_name/U0/bram_stn_8bit_struct/subsystem/addsub6/comp0.core_instance0/U0/xst_addsub/i_baseblox.i_baseblox_addsub/no_pipelining.the_addsub/i_lut6.i_lut6_addsub/i_simple_model.i_gt_1.carrychaingen[7].carryxor_i_1_psdsp_8/C (clocked by CLK) and your_instance_name/U0/bram_stn_8bit_struct/subsystem/mult2/comp0.core_instance0/U0/i_mult/gDSP.gDSP_only.iDSP/inferred_dsp.use_p_reg.p_reg_reg/B[10] (clocked by CLK). Large setup violations at the end of those stages might be difficult to fix during the post-placement implementation flow and could be the result of non-optimal XDC constraints or non-optimal design architecture
Related violations: <none>

TIMING-16#8 Warning
Large setup violation  
There is a large setup violation of -1.015 ns between your_instance_name/U0/bram_stn_8bit_struct/subsystem/addsub6/comp0.core_instance0/U0/xst_addsub/i_baseblox.i_baseblox_addsub/no_pipelining.the_addsub/i_lut6.i_lut6_addsub/i_simple_model.i_gt_1.carrychaingen[7].carryxor_i_1_psdsp_8/C (clocked by CLK) and your_instance_name/U0/bram_stn_8bit_struct/subsystem/mult2/comp0.core_instance0/U0/i_mult/gDSP.gDSP_only.iDSP/inferred_dsp.use_p_reg.p_reg_reg/B[8] (clocked by CLK). Large setup violations at the end of those stages might be difficult to fix during the post-placement implementation flow and could be the result of non-optimal XDC constraints or non-optimal design architecture
Related violations: <none>

TIMING-16#9 Warning
Large setup violation  
There is a large setup violation of -1.033 ns between your_instance_name/U0/bram_stn_8bit_struct/subsystem/addsub7/comp0.core_instance0/U0/xst_addsub/i_baseblox.i_baseblox_addsub/no_pipelining.the_addsub/i_lut6.i_lut6_addsub/i_simple_model.i_gt_1.carrychaingen[7].carryxor_i_1_psdsp_8/C (clocked by CLK) and your_instance_name/U0/bram_stn_8bit_struct/subsystem/mult5/comp0.core_instance0/U0/i_mult/gDSP.gDSP_only.iDSP/inferred_dsp.use_p_reg.p_reg_reg/A[12] (clocked by CLK). Large setup violations at the end of those stages might be difficult to fix during the post-placement implementation flow and could be the result of non-optimal XDC constraints or non-optimal design architecture
Related violations: <none>

TIMING-16#10 Warning
Large setup violation  
There is a large setup violation of -1.035 ns between your_instance_name/U0/bram_stn_8bit_struct/subsystem/addsub6/comp0.core_instance0/U0/xst_addsub/i_baseblox.i_baseblox_addsub/no_pipelining.the_addsub/i_lut6.i_lut6_addsub/i_simple_model.i_gt_1.carrychaingen[7].carryxor_i_1_psdsp/C (clocked by CLK) and your_instance_name/U0/bram_stn_8bit_struct/subsystem/mult4/comp0.core_instance0/U0/i_mult/gDSP.gDSP_only.iDSP/inferred_dsp.use_p_reg.p_reg_reg/A[12] (clocked by CLK). Large setup violations at the end of those stages might be difficult to fix during the post-placement implementation flow and could be the result of non-optimal XDC constraints or non-optimal design architecture
Related violations: <none>

TIMING-16#11 Warning
Large setup violation  
There is a large setup violation of -1.038 ns between your_instance_name/U0/bram_stn_8bit_struct/subsystem/addsub6/comp0.core_instance0/U0/xst_addsub/i_baseblox.i_baseblox_addsub/no_pipelining.the_addsub/i_lut6.i_lut6_addsub/i_simple_model.i_gt_1.carrychaingen[7].carryxor_i_1_psdsp/C (clocked by CLK) and your_instance_name/U0/bram_stn_8bit_struct/subsystem/mult4/comp0.core_instance0/U0/i_mult/gDSP.gDSP_only.iDSP/inferred_dsp.use_p_reg.p_reg_reg/A[7] (clocked by CLK). Large setup violations at the end of those stages might be difficult to fix during the post-placement implementation flow and could be the result of non-optimal XDC constraints or non-optimal design architecture
Related violations: <none>

TIMING-16#12 Warning
Large setup violation  
There is a large setup violation of -1.039 ns between your_instance_name/U0/bram_stn_8bit_struct/subsystem/addsub6/comp0.core_instance0/U0/xst_addsub/i_baseblox.i_baseblox_addsub/no_pipelining.the_addsub/i_lut6.i_lut6_addsub/i_simple_model.i_gt_1.carrychaingen[7].carryxor_i_1_psdsp/C (clocked by CLK) and your_instance_name/U0/bram_stn_8bit_struct/subsystem/mult4/comp0.core_instance0/U0/i_mult/gDSP.gDSP_only.iDSP/inferred_dsp.use_p_reg.p_reg_reg/A[11] (clocked by CLK). Large setup violations at the end of those stages might be difficult to fix during the post-placement implementation flow and could be the result of non-optimal XDC constraints or non-optimal design architecture
Related violations: <none>

TIMING-16#13 Warning
Large setup violation  
There is a large setup violation of -1.039 ns between your_instance_name/U0/bram_stn_8bit_struct/subsystem/addsub7/comp0.core_instance0/U0/xst_addsub/i_baseblox.i_baseblox_addsub/no_pipelining.the_addsub/i_lut6.i_lut6_addsub/i_simple_model.i_gt_1.carrychaingen[7].carryxor_i_1_psdsp_8/C (clocked by CLK) and your_instance_name/U0/bram_stn_8bit_struct/subsystem/mult5/comp0.core_instance0/U0/i_mult/gDSP.gDSP_only.iDSP/inferred_dsp.use_p_reg.p_reg_reg/A[9] (clocked by CLK). Large setup violations at the end of those stages might be difficult to fix during the post-placement implementation flow and could be the result of non-optimal XDC constraints or non-optimal design architecture
Related violations: <none>

TIMING-16#14 Warning
Large setup violation  
There is a large setup violation of -1.040 ns between your_instance_name/U0/bram_stn_8bit_struct/subsystem/addsub7/comp0.core_instance0/U0/xst_addsub/i_baseblox.i_baseblox_addsub/no_pipelining.the_addsub/i_lut6.i_lut6_addsub/i_simple_model.i_gt_1.carrychaingen[7].carryxor_i_1_psdsp_8/C (clocked by CLK) and your_instance_name/U0/bram_stn_8bit_struct/subsystem/mult5/comp0.core_instance0/U0/i_mult/gDSP.gDSP_only.iDSP/inferred_dsp.use_p_reg.p_reg_reg/A[10] (clocked by CLK). Large setup violations at the end of those stages might be difficult to fix during the post-placement implementation flow and could be the result of non-optimal XDC constraints or non-optimal design architecture
Related violations: <none>

TIMING-16#15 Warning
Large setup violation  
There is a large setup violation of -1.048 ns between your_instance_name/U0/bram_stn_8bit_struct/subsystem/addsub6/comp0.core_instance0/U0/xst_addsub/i_baseblox.i_baseblox_addsub/no_pipelining.the_addsub/i_lut6.i_lut6_addsub/i_simple_model.i_gt_1.carrychaingen[7].carryxor_i_1_psdsp/C (clocked by CLK) and your_instance_name/U0/bram_stn_8bit_struct/subsystem/mult4/comp0.core_instance0/U0/i_mult/gDSP.gDSP_only.iDSP/inferred_dsp.use_p_reg.p_reg_reg/A[9] (clocked by CLK). Large setup violations at the end of those stages might be difficult to fix during the post-placement implementation flow and could be the result of non-optimal XDC constraints or non-optimal design architecture
Related violations: <none>

TIMING-16#16 Warning
Large setup violation  
There is a large setup violation of -1.053 ns between your_instance_name/U0/bram_stn_8bit_struct/subsystem/addsub7/comp0.core_instance0/U0/xst_addsub/i_baseblox.i_baseblox_addsub/no_pipelining.the_addsub/i_lut6.i_lut6_addsub/i_simple_model.i_gt_1.carrychaingen[7].carryxor_i_1_psdsp_8/C (clocked by CLK) and your_instance_name/U0/bram_stn_8bit_struct/subsystem/mult5/comp0.core_instance0/U0/i_mult/gDSP.gDSP_only.iDSP/inferred_dsp.use_p_reg.p_reg_reg/A[7] (clocked by CLK). Large setup violations at the end of those stages might be difficult to fix during the post-placement implementation flow and could be the result of non-optimal XDC constraints or non-optimal design architecture
Related violations: <none>

TIMING-16#17 Warning
Large setup violation  
There is a large setup violation of -1.053 ns between your_instance_name/U0/bram_stn_8bit_struct/subsystem/addsub7/comp0.core_instance0/U0/xst_addsub/i_baseblox.i_baseblox_addsub/no_pipelining.the_addsub/i_lut6.i_lut6_addsub/i_simple_model.i_gt_1.carrychaingen[7].carryxor_i_1_psdsp_9/C (clocked by CLK) and your_instance_name/U0/bram_stn_8bit_struct/subsystem/mult5/comp0.core_instance0/U0/i_mult/gDSP.gDSP_only.iDSP/inferred_dsp.use_p_reg.p_reg_reg/A[6] (clocked by CLK). Large setup violations at the end of those stages might be difficult to fix during the post-placement implementation flow and could be the result of non-optimal XDC constraints or non-optimal design architecture
Related violations: <none>

TIMING-16#18 Warning
Large setup violation  
There is a large setup violation of -1.054 ns between your_instance_name/U0/bram_stn_8bit_struct/subsystem/addsub6/comp0.core_instance0/U0/xst_addsub/i_baseblox.i_baseblox_addsub/no_pipelining.the_addsub/i_lut6.i_lut6_addsub/i_simple_model.i_gt_1.carrychaingen[7].carryxor_i_1_psdsp/C (clocked by CLK) and your_instance_name/U0/bram_stn_8bit_struct/subsystem/mult4/comp0.core_instance0/U0/i_mult/gDSP.gDSP_only.iDSP/inferred_dsp.use_p_reg.p_reg_reg/A[8] (clocked by CLK). Large setup violations at the end of those stages might be difficult to fix during the post-placement implementation flow and could be the result of non-optimal XDC constraints or non-optimal design architecture
Related violations: <none>

TIMING-16#19 Warning
Large setup violation  
There is a large setup violation of -1.054 ns between your_instance_name/U0/bram_stn_8bit_struct/subsystem/addsub7/comp0.core_instance0/U0/xst_addsub/i_baseblox.i_baseblox_addsub/no_pipelining.the_addsub/i_lut6.i_lut6_addsub/i_simple_model.i_gt_1.carrychaingen[7].carryxor_i_1_psdsp_15/C (clocked by CLK) and your_instance_name/U0/bram_stn_8bit_struct/subsystem/mult5/comp0.core_instance0/U0/i_mult/gDSP.gDSP_only.iDSP/inferred_dsp.use_p_reg.p_reg_reg/A[0] (clocked by CLK). Large setup violations at the end of those stages might be difficult to fix during the post-placement implementation flow and could be the result of non-optimal XDC constraints or non-optimal design architecture
Related violations: <none>

TIMING-16#20 Warning
Large setup violation  
There is a large setup violation of -1.055 ns between your_instance_name/U0/bram_stn_8bit_struct/subsystem/addsub6/comp0.core_instance0/U0/xst_addsub/i_baseblox.i_baseblox_addsub/no_pipelining.the_addsub/i_lut6.i_lut6_addsub/i_simple_model.i_gt_1.carrychaingen[7].carryxor_i_1_psdsp_7/C (clocked by CLK) and your_instance_name/U0/bram_stn_8bit_struct/subsystem/mult4/comp0.core_instance0/U0/i_mult/gDSP.gDSP_only.iDSP/inferred_dsp.use_p_reg.p_reg_reg/A[0] (clocked by CLK). Large setup violations at the end of those stages might be difficult to fix during the post-placement implementation flow and could be the result of non-optimal XDC constraints or non-optimal design architecture
Related violations: <none>

TIMING-16#21 Warning
Large setup violation  
There is a large setup violation of -1.059 ns between your_instance_name/U0/bram_stn_8bit_struct/subsystem/addsub6/comp0.core_instance0/U0/xst_addsub/i_baseblox.i_baseblox_addsub/no_pipelining.the_addsub/i_lut6.i_lut6_addsub/i_simple_model.i_gt_1.carrychaingen[7].carryxor_i_1_psdsp_3/C (clocked by CLK) and your_instance_name/U0/bram_stn_8bit_struct/subsystem/mult4/comp0.core_instance0/U0/i_mult/gDSP.gDSP_only.iDSP/inferred_dsp.use_p_reg.p_reg_reg/A[4] (clocked by CLK). Large setup violations at the end of those stages might be difficult to fix during the post-placement implementation flow and could be the result of non-optimal XDC constraints or non-optimal design architecture
Related violations: <none>

TIMING-16#22 Warning
Large setup violation  
There is a large setup violation of -1.101 ns between your_instance_name/U0/bram_stn_8bit_struct/subsystem/subsystem/subsystem/real/xpm_memory_sprom_inst/xpm_memory_base_inst/gen_rd_a.douta_reg_reg/CLKARDCLK (clocked by CLK) and your_instance_name/U0/bram_stn_8bit_struct/subsystem/addsub7/comp0.core_instance0/U0/xst_addsub/i_baseblox.i_baseblox_addsub/no_pipelining.the_addsub/i_lut6.i_lut6_addsub/i_simple_model.i_gt_1.carrychaingen[7].carryxor_i_1_psdsp_5/D (clocked by CLK). Large setup violations at the end of those stages might be difficult to fix during the post-placement implementation flow and could be the result of non-optimal XDC constraints or non-optimal design architecture
Related violations: <none>

TIMING-16#23 Warning
Large setup violation  
There is a large setup violation of -1.103 ns between your_instance_name/U0/bram_stn_8bit_struct/subsystem/subsystem/subsystem/imag/xpm_memory_sprom_inst/xpm_memory_base_inst/gen_rd_a.douta_reg_reg/CLKARDCLK (clocked by CLK) and your_instance_name/U0/bram_stn_8bit_struct/subsystem/addsub6/comp0.core_instance0/U0/xst_addsub/i_baseblox.i_baseblox_addsub/no_pipelining.the_addsub/i_lut6.i_lut6_addsub/i_simple_model.i_gt_1.carrychaingen[7].carryxor_i_1_psdsp_11/D (clocked by CLK). Large setup violations at the end of those stages might be difficult to fix during the post-placement implementation flow and could be the result of non-optimal XDC constraints or non-optimal design architecture
Related violations: <none>

TIMING-16#24 Warning
Large setup violation  
There is a large setup violation of -1.104 ns between your_instance_name/U0/bram_stn_8bit_struct/subsystem/addsub7/comp0.core_instance0/U0/xst_addsub/i_baseblox.i_baseblox_addsub/no_pipelining.the_addsub/i_lut6.i_lut6_addsub/i_simple_model.i_gt_1.carrychaingen[7].carryxor_i_1_psdsp_8/C (clocked by CLK) and your_instance_name/U0/bram_stn_8bit_struct/subsystem/mult5/comp0.core_instance0/U0/i_mult/gDSP.gDSP_only.iDSP/inferred_dsp.use_p_reg.p_reg_reg/A[16] (clocked by CLK). Large setup violations at the end of those stages might be difficult to fix during the post-placement implementation flow and could be the result of non-optimal XDC constraints or non-optimal design architecture
Related violations: <none>

TIMING-16#25 Warning
Large setup violation  
There is a large setup violation of -1.104 ns between your_instance_name/U0/bram_stn_8bit_struct/subsystem/addsub7/comp0.core_instance0/U0/xst_addsub/i_baseblox.i_baseblox_addsub/no_pipelining.the_addsub/i_lut6.i_lut6_addsub/i_simple_model.i_gt_1.carrychaingen[7].carryxor_i_1_psdsp_8/C (clocked by CLK) and your_instance_name/U0/bram_stn_8bit_struct/subsystem/mult5/comp0.core_instance0/U0/i_mult/gDSP.gDSP_only.iDSP/inferred_dsp.use_p_reg.p_reg_reg/A[17] (clocked by CLK). Large setup violations at the end of those stages might be difficult to fix during the post-placement implementation flow and could be the result of non-optimal XDC constraints or non-optimal design architecture
Related violations: <none>

TIMING-16#26 Warning
Large setup violation  
There is a large setup violation of -1.104 ns between your_instance_name/U0/bram_stn_8bit_struct/subsystem/addsub7/comp0.core_instance0/U0/xst_addsub/i_baseblox.i_baseblox_addsub/no_pipelining.the_addsub/i_lut6.i_lut6_addsub/i_simple_model.i_gt_1.carrychaingen[7].carryxor_i_1_psdsp_8/C (clocked by CLK) and your_instance_name/U0/bram_stn_8bit_struct/subsystem/mult5/comp0.core_instance0/U0/i_mult/gDSP.gDSP_only.iDSP/inferred_dsp.use_p_reg.p_reg_reg/A[18] (clocked by CLK). Large setup violations at the end of those stages might be difficult to fix during the post-placement implementation flow and could be the result of non-optimal XDC constraints or non-optimal design architecture
Related violations: <none>

TIMING-16#27 Warning
Large setup violation  
There is a large setup violation of -1.104 ns between your_instance_name/U0/bram_stn_8bit_struct/subsystem/addsub7/comp0.core_instance0/U0/xst_addsub/i_baseblox.i_baseblox_addsub/no_pipelining.the_addsub/i_lut6.i_lut6_addsub/i_simple_model.i_gt_1.carrychaingen[7].carryxor_i_1_psdsp_8/C (clocked by CLK) and your_instance_name/U0/bram_stn_8bit_struct/subsystem/mult5/comp0.core_instance0/U0/i_mult/gDSP.gDSP_only.iDSP/inferred_dsp.use_p_reg.p_reg_reg/A[19] (clocked by CLK). Large setup violations at the end of those stages might be difficult to fix during the post-placement implementation flow and could be the result of non-optimal XDC constraints or non-optimal design architecture
Related violations: <none>

TIMING-16#28 Warning
Large setup violation  
There is a large setup violation of -1.106 ns between your_instance_name/U0/bram_stn_8bit_struct/subsystem/addsub6/comp0.core_instance0/U0/xst_addsub/i_baseblox.i_baseblox_addsub/no_pipelining.the_addsub/i_lut6.i_lut6_addsub/i_simple_model.i_gt_1.carrychaingen[7].carryxor_i_1_psdsp/C (clocked by CLK) and your_instance_name/U0/bram_stn_8bit_struct/subsystem/mult4/comp0.core_instance0/U0/i_mult/gDSP.gDSP_only.iDSP/inferred_dsp.use_p_reg.p_reg_reg/A[16] (clocked by CLK). Large setup violations at the end of those stages might be difficult to fix during the post-placement implementation flow and could be the result of non-optimal XDC constraints or non-optimal design architecture
Related violations: <none>

TIMING-16#29 Warning
Large setup violation  
There is a large setup violation of -1.106 ns between your_instance_name/U0/bram_stn_8bit_struct/subsystem/addsub6/comp0.core_instance0/U0/xst_addsub/i_baseblox.i_baseblox_addsub/no_pipelining.the_addsub/i_lut6.i_lut6_addsub/i_simple_model.i_gt_1.carrychaingen[7].carryxor_i_1_psdsp/C (clocked by CLK) and your_instance_name/U0/bram_stn_8bit_struct/subsystem/mult4/comp0.core_instance0/U0/i_mult/gDSP.gDSP_only.iDSP/inferred_dsp.use_p_reg.p_reg_reg/A[17] (clocked by CLK). Large setup violations at the end of those stages might be difficult to fix during the post-placement implementation flow and could be the result of non-optimal XDC constraints or non-optimal design architecture
Related violations: <none>

TIMING-16#30 Warning
Large setup violation  
There is a large setup violation of -1.106 ns between your_instance_name/U0/bram_stn_8bit_struct/subsystem/addsub6/comp0.core_instance0/U0/xst_addsub/i_baseblox.i_baseblox_addsub/no_pipelining.the_addsub/i_lut6.i_lut6_addsub/i_simple_model.i_gt_1.carrychaingen[7].carryxor_i_1_psdsp/C (clocked by CLK) and your_instance_name/U0/bram_stn_8bit_struct/subsystem/mult4/comp0.core_instance0/U0/i_mult/gDSP.gDSP_only.iDSP/inferred_dsp.use_p_reg.p_reg_reg/A[18] (clocked by CLK). Large setup violations at the end of those stages might be difficult to fix during the post-placement implementation flow and could be the result of non-optimal XDC constraints or non-optimal design architecture
Related violations: <none>

TIMING-16#31 Warning
Large setup violation  
There is a large setup violation of -1.106 ns between your_instance_name/U0/bram_stn_8bit_struct/subsystem/addsub6/comp0.core_instance0/U0/xst_addsub/i_baseblox.i_baseblox_addsub/no_pipelining.the_addsub/i_lut6.i_lut6_addsub/i_simple_model.i_gt_1.carrychaingen[7].carryxor_i_1_psdsp/C (clocked by CLK) and your_instance_name/U0/bram_stn_8bit_struct/subsystem/mult4/comp0.core_instance0/U0/i_mult/gDSP.gDSP_only.iDSP/inferred_dsp.use_p_reg.p_reg_reg/A[19] (clocked by CLK). Large setup violations at the end of those stages might be difficult to fix during the post-placement implementation flow and could be the result of non-optimal XDC constraints or non-optimal design architecture
Related violations: <none>

TIMING-16#32 Warning
Large setup violation  
There is a large setup violation of -1.106 ns between your_instance_name/U0/bram_stn_8bit_struct/subsystem/addsub7/comp0.core_instance0/U0/xst_addsub/i_baseblox.i_baseblox_addsub/no_pipelining.the_addsub/i_lut6.i_lut6_addsub/i_simple_model.i_gt_1.carrychaingen[7].carryxor_i_1_psdsp_8/C (clocked by CLK) and your_instance_name/U0/bram_stn_8bit_struct/subsystem/mult5/comp0.core_instance0/U0/i_mult/gDSP.gDSP_only.iDSP/inferred_dsp.use_p_reg.p_reg_reg/A[28] (clocked by CLK). Large setup violations at the end of those stages might be difficult to fix during the post-placement implementation flow and could be the result of non-optimal XDC constraints or non-optimal design architecture
Related violations: <none>

TIMING-16#33 Warning
Large setup violation  
There is a large setup violation of -1.106 ns between your_instance_name/U0/bram_stn_8bit_struct/subsystem/addsub7/comp0.core_instance0/U0/xst_addsub/i_baseblox.i_baseblox_addsub/no_pipelining.the_addsub/i_lut6.i_lut6_addsub/i_simple_model.i_gt_1.carrychaingen[7].carryxor_i_1_psdsp_8/C (clocked by CLK) and your_instance_name/U0/bram_stn_8bit_struct/subsystem/mult5/comp0.core_instance0/U0/i_mult/gDSP.gDSP_only.iDSP/inferred_dsp.use_p_reg.p_reg_reg/A[29] (clocked by CLK). Large setup violations at the end of those stages might be difficult to fix during the post-placement implementation flow and could be the result of non-optimal XDC constraints or non-optimal design architecture
Related violations: <none>

TIMING-16#34 Warning
Large setup violation  
There is a large setup violation of -1.106 ns between your_instance_name/U0/bram_stn_8bit_struct/subsystem/addsub7/comp0.core_instance0/U0/xst_addsub/i_baseblox.i_baseblox_addsub/no_pipelining.the_addsub/i_lut6.i_lut6_addsub/i_simple_model.i_gt_1.carrychaingen[7].carryxor_i_1_psdsp_8/C (clocked by CLK) and your_instance_name/U0/bram_stn_8bit_struct/subsystem/mult5/comp0.core_instance0/U0/i_mult/gDSP.gDSP_only.iDSP/inferred_dsp.use_p_reg.p_reg_reg/A[8] (clocked by CLK). Large setup violations at the end of those stages might be difficult to fix during the post-placement implementation flow and could be the result of non-optimal XDC constraints or non-optimal design architecture
Related violations: <none>

TIMING-16#35 Warning
Large setup violation  
There is a large setup violation of -1.108 ns between your_instance_name/U0/bram_stn_8bit_struct/subsystem/addsub6/comp0.core_instance0/U0/xst_addsub/i_baseblox.i_baseblox_addsub/no_pipelining.the_addsub/i_lut6.i_lut6_addsub/i_simple_model.i_gt_1.carrychaingen[7].carryxor_i_1_psdsp/C (clocked by CLK) and your_instance_name/U0/bram_stn_8bit_struct/subsystem/mult4/comp0.core_instance0/U0/i_mult/gDSP.gDSP_only.iDSP/inferred_dsp.use_p_reg.p_reg_reg/A[10] (clocked by CLK). Large setup violations at the end of those stages might be difficult to fix during the post-placement implementation flow and could be the result of non-optimal XDC constraints or non-optimal design architecture
Related violations: <none>

TIMING-16#36 Warning
Large setup violation  
There is a large setup violation of -1.108 ns between your_instance_name/U0/bram_stn_8bit_struct/subsystem/addsub6/comp0.core_instance0/U0/xst_addsub/i_baseblox.i_baseblox_addsub/no_pipelining.the_addsub/i_lut6.i_lut6_addsub/i_simple_model.i_gt_1.carrychaingen[7].carryxor_i_1_psdsp/C (clocked by CLK) and your_instance_name/U0/bram_stn_8bit_struct/subsystem/mult4/comp0.core_instance0/U0/i_mult/gDSP.gDSP_only.iDSP/inferred_dsp.use_p_reg.p_reg_reg/A[28] (clocked by CLK). Large setup violations at the end of those stages might be difficult to fix during the post-placement implementation flow and could be the result of non-optimal XDC constraints or non-optimal design architecture
Related violations: <none>

TIMING-16#37 Warning
Large setup violation  
There is a large setup violation of -1.108 ns between your_instance_name/U0/bram_stn_8bit_struct/subsystem/addsub6/comp0.core_instance0/U0/xst_addsub/i_baseblox.i_baseblox_addsub/no_pipelining.the_addsub/i_lut6.i_lut6_addsub/i_simple_model.i_gt_1.carrychaingen[7].carryxor_i_1_psdsp/C (clocked by CLK) and your_instance_name/U0/bram_stn_8bit_struct/subsystem/mult4/comp0.core_instance0/U0/i_mult/gDSP.gDSP_only.iDSP/inferred_dsp.use_p_reg.p_reg_reg/A[29] (clocked by CLK). Large setup violations at the end of those stages might be difficult to fix during the post-placement implementation flow and could be the result of non-optimal XDC constraints or non-optimal design architecture
Related violations: <none>

TIMING-16#38 Warning
Large setup violation  
There is a large setup violation of -1.108 ns between your_instance_name/U0/bram_stn_8bit_struct/subsystem/addsub7/comp0.core_instance0/U0/xst_addsub/i_baseblox.i_baseblox_addsub/no_pipelining.the_addsub/i_lut6.i_lut6_addsub/i_simple_model.i_gt_1.carrychaingen[7].carryxor_i_1_psdsp_11/C (clocked by CLK) and your_instance_name/U0/bram_stn_8bit_struct/subsystem/mult5/comp0.core_instance0/U0/i_mult/gDSP.gDSP_only.iDSP/inferred_dsp.use_p_reg.p_reg_reg/A[4] (clocked by CLK). Large setup violations at the end of those stages might be difficult to fix during the post-placement implementation flow and could be the result of non-optimal XDC constraints or non-optimal design architecture
Related violations: <none>

TIMING-16#39 Warning
Large setup violation  
There is a large setup violation of -1.108 ns between your_instance_name/U0/bram_stn_8bit_struct/subsystem/addsub7/comp0.core_instance0/U0/xst_addsub/i_baseblox.i_baseblox_addsub/no_pipelining.the_addsub/i_lut6.i_lut6_addsub/i_simple_model.i_gt_1.carrychaingen[7].carryxor_i_1_psdsp_8/C (clocked by CLK) and your_instance_name/U0/bram_stn_8bit_struct/subsystem/mult5/comp0.core_instance0/U0/i_mult/gDSP.gDSP_only.iDSP/inferred_dsp.use_p_reg.p_reg_reg/A[13] (clocked by CLK). Large setup violations at the end of those stages might be difficult to fix during the post-placement implementation flow and could be the result of non-optimal XDC constraints or non-optimal design architecture
Related violations: <none>

TIMING-16#40 Warning
Large setup violation  
There is a large setup violation of -1.108 ns between your_instance_name/U0/bram_stn_8bit_struct/subsystem/addsub7/comp0.core_instance0/U0/xst_addsub/i_baseblox.i_baseblox_addsub/no_pipelining.the_addsub/i_lut6.i_lut6_addsub/i_simple_model.i_gt_1.carrychaingen[7].carryxor_i_1_psdsp_8/C (clocked by CLK) and your_instance_name/U0/bram_stn_8bit_struct/subsystem/mult5/comp0.core_instance0/U0/i_mult/gDSP.gDSP_only.iDSP/inferred_dsp.use_p_reg.p_reg_reg/A[14] (clocked by CLK). Large setup violations at the end of those stages might be difficult to fix during the post-placement implementation flow and could be the result of non-optimal XDC constraints or non-optimal design architecture
Related violations: <none>

TIMING-16#41 Warning
Large setup violation  
There is a large setup violation of -1.108 ns between your_instance_name/U0/bram_stn_8bit_struct/subsystem/addsub7/comp0.core_instance0/U0/xst_addsub/i_baseblox.i_baseblox_addsub/no_pipelining.the_addsub/i_lut6.i_lut6_addsub/i_simple_model.i_gt_1.carrychaingen[7].carryxor_i_1_psdsp_8/C (clocked by CLK) and your_instance_name/U0/bram_stn_8bit_struct/subsystem/mult5/comp0.core_instance0/U0/i_mult/gDSP.gDSP_only.iDSP/inferred_dsp.use_p_reg.p_reg_reg/A[15] (clocked by CLK). Large setup violations at the end of those stages might be difficult to fix during the post-placement implementation flow and could be the result of non-optimal XDC constraints or non-optimal design architecture
Related violations: <none>

TIMING-16#42 Warning
Large setup violation  
There is a large setup violation of -1.108 ns between your_instance_name/U0/bram_stn_8bit_struct/subsystem/subsystem/subsystem/imag/xpm_memory_sprom_inst/xpm_memory_base_inst/gen_rd_a.douta_reg_reg/CLKARDCLK (clocked by CLK) and your_instance_name/U0/bram_stn_8bit_struct/subsystem/addsub6/comp0.core_instance0/U0/xst_addsub/i_baseblox.i_baseblox_addsub/no_pipelining.the_addsub/i_lut6.i_lut6_addsub/i_simple_model.i_gt_1.carrychaingen[7].carryxor_i_1_psdsp_9/D (clocked by CLK). Large setup violations at the end of those stages might be difficult to fix during the post-placement implementation flow and could be the result of non-optimal XDC constraints or non-optimal design architecture
Related violations: <none>

TIMING-16#43 Warning
Large setup violation  
There is a large setup violation of -1.108 ns between your_instance_name/U0/bram_stn_8bit_struct/subsystem/subsystem1/subsystem/imag/xpm_memory_sprom_inst/xpm_memory_base_inst/gen_rd_a.douta_reg_reg/CLKARDCLK (clocked by CLK) and your_instance_name/U0/bram_stn_8bit_struct/subsystem/addsub6/comp0.core_instance0/U0/xst_addsub/i_baseblox.i_baseblox_addsub/no_pipelining.the_addsub/i_lut6.i_lut6_addsub/i_simple_model.i_gt_1.carrychaingen[7].carryxor_i_1_psdsp_5/D (clocked by CLK). Large setup violations at the end of those stages might be difficult to fix during the post-placement implementation flow and could be the result of non-optimal XDC constraints or non-optimal design architecture
Related violations: <none>

TIMING-16#44 Warning
Large setup violation  
There is a large setup violation of -1.109 ns between your_instance_name/U0/bram_stn_8bit_struct/subsystem/addsub6/comp0.core_instance0/U0/xst_addsub/i_baseblox.i_baseblox_addsub/no_pipelining.the_addsub/i_lut6.i_lut6_addsub/i_simple_model.i_gt_1.carrychaingen[7].carryxor_i_1_psdsp_1/C (clocked by CLK) and your_instance_name/U0/bram_stn_8bit_struct/subsystem/mult4/comp0.core_instance0/U0/i_mult/gDSP.gDSP_only.iDSP/inferred_dsp.use_p_reg.p_reg_reg/A[6] (clocked by CLK). Large setup violations at the end of those stages might be difficult to fix during the post-placement implementation flow and could be the result of non-optimal XDC constraints or non-optimal design architecture
Related violations: <none>

TIMING-16#45 Warning
Large setup violation  
There is a large setup violation of -1.110 ns between your_instance_name/U0/bram_stn_8bit_struct/subsystem/addsub6/comp0.core_instance0/U0/xst_addsub/i_baseblox.i_baseblox_addsub/no_pipelining.the_addsub/i_lut6.i_lut6_addsub/i_simple_model.i_gt_1.carrychaingen[7].carryxor_i_1_psdsp/C (clocked by CLK) and your_instance_name/U0/bram_stn_8bit_struct/subsystem/mult4/comp0.core_instance0/U0/i_mult/gDSP.gDSP_only.iDSP/inferred_dsp.use_p_reg.p_reg_reg/A[13] (clocked by CLK). Large setup violations at the end of those stages might be difficult to fix during the post-placement implementation flow and could be the result of non-optimal XDC constraints or non-optimal design architecture
Related violations: <none>

TIMING-16#46 Warning
Large setup violation  
There is a large setup violation of -1.110 ns between your_instance_name/U0/bram_stn_8bit_struct/subsystem/addsub6/comp0.core_instance0/U0/xst_addsub/i_baseblox.i_baseblox_addsub/no_pipelining.the_addsub/i_lut6.i_lut6_addsub/i_simple_model.i_gt_1.carrychaingen[7].carryxor_i_1_psdsp/C (clocked by CLK) and your_instance_name/U0/bram_stn_8bit_struct/subsystem/mult4/comp0.core_instance0/U0/i_mult/gDSP.gDSP_only.iDSP/inferred_dsp.use_p_reg.p_reg_reg/A[14] (clocked by CLK). Large setup violations at the end of those stages might be difficult to fix during the post-placement implementation flow and could be the result of non-optimal XDC constraints or non-optimal design architecture
Related violations: <none>

TIMING-16#47 Warning
Large setup violation  
There is a large setup violation of -1.110 ns between your_instance_name/U0/bram_stn_8bit_struct/subsystem/addsub6/comp0.core_instance0/U0/xst_addsub/i_baseblox.i_baseblox_addsub/no_pipelining.the_addsub/i_lut6.i_lut6_addsub/i_simple_model.i_gt_1.carrychaingen[7].carryxor_i_1_psdsp/C (clocked by CLK) and your_instance_name/U0/bram_stn_8bit_struct/subsystem/mult4/comp0.core_instance0/U0/i_mult/gDSP.gDSP_only.iDSP/inferred_dsp.use_p_reg.p_reg_reg/A[15] (clocked by CLK). Large setup violations at the end of those stages might be difficult to fix during the post-placement implementation flow and could be the result of non-optimal XDC constraints or non-optimal design architecture
Related violations: <none>

TIMING-16#48 Warning
Large setup violation  
There is a large setup violation of -1.112 ns between your_instance_name/U0/bram_stn_8bit_struct/subsystem/addsub7/comp0.core_instance0/U0/xst_addsub/i_baseblox.i_baseblox_addsub/no_pipelining.the_addsub/i_lut6.i_lut6_addsub/i_simple_model.i_gt_1.carrychaingen[7].carryxor_i_1_psdsp_14/C (clocked by CLK) and your_instance_name/U0/bram_stn_8bit_struct/subsystem/mult5/comp0.core_instance0/U0/i_mult/gDSP.gDSP_only.iDSP/inferred_dsp.use_p_reg.p_reg_reg/A[1] (clocked by CLK). Large setup violations at the end of those stages might be difficult to fix during the post-placement implementation flow and could be the result of non-optimal XDC constraints or non-optimal design architecture
Related violations: <none>

TIMING-16#49 Warning
Large setup violation  
There is a large setup violation of -1.115 ns between your_instance_name/U0/bram_stn_8bit_struct/subsystem/addsub7/comp0.core_instance0/U0/xst_addsub/i_baseblox.i_baseblox_addsub/no_pipelining.the_addsub/i_lut6.i_lut6_addsub/i_simple_model.i_gt_1.carrychaingen[7].carryxor_i_1_psdsp_8/C (clocked by CLK) and your_instance_name/U0/bram_stn_8bit_struct/subsystem/mult5/comp0.core_instance0/U0/i_mult/gDSP.gDSP_only.iDSP/inferred_dsp.use_p_reg.p_reg_reg/A[20] (clocked by CLK). Large setup violations at the end of those stages might be difficult to fix during the post-placement implementation flow and could be the result of non-optimal XDC constraints or non-optimal design architecture
Related violations: <none>

TIMING-16#50 Warning
Large setup violation  
There is a large setup violation of -1.115 ns between your_instance_name/U0/bram_stn_8bit_struct/subsystem/addsub7/comp0.core_instance0/U0/xst_addsub/i_baseblox.i_baseblox_addsub/no_pipelining.the_addsub/i_lut6.i_lut6_addsub/i_simple_model.i_gt_1.carrychaingen[7].carryxor_i_1_psdsp_8/C (clocked by CLK) and your_instance_name/U0/bram_stn_8bit_struct/subsystem/mult5/comp0.core_instance0/U0/i_mult/gDSP.gDSP_only.iDSP/inferred_dsp.use_p_reg.p_reg_reg/A[21] (clocked by CLK). Large setup violations at the end of those stages might be difficult to fix during the post-placement implementation flow and could be the result of non-optimal XDC constraints or non-optimal design architecture
Related violations: <none>

TIMING-16#51 Warning
Large setup violation  
There is a large setup violation of -1.115 ns between your_instance_name/U0/bram_stn_8bit_struct/subsystem/addsub7/comp0.core_instance0/U0/xst_addsub/i_baseblox.i_baseblox_addsub/no_pipelining.the_addsub/i_lut6.i_lut6_addsub/i_simple_model.i_gt_1.carrychaingen[7].carryxor_i_1_psdsp_8/C (clocked by CLK) and your_instance_name/U0/bram_stn_8bit_struct/subsystem/mult5/comp0.core_instance0/U0/i_mult/gDSP.gDSP_only.iDSP/inferred_dsp.use_p_reg.p_reg_reg/A[22] (clocked by CLK). Large setup violations at the end of those stages might be difficult to fix during the post-placement implementation flow and could be the result of non-optimal XDC constraints or non-optimal design architecture
Related violations: <none>

TIMING-16#52 Warning
Large setup violation  
There is a large setup violation of -1.115 ns between your_instance_name/U0/bram_stn_8bit_struct/subsystem/addsub7/comp0.core_instance0/U0/xst_addsub/i_baseblox.i_baseblox_addsub/no_pipelining.the_addsub/i_lut6.i_lut6_addsub/i_simple_model.i_gt_1.carrychaingen[7].carryxor_i_1_psdsp_8/C (clocked by CLK) and your_instance_name/U0/bram_stn_8bit_struct/subsystem/mult5/comp0.core_instance0/U0/i_mult/gDSP.gDSP_only.iDSP/inferred_dsp.use_p_reg.p_reg_reg/A[23] (clocked by CLK). Large setup violations at the end of those stages might be difficult to fix during the post-placement implementation flow and could be the result of non-optimal XDC constraints or non-optimal design architecture
Related violations: <none>

TIMING-16#53 Warning
Large setup violation  
There is a large setup violation of -1.116 ns between your_instance_name/U0/bram_stn_8bit_struct/subsystem/subsystem1/subsystem/real/xpm_memory_sprom_inst/xpm_memory_base_inst/gen_rd_a.douta_reg_reg/CLKARDCLK (clocked by CLK) and your_instance_name/U0/bram_stn_8bit_struct/subsystem/addsub7/comp0.core_instance0/U0/xst_addsub/i_baseblox.i_baseblox_addsub/no_pipelining.the_addsub/i_lut6.i_lut6_addsub/i_simple_model.i_gt_1.carrychaingen[7].carryxor_i_1_psdsp_8/D (clocked by CLK). Large setup violations at the end of those stages might be difficult to fix during the post-placement implementation flow and could be the result of non-optimal XDC constraints or non-optimal design architecture
Related violations: <none>

TIMING-16#54 Warning
Large setup violation  
There is a large setup violation of -1.117 ns between your_instance_name/U0/bram_stn_8bit_struct/subsystem/addsub6/comp0.core_instance0/U0/xst_addsub/i_baseblox.i_baseblox_addsub/no_pipelining.the_addsub/i_lut6.i_lut6_addsub/i_simple_model.i_gt_1.carrychaingen[7].carryxor_i_1_psdsp/C (clocked by CLK) and your_instance_name/U0/bram_stn_8bit_struct/subsystem/mult4/comp0.core_instance0/U0/i_mult/gDSP.gDSP_only.iDSP/inferred_dsp.use_p_reg.p_reg_reg/A[20] (clocked by CLK). Large setup violations at the end of those stages might be difficult to fix during the post-placement implementation flow and could be the result of non-optimal XDC constraints or non-optimal design architecture
Related violations: <none>

TIMING-16#55 Warning
Large setup violation  
There is a large setup violation of -1.117 ns between your_instance_name/U0/bram_stn_8bit_struct/subsystem/addsub6/comp0.core_instance0/U0/xst_addsub/i_baseblox.i_baseblox_addsub/no_pipelining.the_addsub/i_lut6.i_lut6_addsub/i_simple_model.i_gt_1.carrychaingen[7].carryxor_i_1_psdsp/C (clocked by CLK) and your_instance_name/U0/bram_stn_8bit_struct/subsystem/mult4/comp0.core_instance0/U0/i_mult/gDSP.gDSP_only.iDSP/inferred_dsp.use_p_reg.p_reg_reg/A[21] (clocked by CLK). Large setup violations at the end of those stages might be difficult to fix during the post-placement implementation flow and could be the result of non-optimal XDC constraints or non-optimal design architecture
Related violations: <none>

TIMING-16#56 Warning
Large setup violation  
There is a large setup violation of -1.117 ns between your_instance_name/U0/bram_stn_8bit_struct/subsystem/addsub6/comp0.core_instance0/U0/xst_addsub/i_baseblox.i_baseblox_addsub/no_pipelining.the_addsub/i_lut6.i_lut6_addsub/i_simple_model.i_gt_1.carrychaingen[7].carryxor_i_1_psdsp/C (clocked by CLK) and your_instance_name/U0/bram_stn_8bit_struct/subsystem/mult4/comp0.core_instance0/U0/i_mult/gDSP.gDSP_only.iDSP/inferred_dsp.use_p_reg.p_reg_reg/A[22] (clocked by CLK). Large setup violations at the end of those stages might be difficult to fix during the post-placement implementation flow and could be the result of non-optimal XDC constraints or non-optimal design architecture
Related violations: <none>

TIMING-16#57 Warning
Large setup violation  
There is a large setup violation of -1.117 ns between your_instance_name/U0/bram_stn_8bit_struct/subsystem/addsub6/comp0.core_instance0/U0/xst_addsub/i_baseblox.i_baseblox_addsub/no_pipelining.the_addsub/i_lut6.i_lut6_addsub/i_simple_model.i_gt_1.carrychaingen[7].carryxor_i_1_psdsp/C (clocked by CLK) and your_instance_name/U0/bram_stn_8bit_struct/subsystem/mult4/comp0.core_instance0/U0/i_mult/gDSP.gDSP_only.iDSP/inferred_dsp.use_p_reg.p_reg_reg/A[23] (clocked by CLK). Large setup violations at the end of those stages might be difficult to fix during the post-placement implementation flow and could be the result of non-optimal XDC constraints or non-optimal design architecture
Related violations: <none>

TIMING-16#58 Warning
Large setup violation  
There is a large setup violation of -1.117 ns between your_instance_name/U0/bram_stn_8bit_struct/subsystem/subsystem1/subsystem/real/xpm_memory_sprom_inst/xpm_memory_base_inst/gen_rd_a.douta_reg_reg/CLKARDCLK (clocked by CLK) and your_instance_name/U0/bram_stn_8bit_struct/subsystem/addsub7/comp0.core_instance0/U0/xst_addsub/i_baseblox.i_baseblox_addsub/no_pipelining.the_addsub/i_lut6.i_lut6_addsub/i_simple_model.i_gt_1.carrychaingen[7].carryxor_i_1_psdsp_12/D (clocked by CLK). Large setup violations at the end of those stages might be difficult to fix during the post-placement implementation flow and could be the result of non-optimal XDC constraints or non-optimal design architecture
Related violations: <none>

TIMING-16#59 Warning
Large setup violation  
There is a large setup violation of -1.119 ns between your_instance_name/U0/bram_stn_8bit_struct/subsystem/subsystem1/subsystem/imag/xpm_memory_sprom_inst/xpm_memory_base_inst/gen_rd_a.douta_reg_reg/CLKARDCLK (clocked by CLK) and your_instance_name/U0/bram_stn_8bit_struct/subsystem/addsub6/comp0.core_instance0/U0/xst_addsub/i_baseblox.i_baseblox_addsub/no_pipelining.the_addsub/i_lut6.i_lut6_addsub/i_simple_model.i_gt_1.carrychaingen[7].carryxor_i_1_psdsp/D (clocked by CLK). Large setup violations at the end of those stages might be difficult to fix during the post-placement implementation flow and could be the result of non-optimal XDC constraints or non-optimal design architecture
Related violations: <none>

TIMING-16#60 Warning
Large setup violation  
There is a large setup violation of -1.120 ns between your_instance_name/U0/bram_stn_8bit_struct/subsystem/addsub7/comp0.core_instance0/U0/xst_addsub/i_baseblox.i_baseblox_addsub/no_pipelining.the_addsub/i_lut6.i_lut6_addsub/i_simple_model.i_gt_1.carrychaingen[7].carryxor_i_1_psdsp_12/C (clocked by CLK) and your_instance_name/U0/bram_stn_8bit_struct/subsystem/mult5/comp0.core_instance0/U0/i_mult/gDSP.gDSP_only.iDSP/inferred_dsp.use_p_reg.p_reg_reg/A[3] (clocked by CLK). Large setup violations at the end of those stages might be difficult to fix during the post-placement implementation flow and could be the result of non-optimal XDC constraints or non-optimal design architecture
Related violations: <none>

TIMING-16#61 Warning
Large setup violation  
There is a large setup violation of -1.121 ns between your_instance_name/U0/bram_stn_8bit_struct/subsystem/subsystem1/subsystem/imag/xpm_memory_sprom_inst/xpm_memory_base_inst/gen_rd_a.douta_reg_reg/CLKARDCLK (clocked by CLK) and your_instance_name/U0/bram_stn_8bit_struct/subsystem/addsub6/comp0.core_instance0/U0/xst_addsub/i_baseblox.i_baseblox_addsub/no_pipelining.the_addsub/i_lut6.i_lut6_addsub/i_simple_model.i_gt_1.carrychaingen[7].carryxor_i_1_psdsp_1/D (clocked by CLK). Large setup violations at the end of those stages might be difficult to fix during the post-placement implementation flow and could be the result of non-optimal XDC constraints or non-optimal design architecture
Related violations: <none>

TIMING-16#62 Warning
Large setup violation  
There is a large setup violation of -1.127 ns between your_instance_name/U0/bram_stn_8bit_struct/subsystem/subsystem1/subsystem/real/xpm_memory_sprom_inst/xpm_memory_base_inst/gen_rd_a.douta_reg_reg/CLKARDCLK (clocked by CLK) and your_instance_name/U0/bram_stn_8bit_struct/subsystem/addsub7/comp0.core_instance0/U0/xst_addsub/i_baseblox.i_baseblox_addsub/no_pipelining.the_addsub/i_lut6.i_lut6_addsub/i_simple_model.i_gt_1.carrychaingen[7].carryxor_i_1_psdsp_10/D (clocked by CLK). Large setup violations at the end of those stages might be difficult to fix during the post-placement implementation flow and could be the result of non-optimal XDC constraints or non-optimal design architecture
Related violations: <none>

TIMING-16#63 Warning
Large setup violation  
There is a large setup violation of -1.129 ns between your_instance_name/U0/bram_stn_8bit_struct/subsystem/subsystem/subsystem/real/xpm_memory_sprom_inst/xpm_memory_base_inst/gen_rd_a.douta_reg_reg/CLKARDCLK (clocked by CLK) and your_instance_name/U0/bram_stn_8bit_struct/subsystem/addsub7/comp0.core_instance0/U0/xst_addsub/i_baseblox.i_baseblox_addsub/no_pipelining.the_addsub/i_lut6.i_lut6_addsub/i_simple_model.i_gt_1.carrychaingen[7].carryxor_i_1_psdsp_2/D (clocked by CLK). Large setup violations at the end of those stages might be difficult to fix during the post-placement implementation flow and could be the result of non-optimal XDC constraints or non-optimal design architecture
Related violations: <none>

TIMING-16#64 Warning
Large setup violation  
There is a large setup violation of -1.129 ns between your_instance_name/U0/bram_stn_8bit_struct/subsystem/subsystem1/subsystem/real/xpm_memory_sprom_inst/xpm_memory_base_inst/gen_rd_a.douta_reg_reg/CLKARDCLK (clocked by CLK) and your_instance_name/U0/bram_stn_8bit_struct/subsystem/addsub7/comp0.core_instance0/U0/xst_addsub/i_baseblox.i_baseblox_addsub/no_pipelining.the_addsub/i_lut6.i_lut6_addsub/i_simple_model.i_gt_1.carrychaingen[7].carryxor_i_1_psdsp_14/D (clocked by CLK). Large setup violations at the end of those stages might be difficult to fix during the post-placement implementation flow and could be the result of non-optimal XDC constraints or non-optimal design architecture
Related violations: <none>

TIMING-16#65 Warning
Large setup violation  
There is a large setup violation of -1.130 ns between your_instance_name/U0/bram_stn_8bit_struct/subsystem/subsystem/subsystem/imag/xpm_memory_sprom_inst/xpm_memory_base_inst/gen_rd_a.douta_reg_reg/CLKARDCLK (clocked by CLK) and your_instance_name/U0/bram_stn_8bit_struct/subsystem/addsub6/comp0.core_instance0/U0/xst_addsub/i_baseblox.i_baseblox_addsub/no_pipelining.the_addsub/i_lut6.i_lut6_addsub/i_simple_model.i_gt_1.carrychaingen[7].carryxor_i_1_psdsp_10/D (clocked by CLK). Large setup violations at the end of those stages might be difficult to fix during the post-placement implementation flow and could be the result of non-optimal XDC constraints or non-optimal design architecture
Related violations: <none>

TIMING-16#66 Warning
Large setup violation  
There is a large setup violation of -1.130 ns between your_instance_name/U0/bram_stn_8bit_struct/subsystem/subsystem1/subsystem/imag/xpm_memory_sprom_inst/xpm_memory_base_inst/gen_rd_a.douta_reg_reg/CLKARDCLK (clocked by CLK) and your_instance_name/U0/bram_stn_8bit_struct/subsystem/addsub6/comp0.core_instance0/U0/xst_addsub/i_baseblox.i_baseblox_addsub/no_pipelining.the_addsub/i_lut6.i_lut6_addsub/i_simple_model.i_gt_1.carrychaingen[7].carryxor_i_1_psdsp_2/D (clocked by CLK). Large setup violations at the end of those stages might be difficult to fix during the post-placement implementation flow and could be the result of non-optimal XDC constraints or non-optimal design architecture
Related violations: <none>

TIMING-16#67 Warning
Large setup violation  
There is a large setup violation of -1.131 ns between your_instance_name/U0/bram_stn_8bit_struct/subsystem/subsystem1/subsystem/real/xpm_memory_sprom_inst/xpm_memory_base_inst/gen_rd_a.douta_reg_reg/CLKARDCLK (clocked by CLK) and your_instance_name/U0/bram_stn_8bit_struct/subsystem/addsub7/comp0.core_instance0/U0/xst_addsub/i_baseblox.i_baseblox_addsub/no_pipelining.the_addsub/i_lut6.i_lut6_addsub/i_simple_model.i_gt_1.carrychaingen[7].carryxor_i_1_psdsp_9/D (clocked by CLK). Large setup violations at the end of those stages might be difficult to fix during the post-placement implementation flow and could be the result of non-optimal XDC constraints or non-optimal design architecture
Related violations: <none>

TIMING-16#68 Warning
Large setup violation  
There is a large setup violation of -1.132 ns between your_instance_name/U0/bram_stn_8bit_struct/subsystem/subsystem/subsystem/real/xpm_memory_sprom_inst/xpm_memory_base_inst/gen_rd_a.douta_reg_reg/CLKARDCLK (clocked by CLK) and your_instance_name/U0/bram_stn_8bit_struct/subsystem/addsub7/comp0.core_instance0/U0/xst_addsub/i_baseblox.i_baseblox_addsub/no_pipelining.the_addsub/i_lut6.i_lut6_addsub/i_simple_model.i_gt_1.carrychaingen[7].carryxor_i_1_psdsp_3/D (clocked by CLK). Large setup violations at the end of those stages might be difficult to fix during the post-placement implementation flow and could be the result of non-optimal XDC constraints or non-optimal design architecture
Related violations: <none>

TIMING-16#69 Warning
Large setup violation  
There is a large setup violation of -1.132 ns between your_instance_name/U0/bram_stn_8bit_struct/subsystem/subsystem/subsystem/real/xpm_memory_sprom_inst/xpm_memory_base_inst/gen_rd_a.douta_reg_reg/CLKARDCLK (clocked by CLK) and your_instance_name/U0/bram_stn_8bit_struct/subsystem/addsub7/comp0.core_instance0/U0/xst_addsub/i_baseblox.i_baseblox_addsub/no_pipelining.the_addsub/i_lut6.i_lut6_addsub/i_simple_model.i_gt_1.carrychaingen[7].carryxor_i_1_psdsp_4/D (clocked by CLK). Large setup violations at the end of those stages might be difficult to fix during the post-placement implementation flow and could be the result of non-optimal XDC constraints or non-optimal design architecture
Related violations: <none>

TIMING-16#70 Warning
Large setup violation  
There is a large setup violation of -1.133 ns between your_instance_name/U0/bram_stn_8bit_struct/subsystem/subsystem/subsystem/imag/xpm_memory_sprom_inst/xpm_memory_base_inst/gen_rd_a.douta_reg_reg/CLKARDCLK (clocked by CLK) and your_instance_name/U0/bram_stn_8bit_struct/subsystem/addsub6/comp0.core_instance0/U0/xst_addsub/i_baseblox.i_baseblox_addsub/no_pipelining.the_addsub/i_lut6.i_lut6_addsub/i_simple_model.i_gt_1.carrychaingen[7].carryxor_i_1_psdsp_14/D (clocked by CLK). Large setup violations at the end of those stages might be difficult to fix during the post-placement implementation flow and could be the result of non-optimal XDC constraints or non-optimal design architecture
Related violations: <none>

TIMING-16#71 Warning
Large setup violation  
There is a large setup violation of -1.133 ns between your_instance_name/U0/bram_stn_8bit_struct/subsystem/subsystem1/subsystem/imag/xpm_memory_sprom_inst/xpm_memory_base_inst/gen_rd_a.douta_reg_reg/CLKARDCLK (clocked by CLK) and your_instance_name/U0/bram_stn_8bit_struct/subsystem/addsub6/comp0.core_instance0/U0/xst_addsub/i_baseblox.i_baseblox_addsub/no_pipelining.the_addsub/i_lut6.i_lut6_addsub/i_simple_model.i_gt_1.carrychaingen[7].carryxor_i_1_psdsp_3/D (clocked by CLK). Large setup violations at the end of those stages might be difficult to fix during the post-placement implementation flow and could be the result of non-optimal XDC constraints or non-optimal design architecture
Related violations: <none>

TIMING-16#72 Warning
Large setup violation  
There is a large setup violation of -1.134 ns between your_instance_name/U0/bram_stn_8bit_struct/subsystem/subsystem1/subsystem/imag/xpm_memory_sprom_inst/xpm_memory_base_inst/gen_rd_a.douta_reg_reg/CLKARDCLK (clocked by CLK) and your_instance_name/U0/bram_stn_8bit_struct/subsystem/addsub6/comp0.core_instance0/U0/xst_addsub/i_baseblox.i_baseblox_addsub/no_pipelining.the_addsub/i_lut6.i_lut6_addsub/i_simple_model.i_gt_1.carrychaingen[7].carryxor_i_1_psdsp_4/D (clocked by CLK). Large setup violations at the end of those stages might be difficult to fix during the post-placement implementation flow and could be the result of non-optimal XDC constraints or non-optimal design architecture
Related violations: <none>

TIMING-16#73 Warning
Large setup violation  
There is a large setup violation of -1.136 ns between your_instance_name/U0/bram_stn_8bit_struct/subsystem/subsystem1/subsystem/real/xpm_memory_sprom_inst/xpm_memory_base_inst/gen_rd_a.douta_reg_reg/CLKARDCLK (clocked by CLK) and your_instance_name/U0/bram_stn_8bit_struct/subsystem/addsub7/comp0.core_instance0/U0/xst_addsub/i_baseblox.i_baseblox_addsub/no_pipelining.the_addsub/i_lut6.i_lut6_addsub/i_simple_model.i_gt_1.carrychaingen[7].carryxor_i_1_psdsp_11/D (clocked by CLK). Large setup violations at the end of those stages might be difficult to fix during the post-placement implementation flow and could be the result of non-optimal XDC constraints or non-optimal design architecture
Related violations: <none>

TIMING-16#74 Warning
Large setup violation  
There is a large setup violation of -1.137 ns between your_instance_name/U0/bram_stn_8bit_struct/subsystem/subsystem/subsystem/real/xpm_memory_sprom_inst/xpm_memory_base_inst/gen_rd_a.douta_reg_reg/CLKARDCLK (clocked by CLK) and your_instance_name/U0/bram_stn_8bit_struct/subsystem/addsub7/comp0.core_instance0/U0/xst_addsub/i_baseblox.i_baseblox_addsub/no_pipelining.the_addsub/i_lut6.i_lut6_addsub/i_simple_model.i_gt_1.carrychaingen[7].carryxor_i_1_psdsp_6/D (clocked by CLK). Large setup violations at the end of those stages might be difficult to fix during the post-placement implementation flow and could be the result of non-optimal XDC constraints or non-optimal design architecture
Related violations: <none>

TIMING-16#75 Warning
Large setup violation  
There is a large setup violation of -1.138 ns between your_instance_name/U0/bram_stn_8bit_struct/subsystem/subsystem1/subsystem/real/xpm_memory_sprom_inst/xpm_memory_base_inst/gen_rd_a.douta_reg_reg/CLKARDCLK (clocked by CLK) and your_instance_name/U0/bram_stn_8bit_struct/subsystem/addsub7/comp0.core_instance0/U0/xst_addsub/i_baseblox.i_baseblox_addsub/no_pipelining.the_addsub/i_lut6.i_lut6_addsub/i_simple_model.i_gt_1.carrychaingen[7].carryxor_i_1_psdsp_15/D (clocked by CLK). Large setup violations at the end of those stages might be difficult to fix during the post-placement implementation flow and could be the result of non-optimal XDC constraints or non-optimal design architecture
Related violations: <none>

TIMING-16#76 Warning
Large setup violation  
There is a large setup violation of -1.139 ns between your_instance_name/U0/bram_stn_8bit_struct/subsystem/subsystem/subsystem/imag/xpm_memory_sprom_inst/xpm_memory_base_inst/gen_rd_a.douta_reg_reg/CLKARDCLK (clocked by CLK) and your_instance_name/U0/bram_stn_8bit_struct/subsystem/addsub6/comp0.core_instance0/U0/xst_addsub/i_baseblox.i_baseblox_addsub/no_pipelining.the_addsub/i_lut6.i_lut6_addsub/i_simple_model.i_gt_1.carrychaingen[7].carryxor_i_1_psdsp_12/D (clocked by CLK). Large setup violations at the end of those stages might be difficult to fix during the post-placement implementation flow and could be the result of non-optimal XDC constraints or non-optimal design architecture
Related violations: <none>

TIMING-16#77 Warning
Large setup violation  
There is a large setup violation of -1.139 ns between your_instance_name/U0/bram_stn_8bit_struct/subsystem/subsystem/subsystem/real/xpm_memory_sprom_inst/xpm_memory_base_inst/gen_rd_a.douta_reg_reg/CLKARDCLK (clocked by CLK) and your_instance_name/U0/bram_stn_8bit_struct/subsystem/addsub7/comp0.core_instance0/U0/xst_addsub/i_baseblox.i_baseblox_addsub/no_pipelining.the_addsub/i_lut6.i_lut6_addsub/i_simple_model.i_gt_1.carrychaingen[7].carryxor_i_1_psdsp_1/D (clocked by CLK). Large setup violations at the end of those stages might be difficult to fix during the post-placement implementation flow and could be the result of non-optimal XDC constraints or non-optimal design architecture
Related violations: <none>

TIMING-16#78 Warning
Large setup violation  
There is a large setup violation of -1.139 ns between your_instance_name/U0/bram_stn_8bit_struct/subsystem/subsystem1/subsystem/imag/xpm_memory_sprom_inst/xpm_memory_base_inst/gen_rd_a.douta_reg_reg/CLKARDCLK (clocked by CLK) and your_instance_name/U0/bram_stn_8bit_struct/subsystem/addsub6/comp0.core_instance0/U0/xst_addsub/i_baseblox.i_baseblox_addsub/no_pipelining.the_addsub/i_lut6.i_lut6_addsub/i_simple_model.i_gt_1.carrychaingen[7].carryxor_i_1_psdsp_6/D (clocked by CLK). Large setup violations at the end of those stages might be difficult to fix during the post-placement implementation flow and could be the result of non-optimal XDC constraints or non-optimal design architecture
Related violations: <none>

TIMING-16#79 Warning
Large setup violation  
There is a large setup violation of -1.140 ns between your_instance_name/U0/bram_stn_8bit_struct/subsystem/subsystem/subsystem/real/xpm_memory_sprom_inst/xpm_memory_base_inst/gen_rd_a.douta_reg_reg/CLKARDCLK (clocked by CLK) and your_instance_name/U0/bram_stn_8bit_struct/subsystem/addsub7/comp0.core_instance0/U0/xst_addsub/i_baseblox.i_baseblox_addsub/no_pipelining.the_addsub/i_lut6.i_lut6_addsub/i_simple_model.i_gt_1.carrychaingen[7].carryxor_i_1_psdsp_7/D (clocked by CLK). Large setup violations at the end of those stages might be difficult to fix during the post-placement implementation flow and could be the result of non-optimal XDC constraints or non-optimal design architecture
Related violations: <none>

TIMING-16#80 Warning
Large setup violation  
There is a large setup violation of -1.140 ns between your_instance_name/U0/bram_stn_8bit_struct/subsystem/subsystem1/subsystem/real/xpm_memory_sprom_inst/xpm_memory_base_inst/gen_rd_a.douta_reg_reg/CLKARDCLK (clocked by CLK) and your_instance_name/U0/bram_stn_8bit_struct/subsystem/addsub7/comp0.core_instance0/U0/xst_addsub/i_baseblox.i_baseblox_addsub/no_pipelining.the_addsub/i_lut6.i_lut6_addsub/i_simple_model.i_gt_1.carrychaingen[7].carryxor_i_1_psdsp_13/D (clocked by CLK). Large setup violations at the end of those stages might be difficult to fix during the post-placement implementation flow and could be the result of non-optimal XDC constraints or non-optimal design architecture
Related violations: <none>

TIMING-16#81 Warning
Large setup violation  
There is a large setup violation of -1.142 ns between your_instance_name/U0/bram_stn_8bit_struct/subsystem/subsystem/subsystem/imag/xpm_memory_sprom_inst/xpm_memory_base_inst/gen_rd_a.douta_reg_reg/CLKARDCLK (clocked by CLK) and your_instance_name/U0/bram_stn_8bit_struct/subsystem/addsub6/comp0.core_instance0/U0/xst_addsub/i_baseblox.i_baseblox_addsub/no_pipelining.the_addsub/i_lut6.i_lut6_addsub/i_simple_model.i_gt_1.carrychaingen[7].carryxor_i_1_psdsp_15/D (clocked by CLK). Large setup violations at the end of those stages might be difficult to fix during the post-placement implementation flow and could be the result of non-optimal XDC constraints or non-optimal design architecture
Related violations: <none>

TIMING-16#82 Warning
Large setup violation  
There is a large setup violation of -1.142 ns between your_instance_name/U0/bram_stn_8bit_struct/subsystem/subsystem/subsystem/imag/xpm_memory_sprom_inst/xpm_memory_base_inst/gen_rd_a.douta_reg_reg/CLKARDCLK (clocked by CLK) and your_instance_name/U0/bram_stn_8bit_struct/subsystem/addsub6/comp0.core_instance0/U0/xst_addsub/i_baseblox.i_baseblox_addsub/no_pipelining.the_addsub/i_lut6.i_lut6_addsub/i_simple_model.i_gt_1.carrychaingen[7].carryxor_i_1_psdsp_8/D (clocked by CLK). Large setup violations at the end of those stages might be difficult to fix during the post-placement implementation flow and could be the result of non-optimal XDC constraints or non-optimal design architecture
Related violations: <none>

TIMING-16#83 Warning
Large setup violation  
There is a large setup violation of -1.142 ns between your_instance_name/U0/bram_stn_8bit_struct/subsystem/subsystem/subsystem/real/xpm_memory_sprom_inst/xpm_memory_base_inst/gen_rd_a.douta_reg_reg/CLKARDCLK (clocked by CLK) and your_instance_name/U0/bram_stn_8bit_struct/subsystem/addsub7/comp0.core_instance0/U0/xst_addsub/i_baseblox.i_baseblox_addsub/no_pipelining.the_addsub/i_lut6.i_lut6_addsub/i_simple_model.i_gt_1.carrychaingen[7].carryxor_i_1_psdsp/D (clocked by CLK). Large setup violations at the end of those stages might be difficult to fix during the post-placement implementation flow and could be the result of non-optimal XDC constraints or non-optimal design architecture
Related violations: <none>

TIMING-16#84 Warning
Large setup violation  
There is a large setup violation of -1.142 ns between your_instance_name/U0/bram_stn_8bit_struct/subsystem/subsystem1/subsystem/imag/xpm_memory_sprom_inst/xpm_memory_base_inst/gen_rd_a.douta_reg_reg/CLKARDCLK (clocked by CLK) and your_instance_name/U0/bram_stn_8bit_struct/subsystem/addsub6/comp0.core_instance0/U0/xst_addsub/i_baseblox.i_baseblox_addsub/no_pipelining.the_addsub/i_lut6.i_lut6_addsub/i_simple_model.i_gt_1.carrychaingen[7].carryxor_i_1_psdsp_7/D (clocked by CLK). Large setup violations at the end of those stages might be difficult to fix during the post-placement implementation flow and could be the result of non-optimal XDC constraints or non-optimal design architecture
Related violations: <none>

TIMING-16#85 Warning
Large setup violation  
There is a large setup violation of -1.144 ns between your_instance_name/U0/bram_stn_8bit_struct/subsystem/subsystem/subsystem/imag/xpm_memory_sprom_inst/xpm_memory_base_inst/gen_rd_a.douta_reg_reg/CLKARDCLK (clocked by CLK) and your_instance_name/U0/bram_stn_8bit_struct/subsystem/addsub6/comp0.core_instance0/U0/xst_addsub/i_baseblox.i_baseblox_addsub/no_pipelining.the_addsub/i_lut6.i_lut6_addsub/i_simple_model.i_gt_1.carrychaingen[7].carryxor_i_1_psdsp_13/D (clocked by CLK). Large setup violations at the end of those stages might be difficult to fix during the post-placement implementation flow and could be the result of non-optimal XDC constraints or non-optimal design architecture
Related violations: <none>

TIMING-16#86 Warning
Large setup violation  
There is a large setup violation of -1.176 ns between your_instance_name/U0/bram_stn_8bit_struct/subsystem/addsub7/comp0.core_instance0/U0/xst_addsub/i_baseblox.i_baseblox_addsub/no_pipelining.the_addsub/i_lut6.i_lut6_addsub/i_simple_model.i_gt_1.carrychaingen[7].carryxor_i_1_psdsp_8/C (clocked by CLK) and your_instance_name/U0/bram_stn_8bit_struct/subsystem/mult5/comp0.core_instance0/U0/i_mult/gDSP.gDSP_only.iDSP/inferred_dsp.use_p_reg.p_reg_reg/A[11] (clocked by CLK). Large setup violations at the end of those stages might be difficult to fix during the post-placement implementation flow and could be the result of non-optimal XDC constraints or non-optimal design architecture
Related violations: <none>

TIMING-16#87 Warning
Large setup violation  
There is a large setup violation of -1.212 ns between your_instance_name/U0/bram_stn_8bit_struct/subsystem/addsub6/comp0.core_instance0/U0/xst_addsub/i_baseblox.i_baseblox_addsub/no_pipelining.the_addsub/i_lut6.i_lut6_addsub/i_simple_model.i_gt_1.carrychaingen[7].carryxor_i_1_psdsp_6/C (clocked by CLK) and your_instance_name/U0/bram_stn_8bit_struct/subsystem/mult4/comp0.core_instance0/U0/i_mult/gDSP.gDSP_only.iDSP/inferred_dsp.use_p_reg.p_reg_reg/A[1] (clocked by CLK). Large setup violations at the end of those stages might be difficult to fix during the post-placement implementation flow and could be the result of non-optimal XDC constraints or non-optimal design architecture
Related violations: <none>

TIMING-18#1 Warning
Missing input or output delay  
An input delay is missing on input_t[0] relative to clock(s) CLK
Related violations: <none>

TIMING-18#2 Warning
Missing input or output delay  
An input delay is missing on input_t[1] relative to clock(s) CLK
Related violations: <none>

TIMING-18#3 Warning
Missing input or output delay  
An input delay is missing on input_t[2] relative to clock(s) CLK
Related violations: <none>

TIMING-18#4 Warning
Missing input or output delay  
An input delay is missing on input_t[3] relative to clock(s) CLK
Related violations: <none>

TIMING-18#5 Warning
Missing input or output delay  
An input delay is missing on input_t[4] relative to clock(s) CLK
Related violations: <none>

TIMING-18#6 Warning
Missing input or output delay  
An input delay is missing on input_t[5] relative to clock(s) CLK
Related violations: <none>

TIMING-18#7 Warning
Missing input or output delay  
An input delay is missing on input_t[6] relative to clock(s) CLK
Related violations: <none>

TIMING-18#8 Warning
Missing input or output delay  
An input delay is missing on input_t[7] relative to clock(s) CLK
Related violations: <none>

TIMING-18#9 Warning
Missing input or output delay  
An output delay is missing on out_imag[0] relative to clock(s) CLK
Related violations: <none>

TIMING-18#10 Warning
Missing input or output delay  
An output delay is missing on out_imag[1] relative to clock(s) CLK
Related violations: <none>

TIMING-18#11 Warning
Missing input or output delay  
An output delay is missing on out_imag[2] relative to clock(s) CLK
Related violations: <none>

TIMING-18#12 Warning
Missing input or output delay  
An output delay is missing on out_imag[3] relative to clock(s) CLK
Related violations: <none>

TIMING-18#13 Warning
Missing input or output delay  
An output delay is missing on out_imag[4] relative to clock(s) CLK
Related violations: <none>

TIMING-18#14 Warning
Missing input or output delay  
An output delay is missing on out_imag[5] relative to clock(s) CLK
Related violations: <none>

TIMING-18#15 Warning
Missing input or output delay  
An output delay is missing on out_imag[6] relative to clock(s) CLK
Related violations: <none>

TIMING-18#16 Warning
Missing input or output delay  
An output delay is missing on out_imag[7] relative to clock(s) CLK
Related violations: <none>

TIMING-18#17 Warning
Missing input or output delay  
An output delay is missing on out_real[0] relative to clock(s) CLK
Related violations: <none>

TIMING-18#18 Warning
Missing input or output delay  
An output delay is missing on out_real[1] relative to clock(s) CLK
Related violations: <none>

TIMING-18#19 Warning
Missing input or output delay  
An output delay is missing on out_real[2] relative to clock(s) CLK
Related violations: <none>

TIMING-18#20 Warning
Missing input or output delay  
An output delay is missing on out_real[3] relative to clock(s) CLK
Related violations: <none>

TIMING-18#21 Warning
Missing input or output delay  
An output delay is missing on out_real[4] relative to clock(s) CLK
Related violations: <none>

TIMING-18#22 Warning
Missing input or output delay  
An output delay is missing on out_real[5] relative to clock(s) CLK
Related violations: <none>

TIMING-18#23 Warning
Missing input or output delay  
An output delay is missing on out_real[6] relative to clock(s) CLK
Related violations: <none>

TIMING-18#24 Warning
Missing input or output delay  
An output delay is missing on out_real[7] relative to clock(s) CLK
Related violations: <none>


