#-----------------------------------------------------------
# Vivado v2021.1 (64-bit)
# SW Build 3247384 on Thu Jun 10 19:36:33 MDT 2021
# IP Build 3246043 on Fri Jun 11 00:30:35 MDT 2021
# Start of session at: Tue Nov 22 10:43:03 2022
# Process ID: 9128
# Current directory: E:/FPGAProject/01102022/FPGAResearch/5_Final_Submission/Vivado_Desgin/SumofTwoNeuron_32bit/sumofTwoNeuron_32bit
# Command line: vivado.exe -gui_launcher_event rodinguilauncherevent19276 E:\FPGAProject\01102022\FPGAResearch\5_Final_Submission\Vivado_Desgin\SumofTwoNeuron_32bit\sumofTwoNeuron_32bit\sumofTwoNeuron_32bit.xpr
# Log file: E:/FPGAProject/01102022/FPGAResearch/5_Final_Submission/Vivado_Desgin/SumofTwoNeuron_32bit/sumofTwoNeuron_32bit/vivado.log
# Journal file: E:/FPGAProject/01102022/FPGAResearch/5_Final_Submission/Vivado_Desgin/SumofTwoNeuron_32bit/sumofTwoNeuron_32bit\vivado.jou
#-----------------------------------------------------------
start_gui
open_project E:/FPGAProject/01102022/FPGAResearch/5_Final_Submission/Vivado_Desgin/SumofTwoNeuron_32bit/sumofTwoNeuron_32bit/sumofTwoNeuron_32bit.xpr
INFO: [ProjectBase 1-489] The host OS only allows 260 characters in a normal path. The project is stored in a path with more than 80 characters. If you experience issues with IP, Block Designs, or files not being found, please consider moving the project to a location with a shorter path. Alternately consider using the OS subst command to map part of the path to a drive letter.
Current project path is 'E:/FPGAProject/01102022/FPGAResearch/5_Final_Submission/Vivado_Desgin/SumofTwoNeuron_32bit/sumofTwoNeuron_32bit'
Scanning sources...
Finished scanning sources
INFO: [IP_Flow 19-234] Refreshing IP repositories
INFO: [IP_Flow 19-1704] No user IP repositories specified
INFO: [IP_Flow 19-2313] Loaded Vivado IP repository 'C:/Xilinx/Vivado/2021.1/data/ip'.
open_project: Time (s): cpu = 00:00:20 ; elapsed = 00:00:09 . Memory (MB): peak = 1257.809 ; gain = 0.000
update_compile_order -fileset sources_1
launch_simulation
Command: launch_simulation 
INFO: [Vivado 12-12493] Simulation top is 'sumofTwoNeuron_32bit_tb'
INFO: [Vivado 12-5698] Checking validity of IPs in the design for the 'XSim' simulator...
INFO: [Vivado 12-5682] Launching behavioral simulation in 'E:/FPGAProject/01102022/FPGAResearch/5_Final_Submission/Vivado_Desgin/SumofTwoNeuron_32bit/sumofTwoNeuron_32bit/sumofTwoNeuron_32bit.sim/sim_1/behav/xsim'
INFO: [Vivado 12-4795] Using compiled simulation libraries for IPs
INFO: [SIM-utils-51] Simulation object is 'sim_1'
INFO: [SIM-utils-72] Using boost library from 'C:/Xilinx/Vivado/2021.1/tps/boost_1_72_0'
INFO: [USF-XSim-7] Finding pre-compiled libraries...
INFO: [USF-XSim-11] File 'C:/Xilinx/Vivado/2021.1/data/xsim/xsim.ini' copied to run dir:'E:/FPGAProject/01102022/FPGAResearch/5_Final_Submission/Vivado_Desgin/SumofTwoNeuron_32bit/sumofTwoNeuron_32bit/sumofTwoNeuron_32bit.sim/sim_1/behav/xsim'
INFO: [SIM-utils-54] Inspecting design source files for 'sumofTwoNeuron_32bit_tb' in fileset 'sim_1'...
INFO: [USF-XSim-97] Finding global include files...
INFO: [USF-XSim-98] Fetching design files from 'sim_1'...
INFO: [USF-XSim-2] XSim::Compile design
INFO: [USF-XSim-61] Executing 'COMPILE and ANALYZE' step in 'E:/FPGAProject/01102022/FPGAResearch/5_Final_Submission/Vivado_Desgin/SumofTwoNeuron_32bit/sumofTwoNeuron_32bit/sumofTwoNeuron_32bit.sim/sim_1/behav/xsim'
"xvhdl --incr --relax -prj sumofTwoNeuron_32bit_tb_vhdl.prj"
INFO: [VRFC 10-163] Analyzing VHDL file "E:/FPGAProject/01102022/FPGAResearch/5_Final_Submission/Vivado_Desgin/SumofTwoNeuron_32bit/sumofTwoNeuron_32bit/sumofTwoNeuron_32bit.srcs/sources_1/new/pinormalize.vhd" into library xil_defaultlib
INFO: [VRFC 10-3107] analyzing entity 'pinormalize'
INFO: [VRFC 10-163] Analyzing VHDL file "E:/FPGAProject/01102022/FPGAResearch/5_Final_Submission/Vivado_Desgin/SumofTwoNeuron_32bit/sumofTwoNeuron_32bit/sumofTwoNeuron_32bit.srcs/sources_1/new/sumofTwoNeuron_32bit.vhd" into library xil_defaultlib
INFO: [VRFC 10-3107] analyzing entity 'sumofTwoNeuron_32bit'
INFO: [VRFC 10-163] Analyzing VHDL file "E:/FPGAProject/01102022/FPGAResearch/5_Final_Submission/Vivado_Desgin/SumofTwoNeuron_32bit/sumofTwoNeuron_32bit/sumofTwoNeuron_32bit.srcs/sources_1/new/sumofTwoNeuron_32bit_tb.vhd" into library xil_defaultlib
INFO: [VRFC 10-3107] analyzing entity 'sumofTwoNeuron_32bit_tb'
INFO: [USF-XSim-69] 'compile' step finished in '4' seconds
INFO: [USF-XSim-3] XSim::Elaborate design
INFO: [USF-XSim-61] Executing 'ELABORATE' step in 'E:/FPGAProject/01102022/FPGAResearch/5_Final_Submission/Vivado_Desgin/SumofTwoNeuron_32bit/sumofTwoNeuron_32bit/sumofTwoNeuron_32bit.sim/sim_1/behav/xsim'
"xelab -wto 822e625e3a3c49e88b83d2f19a33a9a7 --incr --debug typical --relax --mt 2 -L xil_defaultlib -L xbip_utils_v3_0_10 -L c_reg_fd_v12_0_6 -L xbip_dsp48_wrapper_v3_0_4 -L xbip_pipe_v3_0_6 -L xbip_dsp48_addsub_v3_0_6 -L xbip_addsub_v3_0_6 -L c_addsub_v12_0_14 -L xbip_bram18k_v3_0_6 -L mult_gen_v12_0_17 -L axi_utils_v2_0_6 -L cordic_v6_0_17 -L secureip -L xpm --snapshot sumofTwoNeuron_32bit_tb_behav xil_defaultlib.sumofTwoNeuron_32bit_tb -log elaborate.log"
Vivado Simulator v2021.1
Copyright 1986-1999, 2001-2021 Xilinx, Inc. All Rights Reserved.
Running: C:/Xilinx/Vivado/2021.1/bin/unwrapped/win64.o/xelab.exe -wto 822e625e3a3c49e88b83d2f19a33a9a7 --incr --debug typical --relax --mt 2 -L xil_defaultlib -L xbip_utils_v3_0_10 -L c_reg_fd_v12_0_6 -L xbip_dsp48_wrapper_v3_0_4 -L xbip_pipe_v3_0_6 -L xbip_dsp48_addsub_v3_0_6 -L xbip_addsub_v3_0_6 -L c_addsub_v12_0_14 -L xbip_bram18k_v3_0_6 -L mult_gen_v12_0_17 -L axi_utils_v2_0_6 -L cordic_v6_0_17 -L secureip -L xpm --snapshot sumofTwoNeuron_32bit_tb_behav xil_defaultlib.sumofTwoNeuron_32bit_tb -log elaborate.log 
Using 2 slave threads.
Starting static elaboration
Completed static elaboration
Starting simulation data flow analysis
Completed simulation data flow analysis
Time Resolution for simulation is 1ps
Compiling package std.standard
Compiling package std.textio
Compiling package ieee.std_logic_1164
Compiling package ieee.numeric_std
Compiling package ieee.std_logic_textio
Compiling package xil_defaultlib.nn_package
Compiling package cordic_v6_0_17.cordic_v6_0_17_viv_comp
Compiling package xbip_utils_v3_0_10.xbip_utils_v3_0_10_pkg
Compiling package xbip_pipe_v3_0_6.xbip_pipe_v3_0_6_viv_comp
Compiling package axi_utils_v2_0_6.axi_utils_v2_0_6_pkg
Compiling package ieee.math_real
Compiling package axi_utils_v2_0_6.global_util_pkg
Compiling package axi_utils_v2_0_6.axi_utils_comps
Compiling package mult_gen_v12_0_17.mult_gen_v12_0_17_pkg
Compiling package ieee.std_logic_arith
Compiling package ieee.std_logic_signed
Compiling package cordic_v6_0_17.cordic_pack
Compiling package cordic_v6_0_17.cordic_hdl_comps
Compiling package c_addsub_v12_0_14.c_addsub_v12_0_14_viv_comp
Compiling package xbip_addsub_v3_0_6.xbip_addsub_v3_0_6_viv_comp
Compiling package c_addsub_v12_0_14.c_addsub_v12_0_14_pkg
Compiling package c_addsub_v12_0_14.c_addsub_v12_0_14_pkg_legacy
Compiling package c_reg_fd_v12_0_6.c_reg_fd_v12_0_6_viv_comp
Compiling package unisim.vcomponents
Compiling architecture behavioral of entity xil_defaultlib.mult [mult_default]
Compiling architecture behavioral of entity xil_defaultlib.pinormalize [pinormalize_default]
Compiling architecture synth of entity xbip_pipe_v3_0_6.xbip_pipe_v3_0_6_viv [\xbip_pipe_v3_0_6_viv(c_latency=...]
Compiling architecture structural of entity c_reg_fd_v12_0_6.c_reg_fd_v12_0_6_viv [\c_reg_fd_v12_0_6_viv(c_width=38...]
Compiling architecture muxcy_v of entity unisim.MUXCY [muxcy_default]
Compiling architecture xorcy_v of entity unisim.XORCY [xorcy_default]
Compiling architecture rtl of entity c_addsub_v12_0_14.c_addsub_v12_0_14_lut6_legacy [\c_addsub_v12_0_14_lut6_legacy(c...]
Compiling architecture synth of entity c_addsub_v12_0_14.c_addsub_v12_0_14_fabric_legacy [\c_addsub_v12_0_14_fabric_legacy...]
Compiling architecture synth of entity c_addsub_v12_0_14.c_addsub_v12_0_14_legacy [\c_addsub_v12_0_14_legacy(c_fami...]
Compiling architecture synth of entity c_addsub_v12_0_14.c_addsub_v12_0_14_viv [\c_addsub_v12_0_14_viv(c_xdevice...]
Compiling architecture synth of entity cordic_v6_0_17.addsub [\addsub(family="zynq",add_mode=2...]
Compiling architecture struct_all of entity cordic_v6_0_17.delay [\delay(delay_len=1,family="zynq"...]
Compiling architecture struct_all of entity cordic_v6_0_17.delay [\delay(delay_len=1,family="zynq"...]
Compiling architecture struct_all of entity cordic_v6_0_17.delay_bit [\delay_bit(delay_len=2,family="z...]
Compiling architecture synth of entity cordic_v6_0_17.cordic_inp_config [\cordic_inp_config(p_xdevicefami...]
Compiling architecture synth of entity cordic_v6_0_17.cordic_dat_acc_slice_par [\cordic_dat_acc_slice_par(p_xdev...]
Compiling architecture synth of entity cordic_v6_0_17.cordic_pha_acc_slice_par [\cordic_pha_acc_slice_par(p_xdev...]
Compiling architecture struct_all of entity cordic_v6_0_17.delay [\delay(delay_len=1,family="zynq"...]
Compiling architecture struct_all of entity cordic_v6_0_17.delay_bit [\delay_bit(delay_len=1,family="z...]
Compiling architecture synth of entity cordic_v6_0_17.cordic_ctrl_slice_par [\cordic_ctrl_slice_par(p_xdevice...]
Compiling architecture synth of entity cordic_v6_0_17.cordic_eng_slice_par [\cordic_eng_slice_par(p_xdevicef...]
Compiling architecture synth of entity cordic_v6_0_17.cordic_dat_acc_slice_par [\cordic_dat_acc_slice_par(p_xdev...]
Compiling architecture synth of entity cordic_v6_0_17.cordic_eng_slice_par [\cordic_eng_slice_par(p_xdevicef...]
Compiling architecture synth of entity cordic_v6_0_17.cordic_dat_acc_slice_par [\cordic_dat_acc_slice_par(p_xdev...]
Compiling architecture synth of entity cordic_v6_0_17.cordic_eng_slice_par [\cordic_eng_slice_par(p_xdevicef...]
Compiling architecture synth of entity cordic_v6_0_17.cordic_dat_acc_slice_par [\cordic_dat_acc_slice_par(p_xdev...]
Compiling architecture synth of entity cordic_v6_0_17.cordic_eng_slice_par [\cordic_eng_slice_par(p_xdevicef...]
Compiling architecture synth of entity cordic_v6_0_17.cordic_dat_acc_slice_par [\cordic_dat_acc_slice_par(p_xdev...]
Compiling architecture synth of entity cordic_v6_0_17.cordic_eng_slice_par [\cordic_eng_slice_par(p_xdevicef...]
Compiling architecture synth of entity cordic_v6_0_17.cordic_dat_acc_slice_par [\cordic_dat_acc_slice_par(p_xdev...]
Compiling architecture synth of entity cordic_v6_0_17.cordic_eng_slice_par [\cordic_eng_slice_par(p_xdevicef...]
Compiling architecture synth of entity cordic_v6_0_17.cordic_dat_acc_slice_par [\cordic_dat_acc_slice_par(p_xdev...]
Compiling architecture synth of entity cordic_v6_0_17.cordic_eng_slice_par [\cordic_eng_slice_par(p_xdevicef...]
Compiling architecture synth of entity cordic_v6_0_17.cordic_dat_acc_slice_par [\cordic_dat_acc_slice_par(p_xdev...]
Compiling architecture synth of entity cordic_v6_0_17.cordic_eng_slice_par [\cordic_eng_slice_par(p_xdevicef...]
Compiling architecture synth of entity cordic_v6_0_17.cordic_dat_acc_slice_par [\cordic_dat_acc_slice_par(p_xdev...]
Compiling architecture synth of entity cordic_v6_0_17.cordic_eng_slice_par [\cordic_eng_slice_par(p_xdevicef...]
Compiling architecture synth of entity cordic_v6_0_17.cordic_dat_acc_slice_par [\cordic_dat_acc_slice_par(p_xdev...]
Compiling architecture synth of entity cordic_v6_0_17.cordic_eng_slice_par [\cordic_eng_slice_par(p_xdevicef...]
Compiling architecture synth of entity cordic_v6_0_17.cordic_dat_acc_slice_par [\cordic_dat_acc_slice_par(p_xdev...]
Compiling architecture synth of entity cordic_v6_0_17.cordic_eng_slice_par [\cordic_eng_slice_par(p_xdevicef...]
Compiling architecture synth of entity cordic_v6_0_17.cordic_dat_acc_slice_par [\cordic_dat_acc_slice_par(p_xdev...]
Compiling architecture synth of entity cordic_v6_0_17.cordic_eng_slice_par [\cordic_eng_slice_par(p_xdevicef...]
Compiling architecture synth of entity cordic_v6_0_17.cordic_dat_acc_slice_par [\cordic_dat_acc_slice_par(p_xdev...]
Compiling architecture synth of entity cordic_v6_0_17.cordic_eng_slice_par [\cordic_eng_slice_par(p_xdevicef...]
Compiling architecture synth of entity cordic_v6_0_17.cordic_dat_acc_slice_par [\cordic_dat_acc_slice_par(p_xdev...]
Compiling architecture synth of entity cordic_v6_0_17.cordic_eng_slice_par [\cordic_eng_slice_par(p_xdevicef...]
Compiling architecture synth of entity cordic_v6_0_17.cordic_dat_acc_slice_par [\cordic_dat_acc_slice_par(p_xdev...]
Compiling architecture synth of entity cordic_v6_0_17.cordic_eng_slice_par [\cordic_eng_slice_par(p_xdevicef...]
Compiling architecture synth of entity cordic_v6_0_17.cordic_dat_acc_slice_par [\cordic_dat_acc_slice_par(p_xdev...]
Compiling architecture synth of entity cordic_v6_0_17.cordic_eng_slice_par [\cordic_eng_slice_par(p_xdevicef...]
Compiling architecture synth of entity cordic_v6_0_17.cordic_dat_acc_slice_par [\cordic_dat_acc_slice_par(p_xdev...]
Compiling architecture synth of entity cordic_v6_0_17.cordic_eng_slice_par [\cordic_eng_slice_par(p_xdevicef...]
Compiling architecture synth of entity cordic_v6_0_17.cordic_dat_acc_slice_par [\cordic_dat_acc_slice_par(p_xdev...]
Compiling architecture synth of entity cordic_v6_0_17.cordic_eng_slice_par [\cordic_eng_slice_par(p_xdevicef...]
Compiling architecture synth of entity cordic_v6_0_17.cordic_dat_acc_slice_par [\cordic_dat_acc_slice_par(p_xdev...]
Compiling architecture synth of entity cordic_v6_0_17.cordic_eng_slice_par [\cordic_eng_slice_par(p_xdevicef...]
Compiling architecture synth of entity cordic_v6_0_17.cordic_dat_acc_slice_par [\cordic_dat_acc_slice_par(p_xdev...]
Compiling architecture synth of entity cordic_v6_0_17.cordic_eng_slice_par [\cordic_eng_slice_par(p_xdevicef...]
Compiling architecture synth of entity cordic_v6_0_17.cordic_dat_acc_slice_par [\cordic_dat_acc_slice_par(p_xdev...]
Compiling architecture synth of entity cordic_v6_0_17.cordic_eng_slice_par [\cordic_eng_slice_par(p_xdevicef...]
Compiling architecture synth of entity cordic_v6_0_17.cordic_dat_acc_slice_par [\cordic_dat_acc_slice_par(p_xdev...]
Compiling architecture synth of entity cordic_v6_0_17.cordic_eng_slice_par [\cordic_eng_slice_par(p_xdevicef...]
Compiling architecture synth of entity cordic_v6_0_17.cordic_dat_acc_slice_par [\cordic_dat_acc_slice_par(p_xdev...]
Compiling architecture synth of entity cordic_v6_0_17.cordic_eng_slice_par [\cordic_eng_slice_par(p_xdevicef...]
Compiling architecture synth of entity cordic_v6_0_17.cordic_dat_acc_slice_par [\cordic_dat_acc_slice_par(p_xdev...]
Compiling architecture synth of entity cordic_v6_0_17.cordic_eng_slice_par [\cordic_eng_slice_par(p_xdevicef...]
Compiling architecture synth of entity cordic_v6_0_17.cordic_dat_acc_slice_par [\cordic_dat_acc_slice_par(p_xdev...]
Compiling architecture synth of entity cordic_v6_0_17.cordic_eng_slice_par [\cordic_eng_slice_par(p_xdevicef...]
Compiling architecture synth of entity cordic_v6_0_17.cordic_dat_acc_slice_par [\cordic_dat_acc_slice_par(p_xdev...]
Compiling architecture synth of entity cordic_v6_0_17.cordic_eng_slice_par [\cordic_eng_slice_par(p_xdevicef...]
Compiling architecture synth of entity cordic_v6_0_17.cordic_dat_acc_slice_par [\cordic_dat_acc_slice_par(p_xdev...]
Compiling architecture synth of entity cordic_v6_0_17.cordic_eng_slice_par [\cordic_eng_slice_par(p_xdevicef...]
Compiling architecture synth of entity cordic_v6_0_17.cordic_dat_acc_slice_par [\cordic_dat_acc_slice_par(p_xdev...]
Compiling architecture synth of entity cordic_v6_0_17.cordic_eng_slice_par [\cordic_eng_slice_par(p_xdevicef...]
Compiling architecture synth of entity cordic_v6_0_17.cordic_dat_acc_slice_par [\cordic_dat_acc_slice_par(p_xdev...]
Compiling architecture synth of entity cordic_v6_0_17.cordic_eng_slice_par [\cordic_eng_slice_par(p_xdevicef...]
Compiling architecture synth of entity cordic_v6_0_17.cordic_dat_acc_slice_par [\cordic_dat_acc_slice_par(p_xdev...]
Compiling architecture synth of entity cordic_v6_0_17.cordic_eng_slice_par [\cordic_eng_slice_par(p_xdevicef...]
Compiling architecture synth of entity cordic_v6_0_17.cordic_eng [\cordic_eng(p_xdevicefamily="zyn...]
Compiling architecture struct_all of entity cordic_v6_0_17.delay [\delay(delay_len=0,family="zynq"...]
Compiling architecture struct_all of entity cordic_v6_0_17.delay [\delay(delay_len=1,family="zynq"...]
Compiling architecture synth of entity cordic_v6_0_17.cordic_round [\cordic_round(p_xdevicefamily="z...]
Compiling architecture struct_all of entity cordic_v6_0_17.delay_bit [\delay_bit(delay_len=0,family="z...]
Compiling architecture synth of entity cordic_v6_0_17.cordic_out_config [\cordic_out_config(p_xdevicefami...]
Compiling architecture synth of entity cordic_v6_0_17.cordic_v6_0_17_synth [\cordic_v6_0_17_synth(c_architec...]
Compiling architecture synth of entity cordic_v6_0_17.cordic_v6_0_17_viv [\cordic_v6_0_17_viv(c_architectu...]
Compiling architecture xilinx of entity cordic_v6_0_17.cordic_v6_0_17 [\cordic_v6_0_17(c_architecture=2...]
Compiling architecture cordic_0_arch of entity xil_defaultlib.cordic_0 [cordic_0_default]
Compiling architecture behavioral of entity xil_defaultlib.sumofTwoNeuron_32bit [sumoftwoneuron_32bit_default]
Compiling architecture behavioral of entity xil_defaultlib.sumoftwoneuron_32bit_tb
Built simulation snapshot sumofTwoNeuron_32bit_tb_behav

****** Webtalk v2021.1 (64-bit)
  **** SW Build 3247384 on Thu Jun 10 19:36:33 MDT 2021
  **** IP Build 3246043 on Fri Jun 11 00:30:35 MDT 2021
    ** Copyright 1986-2021 Xilinx, Inc. All Rights Reserved.

source E:/FPGAProject/01102022/FPGAResearch/5_Final_Submission/Vivado_Desgin/SumofTwoNeuron_32bit/sumofTwoNeuron_32bit/sumofTwoNeuron_32bit.sim/sim_1/behav/xsim/xsim.dir/sumofTwoNeuron_32bit_tb_behav/webtalk/xsim_webtalk.tcl -notrace
INFO: [Common 17-206] Exiting Webtalk at Tue Nov 22 10:55:42 2022...
run_program: Time (s): cpu = 00:00:01 ; elapsed = 00:00:18 . Memory (MB): peak = 1257.809 ; gain = 0.000
INFO: [USF-XSim-69] 'elaborate' step finished in '19' seconds
INFO: [USF-XSim-4] XSim::Simulate design
INFO: [USF-XSim-61] Executing 'SIMULATE' step in 'E:/FPGAProject/01102022/FPGAResearch/5_Final_Submission/Vivado_Desgin/SumofTwoNeuron_32bit/sumofTwoNeuron_32bit/sumofTwoNeuron_32bit.sim/sim_1/behav/xsim'
INFO: [USF-XSim-98] *** Running xsim
   with args "sumofTwoNeuron_32bit_tb_behav -key {Behavioral:sim_1:Functional:sumofTwoNeuron_32bit_tb} -tclbatch {sumofTwoNeuron_32bit_tb.tcl} -view {E:/FPGAProject/01102022/FPGAResearch/5_Final_Submission/Vivado_Desgin/SumofTwoNeuron_32bit/sumofTwoNeuron_32bit/sumofTwoNeuron_32bit_tb_behav.wcfg} -log {simulate.log}"
INFO: [USF-XSim-8] Loading simulator feature
Time resolution is 1 ps
open_wave_config E:/FPGAProject/01102022/FPGAResearch/5_Final_Submission/Vivado_Desgin/SumofTwoNeuron_32bit/sumofTwoNeuron_32bit/sumofTwoNeuron_32bit_tb_behav.wcfg
source sumofTwoNeuron_32bit_tb.tcl
# set curr_wave [current_wave_config]
# if { [string length $curr_wave] == 0 } {
#   if { [llength [get_objects]] > 0} {
#     add_wave /
#     set_property needs_save false [current_wave_config]
#   } else {
#      send_msg_id Add_Wave-1 WARNING "No top level signals found. Simulator will start without a wave window. If you want to open a wave window go to 'File->New Waveform Configuration' or type 'create_wave_config' in the TCL console."
#   }
# }
# run 1000ns
INFO: [USF-XSim-96] XSim completed. Design snapshot 'sumofTwoNeuron_32bit_tb_behav' loaded.
INFO: [USF-XSim-97] XSim simulation ran for 1000ns
launch_simulation: Time (s): cpu = 00:00:07 ; elapsed = 00:00:30 . Memory (MB): peak = 1257.809 ; gain = 0.000
run 81 us
close_sim
INFO: [Simtcl 6-16] Simulation closed
set_property top sumofTwoNeuron_32bit [current_fileset]
update_compile_order -fileset sources_1
synth_design -rtl -rtl_skip_mlo -name rtl_1
Command: synth_design -rtl -rtl_skip_mlo -name rtl_1
Starting synth_design
Using part: xc7z020clg484-1
Top: sumofTwoNeuron_32bit
INFO: [Device 21-403] Loading part xc7z020clg484-1
---------------------------------------------------------------------------------
Starting RTL Elaboration : Time (s): cpu = 00:00:04 ; elapsed = 00:00:04 . Memory (MB): peak = 1692.387 ; gain = 265.336
---------------------------------------------------------------------------------
INFO: [Synth 8-638] synthesizing module 'sumofTwoNeuron_32bit' [E:/FPGAProject/01102022/FPGAResearch/5_Final_Submission/Vivado_Desgin/SumofTwoNeuron_32bit/sumofTwoNeuron_32bit/sumofTwoNeuron_32bit.srcs/sources_1/new/sumofTwoNeuron_32bit.vhd:43]
INFO: [Synth 8-3491] module 'mult' declared at 'E:/FPGAProject/01102022/FPGAResearch/5_Final_Submission/Vivado_Desgin/SumofTwoNeuron_32bit/sumofTwoNeuron_32bit/sumofTwoNeuron_32bit.srcs/sources_1/new/mult.vhd:6' bound to instance 'neuron_1_mult_unit' of component 'mult' [E:/FPGAProject/01102022/FPGAResearch/5_Final_Submission/Vivado_Desgin/SumofTwoNeuron_32bit/sumofTwoNeuron_32bit/sumofTwoNeuron_32bit.srcs/sources_1/new/sumofTwoNeuron_32bit.vhd:128]
INFO: [Synth 8-638] synthesizing module 'mult' [E:/FPGAProject/01102022/FPGAResearch/5_Final_Submission/Vivado_Desgin/SumofTwoNeuron_32bit/sumofTwoNeuron_32bit/sumofTwoNeuron_32bit.srcs/sources_1/new/mult.vhd:14]
INFO: [Synth 8-256] done synthesizing module 'mult' (1#1) [E:/FPGAProject/01102022/FPGAResearch/5_Final_Submission/Vivado_Desgin/SumofTwoNeuron_32bit/sumofTwoNeuron_32bit/sumofTwoNeuron_32bit.srcs/sources_1/new/mult.vhd:14]
INFO: [Synth 8-3491] module 'mult' declared at 'E:/FPGAProject/01102022/FPGAResearch/5_Final_Submission/Vivado_Desgin/SumofTwoNeuron_32bit/sumofTwoNeuron_32bit/sumofTwoNeuron_32bit.srcs/sources_1/new/mult.vhd:6' bound to instance 'neuron_2_mult_unit' of component 'mult' [E:/FPGAProject/01102022/FPGAResearch/5_Final_Submission/Vivado_Desgin/SumofTwoNeuron_32bit/sumofTwoNeuron_32bit/sumofTwoNeuron_32bit.srcs/sources_1/new/sumofTwoNeuron_32bit.vhd:131]
INFO: [Synth 8-3491] module 'pinormalize' declared at 'E:/FPGAProject/01102022/FPGAResearch/5_Final_Submission/Vivado_Desgin/SumofTwoNeuron_32bit/sumofTwoNeuron_32bit/sumofTwoNeuron_32bit.srcs/sources_1/new/pinormalize.vhd:15' bound to instance 'process_pinormalize_unit' of component 'pinormalize' [E:/FPGAProject/01102022/FPGAResearch/5_Final_Submission/Vivado_Desgin/SumofTwoNeuron_32bit/sumofTwoNeuron_32bit/sumofTwoNeuron_32bit.srcs/sources_1/new/sumofTwoNeuron_32bit.vhd:137]
INFO: [Synth 8-638] synthesizing module 'pinormalize' [E:/FPGAProject/01102022/FPGAResearch/5_Final_Submission/Vivado_Desgin/SumofTwoNeuron_32bit/sumofTwoNeuron_32bit/sumofTwoNeuron_32bit.srcs/sources_1/new/pinormalize.vhd:22]
WARNING: [Synth 8-614] signal 'magnitude' is read in the process but is not in the sensitivity list [E:/FPGAProject/01102022/FPGAResearch/5_Final_Submission/Vivado_Desgin/SumofTwoNeuron_32bit/sumofTwoNeuron_32bit/sumofTwoNeuron_32bit.srcs/sources_1/new/pinormalize.vhd:34]
INFO: [Synth 8-256] done synthesizing module 'pinormalize' (2#1) [E:/FPGAProject/01102022/FPGAResearch/5_Final_Submission/Vivado_Desgin/SumofTwoNeuron_32bit/sumofTwoNeuron_32bit/sumofTwoNeuron_32bit.srcs/sources_1/new/pinormalize.vhd:22]
INFO: [Synth 8-3491] module 'pinormalize' declared at 'E:/FPGAProject/01102022/FPGAResearch/5_Final_Submission/Vivado_Desgin/SumofTwoNeuron_32bit/sumofTwoNeuron_32bit/sumofTwoNeuron_32bit.srcs/sources_1/new/pinormalize.vhd:15' bound to instance 'process_pinormalize_unit2' of component 'pinormalize' [E:/FPGAProject/01102022/FPGAResearch/5_Final_Submission/Vivado_Desgin/SumofTwoNeuron_32bit/sumofTwoNeuron_32bit/sumofTwoNeuron_32bit.srcs/sources_1/new/sumofTwoNeuron_32bit.vhd:142]
INFO: [Synth 8-3491] module 'cordic_0' declared at 'E:/FPGAProject/01102022/FPGAResearch/5_Final_Submission/Vivado_Desgin/SumofTwoNeuron_32bit/sumofTwoNeuron_32bit/.Xil/Vivado-9128-DESKTOP-1FT5C23/realtime/cordic_0_stub.vhdl:5' bound to instance 'neuron_1_CompExpo' of component 'cordic_0' [E:/FPGAProject/01102022/FPGAResearch/5_Final_Submission/Vivado_Desgin/SumofTwoNeuron_32bit/sumofTwoNeuron_32bit/sumofTwoNeuron_32bit.srcs/sources_1/new/sumofTwoNeuron_32bit.vhd:157]
INFO: [Synth 8-638] synthesizing module 'cordic_0' [E:/FPGAProject/01102022/FPGAResearch/5_Final_Submission/Vivado_Desgin/SumofTwoNeuron_32bit/sumofTwoNeuron_32bit/.Xil/Vivado-9128-DESKTOP-1FT5C23/realtime/cordic_0_stub.vhdl:16]
INFO: [Synth 8-3491] module 'cordic_0' declared at 'E:/FPGAProject/01102022/FPGAResearch/5_Final_Submission/Vivado_Desgin/SumofTwoNeuron_32bit/sumofTwoNeuron_32bit/.Xil/Vivado-9128-DESKTOP-1FT5C23/realtime/cordic_0_stub.vhdl:5' bound to instance 'neuron_2_CompExpo' of component 'cordic_0' [E:/FPGAProject/01102022/FPGAResearch/5_Final_Submission/Vivado_Desgin/SumofTwoNeuron_32bit/sumofTwoNeuron_32bit/sumofTwoNeuron_32bit.srcs/sources_1/new/sumofTwoNeuron_32bit.vhd:166]
INFO: [Synth 8-3491] module 'mult' declared at 'E:/FPGAProject/01102022/FPGAResearch/5_Final_Submission/Vivado_Desgin/SumofTwoNeuron_32bit/sumofTwoNeuron_32bit/sumofTwoNeuron_32bit.srcs/sources_1/new/mult.vhd:6' bound to instance 'neuron_1_mult_Real_ExLnTheta' of component 'mult' [E:/FPGAProject/01102022/FPGAResearch/5_Final_Submission/Vivado_Desgin/SumofTwoNeuron_32bit/sumofTwoNeuron_32bit/sumofTwoNeuron_32bit.srcs/sources_1/new/sumofTwoNeuron_32bit.vhd:195]
INFO: [Synth 8-3491] module 'mult' declared at 'E:/FPGAProject/01102022/FPGAResearch/5_Final_Submission/Vivado_Desgin/SumofTwoNeuron_32bit/sumofTwoNeuron_32bit/sumofTwoNeuron_32bit.srcs/sources_1/new/mult.vhd:6' bound to instance 'neuron_1_mult_Imag_ExLnTheta' of component 'mult' [E:/FPGAProject/01102022/FPGAResearch/5_Final_Submission/Vivado_Desgin/SumofTwoNeuron_32bit/sumofTwoNeuron_32bit/sumofTwoNeuron_32bit.srcs/sources_1/new/sumofTwoNeuron_32bit.vhd:197]
INFO: [Synth 8-3491] module 'mult' declared at 'E:/FPGAProject/01102022/FPGAResearch/5_Final_Submission/Vivado_Desgin/SumofTwoNeuron_32bit/sumofTwoNeuron_32bit/sumofTwoNeuron_32bit.srcs/sources_1/new/mult.vhd:6' bound to instance 'neuron_2_mult_Real_ExLnTheta' of component 'mult' [E:/FPGAProject/01102022/FPGAResearch/5_Final_Submission/Vivado_Desgin/SumofTwoNeuron_32bit/sumofTwoNeuron_32bit/sumofTwoNeuron_32bit.srcs/sources_1/new/sumofTwoNeuron_32bit.vhd:200]
INFO: [Synth 8-3491] module 'mult' declared at 'E:/FPGAProject/01102022/FPGAResearch/5_Final_Submission/Vivado_Desgin/SumofTwoNeuron_32bit/sumofTwoNeuron_32bit/sumofTwoNeuron_32bit.srcs/sources_1/new/mult.vhd:6' bound to instance 'neuron_2_mult_Imag_ExLnTheta' of component 'mult' [E:/FPGAProject/01102022/FPGAResearch/5_Final_Submission/Vivado_Desgin/SumofTwoNeuron_32bit/sumofTwoNeuron_32bit/sumofTwoNeuron_32bit.srcs/sources_1/new/sumofTwoNeuron_32bit.vhd:202]
INFO: [Synth 8-256] done synthesizing module 'sumofTwoNeuron_32bit' (3#1) [E:/FPGAProject/01102022/FPGAResearch/5_Final_Submission/Vivado_Desgin/SumofTwoNeuron_32bit/sumofTwoNeuron_32bit/sumofTwoNeuron_32bit.srcs/sources_1/new/sumofTwoNeuron_32bit.vhd:43]
---------------------------------------------------------------------------------
Finished RTL Elaboration : Time (s): cpu = 00:00:05 ; elapsed = 00:00:05 . Memory (MB): peak = 1753.453 ; gain = 326.402
---------------------------------------------------------------------------------
---------------------------------------------------------------------------------
Start Handling Custom Attributes
---------------------------------------------------------------------------------
---------------------------------------------------------------------------------
Finished Handling Custom Attributes : Time (s): cpu = 00:00:05 ; elapsed = 00:00:05 . Memory (MB): peak = 1753.453 ; gain = 326.402
---------------------------------------------------------------------------------
---------------------------------------------------------------------------------
Finished RTL Optimization Phase 1 : Time (s): cpu = 00:00:05 ; elapsed = 00:00:05 . Memory (MB): peak = 1753.453 ; gain = 326.402
---------------------------------------------------------------------------------
INFO: [Project 1-454] Reading design checkpoint 'e:/FPGAProject/01102022/FPGAResearch/5_Final_Submission/Vivado_Desgin/SumofTwoNeuron_32bit/sumofTwoNeuron_32bit/sumofTwoNeuron_32bit.gen/sources_1/ip/cordic_0/cordic_0.dcp' for cell 'neuron_1_CompExpo'
Netlist sorting complete. Time (s): cpu = 00:00:01 ; elapsed = 00:00:00.774 . Memory (MB): peak = 1775.555 ; gain = 0.000
INFO: [Netlist 29-17] Analyzing 1900 Unisim elements for replacement
INFO: [Netlist 29-28] Unisim Transformation completed in 0 CPU seconds
INFO: [Project 1-479] Netlist was created with Vivado 2021.1
INFO: [Project 1-570] Preparing netlist for logic optimization

Processing XDC Constraints
Initializing timing engine
Completed Processing XDC Constraints

Netlist sorting complete. Time (s): cpu = 00:00:00 ; elapsed = 00:00:00.013 . Memory (MB): peak = 1951.316 ; gain = 0.000
INFO: [Project 1-111] Unisim Transformation Summary:
No Unisim elements were transformed.

RTL Elaboration Complete:  : Time (s): cpu = 00:00:21 ; elapsed = 00:00:15 . Memory (MB): peak = 2077.090 ; gain = 650.039
24 Infos, 1 Warnings, 0 Critical Warnings and 0 Errors encountered.
synth_design completed successfully
synth_design: Time (s): cpu = 00:00:24 ; elapsed = 00:00:19 . Memory (MB): peak = 2077.090 ; gain = 819.281
launch_runs synth_1 -jobs 8
[Tue Nov 22 10:57:03 2022] Launched synth_1...
Run output will be captured here: E:/FPGAProject/01102022/FPGAResearch/5_Final_Submission/Vivado_Desgin/SumofTwoNeuron_32bit/sumofTwoNeuron_32bit/sumofTwoNeuron_32bit.runs/synth_1/runme.log
launch_runs impl_1 -jobs 8
[Tue Nov 22 10:57:49 2022] Launched impl_1...
Run output will be captured here: E:/FPGAProject/01102022/FPGAResearch/5_Final_Submission/Vivado_Desgin/SumofTwoNeuron_32bit/sumofTwoNeuron_32bit/sumofTwoNeuron_32bit.runs/impl_1/runme.log
close_design
open_run impl_1
Netlist sorting complete. Time (s): cpu = 00:00:01 ; elapsed = 00:00:00.728 . Memory (MB): peak = 2116.023 ; gain = 0.000
INFO: [Netlist 29-17] Analyzing 1996 Unisim elements for replacement
INFO: [Netlist 29-28] Unisim Transformation completed in 0 CPU seconds
INFO: [Project 1-479] Netlist was created with Vivado 2021.1
INFO: [Project 1-570] Preparing netlist for logic optimization
Reading XDEF placement.
Reading placer database...
Reading XDEF routing.
Read XDEF File: Time (s): cpu = 00:00:00 ; elapsed = 00:00:00.783 . Memory (MB): peak = 2116.023 ; gain = 0.000
Restored from archive | CPU: 0.000000 secs | Memory: 0.000000 MB |
Finished XDEF File Restore: Time (s): cpu = 00:00:00 ; elapsed = 00:00:00.786 . Memory (MB): peak = 2116.023 ; gain = 0.000
Netlist sorting complete. Time (s): cpu = 00:00:00 ; elapsed = 00:00:00.012 . Memory (MB): peak = 2317.910 ; gain = 0.000
INFO: [Project 1-111] Unisim Transformation Summary:
No Unisim elements were transformed.

open_run: Time (s): cpu = 00:00:15 ; elapsed = 00:00:10 . Memory (MB): peak = 2383.277 ; gain = 267.254
open_report: Time (s): cpu = 00:01:07 ; elapsed = 00:00:42 . Memory (MB): peak = 2512.066 ; gain = 113.496
WARNING: [Timing 38-313] There are no user specified timing constraints. Timing constraints are needed for proper timing analysis.
open_run synth_1 -name synth_1
Design is defaulting to impl run constrset: constrs_1
Design is defaulting to synth run part: xc7z020clg484-1
INFO: [Project 1-454] Reading design checkpoint 'e:/FPGAProject/01102022/FPGAResearch/5_Final_Submission/Vivado_Desgin/SumofTwoNeuron_32bit/sumofTwoNeuron_32bit/sumofTwoNeuron_32bit.gen/sources_1/ip/cordic_0/cordic_0.dcp' for cell 'neuron_1_CompExpo'
Netlist sorting complete. Time (s): cpu = 00:00:01 ; elapsed = 00:00:00.758 . Memory (MB): peak = 2557.785 ; gain = 0.000
INFO: [Netlist 29-17] Analyzing 1996 Unisim elements for replacement
INFO: [Netlist 29-28] Unisim Transformation completed in 0 CPU seconds
INFO: [Project 1-479] Netlist was created with Vivado 2021.1
INFO: [Project 1-570] Preparing netlist for logic optimization
INFO: [Opt 31-138] Pushed 0 inverter(s) to 0 load pin(s).
Netlist sorting complete. Time (s): cpu = 00:00:00 ; elapsed = 00:00:00.012 . Memory (MB): peak = 2688.168 ; gain = 0.000
INFO: [Project 1-111] Unisim Transformation Summary:
No Unisim elements were transformed.

open_run: Time (s): cpu = 00:00:13 ; elapsed = 00:00:09 . Memory (MB): peak = 2782.863 ; gain = 257.875
file mkdir E:/FPGAProject/01102022/FPGAResearch/5_Final_Submission/Vivado_Desgin/SumofTwoNeuron_32bit/sumofTwoNeuron_32bit/sumofTwoNeuron_32bit.srcs/constrs_1
file mkdir E:/FPGAProject/01102022/FPGAResearch/5_Final_Submission/Vivado_Desgin/SumofTwoNeuron_32bit/sumofTwoNeuron_32bit/sumofTwoNeuron_32bit.srcs/constrs_1/new
close [ open E:/FPGAProject/01102022/FPGAResearch/5_Final_Submission/Vivado_Desgin/SumofTwoNeuron_32bit/sumofTwoNeuron_32bit/sumofTwoNeuron_32bit.srcs/constrs_1/new/config.xdc w ]
add_files -fileset constrs_1 E:/FPGAProject/01102022/FPGAResearch/5_Final_Submission/Vivado_Desgin/SumofTwoNeuron_32bit/sumofTwoNeuron_32bit/sumofTwoNeuron_32bit.srcs/constrs_1/new/config.xdc
set_property target_constrs_file E:/FPGAProject/01102022/FPGAResearch/5_Final_Submission/Vivado_Desgin/SumofTwoNeuron_32bit/sumofTwoNeuron_32bit/sumofTwoNeuron_32bit.srcs/constrs_1/new/config.xdc [current_fileset -constrset]
refresh_design
INFO: [Project 1-570] Preparing netlist for logic optimization
Parsing XDC File [E:/FPGAProject/01102022/FPGAResearch/5_Final_Submission/Vivado_Desgin/SumofTwoNeuron_32bit/sumofTwoNeuron_32bit/sumofTwoNeuron_32bit.srcs/constrs_1/new/config.xdc]
Finished Parsing XDC File [E:/FPGAProject/01102022/FPGAResearch/5_Final_Submission/Vivado_Desgin/SumofTwoNeuron_32bit/sumofTwoNeuron_32bit/sumofTwoNeuron_32bit.srcs/constrs_1/new/config.xdc]
INFO: [Opt 31-138] Pushed 0 inverter(s) to 0 load pin(s).
refresh_design: Time (s): cpu = 00:00:13 ; elapsed = 00:00:07 . Memory (MB): peak = 2830.148 ; gain = 0.609
INFO: [Timing 38-35] Done setting XDC timing constraints.
WARNING: [Timing 38-493] Port CLK has one or several leaf clock pins in its transitive fanout without any clock buffer on the path and no clock reaching the clock pin(s). Vivado cannot infer the clock source when no clock buffer is found on the path to a leaf clock pin.
reset_run synth_1
launch_runs impl_1 -jobs 8
WARNING: [Project 1-478] Design 'synth_1' is stale and will not be used when launching 'impl_1'
[Tue Nov 22 11:03:28 2022] Launched synth_1...
Run output will be captured here: E:/FPGAProject/01102022/FPGAResearch/5_Final_Submission/Vivado_Desgin/SumofTwoNeuron_32bit/sumofTwoNeuron_32bit/sumofTwoNeuron_32bit.runs/synth_1/runme.log
[Tue Nov 22 11:03:28 2022] Launched impl_1...
Run output will be captured here: E:/FPGAProject/01102022/FPGAResearch/5_Final_Submission/Vivado_Desgin/SumofTwoNeuron_32bit/sumofTwoNeuron_32bit/sumofTwoNeuron_32bit.runs/impl_1/runme.log
current_design impl_1
refresh_design
Netlist sorting complete. Time (s): cpu = 00:00:01 ; elapsed = 00:00:00.763 . Memory (MB): peak = 3006.691 ; gain = 0.000
INFO: [Netlist 29-17] Analyzing 1996 Unisim elements for replacement
INFO: [Netlist 29-28] Unisim Transformation completed in 0 CPU seconds
INFO: [Project 1-479] Netlist was created with Vivado 2021.1
INFO: [Project 1-570] Preparing netlist for logic optimization
INFO: [Timing 38-478] Restoring timing data from binary archive.
INFO: [Timing 38-479] Binary timing data restore complete.
INFO: [Project 1-856] Restoring constraints from binary archive.
INFO: [Project 1-853] Binary constraint restore complete.
Reading XDEF placement.
Reading placer database...
Reading XDEF routing.
Read XDEF File: Time (s): cpu = 00:00:01 ; elapsed = 00:00:00.824 . Memory (MB): peak = 3082.629 ; gain = 0.000
Restored from archive | CPU: 1.000000 secs | Memory: 0.000000 MB |
Finished XDEF File Restore: Time (s): cpu = 00:00:01 ; elapsed = 00:00:00.825 . Memory (MB): peak = 3082.629 ; gain = 0.000
refresh_design: Time (s): cpu = 00:00:17 ; elapsed = 00:00:12 . Memory (MB): peak = 3091.035 ; gain = 99.227
open_report: Time (s): cpu = 00:00:15 ; elapsed = 00:00:13 . Memory (MB): peak = 3182.559 ; gain = 90.812
exit
INFO: [Common 17-206] Exiting Vivado at Tue Nov 22 11:14:34 2022...
