#-----------------------------------------------------------
# Vivado v2021.1 (64-bit)
# SW Build 3247384 on Thu Jun 10 19:36:33 MDT 2021
# IP Build 3246043 on Fri Jun 11 00:30:35 MDT 2021
# Start of session at: Wed Nov 23 02:03:24 2022
# Process ID: 28864
# Current directory: E:/FPGAProject/01102022/FPGAResearch/5_Final_Submission/Vivado_Desgin/SumofTwoNeuron_8bit/sumofTwoNeuron_8bit
# Command line: vivado.exe -gui_launcher_event rodinguilauncherevent29676 E:\FPGAProject\01102022\FPGAResearch\5_Final_Submission\Vivado_Desgin\SumofTwoNeuron_8bit\sumofTwoNeuron_8bit\sumofTwoNeuron_8bit.xpr
# Log file: E:/FPGAProject/01102022/FPGAResearch/5_Final_Submission/Vivado_Desgin/SumofTwoNeuron_8bit/sumofTwoNeuron_8bit/vivado.log
# Journal file: E:/FPGAProject/01102022/FPGAResearch/5_Final_Submission/Vivado_Desgin/SumofTwoNeuron_8bit/sumofTwoNeuron_8bit\vivado.jou
#-----------------------------------------------------------
start_gui
open_project E:/FPGAProject/01102022/FPGAResearch/5_Final_Submission/Vivado_Desgin/SumofTwoNeuron_8bit/sumofTwoNeuron_8bit/sumofTwoNeuron_8bit.xpr
INFO: [ProjectBase 1-489] The host OS only allows 260 characters in a normal path. The project is stored in a path with more than 80 characters. If you experience issues with IP, Block Designs, or files not being found, please consider moving the project to a location with a shorter path. Alternately consider using the OS subst command to map part of the path to a drive letter.
Current project path is 'E:/FPGAProject/01102022/FPGAResearch/5_Final_Submission/Vivado_Desgin/SumofTwoNeuron_8bit/sumofTwoNeuron_8bit'
Scanning sources...
Finished scanning sources
INFO: [IP_Flow 19-234] Refreshing IP repositories
INFO: [IP_Flow 19-1704] No user IP repositories specified
INFO: [IP_Flow 19-2313] Loaded Vivado IP repository 'C:/Xilinx/Vivado/2021.1/data/ip'.
open_project: Time (s): cpu = 00:00:17 ; elapsed = 00:00:07 . Memory (MB): peak = 1257.477 ; gain = 0.000
update_compile_order -fileset sources_1
open_run impl_1
INFO: [Device 21-403] Loading part xc7z020clg484-1
Netlist sorting complete. Time (s): cpu = 00:00:00 ; elapsed = 00:00:00.028 . Memory (MB): peak = 1452.844 ; gain = 0.000
INFO: [Netlist 29-17] Analyzing 152 Unisim elements for replacement
INFO: [Netlist 29-28] Unisim Transformation completed in 0 CPU seconds
INFO: [Project 1-479] Netlist was created with Vivado 2021.1
INFO: [Project 1-570] Preparing netlist for logic optimization
INFO: [Timing 38-478] Restoring timing data from binary archive.
INFO: [Timing 38-479] Binary timing data restore complete.
INFO: [Project 1-856] Restoring constraints from binary archive.
INFO: [Project 1-853] Binary constraint restore complete.
Reading XDEF placement.
Reading placer database...
Reading XDEF routing.
Read XDEF File: Time (s): cpu = 00:00:00 ; elapsed = 00:00:00.132 . Memory (MB): peak = 2162.090 ; gain = 0.000
Restored from archive | CPU: 0.000000 secs | Memory: 0.000000 MB |
Finished XDEF File Restore: Time (s): cpu = 00:00:00 ; elapsed = 00:00:00.140 . Memory (MB): peak = 2162.090 ; gain = 0.000
Netlist sorting complete. Time (s): cpu = 00:00:00 ; elapsed = 00:00:00.002 . Memory (MB): peak = 2162.090 ; gain = 0.000
INFO: [Project 1-111] Unisim Transformation Summary:
No Unisim elements were transformed.

open_run: Time (s): cpu = 00:00:24 ; elapsed = 00:00:17 . Memory (MB): peak = 2288.004 ; gain = 1030.527
exit
INFO: [Common 17-206] Exiting Vivado at Wed Nov 23 02:13:11 2022...
