#-----------------------------------------------------------
# Vivado v2021.1 (64-bit)
# SW Build 3247384 on Thu Jun 10 19:36:33 MDT 2021
# IP Build 3246043 on Fri Jun 11 00:30:35 MDT 2021
# Start of session at: Sat Dec 10 01:35:18 2022
# Process ID: 54976
# Current directory: E:/FPGAProject/01102022/FPGAResearch/5_Final_Submission/Vivado_Desgin/SumofTwoNeuron_8bit/sumofTwoNeuron_8bit
# Command line: vivado.exe -gui_launcher_event rodinguilauncherevent61964 E:\FPGAProject\01102022\FPGAResearch\5_Final_Submission\Vivado_Desgin\SumofTwoNeuron_8bit\sumofTwoNeuron_8bit\sumofTwoNeuron_8bit.xpr
# Log file: E:/FPGAProject/01102022/FPGAResearch/5_Final_Submission/Vivado_Desgin/SumofTwoNeuron_8bit/sumofTwoNeuron_8bit/vivado.log
# Journal file: E:/FPGAProject/01102022/FPGAResearch/5_Final_Submission/Vivado_Desgin/SumofTwoNeuron_8bit/sumofTwoNeuron_8bit\vivado.jou
#-----------------------------------------------------------
start_gui
open_project E:/FPGAProject/01102022/FPGAResearch/5_Final_Submission/Vivado_Desgin/SumofTwoNeuron_8bit/sumofTwoNeuron_8bit/sumofTwoNeuron_8bit.xpr
INFO: [ProjectBase 1-489] The host OS only allows 260 characters in a normal path. The project is stored in a path with more than 80 characters. If you experience issues with IP, Block Designs, or files not being found, please consider moving the project to a location with a shorter path. Alternately consider using the OS subst command to map part of the path to a drive letter.
Current project path is 'E:/FPGAProject/01102022/FPGAResearch/5_Final_Submission/Vivado_Desgin/SumofTwoNeuron_8bit/sumofTwoNeuron_8bit'
Scanning sources...
Finished scanning sources
INFO: [IP_Flow 19-234] Refreshing IP repositories
INFO: [IP_Flow 19-1704] No user IP repositories specified
INFO: [IP_Flow 19-2313] Loaded Vivado IP repository 'C:/Xilinx/Vivado/2021.1/data/ip'.
update_compile_order -fileset sources_1
copy_run -name synth_1_copy_4 [get_runs synth_1] 
synth_1_copy_4
set_property strategy {Vivado Synthesis Defaults} [get_runs synth_1]
open_run synth_1 -name synth_1
Design is defaulting to impl run constrset: constrs_1
Design is defaulting to synth run part: xc7z020clg484-1
INFO: [Device 21-403] Loading part xc7z020clg484-1
INFO: [Project 1-454] Reading design checkpoint 'e:/FPGAProject/01102022/FPGAResearch/5_Final_Submission/Vivado_Desgin/SumofTwoNeuron_8bit/sumofTwoNeuron_8bit/sumofTwoNeuron_8bit.gen/sources_1/ip/cordic_0/cordic_0.dcp' for cell 'neuron_1_CompExpo'
Netlist sorting complete. Time (s): cpu = 00:00:01 ; elapsed = 00:00:00.027 . Memory (MB): peak = 1433.473 ; gain = 0.000
INFO: [Netlist 29-17] Analyzing 152 Unisim elements for replacement
INFO: [Netlist 29-28] Unisim Transformation completed in 0 CPU seconds
INFO: [Project 1-479] Netlist was created with Vivado 2021.1
INFO: [Project 1-570] Preparing netlist for logic optimization
Parsing XDC File [E:/FPGAProject/01102022/FPGAResearch/5_Final_Submission/Vivado_Desgin/SumofTwoNeuron_8bit/sumofTwoNeuron_8bit/sumofTwoNeuron_8bit.srcs/constrs_1/new/config.xdc]
Finished Parsing XDC File [E:/FPGAProject/01102022/FPGAResearch/5_Final_Submission/Vivado_Desgin/SumofTwoNeuron_8bit/sumofTwoNeuron_8bit/sumofTwoNeuron_8bit.srcs/constrs_1/new/config.xdc]
INFO: [Opt 31-138] Pushed 0 inverter(s) to 0 load pin(s).
Netlist sorting complete. Time (s): cpu = 00:00:00 ; elapsed = 00:00:00.002 . Memory (MB): peak = 1549.133 ; gain = 0.000
INFO: [Project 1-111] Unisim Transformation Summary:
No Unisim elements were transformed.

open_run: Time (s): cpu = 00:00:16 ; elapsed = 00:00:09 . Memory (MB): peak = 1668.625 ; gain = 385.363
INFO: [Timing 38-35] Done setting XDC timing constraints.
reset_timing
INFO: [Timing 38-35] Done setting XDC timing constraints.
WARNING: [Timing 38-493] Port CLK has one or several leaf clock pins in its transitive fanout without any clock buffer on the path and no clock reaching the clock pin(s). Vivado cannot infer the clock source when no clock buffer is found on the path to a leaf clock pin.
reset_run synth_1
launch_runs impl_1 -jobs 8
WARNING: [Project 1-478] Design 'synth_1' is stale and will not be used when launching 'impl_1'
[Sat Dec 10 01:44:01 2022] Launched synth_1...
Run output will be captured here: E:/FPGAProject/01102022/FPGAResearch/5_Final_Submission/Vivado_Desgin/SumofTwoNeuron_8bit/sumofTwoNeuron_8bit/sumofTwoNeuron_8bit.runs/synth_1/runme.log
[Sat Dec 10 01:44:01 2022] Launched impl_1...
Run output will be captured here: E:/FPGAProject/01102022/FPGAResearch/5_Final_Submission/Vivado_Desgin/SumofTwoNeuron_8bit/sumofTwoNeuron_8bit/sumofTwoNeuron_8bit.runs/impl_1/runme.log
close_design
open_run impl_1
Netlist sorting complete. Time (s): cpu = 00:00:00 ; elapsed = 00:00:00.030 . Memory (MB): peak = 2199.000 ; gain = 0.000
INFO: [Netlist 29-17] Analyzing 152 Unisim elements for replacement
INFO: [Netlist 29-28] Unisim Transformation completed in 0 CPU seconds
INFO: [Project 1-479] Netlist was created with Vivado 2021.1
INFO: [Project 1-570] Preparing netlist for logic optimization
INFO: [Timing 38-478] Restoring timing data from binary archive.
INFO: [Timing 38-479] Binary timing data restore complete.
INFO: [Project 1-856] Restoring constraints from binary archive.
INFO: [Project 1-853] Binary constraint restore complete.
Reading XDEF placement.
Reading placer database...
Reading XDEF routing.
Read XDEF File: Time (s): cpu = 00:00:00 ; elapsed = 00:00:00.243 . Memory (MB): peak = 2199.000 ; gain = 0.000
Restored from archive | CPU: 0.000000 secs | Memory: 0.000000 MB |
Finished XDEF File Restore: Time (s): cpu = 00:00:00 ; elapsed = 00:00:00.244 . Memory (MB): peak = 2199.000 ; gain = 0.000
Netlist sorting complete. Time (s): cpu = 00:00:00 ; elapsed = 00:00:00.004 . Memory (MB): peak = 2199.000 ; gain = 0.000
INFO: [Project 1-111] Unisim Transformation Summary:
No Unisim elements were transformed.

open_run synth_1 -name synth_1
Design is defaulting to impl run constrset: constrs_1
Design is defaulting to synth run part: xc7z020clg484-1
INFO: [Project 1-454] Reading design checkpoint 'e:/FPGAProject/01102022/FPGAResearch/5_Final_Submission/Vivado_Desgin/SumofTwoNeuron_8bit/sumofTwoNeuron_8bit/sumofTwoNeuron_8bit.gen/sources_1/ip/cordic_0/cordic_0.dcp' for cell 'neuron_1_CompExpo'
Netlist sorting complete. Time (s): cpu = 00:00:00 ; elapsed = 00:00:00.038 . Memory (MB): peak = 2352.348 ; gain = 0.000
INFO: [Netlist 29-17] Analyzing 152 Unisim elements for replacement
INFO: [Netlist 29-28] Unisim Transformation completed in 0 CPU seconds
INFO: [Project 1-479] Netlist was created with Vivado 2021.1
INFO: [Project 1-570] Preparing netlist for logic optimization
Parsing XDC File [E:/FPGAProject/01102022/FPGAResearch/5_Final_Submission/Vivado_Desgin/SumofTwoNeuron_8bit/sumofTwoNeuron_8bit/sumofTwoNeuron_8bit.srcs/constrs_1/new/config.xdc]
Finished Parsing XDC File [E:/FPGAProject/01102022/FPGAResearch/5_Final_Submission/Vivado_Desgin/SumofTwoNeuron_8bit/sumofTwoNeuron_8bit/sumofTwoNeuron_8bit.srcs/constrs_1/new/config.xdc]
INFO: [Opt 31-138] Pushed 0 inverter(s) to 0 load pin(s).
Netlist sorting complete. Time (s): cpu = 00:00:00 ; elapsed = 00:00:00.003 . Memory (MB): peak = 2424.621 ; gain = 0.000
INFO: [Project 1-111] Unisim Transformation Summary:
No Unisim elements were transformed.

save_constraints
reset_run synth_1
reset_run impl_1
launch_runs impl_1 -jobs 8
WARNING: [Project 1-478] Design 'synth_1' is stale and will not be used when launching 'impl_1'
[Sat Dec 10 01:50:03 2022] Launched synth_1...
Run output will be captured here: E:/FPGAProject/01102022/FPGAResearch/5_Final_Submission/Vivado_Desgin/SumofTwoNeuron_8bit/sumofTwoNeuron_8bit/sumofTwoNeuron_8bit.runs/synth_1/runme.log
[Sat Dec 10 01:50:03 2022] Launched impl_1...
Run output will be captured here: E:/FPGAProject/01102022/FPGAResearch/5_Final_Submission/Vivado_Desgin/SumofTwoNeuron_8bit/sumofTwoNeuron_8bit/sumofTwoNeuron_8bit.runs/impl_1/runme.log
current_design impl_1
refresh_design
Netlist sorting complete. Time (s): cpu = 00:00:00 ; elapsed = 00:00:00.034 . Memory (MB): peak = 2552.348 ; gain = 0.000
INFO: [Netlist 29-17] Analyzing 152 Unisim elements for replacement
INFO: [Netlist 29-28] Unisim Transformation completed in 0 CPU seconds
INFO: [Project 1-479] Netlist was created with Vivado 2021.1
INFO: [Project 1-570] Preparing netlist for logic optimization
INFO: [Timing 38-478] Restoring timing data from binary archive.
INFO: [Timing 38-479] Binary timing data restore complete.
INFO: [Project 1-856] Restoring constraints from binary archive.
INFO: [Project 1-853] Binary constraint restore complete.
Reading XDEF placement.
Reading placer database...
Reading XDEF routing.
Read XDEF File: Time (s): cpu = 00:00:00 ; elapsed = 00:00:00.238 . Memory (MB): peak = 2552.348 ; gain = 0.000
Restored from archive | CPU: 0.000000 secs | Memory: 0.000000 MB |
Finished XDEF File Restore: Time (s): cpu = 00:00:00 ; elapsed = 00:00:00.240 . Memory (MB): peak = 2552.348 ; gain = 0.000
refresh_design: Time (s): cpu = 00:00:11 ; elapsed = 00:00:08 . Memory (MB): peak = 2552.348 ; gain = 26.371
current_design synth_1
save_constraints -force
reset_run synth_1
reset_run impl_1
launch_runs impl_1 -jobs 8
WARNING: [Project 1-478] Design 'synth_1' is stale and will not be used when launching 'impl_1'
[Sat Dec 10 01:54:42 2022] Launched synth_1...
Run output will be captured here: E:/FPGAProject/01102022/FPGAResearch/5_Final_Submission/Vivado_Desgin/SumofTwoNeuron_8bit/sumofTwoNeuron_8bit/sumofTwoNeuron_8bit.runs/synth_1/runme.log
[Sat Dec 10 01:54:42 2022] Launched impl_1...
Run output will be captured here: E:/FPGAProject/01102022/FPGAResearch/5_Final_Submission/Vivado_Desgin/SumofTwoNeuron_8bit/sumofTwoNeuron_8bit/sumofTwoNeuron_8bit.runs/impl_1/runme.log
current_design impl_1
refresh_design
Netlist sorting complete. Time (s): cpu = 00:00:00 ; elapsed = 00:00:00.032 . Memory (MB): peak = 2552.348 ; gain = 0.000
INFO: [Netlist 29-17] Analyzing 152 Unisim elements for replacement
INFO: [Netlist 29-28] Unisim Transformation completed in 0 CPU seconds
INFO: [Project 1-479] Netlist was created with Vivado 2021.1
INFO: [Project 1-570] Preparing netlist for logic optimization
INFO: [Timing 38-478] Restoring timing data from binary archive.
INFO: [Timing 38-479] Binary timing data restore complete.
INFO: [Project 1-856] Restoring constraints from binary archive.
INFO: [Project 1-853] Binary constraint restore complete.
Reading XDEF placement.
Reading placer database...
Reading XDEF routing.
Read XDEF File: Time (s): cpu = 00:00:00 ; elapsed = 00:00:00.124 . Memory (MB): peak = 2552.348 ; gain = 0.000
Restored from archive | CPU: 0.000000 secs | Memory: 0.000000 MB |
Finished XDEF File Restore: Time (s): cpu = 00:00:00 ; elapsed = 00:00:00.124 . Memory (MB): peak = 2552.348 ; gain = 0.000
refresh_design: Time (s): cpu = 00:00:13 ; elapsed = 00:00:07 . Memory (MB): peak = 2552.348 ; gain = 0.000
current_design synth_1
save_constraints -force
reset_run synth_1
reset_run impl_1
launch_runs impl_1 -jobs 8
WARNING: [Project 1-478] Design 'synth_1' is stale and will not be used when launching 'impl_1'
[Sat Dec 10 01:59:14 2022] Launched synth_1...
Run output will be captured here: E:/FPGAProject/01102022/FPGAResearch/5_Final_Submission/Vivado_Desgin/SumofTwoNeuron_8bit/sumofTwoNeuron_8bit/sumofTwoNeuron_8bit.runs/synth_1/runme.log
[Sat Dec 10 01:59:14 2022] Launched impl_1...
Run output will be captured here: E:/FPGAProject/01102022/FPGAResearch/5_Final_Submission/Vivado_Desgin/SumofTwoNeuron_8bit/sumofTwoNeuron_8bit/sumofTwoNeuron_8bit.runs/impl_1/runme.log
current_design impl_1
refresh_design
Netlist sorting complete. Time (s): cpu = 00:00:00 ; elapsed = 00:00:00.028 . Memory (MB): peak = 2558.562 ; gain = 0.000
INFO: [Netlist 29-17] Analyzing 152 Unisim elements for replacement
INFO: [Netlist 29-28] Unisim Transformation completed in 0 CPU seconds
INFO: [Project 1-479] Netlist was created with Vivado 2021.1
INFO: [Project 1-570] Preparing netlist for logic optimization
INFO: [Timing 38-478] Restoring timing data from binary archive.
INFO: [Timing 38-479] Binary timing data restore complete.
INFO: [Project 1-856] Restoring constraints from binary archive.
INFO: [Project 1-853] Binary constraint restore complete.
Reading XDEF placement.
Reading placer database...
Reading XDEF routing.
Read XDEF File: Time (s): cpu = 00:00:00 ; elapsed = 00:00:00.212 . Memory (MB): peak = 2558.562 ; gain = 0.000
Restored from archive | CPU: 0.000000 secs | Memory: 0.000000 MB |
Finished XDEF File Restore: Time (s): cpu = 00:00:00 ; elapsed = 00:00:00.212 . Memory (MB): peak = 2558.562 ; gain = 0.000
refresh_design: Time (s): cpu = 00:00:11 ; elapsed = 00:00:08 . Memory (MB): peak = 2558.562 ; gain = 6.215
current_design synth_1
save_constraints -force
reset_run synth_1
reset_run impl_1
launch_runs impl_1 -jobs 8
WARNING: [Project 1-478] Design 'synth_1' is stale and will not be used when launching 'impl_1'
[Sat Dec 10 02:04:18 2022] Launched synth_1...
Run output will be captured here: E:/FPGAProject/01102022/FPGAResearch/5_Final_Submission/Vivado_Desgin/SumofTwoNeuron_8bit/sumofTwoNeuron_8bit/sumofTwoNeuron_8bit.runs/synth_1/runme.log
[Sat Dec 10 02:04:18 2022] Launched impl_1...
Run output will be captured here: E:/FPGAProject/01102022/FPGAResearch/5_Final_Submission/Vivado_Desgin/SumofTwoNeuron_8bit/sumofTwoNeuron_8bit/sumofTwoNeuron_8bit.runs/impl_1/runme.log
current_design impl_1
refresh_design
Netlist sorting complete. Time (s): cpu = 00:00:00 ; elapsed = 00:00:00.029 . Memory (MB): peak = 2566.918 ; gain = 0.000
INFO: [Netlist 29-17] Analyzing 152 Unisim elements for replacement
INFO: [Netlist 29-28] Unisim Transformation completed in 0 CPU seconds
INFO: [Project 1-479] Netlist was created with Vivado 2021.1
INFO: [Project 1-570] Preparing netlist for logic optimization
INFO: [Timing 38-478] Restoring timing data from binary archive.
INFO: [Timing 38-479] Binary timing data restore complete.
INFO: [Project 1-856] Restoring constraints from binary archive.
INFO: [Project 1-853] Binary constraint restore complete.
Reading XDEF placement.
Reading placer database...
Reading XDEF routing.
Read XDEF File: Time (s): cpu = 00:00:01 ; elapsed = 00:00:00.164 . Memory (MB): peak = 2566.918 ; gain = 0.000
Restored from archive | CPU: 1.000000 secs | Memory: 0.000000 MB |
Finished XDEF File Restore: Time (s): cpu = 00:00:01 ; elapsed = 00:00:00.164 . Memory (MB): peak = 2566.918 ; gain = 0.000
refresh_design: Time (s): cpu = 00:00:09 ; elapsed = 00:00:05 . Memory (MB): peak = 2566.918 ; gain = 8.355
current_design synth_1
save_constraints -force
reset_run synth_1
reset_run impl_1
launch_runs impl_1 -jobs 8
WARNING: [Project 1-478] Design 'synth_1' is stale and will not be used when launching 'impl_1'
[Sat Dec 10 02:10:15 2022] Launched synth_1...
Run output will be captured here: E:/FPGAProject/01102022/FPGAResearch/5_Final_Submission/Vivado_Desgin/SumofTwoNeuron_8bit/sumofTwoNeuron_8bit/sumofTwoNeuron_8bit.runs/synth_1/runme.log
[Sat Dec 10 02:10:15 2022] Launched impl_1...
Run output will be captured here: E:/FPGAProject/01102022/FPGAResearch/5_Final_Submission/Vivado_Desgin/SumofTwoNeuron_8bit/sumofTwoNeuron_8bit/sumofTwoNeuron_8bit.runs/impl_1/runme.log
current_design impl_1
refresh_design
Netlist sorting complete. Time (s): cpu = 00:00:01 ; elapsed = 00:00:00.038 . Memory (MB): peak = 2645.031 ; gain = 0.000
INFO: [Netlist 29-17] Analyzing 152 Unisim elements for replacement
INFO: [Netlist 29-28] Unisim Transformation completed in 0 CPU seconds
INFO: [Project 1-479] Netlist was created with Vivado 2021.1
INFO: [Project 1-570] Preparing netlist for logic optimization
INFO: [Timing 38-478] Restoring timing data from binary archive.
INFO: [Timing 38-479] Binary timing data restore complete.
INFO: [Project 1-856] Restoring constraints from binary archive.
INFO: [Project 1-853] Binary constraint restore complete.
Reading XDEF placement.
Reading placer database...
Reading XDEF routing.
Read XDEF File: Time (s): cpu = 00:00:00 ; elapsed = 00:00:00.225 . Memory (MB): peak = 2645.031 ; gain = 0.000
Restored from archive | CPU: 0.000000 secs | Memory: 0.000000 MB |
Finished XDEF File Restore: Time (s): cpu = 00:00:00 ; elapsed = 00:00:00.226 . Memory (MB): peak = 2645.031 ; gain = 0.000
refresh_design: Time (s): cpu = 00:00:14 ; elapsed = 00:00:10 . Memory (MB): peak = 2645.031 ; gain = 32.641
CRITICAL WARNING: [Timing 38-282] The design failed to meet the timing requirements. Please see the timing summary report for details on the timing violations.
current_design synth_1
save_constraints -force
reset_run synth_1
reset_run impl_1
launch_runs impl_1 -jobs 8
WARNING: [Project 1-478] Design 'synth_1' is stale and will not be used when launching 'impl_1'
[Sat Dec 10 02:14:51 2022] Launched synth_1...
Run output will be captured here: E:/FPGAProject/01102022/FPGAResearch/5_Final_Submission/Vivado_Desgin/SumofTwoNeuron_8bit/sumofTwoNeuron_8bit/sumofTwoNeuron_8bit.runs/synth_1/runme.log
[Sat Dec 10 02:14:51 2022] Launched impl_1...
Run output will be captured here: E:/FPGAProject/01102022/FPGAResearch/5_Final_Submission/Vivado_Desgin/SumofTwoNeuron_8bit/sumofTwoNeuron_8bit/sumofTwoNeuron_8bit.runs/impl_1/runme.log
current_design impl_1
refresh_design
Netlist sorting complete. Time (s): cpu = 00:00:00 ; elapsed = 00:00:00.027 . Memory (MB): peak = 2664.836 ; gain = 0.000
INFO: [Netlist 29-17] Analyzing 152 Unisim elements for replacement
INFO: [Netlist 29-28] Unisim Transformation completed in 0 CPU seconds
INFO: [Project 1-479] Netlist was created with Vivado 2021.1
INFO: [Project 1-570] Preparing netlist for logic optimization
INFO: [Timing 38-478] Restoring timing data from binary archive.
INFO: [Timing 38-479] Binary timing data restore complete.
INFO: [Project 1-856] Restoring constraints from binary archive.
INFO: [Project 1-853] Binary constraint restore complete.
Reading XDEF placement.
Reading placer database...
Reading XDEF routing.
Read XDEF File: Time (s): cpu = 00:00:00 ; elapsed = 00:00:00.204 . Memory (MB): peak = 2664.836 ; gain = 0.000
Restored from archive | CPU: 0.000000 secs | Memory: 0.000000 MB |
Finished XDEF File Restore: Time (s): cpu = 00:00:00 ; elapsed = 00:00:00.206 . Memory (MB): peak = 2664.836 ; gain = 0.000
refresh_design: Time (s): cpu = 00:00:07 ; elapsed = 00:00:06 . Memory (MB): peak = 2664.836 ; gain = 19.805
CRITICAL WARNING: [Timing 38-282] The design failed to meet the timing requirements. Please see the timing summary report for details on the timing violations.
exit
INFO: [Common 17-206] Exiting Vivado at Sat Dec 10 02:20:23 2022...
