#-----------------------------------------------------------
# Vivado v2021.1 (64-bit)
# SW Build 3247384 on Thu Jun 10 19:36:33 MDT 2021
# IP Build 3246043 on Fri Jun 11 00:30:35 MDT 2021
# Start of session at: Sat Dec 10 20:27:53 2022
# Process ID: 35980
# Current directory: E:/FPGAProject/01102022/FPGAResearch/5_Final_Submission/Vivado_Desgin/SumofTwoNeuron_8bit/sumofTwoNeuron_8bit
# Command line: vivado.exe -gui_launcher_event rodinguilauncherevent68196 E:\FPGAProject\01102022\FPGAResearch\5_Final_Submission\Vivado_Desgin\SumofTwoNeuron_8bit\sumofTwoNeuron_8bit\sumofTwoNeuron_8bit.xpr
# Log file: E:/FPGAProject/01102022/FPGAResearch/5_Final_Submission/Vivado_Desgin/SumofTwoNeuron_8bit/sumofTwoNeuron_8bit/vivado.log
# Journal file: E:/FPGAProject/01102022/FPGAResearch/5_Final_Submission/Vivado_Desgin/SumofTwoNeuron_8bit/sumofTwoNeuron_8bit\vivado.jou
#-----------------------------------------------------------
start_gui
open_project E:/FPGAProject/01102022/FPGAResearch/5_Final_Submission/Vivado_Desgin/SumofTwoNeuron_8bit/sumofTwoNeuron_8bit/sumofTwoNeuron_8bit.xpr
INFO: [ProjectBase 1-489] The host OS only allows 260 characters in a normal path. The project is stored in a path with more than 80 characters. If you experience issues with IP, Block Designs, or files not being found, please consider moving the project to a location with a shorter path. Alternately consider using the OS subst command to map part of the path to a drive letter.
Current project path is 'E:/FPGAProject/01102022/FPGAResearch/5_Final_Submission/Vivado_Desgin/SumofTwoNeuron_8bit/sumofTwoNeuron_8bit'
Scanning sources...
Finished scanning sources
INFO: [IP_Flow 19-234] Refreshing IP repositories
INFO: [IP_Flow 19-1704] No user IP repositories specified
INFO: [IP_Flow 19-2313] Loaded Vivado IP repository 'C:/Xilinx/Vivado/2021.1/data/ip'.
open_project: Time (s): cpu = 00:00:13 ; elapsed = 00:00:05 . Memory (MB): peak = 1282.031 ; gain = 0.000
update_compile_order -fileset sources_1
exit
INFO: [Common 17-206] Exiting Vivado at Sun Dec 11 02:41:04 2022...
