#-----------------------------------------------------------
# Vivado v2021.1 (64-bit)
# SW Build 3247384 on Thu Jun 10 19:36:33 MDT 2021
# IP Build 3246043 on Fri Jun 11 00:30:35 MDT 2021
# Start of session at: Fri Dec  2 23:57:37 2022
# Process ID: 36904
# Current directory: E:/FPGAProject/01102022/FPGAResearch/5_Final_Submission/Simulink/IP_Core_Based/TN_32bit/STN_32bit/vivado/sysgen_STN
# Command line: vivado.exe -gui_launcher_event rodinguilauncherevent35468 E:\FPGAProject\01102022\FPGAResearch\5_Final_Submission\Simulink\IP_Core_Based\TN_32bit\STN_32bit\vivado\sysgen_STN\sysgen_STN.xpr
# Log file: E:/FPGAProject/01102022/FPGAResearch/5_Final_Submission/Simulink/IP_Core_Based/TN_32bit/STN_32bit/vivado/sysgen_STN/vivado.log
# Journal file: E:/FPGAProject/01102022/FPGAResearch/5_Final_Submission/Simulink/IP_Core_Based/TN_32bit/STN_32bit/vivado/sysgen_STN\vivado.jou
#-----------------------------------------------------------
start_gui
open_project E:/FPGAProject/01102022/FPGAResearch/5_Final_Submission/Simulink/IP_Core_Based/TN_32bit/STN_32bit/vivado/sysgen_STN/sysgen_STN.xpr
INFO: [ProjectBase 1-489] The host OS only allows 260 characters in a normal path. The project is stored in a path with more than 80 characters. If you experience issues with IP, Block Designs, or files not being found, please consider moving the project to a location with a shorter path. Alternately consider using the OS subst command to map part of the path to a drive letter.
Current project path is 'E:/FPGAProject/01102022/FPGAResearch/5_Final_Submission/Simulink/IP_Core_Based/TN_32bit/STN_32bit/vivado/sysgen_STN'
Scanning sources...
Finished scanning sources
INFO: [IP_Flow 19-234] Refreshing IP repositories
INFO: [IP_Flow 19-1700] Loaded user IP repository 'e:/FPGAProject/01102022/FPGAResearch/5_Final_Submission/Simulink/IP_Core_Based/TN_32bit/STN_32bit/gen/ip'.
INFO: [IP_Flow 19-2313] Loaded Vivado IP repository 'C:/Xilinx/Vivado/2021.1/data/ip'.
open_project: Time (s): cpu = 00:00:13 ; elapsed = 00:00:07 . Memory (MB): peak = 1283.109 ; gain = 0.000
update_compile_order -fileset sources_1
set_property  ip_repo_paths  {} [current_project]
update_ip_catalog
INFO: [IP_Flow 19-234] Refreshing IP repositories
INFO: [IP_Flow 19-1704] No user IP repositories specified
set_property  ip_repo_paths  E:/FPGAProject/01102022/FPGAResearch/5_Final_Submission/Simulink/IP_Core_Based/TN_32bit/STN_32bit/gen2flipflop/ip [current_project]
update_ip_catalog
INFO: [IP_Flow 19-234] Refreshing IP repositories
INFO: [IP_Flow 19-1700] Loaded user IP repository 'e:/FPGAProject/01102022/FPGAResearch/5_Final_Submission/Simulink/IP_Core_Based/TN_32bit/STN_32bit/gen2flipflop/ip'.
WARNING: [filemgmt 56-199] Attempt to get parsing info during refresh. "On-the-fly" syntax checking information may be incorrect. [E:\FPGAProject\01102022\FPGAResearch\5_Final_Submission\Simulink\IP_Core_Based\TN_32bit\STN_32bit\vivado\sysgen_STN\sysgen_STN.srcs\sources_1\new\sysgen_STN_tb.vhd:]
WARNING: [filemgmt 56-199] Attempt to get parsing info during refresh. "On-the-fly" syntax checking information may be incorrect. [E:\FPGAProject\01102022\FPGAResearch\5_Final_Submission\Simulink\IP_Core_Based\TN_32bit\STN_32bit\vivado\sysgen_STN\sysgen_STN.srcs\sources_1\new\sysgen_STN.vhd:]
ERROR: [Common 17-180] Spawn failed: No error
export_ip_user_files -of_objects  [get_files E:/FPGAProject/01102022/FPGAResearch/5_Final_Submission/Simulink/IP_Core_Based/TN_32bit/STN_32bit/vivado/sysgen_STN/sysgen_STN.srcs/sources_1/ip/stn_32bit_0/stn_32bit_0.xci] -no_script -reset -force -quiet
remove_files  -fileset stn_32bit_0 E:/FPGAProject/01102022/FPGAResearch/5_Final_Submission/Simulink/IP_Core_Based/TN_32bit/STN_32bit/vivado/sysgen_STN/sysgen_STN.srcs/sources_1/ip/stn_32bit_0/stn_32bit_0.xci
INFO: [Project 1-386] Moving file 'E:/FPGAProject/01102022/FPGAResearch/5_Final_Submission/Simulink/IP_Core_Based/TN_32bit/STN_32bit/vivado/sysgen_STN/sysgen_STN.srcs/sources_1/ip/stn_32bit_0/stn_32bit_0.xci' from fileset 'stn_32bit_0' to fileset 'sources_1'.
create_ip -name stn_32bit -vendor User_Company -library SysGen -version 1.0 -module_name stn_32bit_0
generate_target {instantiation_template} [get_files e:/FPGAProject/01102022/FPGAResearch/5_Final_Submission/Simulink/IP_Core_Based/TN_32bit/STN_32bit/vivado/sysgen_STN/sysgen_STN.srcs/sources_1/ip/stn_32bit_0_1/stn_32bit_0.xci]
INFO: [IP_Flow 19-1686] Generating 'Instantiation Template' target for IP 'stn_32bit_0'...
generate_target all [get_files  e:/FPGAProject/01102022/FPGAResearch/5_Final_Submission/Simulink/IP_Core_Based/TN_32bit/STN_32bit/vivado/sysgen_STN/sysgen_STN.srcs/sources_1/ip/stn_32bit_0_1/stn_32bit_0.xci]
INFO: [IP_Flow 19-1686] Generating 'Synthesis' target for IP 'stn_32bit_0'...
INFO: [IP_Flow 19-1686] Generating 'Simulation' target for IP 'stn_32bit_0'...
catch { config_ip_cache -export [get_ips -all stn_32bit_0] }
export_ip_user_files -of_objects [get_files e:/FPGAProject/01102022/FPGAResearch/5_Final_Submission/Simulink/IP_Core_Based/TN_32bit/STN_32bit/vivado/sysgen_STN/sysgen_STN.srcs/sources_1/ip/stn_32bit_0_1/stn_32bit_0.xci] -no_script -sync -force -quiet
create_ip_run [get_files -of_objects [get_fileset sources_1] e:/FPGAProject/01102022/FPGAResearch/5_Final_Submission/Simulink/IP_Core_Based/TN_32bit/STN_32bit/vivado/sysgen_STN/sysgen_STN.srcs/sources_1/ip/stn_32bit_0_1/stn_32bit_0.xci]
launch_runs stn_32bit_0_synth_1 -jobs 8
[Sat Dec  3 00:01:56 2022] Launched stn_32bit_0_synth_1...
Run output will be captured here: E:/FPGAProject/01102022/FPGAResearch/5_Final_Submission/Simulink/IP_Core_Based/TN_32bit/STN_32bit/vivado/sysgen_STN/sysgen_STN.runs/stn_32bit_0_synth_1/runme.log
export_simulation -of_objects [get_files e:/FPGAProject/01102022/FPGAResearch/5_Final_Submission/Simulink/IP_Core_Based/TN_32bit/STN_32bit/vivado/sysgen_STN/sysgen_STN.srcs/sources_1/ip/stn_32bit_0_1/stn_32bit_0.xci] -directory E:/FPGAProject/01102022/FPGAResearch/5_Final_Submission/Simulink/IP_Core_Based/TN_32bit/STN_32bit/vivado/sysgen_STN/sysgen_STN.ip_user_files/sim_scripts -ip_user_files_dir E:/FPGAProject/01102022/FPGAResearch/5_Final_Submission/Simulink/IP_Core_Based/TN_32bit/STN_32bit/vivado/sysgen_STN/sysgen_STN.ip_user_files -ipstatic_source_dir E:/FPGAProject/01102022/FPGAResearch/5_Final_Submission/Simulink/IP_Core_Based/TN_32bit/STN_32bit/vivado/sysgen_STN/sysgen_STN.ip_user_files/ipstatic -lib_map_path [list {modelsim=E:/FPGAProject/01102022/FPGAResearch/5_Final_Submission/Simulink/IP_Core_Based/TN_32bit/STN_32bit/vivado/sysgen_STN/sysgen_STN.cache/compile_simlib/modelsim} {questa=E:/FPGAProject/01102022/FPGAResearch/5_Final_Submission/Simulink/IP_Core_Based/TN_32bit/STN_32bit/vivado/sysgen_STN/sysgen_STN.cache/compile_simlib/questa} {riviera=E:/FPGAProject/01102022/FPGAResearch/5_Final_Submission/Simulink/IP_Core_Based/TN_32bit/STN_32bit/vivado/sysgen_STN/sysgen_STN.cache/compile_simlib/riviera} {activehdl=E:/FPGAProject/01102022/FPGAResearch/5_Final_Submission/Simulink/IP_Core_Based/TN_32bit/STN_32bit/vivado/sysgen_STN/sysgen_STN.cache/compile_simlib/activehdl}] -use_ip_compiled_libs -force -quiet
launch_simulation
Command: launch_simulation 
INFO: [Vivado 12-12493] Simulation top is 'sysgen_STN_tb'
INFO: [Vivado 12-5698] Checking validity of IPs in the design for the 'XSim' simulator...
INFO: [Vivado 12-5682] Launching behavioral simulation in 'E:/FPGAProject/01102022/FPGAResearch/5_Final_Submission/Simulink/IP_Core_Based/TN_32bit/STN_32bit/vivado/sysgen_STN/sysgen_STN.sim/sim_1/behav/xsim'
INFO: [Vivado 12-4795] Using compiled simulation libraries for IPs
INFO: [SIM-utils-51] Simulation object is 'sim_1'
INFO: [SIM-utils-72] Using boost library from 'C:/Xilinx/Vivado/2021.1/tps/boost_1_72_0'
INFO: [USF-XSim-7] Finding pre-compiled libraries...
INFO: [USF-XSim-11] File 'C:/Xilinx/Vivado/2021.1/data/xsim/xsim.ini' copied to run dir:'E:/FPGAProject/01102022/FPGAResearch/5_Final_Submission/Simulink/IP_Core_Based/TN_32bit/STN_32bit/vivado/sysgen_STN/sysgen_STN.sim/sim_1/behav/xsim'
INFO: [SIM-utils-54] Inspecting design source files for 'sysgen_STN_tb' in fileset 'sim_1'...
INFO: [USF-XSim-97] Finding global include files...
INFO: [USF-XSim-98] Fetching design files from 'sim_1'...
INFO: [USF-XSim-2] XSim::Compile design
INFO: [USF-XSim-61] Executing 'COMPILE and ANALYZE' step in 'E:/FPGAProject/01102022/FPGAResearch/5_Final_Submission/Simulink/IP_Core_Based/TN_32bit/STN_32bit/vivado/sysgen_STN/sysgen_STN.sim/sim_1/behav/xsim'
"xvlog --incr --relax -prj sysgen_STN_tb_vlog.prj"
"xvhdl --incr --relax -prj sysgen_STN_tb_vhdl.prj"
INFO: [VRFC 10-163] Analyzing VHDL file "E:/FPGAProject/01102022/FPGAResearch/5_Final_Submission/Simulink/IP_Core_Based/TN_32bit/STN_32bit/vivado/sysgen_STN/sysgen_STN.gen/sources_1/ip/stn_32bit_0_1/stn_32bit_c_addsub_v12_0_i0/sim/stn_32bit_c_addsub_v12_0_i0.vhd" into library xil_defaultlib
INFO: [VRFC 10-3107] analyzing entity 'stn_32bit_c_addsub_v12_0_i0'
INFO: [VRFC 10-163] Analyzing VHDL file "E:/FPGAProject/01102022/FPGAResearch/5_Final_Submission/Simulink/IP_Core_Based/TN_32bit/STN_32bit/vivado/sysgen_STN/sysgen_STN.gen/sources_1/ip/stn_32bit_0_1/stn_32bit_c_addsub_v12_0_i1/sim/stn_32bit_c_addsub_v12_0_i1.vhd" into library xil_defaultlib
INFO: [VRFC 10-3107] analyzing entity 'stn_32bit_c_addsub_v12_0_i1'
INFO: [VRFC 10-163] Analyzing VHDL file "E:/FPGAProject/01102022/FPGAResearch/5_Final_Submission/Simulink/IP_Core_Based/TN_32bit/STN_32bit/vivado/sysgen_STN/sysgen_STN.gen/sources_1/ip/stn_32bit_0_1/stn_32bit_cordic_v6_0_i0/sim/stn_32bit_cordic_v6_0_i0.vhd" into library xil_defaultlib
INFO: [VRFC 10-3107] analyzing entity 'stn_32bit_cordic_v6_0_i0'
INFO: [VRFC 10-163] Analyzing VHDL file "E:/FPGAProject/01102022/FPGAResearch/5_Final_Submission/Simulink/IP_Core_Based/TN_32bit/STN_32bit/vivado/sysgen_STN/sysgen_STN.gen/sources_1/ip/stn_32bit_0_1/stn_32bit_mult_gen_v12_0_i0/sim/stn_32bit_mult_gen_v12_0_i0.vhd" into library xil_defaultlib
INFO: [VRFC 10-3107] analyzing entity 'stn_32bit_mult_gen_v12_0_i0'
INFO: [VRFC 10-163] Analyzing VHDL file "E:/FPGAProject/01102022/FPGAResearch/5_Final_Submission/Simulink/IP_Core_Based/TN_32bit/STN_32bit/vivado/sysgen_STN/sysgen_STN.ip_user_files/ipstatic/xil_defaultlib/hdl/conv_pkg.vhd" into library xil_defaultlib
INFO: [VRFC 10-163] Analyzing VHDL file "E:/FPGAProject/01102022/FPGAResearch/5_Final_Submission/Simulink/IP_Core_Based/TN_32bit/STN_32bit/vivado/sysgen_STN/sysgen_STN.ip_user_files/ipstatic/xil_defaultlib/hdl/synth_reg.vhd" into library xil_defaultlib
INFO: [VRFC 10-3107] analyzing entity 'synth_reg'
INFO: [VRFC 10-163] Analyzing VHDL file "E:/FPGAProject/01102022/FPGAResearch/5_Final_Submission/Simulink/IP_Core_Based/TN_32bit/STN_32bit/vivado/sysgen_STN/sysgen_STN.ip_user_files/ipstatic/xil_defaultlib/hdl/synth_reg_w_init.vhd" into library xil_defaultlib
INFO: [VRFC 10-3107] analyzing entity 'synth_reg_w_init'
INFO: [VRFC 10-163] Analyzing VHDL file "E:/FPGAProject/01102022/FPGAResearch/5_Final_Submission/Simulink/IP_Core_Based/TN_32bit/STN_32bit/vivado/sysgen_STN/sysgen_STN.ip_user_files/ipstatic/xil_defaultlib/hdl/srl17e.vhd" into library xil_defaultlib
INFO: [VRFC 10-3107] analyzing entity 'srl17e'
INFO: [VRFC 10-163] Analyzing VHDL file "E:/FPGAProject/01102022/FPGAResearch/5_Final_Submission/Simulink/IP_Core_Based/TN_32bit/STN_32bit/vivado/sysgen_STN/sysgen_STN.ip_user_files/ipstatic/xil_defaultlib/hdl/srl33e.vhd" into library xil_defaultlib
INFO: [VRFC 10-3107] analyzing entity 'srlc33e'
INFO: [VRFC 10-163] Analyzing VHDL file "E:/FPGAProject/01102022/FPGAResearch/5_Final_Submission/Simulink/IP_Core_Based/TN_32bit/STN_32bit/vivado/sysgen_STN/sysgen_STN.ip_user_files/ipstatic/xil_defaultlib/hdl/synth_reg_reg.vhd" into library xil_defaultlib
INFO: [VRFC 10-3107] analyzing entity 'synth_reg_reg'
INFO: [VRFC 10-163] Analyzing VHDL file "E:/FPGAProject/01102022/FPGAResearch/5_Final_Submission/Simulink/IP_Core_Based/TN_32bit/STN_32bit/vivado/sysgen_STN/sysgen_STN.ip_user_files/ipstatic/xil_defaultlib/hdl/single_reg_w_init.vhd" into library xil_defaultlib
INFO: [VRFC 10-3107] analyzing entity 'single_reg_w_init'
INFO: [VRFC 10-163] Analyzing VHDL file "E:/FPGAProject/01102022/FPGAResearch/5_Final_Submission/Simulink/IP_Core_Based/TN_32bit/STN_32bit/vivado/sysgen_STN/sysgen_STN.ip_user_files/ipstatic/xil_defaultlib/hdl/xlclockdriver_rd.vhd" into library xil_defaultlib
INFO: [VRFC 10-3107] analyzing entity 'xlclockdriver'
INFO: [VRFC 10-163] Analyzing VHDL file "E:/FPGAProject/01102022/FPGAResearch/5_Final_Submission/Simulink/IP_Core_Based/TN_32bit/STN_32bit/vivado/sysgen_STN/sysgen_STN.ip_user_files/ipstatic/xil_defaultlib/hdl/stn_32bit_entity_declarations.vhd" into library xil_defaultlib
INFO: [VRFC 10-3107] analyzing entity 'sysgen_constant_fced021fae'
INFO: [VRFC 10-3107] analyzing entity 'sysgen_constant_c37656a0d7'
INFO: [VRFC 10-3107] analyzing entity 'sysgen_constant_5ab8cecb0c'
INFO: [VRFC 10-3107] analyzing entity 'stn_32bit_xlregister'
INFO: [VRFC 10-3107] analyzing entity 'sysgen_constant_e0624bab83'
INFO: [VRFC 10-3107] analyzing entity 'sysgen_constant_7980517fa5'
INFO: [VRFC 10-3107] analyzing entity 'sysgen_constant_5b29f3e57b'
INFO: [VRFC 10-3107] analyzing entity 'sysgen_constant_0c6b43914a'
INFO: [VRFC 10-3107] analyzing entity 'sysgen_constant_80a8ec898f'
INFO: [VRFC 10-3107] analyzing entity 'sysgen_constant_2930f523d9'
INFO: [VRFC 10-3107] analyzing entity 'sysgen_constant_d5c70e0488'
INFO: [VRFC 10-3107] analyzing entity 'sysgen_inverter_c4b51b1248'
INFO: [VRFC 10-3107] analyzing entity 'sysgen_logical_69e81b4545'
INFO: [VRFC 10-3107] analyzing entity 'sysgen_mux_6d66ecdd82'
INFO: [VRFC 10-3107] analyzing entity 'sysgen_relational_7de1ca46ef'
INFO: [VRFC 10-3107] analyzing entity 'sysgen_relational_e554fed128'
INFO: [VRFC 10-3107] analyzing entity 'sysgen_shift_0eed059850'
INFO: [VRFC 10-3107] analyzing entity 'stn_32bit_xlslice'
INFO: [VRFC 10-3107] analyzing entity 'stn_32bit_xladdsub'
INFO: [VRFC 10-3107] analyzing entity 'xlcordic_1aad9bd5c23a8c07dd7ff3cd2fd8798d'
INFO: [VRFC 10-3107] analyzing entity 'stn_32bit_xlmult'
INFO: [VRFC 10-163] Analyzing VHDL file "E:/FPGAProject/01102022/FPGAResearch/5_Final_Submission/Simulink/IP_Core_Based/TN_32bit/STN_32bit/vivado/sysgen_STN/sysgen_STN.ip_user_files/ipstatic/xil_defaultlib/hdl/stn_32bit.vhd" into library xil_defaultlib
INFO: [VRFC 10-3107] analyzing entity 'stn_32bit_subsystem'
INFO: [VRFC 10-3107] analyzing entity 'stn_32bit_subsystem1'
INFO: [VRFC 10-3107] analyzing entity 'stn_32bit_cordic_ip_based_sumoftwoneurons'
INFO: [VRFC 10-3107] analyzing entity 'stn_32bit_struct'
INFO: [VRFC 10-3107] analyzing entity 'stn_32bit_default_clock_driver'
INFO: [VRFC 10-3107] analyzing entity 'stn_32bit'
INFO: [VRFC 10-163] Analyzing VHDL file "E:/FPGAProject/01102022/FPGAResearch/5_Final_Submission/Simulink/IP_Core_Based/TN_32bit/STN_32bit/vivado/sysgen_STN/sysgen_STN.gen/sources_1/ip/stn_32bit_0_1/sim/stn_32bit_0.vhd" into library xil_defaultlib
INFO: [VRFC 10-3107] analyzing entity 'stn_32bit_0'
run_program: Time (s): cpu = 00:00:01 ; elapsed = 00:00:08 . Memory (MB): peak = 1283.109 ; gain = 0.000
INFO: [USF-XSim-69] 'compile' step finished in '9' seconds
INFO: [USF-XSim-3] XSim::Elaborate design
INFO: [USF-XSim-61] Executing 'ELABORATE' step in 'E:/FPGAProject/01102022/FPGAResearch/5_Final_Submission/Simulink/IP_Core_Based/TN_32bit/STN_32bit/vivado/sysgen_STN/sysgen_STN.sim/sim_1/behav/xsim'
"xelab -wto fbe87a45d32c4dd797102ce5a03b483d --incr --debug typical --relax --mt 2 -L xil_defaultlib -L xbip_utils_v3_0_10 -L c_reg_fd_v12_0_6 -L xbip_dsp48_wrapper_v3_0_4 -L xbip_pipe_v3_0_6 -L xbip_dsp48_addsub_v3_0_6 -L xbip_addsub_v3_0_6 -L c_addsub_v12_0_14 -L xbip_bram18k_v3_0_6 -L mult_gen_v12_0_17 -L axi_utils_v2_0_6 -L cordic_v6_0_17 -L unisims_ver -L unimacro_ver -L secureip -L xpm --snapshot sysgen_STN_tb_behav xil_defaultlib.sysgen_STN_tb xil_defaultlib.glbl -log elaborate.log"
Vivado Simulator v2021.1
Copyright 1986-1999, 2001-2021 Xilinx, Inc. All Rights Reserved.
Running: C:/Xilinx/Vivado/2021.1/bin/unwrapped/win64.o/xelab.exe -wto fbe87a45d32c4dd797102ce5a03b483d --incr --debug typical --relax --mt 2 -L xil_defaultlib -L xbip_utils_v3_0_10 -L c_reg_fd_v12_0_6 -L xbip_dsp48_wrapper_v3_0_4 -L xbip_pipe_v3_0_6 -L xbip_dsp48_addsub_v3_0_6 -L xbip_addsub_v3_0_6 -L c_addsub_v12_0_14 -L xbip_bram18k_v3_0_6 -L mult_gen_v12_0_17 -L axi_utils_v2_0_6 -L cordic_v6_0_17 -L unisims_ver -L unimacro_ver -L secureip -L xpm --snapshot sysgen_STN_tb_behav xil_defaultlib.sysgen_STN_tb xil_defaultlib.glbl -log elaborate.log 
Using 2 slave threads.
Starting static elaboration
Pass Through NonSizing Optimizer
Completed static elaboration
Starting simulation data flow analysis
Completed simulation data flow analysis
Time Resolution for simulation is 1ps
Compiling package std.standard
Compiling package std.textio
Compiling package ieee.std_logic_1164
Compiling package ieee.numeric_std
Compiling package ieee.std_logic_textio
Compiling package xil_defaultlib.nn_package
Compiling package xil_defaultlib.conv_pkg
Compiling package unisim.vcomponents
Compiling package ieee.vital_timing
Compiling package ieee.vital_primitives
Compiling package unisim.vpkg
Compiling package ieee.std_logic_arith
Compiling package c_addsub_v12_0_14.c_addsub_v12_0_14_viv_comp
Compiling package xbip_utils_v3_0_10.xbip_utils_v3_0_10_pkg
Compiling package xbip_pipe_v3_0_6.xbip_pipe_v3_0_6_viv_comp
Compiling package xbip_addsub_v3_0_6.xbip_addsub_v3_0_6_viv_comp
Compiling package c_addsub_v12_0_14.c_addsub_v12_0_14_pkg
Compiling package c_addsub_v12_0_14.c_addsub_v12_0_14_pkg_legacy
Compiling package c_reg_fd_v12_0_6.c_reg_fd_v12_0_6_viv_comp
Compiling package cordic_v6_0_17.cordic_v6_0_17_viv_comp
Compiling package axi_utils_v2_0_6.axi_utils_v2_0_6_pkg
Compiling package ieee.math_real
Compiling package axi_utils_v2_0_6.global_util_pkg
Compiling package axi_utils_v2_0_6.axi_utils_comps
Compiling package mult_gen_v12_0_17.mult_gen_v12_0_17_pkg
Compiling package ieee.std_logic_signed
Compiling package cordic_v6_0_17.cordic_pack
Compiling package cordic_v6_0_17.cordic_hdl_comps
Compiling package mult_gen_v12_0_17.mult_gen_v12_0_17_viv_comp
Compiling package mult_gen_v12_0_17.dsp_pkg
Compiling module xil_defaultlib.glbl
Compiling architecture fdre_v of entity unisim.FDRE [fdre_default]
Compiling architecture structural of entity xil_defaultlib.single_reg_w_init [\single_reg_w_init(width=1)(0,3)...]
Compiling architecture structural of entity xil_defaultlib.synth_reg_w_init [\synth_reg_w_init(width=1)(0,3)\]
Compiling architecture behavior of entity xil_defaultlib.xlclockdriver [\xlclockdriver(period=1,log_2_pe...]
Compiling architecture structural of entity xil_defaultlib.stn_32bit_default_clock_driver [stn_32bit_default_clock_driver_d...]
Compiling architecture structural of entity c_reg_fd_v12_0_6.c_reg_fd_v12_0_6_viv [\c_reg_fd_v12_0_6_viv(c_width=33...]
Compiling architecture muxcy_v of entity unisim.MUXCY [muxcy_default]
Compiling architecture xorcy_v of entity unisim.XORCY [xorcy_default]
Compiling architecture rtl of entity c_addsub_v12_0_14.c_addsub_v12_0_14_lut6_legacy [\c_addsub_v12_0_14_lut6_legacy(c...]
Compiling architecture synth of entity c_addsub_v12_0_14.c_addsub_v12_0_14_fabric_legacy [\c_addsub_v12_0_14_fabric_legacy...]
Compiling architecture synth of entity c_addsub_v12_0_14.c_addsub_v12_0_14_legacy [\c_addsub_v12_0_14_legacy(c_fami...]
Compiling architecture synth of entity c_addsub_v12_0_14.c_addsub_v12_0_14_viv [\c_addsub_v12_0_14_viv(c_xdevice...]
Compiling architecture xilinx of entity c_addsub_v12_0_14.c_addsub_v12_0_14 [\c_addsub_v12_0_14(c_xdevicefami...]
Compiling architecture stn_32bit_c_addsub_v12_0_i1_arch of entity xil_defaultlib.stn_32bit_c_addsub_v12_0_i1 [stn_32bit_c_addsub_v12_0_i1_defa...]
Compiling architecture behavior of entity xil_defaultlib.stn_32bit_xladdsub [\stn_32bit_xladdsub(core_name0="...]
Compiling architecture rtl of entity c_addsub_v12_0_14.c_addsub_v12_0_14_lut6_legacy [\c_addsub_v12_0_14_lut6_legacy(c...]
Compiling architecture synth of entity c_addsub_v12_0_14.c_addsub_v12_0_14_fabric_legacy [\c_addsub_v12_0_14_fabric_legacy...]
Compiling architecture synth of entity c_addsub_v12_0_14.c_addsub_v12_0_14_legacy [\c_addsub_v12_0_14_legacy(c_fami...]
Compiling architecture synth of entity c_addsub_v12_0_14.c_addsub_v12_0_14_viv [\c_addsub_v12_0_14_viv(c_xdevice...]
Compiling architecture xilinx of entity c_addsub_v12_0_14.c_addsub_v12_0_14 [\c_addsub_v12_0_14(c_xdevicefami...]
Compiling architecture stn_32bit_c_addsub_v12_0_i0_arch of entity xil_defaultlib.stn_32bit_c_addsub_v12_0_i0 [stn_32bit_c_addsub_v12_0_i0_defa...]
Compiling architecture behavior of entity xil_defaultlib.stn_32bit_xladdsub [\stn_32bit_xladdsub(core_name0="...]
Compiling architecture synth of entity xbip_pipe_v3_0_6.xbip_pipe_v3_0_6_viv [\xbip_pipe_v3_0_6_viv(c_has_ce=1...]
Compiling architecture rtl of entity c_addsub_v12_0_14.c_addsub_v12_0_14_lut6_legacy [\c_addsub_v12_0_14_lut6_legacy(c...]
Compiling architecture synth of entity c_addsub_v12_0_14.c_addsub_v12_0_14_fabric_legacy [\c_addsub_v12_0_14_fabric_legacy...]
Compiling architecture synth of entity c_addsub_v12_0_14.c_addsub_v12_0_14_legacy [\c_addsub_v12_0_14_legacy(c_fami...]
Compiling architecture synth of entity c_addsub_v12_0_14.c_addsub_v12_0_14_viv [\c_addsub_v12_0_14_viv(c_xdevice...]
Compiling architecture synth of entity cordic_v6_0_17.addsub [\addsub(family="zynq",add_mode=2...]
Compiling architecture struct_all of entity cordic_v6_0_17.delay [\delay(delay_len=0,family="zynq"...]
Compiling architecture struct_all of entity cordic_v6_0_17.delay [\delay(delay_len=0,family="zynq"...]
Compiling architecture struct_all of entity cordic_v6_0_17.delay_bit [\delay_bit(delay_len=0,family="z...]
Compiling architecture synth of entity cordic_v6_0_17.cordic_inp_config [\cordic_inp_config(p_xdevicefami...]
Compiling architecture synth of entity cordic_v6_0_17.cordic_dat_acc_slice_par [\cordic_dat_acc_slice_par(p_xdev...]
Compiling architecture synth of entity cordic_v6_0_17.cordic_pha_acc_slice_par [\cordic_pha_acc_slice_par(p_xdev...]
Compiling architecture struct_all of entity cordic_v6_0_17.delay [\delay(delay_len=0,family="zynq"...]
Compiling architecture synth of entity cordic_v6_0_17.cordic_ctrl_slice_par [\cordic_ctrl_slice_par(p_xdevice...]
Compiling architecture synth of entity cordic_v6_0_17.cordic_eng_slice_par [\cordic_eng_slice_par(p_xdevicef...]
Compiling architecture synth of entity cordic_v6_0_17.cordic_dat_acc_slice_par [\cordic_dat_acc_slice_par(p_xdev...]
Compiling architecture synth of entity cordic_v6_0_17.cordic_eng_slice_par [\cordic_eng_slice_par(p_xdevicef...]
Compiling architecture synth of entity cordic_v6_0_17.cordic_dat_acc_slice_par [\cordic_dat_acc_slice_par(p_xdev...]
Compiling architecture synth of entity cordic_v6_0_17.cordic_eng_slice_par [\cordic_eng_slice_par(p_xdevicef...]
Compiling architecture synth of entity cordic_v6_0_17.cordic_dat_acc_slice_par [\cordic_dat_acc_slice_par(p_xdev...]
Compiling architecture synth of entity cordic_v6_0_17.cordic_eng_slice_par [\cordic_eng_slice_par(p_xdevicef...]
Compiling architecture synth of entity cordic_v6_0_17.cordic_dat_acc_slice_par [\cordic_dat_acc_slice_par(p_xdev...]
Compiling architecture synth of entity cordic_v6_0_17.cordic_eng_slice_par [\cordic_eng_slice_par(p_xdevicef...]
Compiling architecture synth of entity cordic_v6_0_17.cordic_dat_acc_slice_par [\cordic_dat_acc_slice_par(p_xdev...]
Compiling architecture synth of entity cordic_v6_0_17.cordic_eng_slice_par [\cordic_eng_slice_par(p_xdevicef...]
Compiling architecture synth of entity cordic_v6_0_17.cordic_dat_acc_slice_par [\cordic_dat_acc_slice_par(p_xdev...]
Compiling architecture synth of entity cordic_v6_0_17.cordic_eng_slice_par [\cordic_eng_slice_par(p_xdevicef...]
Compiling architecture synth of entity cordic_v6_0_17.cordic_dat_acc_slice_par [\cordic_dat_acc_slice_par(p_xdev...]
Compiling architecture synth of entity cordic_v6_0_17.cordic_eng_slice_par [\cordic_eng_slice_par(p_xdevicef...]
Compiling architecture synth of entity cordic_v6_0_17.cordic_dat_acc_slice_par [\cordic_dat_acc_slice_par(p_xdev...]
Compiling architecture synth of entity cordic_v6_0_17.cordic_eng_slice_par [\cordic_eng_slice_par(p_xdevicef...]
Compiling architecture synth of entity cordic_v6_0_17.cordic_dat_acc_slice_par [\cordic_dat_acc_slice_par(p_xdev...]
Compiling architecture synth of entity cordic_v6_0_17.cordic_eng_slice_par [\cordic_eng_slice_par(p_xdevicef...]
Compiling architecture synth of entity cordic_v6_0_17.cordic_dat_acc_slice_par [\cordic_dat_acc_slice_par(p_xdev...]
Compiling architecture synth of entity cordic_v6_0_17.cordic_eng_slice_par [\cordic_eng_slice_par(p_xdevicef...]
Compiling architecture synth of entity cordic_v6_0_17.cordic_dat_acc_slice_par [\cordic_dat_acc_slice_par(p_xdev...]
Compiling architecture synth of entity cordic_v6_0_17.cordic_eng_slice_par [\cordic_eng_slice_par(p_xdevicef...]
Compiling architecture synth of entity cordic_v6_0_17.cordic_dat_acc_slice_par [\cordic_dat_acc_slice_par(p_xdev...]
Compiling architecture synth of entity cordic_v6_0_17.cordic_eng_slice_par [\cordic_eng_slice_par(p_xdevicef...]
Compiling architecture synth of entity cordic_v6_0_17.cordic_dat_acc_slice_par [\cordic_dat_acc_slice_par(p_xdev...]
Compiling architecture synth of entity cordic_v6_0_17.cordic_eng_slice_par [\cordic_eng_slice_par(p_xdevicef...]
Compiling architecture synth of entity cordic_v6_0_17.cordic_dat_acc_slice_par [\cordic_dat_acc_slice_par(p_xdev...]
Compiling architecture synth of entity cordic_v6_0_17.cordic_eng_slice_par [\cordic_eng_slice_par(p_xdevicef...]
Compiling architecture synth of entity cordic_v6_0_17.cordic_dat_acc_slice_par [\cordic_dat_acc_slice_par(p_xdev...]
Compiling architecture synth of entity cordic_v6_0_17.cordic_eng_slice_par [\cordic_eng_slice_par(p_xdevicef...]
Compiling architecture synth of entity cordic_v6_0_17.cordic_dat_acc_slice_par [\cordic_dat_acc_slice_par(p_xdev...]
Compiling architecture synth of entity cordic_v6_0_17.cordic_eng_slice_par [\cordic_eng_slice_par(p_xdevicef...]
Compiling architecture synth of entity cordic_v6_0_17.cordic_dat_acc_slice_par [\cordic_dat_acc_slice_par(p_xdev...]
Compiling architecture synth of entity cordic_v6_0_17.cordic_eng_slice_par [\cordic_eng_slice_par(p_xdevicef...]
Compiling architecture synth of entity cordic_v6_0_17.cordic_dat_acc_slice_par [\cordic_dat_acc_slice_par(p_xdev...]
Compiling architecture synth of entity cordic_v6_0_17.cordic_eng_slice_par [\cordic_eng_slice_par(p_xdevicef...]
Compiling architecture synth of entity cordic_v6_0_17.cordic_dat_acc_slice_par [\cordic_dat_acc_slice_par(p_xdev...]
Compiling architecture synth of entity cordic_v6_0_17.cordic_eng_slice_par [\cordic_eng_slice_par(p_xdevicef...]
Compiling architecture synth of entity cordic_v6_0_17.cordic_dat_acc_slice_par [\cordic_dat_acc_slice_par(p_xdev...]
Compiling architecture synth of entity cordic_v6_0_17.cordic_eng_slice_par [\cordic_eng_slice_par(p_xdevicef...]
Compiling architecture synth of entity cordic_v6_0_17.cordic_dat_acc_slice_par [\cordic_dat_acc_slice_par(p_xdev...]
Compiling architecture synth of entity cordic_v6_0_17.cordic_eng_slice_par [\cordic_eng_slice_par(p_xdevicef...]
Compiling architecture synth of entity cordic_v6_0_17.cordic_dat_acc_slice_par [\cordic_dat_acc_slice_par(p_xdev...]
Compiling architecture synth of entity cordic_v6_0_17.cordic_eng_slice_par [\cordic_eng_slice_par(p_xdevicef...]
Compiling architecture synth of entity cordic_v6_0_17.cordic_dat_acc_slice_par [\cordic_dat_acc_slice_par(p_xdev...]
Compiling architecture synth of entity cordic_v6_0_17.cordic_eng_slice_par [\cordic_eng_slice_par(p_xdevicef...]
Compiling architecture synth of entity cordic_v6_0_17.cordic_dat_acc_slice_par [\cordic_dat_acc_slice_par(p_xdev...]
Compiling architecture synth of entity cordic_v6_0_17.cordic_eng_slice_par [\cordic_eng_slice_par(p_xdevicef...]
Compiling architecture synth of entity cordic_v6_0_17.cordic_dat_acc_slice_par [\cordic_dat_acc_slice_par(p_xdev...]
Compiling architecture synth of entity cordic_v6_0_17.cordic_eng_slice_par [\cordic_eng_slice_par(p_xdevicef...]
Compiling architecture synth of entity cordic_v6_0_17.cordic_dat_acc_slice_par [\cordic_dat_acc_slice_par(p_xdev...]
Compiling architecture synth of entity cordic_v6_0_17.cordic_eng_slice_par [\cordic_eng_slice_par(p_xdevicef...]
Compiling architecture synth of entity cordic_v6_0_17.cordic_dat_acc_slice_par [\cordic_dat_acc_slice_par(p_xdev...]
Compiling architecture synth of entity cordic_v6_0_17.cordic_eng_slice_par [\cordic_eng_slice_par(p_xdevicef...]
Compiling architecture synth of entity cordic_v6_0_17.cordic_dat_acc_slice_par [\cordic_dat_acc_slice_par(p_xdev...]
Compiling architecture synth of entity cordic_v6_0_17.cordic_eng_slice_par [\cordic_eng_slice_par(p_xdevicef...]
Compiling architecture synth of entity cordic_v6_0_17.cordic_dat_acc_slice_par [\cordic_dat_acc_slice_par(p_xdev...]
Compiling architecture synth of entity cordic_v6_0_17.cordic_eng_slice_par [\cordic_eng_slice_par(p_xdevicef...]
Compiling architecture synth of entity cordic_v6_0_17.cordic_eng [\cordic_eng(p_xdevicefamily="zyn...]
Compiling architecture struct_all of entity cordic_v6_0_17.delay [\delay(delay_len=0,family="zynq"...]
Compiling architecture synth of entity cordic_v6_0_17.cordic_round [\cordic_round(p_xdevicefamily="z...]
Compiling architecture synth of entity cordic_v6_0_17.cordic_out_config [\cordic_out_config(p_xdevicefami...]
Compiling architecture synth of entity cordic_v6_0_17.cordic_v6_0_17_synth [\cordic_v6_0_17_synth(c_architec...]
Compiling architecture synth of entity cordic_v6_0_17.cordic_v6_0_17_viv [\cordic_v6_0_17_viv(c_architectu...]
Compiling architecture xilinx of entity cordic_v6_0_17.cordic_v6_0_17 [\cordic_v6_0_17(c_architecture=2...]
Compiling architecture stn_32bit_cordic_v6_0_i0_arch of entity xil_defaultlib.stn_32bit_cordic_v6_0_i0 [stn_32bit_cordic_v6_0_i0_default]
Compiling architecture behavior of entity xil_defaultlib.xlcordic_1aad9bd5c23a8c07dd7ff3cd2fd8798d [xlcordic_1aad9bd5c23a8c07dd7ff3c...]
Compiling architecture behavior of entity xil_defaultlib.sysgen_constant_e0624bab83 [sysgen_constant_e0624bab83_defau...]
Compiling architecture behavior of entity xil_defaultlib.sysgen_constant_7980517fa5 [sysgen_constant_7980517fa5_defau...]
Compiling architecture behavior of entity xil_defaultlib.sysgen_constant_5b29f3e57b [sysgen_constant_5b29f3e57b_defau...]
Compiling architecture behavior of entity xil_defaultlib.sysgen_constant_0c6b43914a [sysgen_constant_0c6b43914a_defau...]
Compiling architecture behavior of entity xil_defaultlib.sysgen_constant_80a8ec898f [sysgen_constant_80a8ec898f_defau...]
Compiling architecture behavior of entity xil_defaultlib.sysgen_constant_2930f523d9 [sysgen_constant_2930f523d9_defau...]
Compiling architecture behavior of entity xil_defaultlib.sysgen_constant_d5c70e0488 [sysgen_constant_d5c70e0488_defau...]
Compiling architecture behavior of entity xil_defaultlib.sysgen_inverter_c4b51b1248 [sysgen_inverter_c4b51b1248_defau...]
Compiling architecture behavior of entity xil_defaultlib.sysgen_logical_69e81b4545 [sysgen_logical_69e81b4545_defaul...]
Compiling architecture behavior of entity xil_defaultlib.sysgen_mux_6d66ecdd82 [sysgen_mux_6d66ecdd82_default]
Compiling architecture behavior of entity xil_defaultlib.sysgen_relational_7de1ca46ef [sysgen_relational_7de1ca46ef_def...]
Compiling architecture behavior of entity xil_defaultlib.sysgen_relational_e554fed128 [sysgen_relational_e554fed128_def...]
Compiling architecture behavior of entity xil_defaultlib.sysgen_shift_0eed059850 [sysgen_shift_0eed059850_default]
Compiling architecture behavior of entity xil_defaultlib.stn_32bit_xlslice [\stn_32bit_xlslice(new_msb=31,ne...]
Compiling architecture structural of entity xil_defaultlib.stn_32bit_subsystem [stn_32bit_subsystem_default]
Compiling architecture structural of entity xil_defaultlib.stn_32bit_subsystem1 [stn_32bit_subsystem1_default]
Compiling architecture behavior of entity xil_defaultlib.sysgen_constant_fced021fae [sysgen_constant_fced021fae_defau...]
Compiling architecture xilinx of entity mult_gen_v12_0_17.delay_line [\delay_line(c_xdevicefamily="zyn...]
Compiling architecture xilinx of entity mult_gen_v12_0_17.delay_line [\delay_line(c_xdevicefamily="zyn...]
Compiling architecture xilinx of entity mult_gen_v12_0_17.delay_line [\delay_line(c_xdevicefamily="zyn...]
Compiling architecture dsp48e1_v of entity unisim.DSP48E1 [\DSP48E1(alumodereg=0,carryinreg...]
Compiling architecture xilinx of entity mult_gen_v12_0_17.delay_line [\delay_line(c_xdevicefamily="zyn...]
Compiling architecture xilinx of entity mult_gen_v12_0_17.delay_line [\delay_line(c_xdevicefamily="zyn...]
Compiling architecture dsp48e1_v of entity unisim.DSP48E1 [\DSP48E1(acascreg=0,areg=0,a_inp...]
Compiling architecture dsp48e1_v of entity unisim.DSP48E1 [\DSP48E1(acascreg=2,alumodereg=0...]
Compiling architecture dsp48e1_v of entity unisim.DSP48E1 [\DSP48E1(acascreg=0,alumodereg=0...]
Compiling architecture xilinx of entity mult_gen_v12_0_17.delay_line [\delay_line(c_xdevicefamily="zyn...]
Compiling architecture xilinx of entity mult_gen_v12_0_17.op_resize [\op_resize(ai_width=32,bi_width=...]
Compiling architecture xilinx of entity mult_gen_v12_0_17.dsp [\dsp(c_xdevicefamily="zynq",c_a_...]
Compiling architecture xilinx of entity mult_gen_v12_0_17.mult_gen_v12_0_17_viv [\mult_gen_v12_0_17_viv(c_verbosi...]
Compiling architecture xilinx of entity mult_gen_v12_0_17.mult_gen_v12_0_17 [\mult_gen_v12_0_17(c_xdevicefami...]
Compiling architecture stn_32bit_mult_gen_v12_0_i0_arch of entity xil_defaultlib.stn_32bit_mult_gen_v12_0_i0 [stn_32bit_mult_gen_v12_0_i0_defa...]
Compiling architecture behavior of entity xil_defaultlib.stn_32bit_xlmult [\stn_32bit_xlmult(core_name0="st...]
Compiling architecture behavior of entity xil_defaultlib.stn_32bit_xlmult [\stn_32bit_xlmult(core_name0="st...]
Compiling architecture behavior of entity xil_defaultlib.stn_32bit_xlmult [\stn_32bit_xlmult(core_name0="st...]
Compiling architecture behavior of entity xil_defaultlib.sysgen_constant_c37656a0d7 [sysgen_constant_c37656a0d7_defau...]
Compiling architecture behavior of entity xil_defaultlib.sysgen_constant_5ab8cecb0c [sysgen_constant_5ab8cecb0c_defau...]
Compiling architecture structural of entity xil_defaultlib.single_reg_w_init [\single_reg_w_init(width=32,init...]
Compiling architecture structural of entity xil_defaultlib.synth_reg_w_init [\synth_reg_w_init(width=32,init_...]
Compiling architecture behavior of entity xil_defaultlib.stn_32bit_xlregister [\stn_32bit_xlregister(d_width=32...]
Compiling architecture structural of entity xil_defaultlib.stn_32bit_cordic_ip_based_sumoftwoneurons [stn_32bit_cordic_ip_based_sumoft...]
Compiling architecture structural of entity xil_defaultlib.stn_32bit_struct [stn_32bit_struct_default]
Compiling architecture structural of entity xil_defaultlib.stn_32bit [stn_32bit_default]
Compiling architecture stn_32bit_0_arch of entity xil_defaultlib.stn_32bit_0 [stn_32bit_0_default]
Compiling architecture behavioral of entity xil_defaultlib.sysgen_STN [sysgen_stn_default]
Compiling architecture behavioral of entity xil_defaultlib.sysgen_stn_tb
Built simulation snapshot sysgen_STN_tb_behav

****** Webtalk v2021.1 (64-bit)
  **** SW Build 3247384 on Thu Jun 10 19:36:33 MDT 2021
  **** IP Build 3246043 on Fri Jun 11 00:30:35 MDT 2021
    ** Copyright 1986-2021 Xilinx, Inc. All Rights Reserved.

source E:/FPGAProject/01102022/FPGAResearch/5_Final_Submission/Simulink/IP_Core_Based/TN_32bit/STN_32bit/vivado/sysgen_STN/sysgen_STN.sim/sim_1/behav/xsim/xsim.dir/sysgen_STN_tb_behav/webtalk/xsim_webtalk.tcl -notrace
INFO: [Common 17-206] Exiting Webtalk at Sat Dec  3 00:06:35 2022...
run_program: Time (s): cpu = 00:00:01 ; elapsed = 00:00:26 . Memory (MB): peak = 1283.109 ; gain = 0.000
INFO: [USF-XSim-69] 'elaborate' step finished in '26' seconds
INFO: [USF-XSim-4] XSim::Simulate design
INFO: [USF-XSim-61] Executing 'SIMULATE' step in 'E:/FPGAProject/01102022/FPGAResearch/5_Final_Submission/Simulink/IP_Core_Based/TN_32bit/STN_32bit/vivado/sysgen_STN/sysgen_STN.sim/sim_1/behav/xsim'
INFO: [USF-XSim-98] *** Running xsim
   with args "sysgen_STN_tb_behav -key {Behavioral:sim_1:Functional:sysgen_STN_tb} -tclbatch {sysgen_STN_tb.tcl} -log {simulate.log}"
INFO: [USF-XSim-8] Loading simulator feature
Time resolution is 1 ps
source sysgen_STN_tb.tcl
# set curr_wave [current_wave_config]
# if { [string length $curr_wave] == 0 } {
#   if { [llength [get_objects]] > 0} {
#     add_wave /
#     set_property needs_save false [current_wave_config]
#   } else {
#      send_msg_id Add_Wave-1 WARNING "No top level signals found. Simulator will start without a wave window. If you want to open a wave window go to 'File->New Waveform Configuration' or type 'create_wave_config' in the TCL console."
#   }
# }
WARNING: Simulation object /sysgen_STN_tb/result was not traceable in the design for the following reason:
Vivado Simulator does not yet support tracing of VHDL variables.
WARNING: Simulation object /sysgen_STN_tb/result_cos was not traceable in the design for the following reason:
Vivado Simulator does not yet support tracing of VHDL variables.
WARNING: Simulation object /sysgen_STN_tb/result_sin was not traceable in the design for the following reason:
Vivado Simulator does not yet support tracing of VHDL variables.
WARNING: Simulation object /sysgen_STN_tb/file_RESULTS was not traceable in the design for the following reason:
Vivado Simulator does not yet support tracing of VHDL variables.
WARNING: Simulation object /sysgen_STN_tb/file_RESULTS_Sin was not traceable in the design for the following reason:
Vivado Simulator does not yet support tracing of VHDL variables.
WARNING: Simulation object /sysgen_STN_tb/file_RESULTS_Cos was not traceable in the design for the following reason:
Vivado Simulator does not yet support tracing of VHDL variables.
# run 1000ns
xsim: Time (s): cpu = 00:00:04 ; elapsed = 00:00:06 . Memory (MB): peak = 1283.109 ; gain = 0.000
INFO: [USF-XSim-96] XSim completed. Design snapshot 'sysgen_STN_tb_behav' loaded.
INFO: [USF-XSim-97] XSim simulation ran for 1000ns
launch_simulation: Time (s): cpu = 00:00:07 ; elapsed = 00:00:42 . Memory (MB): peak = 1283.109 ; gain = 0.000
run 81 us
run: Time (s): cpu = 00:00:04 ; elapsed = 00:00:11 . Memory (MB): peak = 1283.109 ; gain = 0.000
run 81 us
run: Time (s): cpu = 00:00:02 ; elapsed = 00:00:07 . Memory (MB): peak = 1283.109 ; gain = 0.000
close_sim
INFO: [Simtcl 6-16] Simulation closed
close_sim: Time (s): cpu = 00:00:02 ; elapsed = 00:00:06 . Memory (MB): peak = 1283.109 ; gain = 0.000
launch_simulation
Command: launch_simulation 
INFO: [Vivado 12-12493] Simulation top is 'sysgen_STN_tb'
INFO: [Vivado 12-5698] Checking validity of IPs in the design for the 'XSim' simulator...
INFO: [Vivado 12-5682] Launching behavioral simulation in 'E:/FPGAProject/01102022/FPGAResearch/5_Final_Submission/Simulink/IP_Core_Based/TN_32bit/STN_32bit/vivado/sysgen_STN/sysgen_STN.sim/sim_1/behav/xsim'
INFO: [Vivado 12-4795] Using compiled simulation libraries for IPs
INFO: [SIM-utils-51] Simulation object is 'sim_1'
INFO: [SIM-utils-72] Using boost library from 'C:/Xilinx/Vivado/2021.1/tps/boost_1_72_0'
INFO: [USF-XSim-7] Finding pre-compiled libraries...
INFO: [USF-XSim-11] File 'C:/Xilinx/Vivado/2021.1/data/xsim/xsim.ini' copied to run dir:'E:/FPGAProject/01102022/FPGAResearch/5_Final_Submission/Simulink/IP_Core_Based/TN_32bit/STN_32bit/vivado/sysgen_STN/sysgen_STN.sim/sim_1/behav/xsim'
INFO: [SIM-utils-54] Inspecting design source files for 'sysgen_STN_tb' in fileset 'sim_1'...
INFO: [USF-XSim-97] Finding global include files...
INFO: [USF-XSim-98] Fetching design files from 'sim_1'...
INFO: [USF-XSim-2] XSim::Compile design
INFO: [USF-XSim-61] Executing 'COMPILE and ANALYZE' step in 'E:/FPGAProject/01102022/FPGAResearch/5_Final_Submission/Simulink/IP_Core_Based/TN_32bit/STN_32bit/vivado/sysgen_STN/sysgen_STN.sim/sim_1/behav/xsim'
"xvlog --incr --relax -prj sysgen_STN_tb_vlog.prj"
"xvhdl --incr --relax -prj sysgen_STN_tb_vhdl.prj"
INFO: [VRFC 10-163] Analyzing VHDL file "E:/FPGAProject/01102022/FPGAResearch/5_Final_Submission/Simulink/IP_Core_Based/TN_32bit/STN_32bit/vivado/sysgen_STN/sysgen_STN.ip_user_files/ipstatic/xil_defaultlib/hdl/synth_reg.vhd" into library xil_defaultlib
INFO: [VRFC 10-3107] analyzing entity 'synth_reg'
INFO: [VRFC 10-163] Analyzing VHDL file "E:/FPGAProject/01102022/FPGAResearch/5_Final_Submission/Simulink/IP_Core_Based/TN_32bit/STN_32bit/vivado/sysgen_STN/sysgen_STN.ip_user_files/ipstatic/xil_defaultlib/hdl/synth_reg_w_init.vhd" into library xil_defaultlib
INFO: [VRFC 10-3107] analyzing entity 'synth_reg_w_init'
INFO: [VRFC 10-163] Analyzing VHDL file "E:/FPGAProject/01102022/FPGAResearch/5_Final_Submission/Simulink/IP_Core_Based/TN_32bit/STN_32bit/vivado/sysgen_STN/sysgen_STN.ip_user_files/ipstatic/xil_defaultlib/hdl/srl17e.vhd" into library xil_defaultlib
INFO: [VRFC 10-3107] analyzing entity 'srl17e'
INFO: [VRFC 10-163] Analyzing VHDL file "E:/FPGAProject/01102022/FPGAResearch/5_Final_Submission/Simulink/IP_Core_Based/TN_32bit/STN_32bit/vivado/sysgen_STN/sysgen_STN.ip_user_files/ipstatic/xil_defaultlib/hdl/srl33e.vhd" into library xil_defaultlib
INFO: [VRFC 10-3107] analyzing entity 'srlc33e'
INFO: [VRFC 10-163] Analyzing VHDL file "E:/FPGAProject/01102022/FPGAResearch/5_Final_Submission/Simulink/IP_Core_Based/TN_32bit/STN_32bit/vivado/sysgen_STN/sysgen_STN.ip_user_files/ipstatic/xil_defaultlib/hdl/synth_reg_reg.vhd" into library xil_defaultlib
INFO: [VRFC 10-3107] analyzing entity 'synth_reg_reg'
INFO: [VRFC 10-163] Analyzing VHDL file "E:/FPGAProject/01102022/FPGAResearch/5_Final_Submission/Simulink/IP_Core_Based/TN_32bit/STN_32bit/vivado/sysgen_STN/sysgen_STN.ip_user_files/ipstatic/xil_defaultlib/hdl/single_reg_w_init.vhd" into library xil_defaultlib
INFO: [VRFC 10-3107] analyzing entity 'single_reg_w_init'
INFO: [VRFC 10-163] Analyzing VHDL file "E:/FPGAProject/01102022/FPGAResearch/5_Final_Submission/Simulink/IP_Core_Based/TN_32bit/STN_32bit/vivado/sysgen_STN/sysgen_STN.ip_user_files/ipstatic/xil_defaultlib/hdl/xlclockdriver_rd.vhd" into library xil_defaultlib
INFO: [VRFC 10-3107] analyzing entity 'xlclockdriver'
INFO: [VRFC 10-163] Analyzing VHDL file "E:/FPGAProject/01102022/FPGAResearch/5_Final_Submission/Simulink/IP_Core_Based/TN_32bit/STN_32bit/vivado/sysgen_STN/sysgen_STN.ip_user_files/ipstatic/xil_defaultlib/hdl/stn_32bit_entity_declarations.vhd" into library xil_defaultlib
INFO: [VRFC 10-3107] analyzing entity 'sysgen_constant_fced021fae'
INFO: [VRFC 10-3107] analyzing entity 'sysgen_constant_c37656a0d7'
INFO: [VRFC 10-3107] analyzing entity 'sysgen_constant_5ab8cecb0c'
INFO: [VRFC 10-3107] analyzing entity 'stn_32bit_xlregister'
INFO: [VRFC 10-3107] analyzing entity 'sysgen_constant_e0624bab83'
INFO: [VRFC 10-3107] analyzing entity 'sysgen_constant_7980517fa5'
INFO: [VRFC 10-3107] analyzing entity 'sysgen_constant_5b29f3e57b'
INFO: [VRFC 10-3107] analyzing entity 'sysgen_constant_0c6b43914a'
INFO: [VRFC 10-3107] analyzing entity 'sysgen_constant_80a8ec898f'
INFO: [VRFC 10-3107] analyzing entity 'sysgen_constant_2930f523d9'
INFO: [VRFC 10-3107] analyzing entity 'sysgen_constant_d5c70e0488'
INFO: [VRFC 10-3107] analyzing entity 'sysgen_inverter_c4b51b1248'
INFO: [VRFC 10-3107] analyzing entity 'sysgen_logical_69e81b4545'
INFO: [VRFC 10-3107] analyzing entity 'sysgen_mux_6d66ecdd82'
INFO: [VRFC 10-3107] analyzing entity 'sysgen_relational_7de1ca46ef'
INFO: [VRFC 10-3107] analyzing entity 'sysgen_relational_e554fed128'
INFO: [VRFC 10-3107] analyzing entity 'sysgen_shift_0eed059850'
INFO: [VRFC 10-3107] analyzing entity 'stn_32bit_xlslice'
INFO: [VRFC 10-3107] analyzing entity 'stn_32bit_xladdsub'
INFO: [VRFC 10-3107] analyzing entity 'xlcordic_1aad9bd5c23a8c07dd7ff3cd2fd8798d'
INFO: [VRFC 10-3107] analyzing entity 'stn_32bit_xlmult'
INFO: [VRFC 10-163] Analyzing VHDL file "E:/FPGAProject/01102022/FPGAResearch/5_Final_Submission/Simulink/IP_Core_Based/TN_32bit/STN_32bit/vivado/sysgen_STN/sysgen_STN.ip_user_files/ipstatic/xil_defaultlib/hdl/stn_32bit.vhd" into library xil_defaultlib
INFO: [VRFC 10-3107] analyzing entity 'stn_32bit_subsystem'
INFO: [VRFC 10-3107] analyzing entity 'stn_32bit_subsystem1'
INFO: [VRFC 10-3107] analyzing entity 'stn_32bit_cordic_ip_based_sumoftwoneurons'
INFO: [VRFC 10-3107] analyzing entity 'stn_32bit_struct'
INFO: [VRFC 10-3107] analyzing entity 'stn_32bit_default_clock_driver'
INFO: [VRFC 10-3107] analyzing entity 'stn_32bit'
INFO: [VRFC 10-163] Analyzing VHDL file "E:/FPGAProject/01102022/FPGAResearch/5_Final_Submission/Simulink/IP_Core_Based/TN_32bit/STN_32bit/vivado/sysgen_STN/sysgen_STN.srcs/sources_1/new/sysgen_STN_tb.vhd" into library xil_defaultlib
INFO: [VRFC 10-3107] analyzing entity 'sysgen_STN_tb'
INFO: [USF-XSim-69] 'compile' step finished in '4' seconds
INFO: [USF-XSim-3] XSim::Elaborate design
INFO: [USF-XSim-61] Executing 'ELABORATE' step in 'E:/FPGAProject/01102022/FPGAResearch/5_Final_Submission/Simulink/IP_Core_Based/TN_32bit/STN_32bit/vivado/sysgen_STN/sysgen_STN.sim/sim_1/behav/xsim'
"xelab -wto fbe87a45d32c4dd797102ce5a03b483d --incr --debug typical --relax --mt 2 -L xil_defaultlib -L xbip_utils_v3_0_10 -L c_reg_fd_v12_0_6 -L xbip_dsp48_wrapper_v3_0_4 -L xbip_pipe_v3_0_6 -L xbip_dsp48_addsub_v3_0_6 -L xbip_addsub_v3_0_6 -L c_addsub_v12_0_14 -L xbip_bram18k_v3_0_6 -L mult_gen_v12_0_17 -L axi_utils_v2_0_6 -L cordic_v6_0_17 -L unisims_ver -L unimacro_ver -L secureip -L xpm --snapshot sysgen_STN_tb_behav xil_defaultlib.sysgen_STN_tb xil_defaultlib.glbl -log elaborate.log"
Vivado Simulator v2021.1
Copyright 1986-1999, 2001-2021 Xilinx, Inc. All Rights Reserved.
Running: C:/Xilinx/Vivado/2021.1/bin/unwrapped/win64.o/xelab.exe -wto fbe87a45d32c4dd797102ce5a03b483d --incr --debug typical --relax --mt 2 -L xil_defaultlib -L xbip_utils_v3_0_10 -L c_reg_fd_v12_0_6 -L xbip_dsp48_wrapper_v3_0_4 -L xbip_pipe_v3_0_6 -L xbip_dsp48_addsub_v3_0_6 -L xbip_addsub_v3_0_6 -L c_addsub_v12_0_14 -L xbip_bram18k_v3_0_6 -L mult_gen_v12_0_17 -L axi_utils_v2_0_6 -L cordic_v6_0_17 -L unisims_ver -L unimacro_ver -L secureip -L xpm --snapshot sysgen_STN_tb_behav xil_defaultlib.sysgen_STN_tb xil_defaultlib.glbl -log elaborate.log 
Using 2 slave threads.
Starting static elaboration
Pass Through NonSizing Optimizer
Completed static elaboration
Starting simulation data flow analysis
Completed simulation data flow analysis
Time Resolution for simulation is 1ps
Compiling package std.standard
Compiling package std.textio
Compiling package ieee.std_logic_1164
Compiling package ieee.numeric_std
Compiling package ieee.std_logic_textio
Compiling package xil_defaultlib.nn_package
Compiling package xil_defaultlib.conv_pkg
Compiling package unisim.vcomponents
Compiling package ieee.vital_timing
Compiling package ieee.vital_primitives
Compiling package unisim.vpkg
Compiling package ieee.std_logic_arith
Compiling package c_addsub_v12_0_14.c_addsub_v12_0_14_viv_comp
Compiling package xbip_utils_v3_0_10.xbip_utils_v3_0_10_pkg
Compiling package xbip_pipe_v3_0_6.xbip_pipe_v3_0_6_viv_comp
Compiling package xbip_addsub_v3_0_6.xbip_addsub_v3_0_6_viv_comp
Compiling package c_addsub_v12_0_14.c_addsub_v12_0_14_pkg
Compiling package c_addsub_v12_0_14.c_addsub_v12_0_14_pkg_legacy
Compiling package c_reg_fd_v12_0_6.c_reg_fd_v12_0_6_viv_comp
Compiling package cordic_v6_0_17.cordic_v6_0_17_viv_comp
Compiling package axi_utils_v2_0_6.axi_utils_v2_0_6_pkg
Compiling package ieee.math_real
Compiling package axi_utils_v2_0_6.global_util_pkg
Compiling package axi_utils_v2_0_6.axi_utils_comps
Compiling package mult_gen_v12_0_17.mult_gen_v12_0_17_pkg
Compiling package ieee.std_logic_signed
Compiling package cordic_v6_0_17.cordic_pack
Compiling package cordic_v6_0_17.cordic_hdl_comps
Compiling package mult_gen_v12_0_17.mult_gen_v12_0_17_viv_comp
Compiling package mult_gen_v12_0_17.dsp_pkg
Compiling module xil_defaultlib.glbl
Compiling architecture fdre_v of entity unisim.FDRE [fdre_default]
Compiling architecture structural of entity xil_defaultlib.single_reg_w_init [\single_reg_w_init(width=1)(0,3)...]
Compiling architecture structural of entity xil_defaultlib.synth_reg_w_init [\synth_reg_w_init(width=1)(0,3)\]
Compiling architecture behavior of entity xil_defaultlib.xlclockdriver [\xlclockdriver(period=1,log_2_pe...]
Compiling architecture structural of entity xil_defaultlib.stn_32bit_default_clock_driver [stn_32bit_default_clock_driver_d...]
Compiling architecture structural of entity c_reg_fd_v12_0_6.c_reg_fd_v12_0_6_viv [\c_reg_fd_v12_0_6_viv(c_width=33...]
Compiling architecture muxcy_v of entity unisim.MUXCY [muxcy_default]
Compiling architecture xorcy_v of entity unisim.XORCY [xorcy_default]
Compiling architecture rtl of entity c_addsub_v12_0_14.c_addsub_v12_0_14_lut6_legacy [\c_addsub_v12_0_14_lut6_legacy(c...]
Compiling architecture synth of entity c_addsub_v12_0_14.c_addsub_v12_0_14_fabric_legacy [\c_addsub_v12_0_14_fabric_legacy...]
Compiling architecture synth of entity c_addsub_v12_0_14.c_addsub_v12_0_14_legacy [\c_addsub_v12_0_14_legacy(c_fami...]
Compiling architecture synth of entity c_addsub_v12_0_14.c_addsub_v12_0_14_viv [\c_addsub_v12_0_14_viv(c_xdevice...]
Compiling architecture xilinx of entity c_addsub_v12_0_14.c_addsub_v12_0_14 [\c_addsub_v12_0_14(c_xdevicefami...]
Compiling architecture stn_32bit_c_addsub_v12_0_i1_arch of entity xil_defaultlib.stn_32bit_c_addsub_v12_0_i1 [stn_32bit_c_addsub_v12_0_i1_defa...]
Compiling architecture behavior of entity xil_defaultlib.stn_32bit_xladdsub [\stn_32bit_xladdsub(core_name0="...]
Compiling architecture rtl of entity c_addsub_v12_0_14.c_addsub_v12_0_14_lut6_legacy [\c_addsub_v12_0_14_lut6_legacy(c...]
Compiling architecture synth of entity c_addsub_v12_0_14.c_addsub_v12_0_14_fabric_legacy [\c_addsub_v12_0_14_fabric_legacy...]
Compiling architecture synth of entity c_addsub_v12_0_14.c_addsub_v12_0_14_legacy [\c_addsub_v12_0_14_legacy(c_fami...]
Compiling architecture synth of entity c_addsub_v12_0_14.c_addsub_v12_0_14_viv [\c_addsub_v12_0_14_viv(c_xdevice...]
Compiling architecture xilinx of entity c_addsub_v12_0_14.c_addsub_v12_0_14 [\c_addsub_v12_0_14(c_xdevicefami...]
Compiling architecture stn_32bit_c_addsub_v12_0_i0_arch of entity xil_defaultlib.stn_32bit_c_addsub_v12_0_i0 [stn_32bit_c_addsub_v12_0_i0_defa...]
Compiling architecture behavior of entity xil_defaultlib.stn_32bit_xladdsub [\stn_32bit_xladdsub(core_name0="...]
Compiling architecture synth of entity xbip_pipe_v3_0_6.xbip_pipe_v3_0_6_viv [\xbip_pipe_v3_0_6_viv(c_has_ce=1...]
Compiling architecture rtl of entity c_addsub_v12_0_14.c_addsub_v12_0_14_lut6_legacy [\c_addsub_v12_0_14_lut6_legacy(c...]
Compiling architecture synth of entity c_addsub_v12_0_14.c_addsub_v12_0_14_fabric_legacy [\c_addsub_v12_0_14_fabric_legacy...]
Compiling architecture synth of entity c_addsub_v12_0_14.c_addsub_v12_0_14_legacy [\c_addsub_v12_0_14_legacy(c_fami...]
Compiling architecture synth of entity c_addsub_v12_0_14.c_addsub_v12_0_14_viv [\c_addsub_v12_0_14_viv(c_xdevice...]
Compiling architecture synth of entity cordic_v6_0_17.addsub [\addsub(family="zynq",add_mode=2...]
Compiling architecture struct_all of entity cordic_v6_0_17.delay [\delay(delay_len=0,family="zynq"...]
Compiling architecture struct_all of entity cordic_v6_0_17.delay [\delay(delay_len=0,family="zynq"...]
Compiling architecture struct_all of entity cordic_v6_0_17.delay_bit [\delay_bit(delay_len=0,family="z...]
Compiling architecture synth of entity cordic_v6_0_17.cordic_inp_config [\cordic_inp_config(p_xdevicefami...]
Compiling architecture synth of entity cordic_v6_0_17.cordic_dat_acc_slice_par [\cordic_dat_acc_slice_par(p_xdev...]
Compiling architecture synth of entity cordic_v6_0_17.cordic_pha_acc_slice_par [\cordic_pha_acc_slice_par(p_xdev...]
Compiling architecture struct_all of entity cordic_v6_0_17.delay [\delay(delay_len=0,family="zynq"...]
Compiling architecture synth of entity cordic_v6_0_17.cordic_ctrl_slice_par [\cordic_ctrl_slice_par(p_xdevice...]
Compiling architecture synth of entity cordic_v6_0_17.cordic_eng_slice_par [\cordic_eng_slice_par(p_xdevicef...]
Compiling architecture synth of entity cordic_v6_0_17.cordic_dat_acc_slice_par [\cordic_dat_acc_slice_par(p_xdev...]
Compiling architecture synth of entity cordic_v6_0_17.cordic_eng_slice_par [\cordic_eng_slice_par(p_xdevicef...]
Compiling architecture synth of entity cordic_v6_0_17.cordic_dat_acc_slice_par [\cordic_dat_acc_slice_par(p_xdev...]
Compiling architecture synth of entity cordic_v6_0_17.cordic_eng_slice_par [\cordic_eng_slice_par(p_xdevicef...]
Compiling architecture synth of entity cordic_v6_0_17.cordic_dat_acc_slice_par [\cordic_dat_acc_slice_par(p_xdev...]
Compiling architecture synth of entity cordic_v6_0_17.cordic_eng_slice_par [\cordic_eng_slice_par(p_xdevicef...]
Compiling architecture synth of entity cordic_v6_0_17.cordic_dat_acc_slice_par [\cordic_dat_acc_slice_par(p_xdev...]
Compiling architecture synth of entity cordic_v6_0_17.cordic_eng_slice_par [\cordic_eng_slice_par(p_xdevicef...]
Compiling architecture synth of entity cordic_v6_0_17.cordic_dat_acc_slice_par [\cordic_dat_acc_slice_par(p_xdev...]
Compiling architecture synth of entity cordic_v6_0_17.cordic_eng_slice_par [\cordic_eng_slice_par(p_xdevicef...]
Compiling architecture synth of entity cordic_v6_0_17.cordic_dat_acc_slice_par [\cordic_dat_acc_slice_par(p_xdev...]
Compiling architecture synth of entity cordic_v6_0_17.cordic_eng_slice_par [\cordic_eng_slice_par(p_xdevicef...]
Compiling architecture synth of entity cordic_v6_0_17.cordic_dat_acc_slice_par [\cordic_dat_acc_slice_par(p_xdev...]
Compiling architecture synth of entity cordic_v6_0_17.cordic_eng_slice_par [\cordic_eng_slice_par(p_xdevicef...]
Compiling architecture synth of entity cordic_v6_0_17.cordic_dat_acc_slice_par [\cordic_dat_acc_slice_par(p_xdev...]
Compiling architecture synth of entity cordic_v6_0_17.cordic_eng_slice_par [\cordic_eng_slice_par(p_xdevicef...]
Compiling architecture synth of entity cordic_v6_0_17.cordic_dat_acc_slice_par [\cordic_dat_acc_slice_par(p_xdev...]
Compiling architecture synth of entity cordic_v6_0_17.cordic_eng_slice_par [\cordic_eng_slice_par(p_xdevicef...]
Compiling architecture synth of entity cordic_v6_0_17.cordic_dat_acc_slice_par [\cordic_dat_acc_slice_par(p_xdev...]
Compiling architecture synth of entity cordic_v6_0_17.cordic_eng_slice_par [\cordic_eng_slice_par(p_xdevicef...]
Compiling architecture synth of entity cordic_v6_0_17.cordic_dat_acc_slice_par [\cordic_dat_acc_slice_par(p_xdev...]
Compiling architecture synth of entity cordic_v6_0_17.cordic_eng_slice_par [\cordic_eng_slice_par(p_xdevicef...]
Compiling architecture synth of entity cordic_v6_0_17.cordic_dat_acc_slice_par [\cordic_dat_acc_slice_par(p_xdev...]
Compiling architecture synth of entity cordic_v6_0_17.cordic_eng_slice_par [\cordic_eng_slice_par(p_xdevicef...]
Compiling architecture synth of entity cordic_v6_0_17.cordic_dat_acc_slice_par [\cordic_dat_acc_slice_par(p_xdev...]
Compiling architecture synth of entity cordic_v6_0_17.cordic_eng_slice_par [\cordic_eng_slice_par(p_xdevicef...]
Compiling architecture synth of entity cordic_v6_0_17.cordic_dat_acc_slice_par [\cordic_dat_acc_slice_par(p_xdev...]
Compiling architecture synth of entity cordic_v6_0_17.cordic_eng_slice_par [\cordic_eng_slice_par(p_xdevicef...]
Compiling architecture synth of entity cordic_v6_0_17.cordic_dat_acc_slice_par [\cordic_dat_acc_slice_par(p_xdev...]
Compiling architecture synth of entity cordic_v6_0_17.cordic_eng_slice_par [\cordic_eng_slice_par(p_xdevicef...]
Compiling architecture synth of entity cordic_v6_0_17.cordic_dat_acc_slice_par [\cordic_dat_acc_slice_par(p_xdev...]
Compiling architecture synth of entity cordic_v6_0_17.cordic_eng_slice_par [\cordic_eng_slice_par(p_xdevicef...]
Compiling architecture synth of entity cordic_v6_0_17.cordic_dat_acc_slice_par [\cordic_dat_acc_slice_par(p_xdev...]
Compiling architecture synth of entity cordic_v6_0_17.cordic_eng_slice_par [\cordic_eng_slice_par(p_xdevicef...]
Compiling architecture synth of entity cordic_v6_0_17.cordic_dat_acc_slice_par [\cordic_dat_acc_slice_par(p_xdev...]
Compiling architecture synth of entity cordic_v6_0_17.cordic_eng_slice_par [\cordic_eng_slice_par(p_xdevicef...]
Compiling architecture synth of entity cordic_v6_0_17.cordic_dat_acc_slice_par [\cordic_dat_acc_slice_par(p_xdev...]
Compiling architecture synth of entity cordic_v6_0_17.cordic_eng_slice_par [\cordic_eng_slice_par(p_xdevicef...]
Compiling architecture synth of entity cordic_v6_0_17.cordic_dat_acc_slice_par [\cordic_dat_acc_slice_par(p_xdev...]
Compiling architecture synth of entity cordic_v6_0_17.cordic_eng_slice_par [\cordic_eng_slice_par(p_xdevicef...]
Compiling architecture synth of entity cordic_v6_0_17.cordic_dat_acc_slice_par [\cordic_dat_acc_slice_par(p_xdev...]
Compiling architecture synth of entity cordic_v6_0_17.cordic_eng_slice_par [\cordic_eng_slice_par(p_xdevicef...]
Compiling architecture synth of entity cordic_v6_0_17.cordic_dat_acc_slice_par [\cordic_dat_acc_slice_par(p_xdev...]
Compiling architecture synth of entity cordic_v6_0_17.cordic_eng_slice_par [\cordic_eng_slice_par(p_xdevicef...]
Compiling architecture synth of entity cordic_v6_0_17.cordic_dat_acc_slice_par [\cordic_dat_acc_slice_par(p_xdev...]
Compiling architecture synth of entity cordic_v6_0_17.cordic_eng_slice_par [\cordic_eng_slice_par(p_xdevicef...]
Compiling architecture synth of entity cordic_v6_0_17.cordic_dat_acc_slice_par [\cordic_dat_acc_slice_par(p_xdev...]
Compiling architecture synth of entity cordic_v6_0_17.cordic_eng_slice_par [\cordic_eng_slice_par(p_xdevicef...]
Compiling architecture synth of entity cordic_v6_0_17.cordic_dat_acc_slice_par [\cordic_dat_acc_slice_par(p_xdev...]
Compiling architecture synth of entity cordic_v6_0_17.cordic_eng_slice_par [\cordic_eng_slice_par(p_xdevicef...]
Compiling architecture synth of entity cordic_v6_0_17.cordic_dat_acc_slice_par [\cordic_dat_acc_slice_par(p_xdev...]
Compiling architecture synth of entity cordic_v6_0_17.cordic_eng_slice_par [\cordic_eng_slice_par(p_xdevicef...]
Compiling architecture synth of entity cordic_v6_0_17.cordic_dat_acc_slice_par [\cordic_dat_acc_slice_par(p_xdev...]
Compiling architecture synth of entity cordic_v6_0_17.cordic_eng_slice_par [\cordic_eng_slice_par(p_xdevicef...]
Compiling architecture synth of entity cordic_v6_0_17.cordic_dat_acc_slice_par [\cordic_dat_acc_slice_par(p_xdev...]
Compiling architecture synth of entity cordic_v6_0_17.cordic_eng_slice_par [\cordic_eng_slice_par(p_xdevicef...]
Compiling architecture synth of entity cordic_v6_0_17.cordic_dat_acc_slice_par [\cordic_dat_acc_slice_par(p_xdev...]
Compiling architecture synth of entity cordic_v6_0_17.cordic_eng_slice_par [\cordic_eng_slice_par(p_xdevicef...]
Compiling architecture synth of entity cordic_v6_0_17.cordic_eng [\cordic_eng(p_xdevicefamily="zyn...]
Compiling architecture struct_all of entity cordic_v6_0_17.delay [\delay(delay_len=0,family="zynq"...]
Compiling architecture synth of entity cordic_v6_0_17.cordic_round [\cordic_round(p_xdevicefamily="z...]
Compiling architecture synth of entity cordic_v6_0_17.cordic_out_config [\cordic_out_config(p_xdevicefami...]
Compiling architecture synth of entity cordic_v6_0_17.cordic_v6_0_17_synth [\cordic_v6_0_17_synth(c_architec...]
Compiling architecture synth of entity cordic_v6_0_17.cordic_v6_0_17_viv [\cordic_v6_0_17_viv(c_architectu...]
Compiling architecture xilinx of entity cordic_v6_0_17.cordic_v6_0_17 [\cordic_v6_0_17(c_architecture=2...]
Compiling architecture stn_32bit_cordic_v6_0_i0_arch of entity xil_defaultlib.stn_32bit_cordic_v6_0_i0 [stn_32bit_cordic_v6_0_i0_default]
Compiling architecture behavior of entity xil_defaultlib.xlcordic_1aad9bd5c23a8c07dd7ff3cd2fd8798d [xlcordic_1aad9bd5c23a8c07dd7ff3c...]
Compiling architecture behavior of entity xil_defaultlib.sysgen_constant_e0624bab83 [sysgen_constant_e0624bab83_defau...]
Compiling architecture behavior of entity xil_defaultlib.sysgen_constant_7980517fa5 [sysgen_constant_7980517fa5_defau...]
Compiling architecture behavior of entity xil_defaultlib.sysgen_constant_5b29f3e57b [sysgen_constant_5b29f3e57b_defau...]
Compiling architecture behavior of entity xil_defaultlib.sysgen_constant_0c6b43914a [sysgen_constant_0c6b43914a_defau...]
Compiling architecture behavior of entity xil_defaultlib.sysgen_constant_80a8ec898f [sysgen_constant_80a8ec898f_defau...]
Compiling architecture behavior of entity xil_defaultlib.sysgen_constant_2930f523d9 [sysgen_constant_2930f523d9_defau...]
Compiling architecture behavior of entity xil_defaultlib.sysgen_constant_d5c70e0488 [sysgen_constant_d5c70e0488_defau...]
Compiling architecture behavior of entity xil_defaultlib.sysgen_inverter_c4b51b1248 [sysgen_inverter_c4b51b1248_defau...]
Compiling architecture behavior of entity xil_defaultlib.sysgen_logical_69e81b4545 [sysgen_logical_69e81b4545_defaul...]
Compiling architecture behavior of entity xil_defaultlib.sysgen_mux_6d66ecdd82 [sysgen_mux_6d66ecdd82_default]
Compiling architecture behavior of entity xil_defaultlib.sysgen_relational_7de1ca46ef [sysgen_relational_7de1ca46ef_def...]
Compiling architecture behavior of entity xil_defaultlib.sysgen_relational_e554fed128 [sysgen_relational_e554fed128_def...]
Compiling architecture behavior of entity xil_defaultlib.sysgen_shift_0eed059850 [sysgen_shift_0eed059850_default]
Compiling architecture behavior of entity xil_defaultlib.stn_32bit_xlslice [\stn_32bit_xlslice(new_msb=31,ne...]
Compiling architecture structural of entity xil_defaultlib.stn_32bit_subsystem [stn_32bit_subsystem_default]
Compiling architecture structural of entity xil_defaultlib.stn_32bit_subsystem1 [stn_32bit_subsystem1_default]
Compiling architecture behavior of entity xil_defaultlib.sysgen_constant_fced021fae [sysgen_constant_fced021fae_defau...]
Compiling architecture xilinx of entity mult_gen_v12_0_17.delay_line [\delay_line(c_xdevicefamily="zyn...]
Compiling architecture xilinx of entity mult_gen_v12_0_17.delay_line [\delay_line(c_xdevicefamily="zyn...]
Compiling architecture xilinx of entity mult_gen_v12_0_17.delay_line [\delay_line(c_xdevicefamily="zyn...]
Compiling architecture dsp48e1_v of entity unisim.DSP48E1 [\DSP48E1(alumodereg=0,carryinreg...]
Compiling architecture xilinx of entity mult_gen_v12_0_17.delay_line [\delay_line(c_xdevicefamily="zyn...]
Compiling architecture xilinx of entity mult_gen_v12_0_17.delay_line [\delay_line(c_xdevicefamily="zyn...]
Compiling architecture dsp48e1_v of entity unisim.DSP48E1 [\DSP48E1(acascreg=0,areg=0,a_inp...]
Compiling architecture dsp48e1_v of entity unisim.DSP48E1 [\DSP48E1(acascreg=2,alumodereg=0...]
Compiling architecture dsp48e1_v of entity unisim.DSP48E1 [\DSP48E1(acascreg=0,alumodereg=0...]
Compiling architecture xilinx of entity mult_gen_v12_0_17.delay_line [\delay_line(c_xdevicefamily="zyn...]
Compiling architecture xilinx of entity mult_gen_v12_0_17.op_resize [\op_resize(ai_width=32,bi_width=...]
Compiling architecture xilinx of entity mult_gen_v12_0_17.dsp [\dsp(c_xdevicefamily="zynq",c_a_...]
Compiling architecture xilinx of entity mult_gen_v12_0_17.mult_gen_v12_0_17_viv [\mult_gen_v12_0_17_viv(c_verbosi...]
Compiling architecture xilinx of entity mult_gen_v12_0_17.mult_gen_v12_0_17 [\mult_gen_v12_0_17(c_xdevicefami...]
Compiling architecture stn_32bit_mult_gen_v12_0_i0_arch of entity xil_defaultlib.stn_32bit_mult_gen_v12_0_i0 [stn_32bit_mult_gen_v12_0_i0_defa...]
Compiling architecture behavior of entity xil_defaultlib.stn_32bit_xlmult [\stn_32bit_xlmult(core_name0="st...]
Compiling architecture behavior of entity xil_defaultlib.stn_32bit_xlmult [\stn_32bit_xlmult(core_name0="st...]
Compiling architecture behavior of entity xil_defaultlib.stn_32bit_xlmult [\stn_32bit_xlmult(core_name0="st...]
Compiling architecture behavior of entity xil_defaultlib.sysgen_constant_c37656a0d7 [sysgen_constant_c37656a0d7_defau...]
Compiling architecture behavior of entity xil_defaultlib.sysgen_constant_5ab8cecb0c [sysgen_constant_5ab8cecb0c_defau...]
Compiling architecture structural of entity xil_defaultlib.single_reg_w_init [\single_reg_w_init(width=32,init...]
Compiling architecture structural of entity xil_defaultlib.synth_reg_w_init [\synth_reg_w_init(width=32,init_...]
Compiling architecture behavior of entity xil_defaultlib.stn_32bit_xlregister [\stn_32bit_xlregister(d_width=32...]
Compiling architecture structural of entity xil_defaultlib.stn_32bit_cordic_ip_based_sumoftwoneurons [stn_32bit_cordic_ip_based_sumoft...]
Compiling architecture structural of entity xil_defaultlib.stn_32bit_struct [stn_32bit_struct_default]
Compiling architecture structural of entity xil_defaultlib.stn_32bit [stn_32bit_default]
Compiling architecture stn_32bit_0_arch of entity xil_defaultlib.stn_32bit_0 [stn_32bit_0_default]
Compiling architecture behavioral of entity xil_defaultlib.sysgen_STN [sysgen_stn_default]
Compiling architecture behavioral of entity xil_defaultlib.sysgen_stn_tb
Built simulation snapshot sysgen_STN_tb_behav
run_program: Time (s): cpu = 00:00:01 ; elapsed = 00:00:22 . Memory (MB): peak = 1283.109 ; gain = 0.000
INFO: [USF-XSim-69] 'elaborate' step finished in '22' seconds
INFO: [USF-XSim-4] XSim::Simulate design
INFO: [USF-XSim-61] Executing 'SIMULATE' step in 'E:/FPGAProject/01102022/FPGAResearch/5_Final_Submission/Simulink/IP_Core_Based/TN_32bit/STN_32bit/vivado/sysgen_STN/sysgen_STN.sim/sim_1/behav/xsim'
INFO: [USF-XSim-98] *** Running xsim
   with args "sysgen_STN_tb_behav -key {Behavioral:sim_1:Functional:sysgen_STN_tb} -tclbatch {sysgen_STN_tb.tcl} -log {simulate.log}"
INFO: [USF-XSim-8] Loading simulator feature
Time resolution is 1 ps
source sysgen_STN_tb.tcl
# set curr_wave [current_wave_config]
# if { [string length $curr_wave] == 0 } {
#   if { [llength [get_objects]] > 0} {
#     add_wave /
#     set_property needs_save false [current_wave_config]
#   } else {
#      send_msg_id Add_Wave-1 WARNING "No top level signals found. Simulator will start without a wave window. If you want to open a wave window go to 'File->New Waveform Configuration' or type 'create_wave_config' in the TCL console."
#   }
# }
WARNING: Simulation object /sysgen_STN_tb/result was not traceable in the design for the following reason:
Vivado Simulator does not yet support tracing of VHDL variables.
WARNING: Simulation object /sysgen_STN_tb/result_cos was not traceable in the design for the following reason:
Vivado Simulator does not yet support tracing of VHDL variables.
WARNING: Simulation object /sysgen_STN_tb/result_sin was not traceable in the design for the following reason:
Vivado Simulator does not yet support tracing of VHDL variables.
WARNING: Simulation object /sysgen_STN_tb/file_RESULTS was not traceable in the design for the following reason:
Vivado Simulator does not yet support tracing of VHDL variables.
WARNING: Simulation object /sysgen_STN_tb/file_RESULTS_Sin was not traceable in the design for the following reason:
Vivado Simulator does not yet support tracing of VHDL variables.
WARNING: Simulation object /sysgen_STN_tb/file_RESULTS_Cos was not traceable in the design for the following reason:
Vivado Simulator does not yet support tracing of VHDL variables.
# run 1000ns
INFO: [USF-XSim-96] XSim completed. Design snapshot 'sysgen_STN_tb_behav' loaded.
INFO: [USF-XSim-97] XSim simulation ran for 1000ns
launch_simulation: Time (s): cpu = 00:00:04 ; elapsed = 00:00:32 . Memory (MB): peak = 1283.109 ; gain = 0.000
run 81 us
run: Time (s): cpu = 00:00:24 ; elapsed = 00:02:15 . Memory (MB): peak = 1283.109 ; gain = 0.000
save_wave_config {E:/FPGAProject/01102022/FPGAResearch/5_Final_Submission/Simulink/IP_Core_Based/TN_32bit/STN_32bit/vivado/sysgen_STN/sysgen_STN_tb_behav.wcfg}
add_files -fileset sim_1 -norecurse E:/FPGAProject/01102022/FPGAResearch/5_Final_Submission/Simulink/IP_Core_Based/TN_32bit/STN_32bit/vivado/sysgen_STN/sysgen_STN_tb_behav.wcfg
set_property xsim.view E:/FPGAProject/01102022/FPGAResearch/5_Final_Submission/Simulink/IP_Core_Based/TN_32bit/STN_32bit/vivado/sysgen_STN/sysgen_STN_tb_behav.wcfg [get_filesets sim_1]
close_sim
INFO: [Simtcl 6-16] Simulation closed
exit
INFO: [Common 17-206] Exiting Vivado at Sat Dec  3 00:35:22 2022...
