INFO: [VRFC 10-163] Analyzing VHDL file "E:/FPGAProject/01102022/FPGAResearch/5_Final_Submission/Simulink/IP_Core_Based/TN_16bit/vivado/sysgen_STN/sysgen_STN.gen/sources_1/ip/stn_16bit_0_3/stn_16bit_c_addsub_v12_0_i0/sim/stn_16bit_c_addsub_v12_0_i0.vhd" into library xil_defaultlib
INFO: [VRFC 10-3107] analyzing entity 'stn_16bit_c_addsub_v12_0_i0'
INFO: [VRFC 10-163] Analyzing VHDL file "E:/FPGAProject/01102022/FPGAResearch/5_Final_Submission/Simulink/IP_Core_Based/TN_16bit/vivado/sysgen_STN/sysgen_STN.gen/sources_1/ip/stn_16bit_0_3/stn_16bit_c_addsub_v12_0_i1/sim/stn_16bit_c_addsub_v12_0_i1.vhd" into library xil_defaultlib
INFO: [VRFC 10-3107] analyzing entity 'stn_16bit_c_addsub_v12_0_i1'
INFO: [VRFC 10-163] Analyzing VHDL file "E:/FPGAProject/01102022/FPGAResearch/5_Final_Submission/Simulink/IP_Core_Based/TN_16bit/vivado/sysgen_STN/sysgen_STN.gen/sources_1/ip/stn_16bit_0_3/stn_16bit_cordic_v6_0_i0/sim/stn_16bit_cordic_v6_0_i0.vhd" into library xil_defaultlib
INFO: [VRFC 10-3107] analyzing entity 'stn_16bit_cordic_v6_0_i0'
INFO: [VRFC 10-163] Analyzing VHDL file "E:/FPGAProject/01102022/FPGAResearch/5_Final_Submission/Simulink/IP_Core_Based/TN_16bit/vivado/sysgen_STN/sysgen_STN.gen/sources_1/ip/stn_16bit_0_3/stn_16bit_mult_gen_v12_0_i0/sim/stn_16bit_mult_gen_v12_0_i0.vhd" into library xil_defaultlib
INFO: [VRFC 10-3107] analyzing entity 'stn_16bit_mult_gen_v12_0_i0'
INFO: [VRFC 10-163] Analyzing VHDL file "E:/FPGAProject/01102022/FPGAResearch/5_Final_Submission/Simulink/IP_Core_Based/TN_16bit/vivado/sysgen_STN/sysgen_STN.ip_user_files/ipstatic/xil_defaultlib/hdl/conv_pkg.vhd" into library xil_defaultlib
INFO: [VRFC 10-163] Analyzing VHDL file "E:/FPGAProject/01102022/FPGAResearch/5_Final_Submission/Simulink/IP_Core_Based/TN_16bit/vivado/sysgen_STN/sysgen_STN.ip_user_files/ipstatic/xil_defaultlib/hdl/synth_reg.vhd" into library xil_defaultlib
INFO: [VRFC 10-3107] analyzing entity 'synth_reg'
INFO: [VRFC 10-163] Analyzing VHDL file "E:/FPGAProject/01102022/FPGAResearch/5_Final_Submission/Simulink/IP_Core_Based/TN_16bit/vivado/sysgen_STN/sysgen_STN.ip_user_files/ipstatic/xil_defaultlib/hdl/synth_reg_w_init.vhd" into library xil_defaultlib
INFO: [VRFC 10-3107] analyzing entity 'synth_reg_w_init'
INFO: [VRFC 10-163] Analyzing VHDL file "E:/FPGAProject/01102022/FPGAResearch/5_Final_Submission/Simulink/IP_Core_Based/TN_16bit/vivado/sysgen_STN/sysgen_STN.ip_user_files/ipstatic/xil_defaultlib/hdl/srl17e.vhd" into library xil_defaultlib
INFO: [VRFC 10-3107] analyzing entity 'srl17e'
INFO: [VRFC 10-163] Analyzing VHDL file "E:/FPGAProject/01102022/FPGAResearch/5_Final_Submission/Simulink/IP_Core_Based/TN_16bit/vivado/sysgen_STN/sysgen_STN.ip_user_files/ipstatic/xil_defaultlib/hdl/srl33e.vhd" into library xil_defaultlib
INFO: [VRFC 10-3107] analyzing entity 'srlc33e'
INFO: [VRFC 10-163] Analyzing VHDL file "E:/FPGAProject/01102022/FPGAResearch/5_Final_Submission/Simulink/IP_Core_Based/TN_16bit/vivado/sysgen_STN/sysgen_STN.ip_user_files/ipstatic/xil_defaultlib/hdl/synth_reg_reg.vhd" into library xil_defaultlib
INFO: [VRFC 10-3107] analyzing entity 'synth_reg_reg'
INFO: [VRFC 10-163] Analyzing VHDL file "E:/FPGAProject/01102022/FPGAResearch/5_Final_Submission/Simulink/IP_Core_Based/TN_16bit/vivado/sysgen_STN/sysgen_STN.ip_user_files/ipstatic/xil_defaultlib/hdl/single_reg_w_init.vhd" into library xil_defaultlib
INFO: [VRFC 10-3107] analyzing entity 'single_reg_w_init'
INFO: [VRFC 10-163] Analyzing VHDL file "E:/FPGAProject/01102022/FPGAResearch/5_Final_Submission/Simulink/IP_Core_Based/TN_16bit/vivado/sysgen_STN/sysgen_STN.ip_user_files/ipstatic/xil_defaultlib/hdl/xlclockdriver_rd.vhd" into library xil_defaultlib
INFO: [VRFC 10-3107] analyzing entity 'xlclockdriver'
INFO: [VRFC 10-163] Analyzing VHDL file "E:/FPGAProject/01102022/FPGAResearch/5_Final_Submission/Simulink/IP_Core_Based/TN_16bit/vivado/sysgen_STN/sysgen_STN.ip_user_files/ipstatic/xil_defaultlib/hdl/stn_16bit_entity_declarations.vhd" into library xil_defaultlib
INFO: [VRFC 10-3107] analyzing entity 'sysgen_constant_693bad5bbb'
INFO: [VRFC 10-3107] analyzing entity 'sysgen_constant_883301bae9'
INFO: [VRFC 10-3107] analyzing entity 'sysgen_constant_71bfc7d96c'
INFO: [VRFC 10-3107] analyzing entity 'sysgen_constant_d3eecd1a63'
INFO: [VRFC 10-3107] analyzing entity 'sysgen_constant_074aca0999'
INFO: [VRFC 10-3107] analyzing entity 'sysgen_constant_63dd8e5609'
INFO: [VRFC 10-3107] analyzing entity 'sysgen_constant_59d7a09762'
INFO: [VRFC 10-3107] analyzing entity 'sysgen_constant_c8be316fba'
INFO: [VRFC 10-3107] analyzing entity 'sysgen_constant_9d5f01882d'
INFO: [VRFC 10-3107] analyzing entity 'sysgen_constant_a83c06ebb5'
INFO: [VRFC 10-3107] analyzing entity 'sysgen_inverter_093109fc15'
INFO: [VRFC 10-3107] analyzing entity 'sysgen_logical_cd9e0c0419'
INFO: [VRFC 10-3107] analyzing entity 'sysgen_mux_fa81cf80b1'
INFO: [VRFC 10-3107] analyzing entity 'sysgen_relational_f767c8578e'
INFO: [VRFC 10-3107] analyzing entity 'sysgen_relational_fc0fe97981'
INFO: [VRFC 10-3107] analyzing entity 'sysgen_shift_826b2e0d0c'
INFO: [VRFC 10-3107] analyzing entity 'stn_16bit_xlslice'
INFO: [VRFC 10-3107] analyzing entity 'stn_16bit_xladdsub'
INFO: [VRFC 10-3107] analyzing entity 'xlcordic_42a051611ad73b92ffe37c70245f0072'
INFO: [VRFC 10-3107] analyzing entity 'stn_16bit_xlmult'
INFO: [VRFC 10-163] Analyzing VHDL file "E:/FPGAProject/01102022/FPGAResearch/5_Final_Submission/Simulink/IP_Core_Based/TN_16bit/vivado/sysgen_STN/sysgen_STN.ip_user_files/ipstatic/xil_defaultlib/hdl/stn_16bit.vhd" into library xil_defaultlib
INFO: [VRFC 10-3107] analyzing entity 'stn_16bit_subsystem_x0'
INFO: [VRFC 10-3107] analyzing entity 'stn_16bit_subsystem1'
INFO: [VRFC 10-3107] analyzing entity 'stn_16bit_subsystem'
INFO: [VRFC 10-3107] analyzing entity 'stn_16bit_struct'
INFO: [VRFC 10-3107] analyzing entity 'stn_16bit_default_clock_driver'
INFO: [VRFC 10-3107] analyzing entity 'stn_16bit'
INFO: [VRFC 10-163] Analyzing VHDL file "E:/FPGAProject/01102022/FPGAResearch/5_Final_Submission/Simulink/IP_Core_Based/TN_16bit/vivado/sysgen_STN/sysgen_STN.gen/sources_1/ip/stn_16bit_0_3/sim/stn_16bit_0.vhd" into library xil_defaultlib
INFO: [VRFC 10-3107] analyzing entity 'stn_16bit_0'
