INFO: [VRFC 10-163] Analyzing VHDL file "E:/FPGAProject/01102022/FPGAResearch/5_Final_Submission/Simulink/BRAM_LT_Based/BRAM8bit/vivado/sysgen_STN/sysgen_STN.gen/sources_1/ip/bram_stn_8bit_0/bram_stn_8bit_c_addsub_v12_0_i0/sim/bram_stn_8bit_c_addsub_v12_0_i0.vhd" into library xil_defaultlib
INFO: [VRFC 10-3107] analyzing entity 'bram_stn_8bit_c_addsub_v12_0_i0'
INFO: [VRFC 10-163] Analyzing VHDL file "E:/FPGAProject/01102022/FPGAResearch/5_Final_Submission/Simulink/BRAM_LT_Based/BRAM8bit/vivado/sysgen_STN/sysgen_STN.gen/sources_1/ip/bram_stn_8bit_0/bram_stn_8bit_c_addsub_v12_0_i1/sim/bram_stn_8bit_c_addsub_v12_0_i1.vhd" into library xil_defaultlib
INFO: [VRFC 10-3107] analyzing entity 'bram_stn_8bit_c_addsub_v12_0_i1'
INFO: [VRFC 10-163] Analyzing VHDL file "E:/FPGAProject/01102022/FPGAResearch/5_Final_Submission/Simulink/BRAM_LT_Based/BRAM8bit/vivado/sysgen_STN/sysgen_STN.gen/sources_1/ip/bram_stn_8bit_0/bram_stn_8bit_div_gen_v5_1_i0/sim/bram_stn_8bit_div_gen_v5_1_i0.vhd" into library xil_defaultlib
INFO: [VRFC 10-3107] analyzing entity 'bram_stn_8bit_div_gen_v5_1_i0'
INFO: [VRFC 10-163] Analyzing VHDL file "E:/FPGAProject/01102022/FPGAResearch/5_Final_Submission/Simulink/BRAM_LT_Based/BRAM8bit/vivado/sysgen_STN/sysgen_STN.gen/sources_1/ip/bram_stn_8bit_0/bram_stn_8bit_mult_gen_v12_0_i0/sim/bram_stn_8bit_mult_gen_v12_0_i0.vhd" into library xil_defaultlib
INFO: [VRFC 10-3107] analyzing entity 'bram_stn_8bit_mult_gen_v12_0_i0'
INFO: [VRFC 10-163] Analyzing VHDL file "E:/FPGAProject/01102022/FPGAResearch/5_Final_Submission/Simulink/BRAM_LT_Based/BRAM8bit/vivado/sysgen_STN/sysgen_STN.ip_user_files/ipstatic/xil_defaultlib/hdl/conv_pkg.vhd" into library xil_defaultlib
INFO: [VRFC 10-163] Analyzing VHDL file "E:/FPGAProject/01102022/FPGAResearch/5_Final_Submission/Simulink/BRAM_LT_Based/BRAM8bit/vivado/sysgen_STN/sysgen_STN.ip_user_files/ipstatic/xil_defaultlib/hdl/synth_reg.vhd" into library xil_defaultlib
INFO: [VRFC 10-3107] analyzing entity 'synth_reg'
INFO: [VRFC 10-163] Analyzing VHDL file "E:/FPGAProject/01102022/FPGAResearch/5_Final_Submission/Simulink/BRAM_LT_Based/BRAM8bit/vivado/sysgen_STN/sysgen_STN.ip_user_files/ipstatic/xil_defaultlib/hdl/synth_reg_w_init.vhd" into library xil_defaultlib
INFO: [VRFC 10-3107] analyzing entity 'synth_reg_w_init'
INFO: [VRFC 10-163] Analyzing VHDL file "E:/FPGAProject/01102022/FPGAResearch/5_Final_Submission/Simulink/BRAM_LT_Based/BRAM8bit/vivado/sysgen_STN/sysgen_STN.ip_user_files/ipstatic/xil_defaultlib/hdl/srl17e.vhd" into library xil_defaultlib
INFO: [VRFC 10-3107] analyzing entity 'srl17e'
INFO: [VRFC 10-163] Analyzing VHDL file "E:/FPGAProject/01102022/FPGAResearch/5_Final_Submission/Simulink/BRAM_LT_Based/BRAM8bit/vivado/sysgen_STN/sysgen_STN.ip_user_files/ipstatic/xil_defaultlib/hdl/srl33e.vhd" into library xil_defaultlib
INFO: [VRFC 10-3107] analyzing entity 'srlc33e'
INFO: [VRFC 10-163] Analyzing VHDL file "E:/FPGAProject/01102022/FPGAResearch/5_Final_Submission/Simulink/BRAM_LT_Based/BRAM8bit/vivado/sysgen_STN/sysgen_STN.ip_user_files/ipstatic/xil_defaultlib/hdl/synth_reg_reg.vhd" into library xil_defaultlib
INFO: [VRFC 10-3107] analyzing entity 'synth_reg_reg'
INFO: [VRFC 10-163] Analyzing VHDL file "E:/FPGAProject/01102022/FPGAResearch/5_Final_Submission/Simulink/BRAM_LT_Based/BRAM8bit/vivado/sysgen_STN/sysgen_STN.ip_user_files/ipstatic/xil_defaultlib/hdl/single_reg_w_init.vhd" into library xil_defaultlib
INFO: [VRFC 10-3107] analyzing entity 'single_reg_w_init'
INFO: [VRFC 10-163] Analyzing VHDL file "E:/FPGAProject/01102022/FPGAResearch/5_Final_Submission/Simulink/BRAM_LT_Based/BRAM8bit/vivado/sysgen_STN/sysgen_STN.ip_user_files/ipstatic/xil_defaultlib/hdl/xlclockdriver_rd.vhd" into library xil_defaultlib
INFO: [VRFC 10-3107] analyzing entity 'xlclockdriver'
INFO: [VRFC 10-163] Analyzing VHDL file "E:/FPGAProject/01102022/FPGAResearch/5_Final_Submission/Simulink/BRAM_LT_Based/BRAM8bit/vivado/sysgen_STN/sysgen_STN.ip_user_files/ipstatic/xil_defaultlib/hdl/bram_stn_8bit_entity_declarations.vhd" into library xil_defaultlib
INFO: [VRFC 10-3107] analyzing entity 'sysgen_constant_3ea89920d0'
INFO: [VRFC 10-3107] analyzing entity 'sysgen_constant_5839c9c099'
INFO: [VRFC 10-3107] analyzing entity 'sysgen_constant_d9c88e2585'
INFO: [VRFC 10-3107] analyzing entity 'sysgen_constant_e713949fd7'
INFO: [VRFC 10-3107] analyzing entity 'sysgen_constant_00ba788a83'
INFO: [VRFC 10-3107] analyzing entity 'sysgen_constant_ad24d6571e'
INFO: [VRFC 10-3107] analyzing entity 'sysgen_constant_6d417bbfff'
INFO: [VRFC 10-3107] analyzing entity 'sysgen_constant_1ba6c5c057'
INFO: [VRFC 10-3107] analyzing entity 'sysgen_constant_151cdbfc78'
INFO: [VRFC 10-3107] analyzing entity 'sysgen_inverter_864201ba1e'
INFO: [VRFC 10-3107] analyzing entity 'sysgen_logical_c3ef2f7ec4'
INFO: [VRFC 10-3107] analyzing entity 'sysgen_mux_f90c85e642'
INFO: [VRFC 10-3107] analyzing entity 'sysgen_relational_c871ec9abe'
INFO: [VRFC 10-3107] analyzing entity 'sysgen_relational_0953bd4278'
INFO: [VRFC 10-3107] analyzing entity 'sysgen_shift_9fcf498671'
INFO: [VRFC 10-3107] analyzing entity 'bram_stn_8bit_xlslice'
INFO: [VRFC 10-3107] analyzing entity 'sysgen_constant_61d431801b'
INFO: [VRFC 10-3107] analyzing entity 'sysgen_shift_f86ac2306c'
INFO: [VRFC 10-3107] analyzing entity 'bram_stn_8bit_xlsprom'
INFO: [VRFC 10-3107] analyzing entity 'bram_stn_8bit_xladdsub'
INFO: [VRFC 10-3107] analyzing entity 'xldivider_generator_18a044dda157e594933af973905d4e82'
INFO: [VRFC 10-3107] analyzing entity 'bram_stn_8bit_xlmult'
INFO: [VRFC 10-163] Analyzing VHDL file "E:/FPGAProject/01102022/FPGAResearch/5_Final_Submission/Simulink/BRAM_LT_Based/BRAM8bit/vivado/sysgen_STN/sysgen_STN.ip_user_files/ipstatic/xil_defaultlib/hdl/bram_stn_8bit.vhd" into library xil_defaultlib
INFO: [VRFC 10-3107] analyzing entity 'bram_stn_8bit_subsystem_x1'
INFO: [VRFC 10-3107] analyzing entity 'bram_stn_8bit_subsystem_x0'
INFO: [VRFC 10-3107] analyzing entity 'bram_stn_8bit_subsystem_x2'
INFO: [VRFC 10-3107] analyzing entity 'bram_stn_8bit_subsystem1'
INFO: [VRFC 10-3107] analyzing entity 'bram_stn_8bit_subsystem'
INFO: [VRFC 10-3107] analyzing entity 'bram_stn_8bit_struct'
INFO: [VRFC 10-3107] analyzing entity 'bram_stn_8bit_default_clock_driver'
INFO: [VRFC 10-3107] analyzing entity 'bram_stn_8bit'
INFO: [VRFC 10-163] Analyzing VHDL file "E:/FPGAProject/01102022/FPGAResearch/5_Final_Submission/Simulink/BRAM_LT_Based/BRAM8bit/vivado/sysgen_STN/sysgen_STN.gen/sources_1/ip/bram_stn_8bit_0/sim/bram_stn_8bit_0.vhd" into library xil_defaultlib
INFO: [VRFC 10-3107] analyzing entity 'bram_stn_8bit_0'
INFO: [VRFC 10-163] Analyzing VHDL file "E:/FPGAProject/01102022/FPGAResearch/5_Final_Submission/Simulink/BRAM_LT_Based/BRAM8bit/vivado/sysgen_STN/sysgen_STN.srcs/sources_1/new/input_package.vhd" into library xil_defaultlib
INFO: [VRFC 10-163] Analyzing VHDL file "E:/FPGAProject/01102022/FPGAResearch/5_Final_Submission/Simulink/BRAM_LT_Based/BRAM8bit/vivado/sysgen_STN/sysgen_STN.srcs/sources_1/new/sysgen_STN.vhd" into library xil_defaultlib
INFO: [VRFC 10-3107] analyzing entity 'sysgen_STN'
INFO: [VRFC 10-163] Analyzing VHDL file "E:/FPGAProject/01102022/FPGAResearch/5_Final_Submission/Simulink/BRAM_LT_Based/BRAM8bit/vivado/sysgen_STN/sysgen_STN.srcs/sources_1/new/sysgen_STN_tb.vhd" into library xil_defaultlib
INFO: [VRFC 10-3107] analyzing entity 'sysgen_STN_tb'
