INFO: [VRFC 10-2263] Analyzing Verilog file "E:/FPGAProject/01102022/FPGAResearch/5_Final_Submission/Simulink/IP_Core_Based/TN_32bit/STN_32bit/vivado/sysgen_STN/sysgen_STN.sim/sim_1/behav/xsim/glbl.v" into library xil_defaultlib
INFO: [VRFC 10-311] analyzing module glbl
INFO: [VRFC 10-163] Analyzing VHDL file "E:/FPGAProject/01102022/FPGAResearch/5_Final_Submission/Simulink/IP_Core_Based/TN_32bit/STN_32bit/vivado/sysgen_STN/sysgen_STN.gen/sources_1/ip/stn_32bit_0_2/stn_32bit_c_addsub_v12_0_i0/sim/stn_32bit_c_addsub_v12_0_i0.vhd" into library xil_defaultlib
INFO: [VRFC 10-3107] analyzing entity 'stn_32bit_c_addsub_v12_0_i0'
INFO: [VRFC 10-163] Analyzing VHDL file "E:/FPGAProject/01102022/FPGAResearch/5_Final_Submission/Simulink/IP_Core_Based/TN_32bit/STN_32bit/vivado/sysgen_STN/sysgen_STN.gen/sources_1/ip/stn_32bit_0_2/stn_32bit_c_addsub_v12_0_i1/sim/stn_32bit_c_addsub_v12_0_i1.vhd" into library xil_defaultlib
INFO: [VRFC 10-3107] analyzing entity 'stn_32bit_c_addsub_v12_0_i1'
INFO: [VRFC 10-163] Analyzing VHDL file "E:/FPGAProject/01102022/FPGAResearch/5_Final_Submission/Simulink/IP_Core_Based/TN_32bit/STN_32bit/vivado/sysgen_STN/sysgen_STN.gen/sources_1/ip/stn_32bit_0_2/stn_32bit_cordic_v6_0_i0/sim/stn_32bit_cordic_v6_0_i0.vhd" into library xil_defaultlib
INFO: [VRFC 10-3107] analyzing entity 'stn_32bit_cordic_v6_0_i0'
INFO: [VRFC 10-163] Analyzing VHDL file "E:/FPGAProject/01102022/FPGAResearch/5_Final_Submission/Simulink/IP_Core_Based/TN_32bit/STN_32bit/vivado/sysgen_STN/sysgen_STN.gen/sources_1/ip/stn_32bit_0_2/stn_32bit_mult_gen_v12_0_i0/sim/stn_32bit_mult_gen_v12_0_i0.vhd" into library xil_defaultlib
INFO: [VRFC 10-3107] analyzing entity 'stn_32bit_mult_gen_v12_0_i0'
INFO: [VRFC 10-163] Analyzing VHDL file "E:/FPGAProject/01102022/FPGAResearch/5_Final_Submission/Simulink/IP_Core_Based/TN_32bit/STN_32bit/vivado/sysgen_STN/sysgen_STN.ip_user_files/ipstatic/xil_defaultlib/hdl/conv_pkg.vhd" into library xil_defaultlib
INFO: [VRFC 10-163] Analyzing VHDL file "E:/FPGAProject/01102022/FPGAResearch/5_Final_Submission/Simulink/IP_Core_Based/TN_32bit/STN_32bit/vivado/sysgen_STN/sysgen_STN.ip_user_files/ipstatic/xil_defaultlib/hdl/synth_reg.vhd" into library xil_defaultlib
INFO: [VRFC 10-3107] analyzing entity 'synth_reg'
INFO: [VRFC 10-163] Analyzing VHDL file "E:/FPGAProject/01102022/FPGAResearch/5_Final_Submission/Simulink/IP_Core_Based/TN_32bit/STN_32bit/vivado/sysgen_STN/sysgen_STN.ip_user_files/ipstatic/xil_defaultlib/hdl/synth_reg_w_init.vhd" into library xil_defaultlib
INFO: [VRFC 10-3107] analyzing entity 'synth_reg_w_init'
INFO: [VRFC 10-163] Analyzing VHDL file "E:/FPGAProject/01102022/FPGAResearch/5_Final_Submission/Simulink/IP_Core_Based/TN_32bit/STN_32bit/vivado/sysgen_STN/sysgen_STN.ip_user_files/ipstatic/xil_defaultlib/hdl/srl17e.vhd" into library xil_defaultlib
INFO: [VRFC 10-3107] analyzing entity 'srl17e'
INFO: [VRFC 10-163] Analyzing VHDL file "E:/FPGAProject/01102022/FPGAResearch/5_Final_Submission/Simulink/IP_Core_Based/TN_32bit/STN_32bit/vivado/sysgen_STN/sysgen_STN.ip_user_files/ipstatic/xil_defaultlib/hdl/srl33e.vhd" into library xil_defaultlib
INFO: [VRFC 10-3107] analyzing entity 'srlc33e'
INFO: [VRFC 10-163] Analyzing VHDL file "E:/FPGAProject/01102022/FPGAResearch/5_Final_Submission/Simulink/IP_Core_Based/TN_32bit/STN_32bit/vivado/sysgen_STN/sysgen_STN.ip_user_files/ipstatic/xil_defaultlib/hdl/synth_reg_reg.vhd" into library xil_defaultlib
INFO: [VRFC 10-3107] analyzing entity 'synth_reg_reg'
INFO: [VRFC 10-163] Analyzing VHDL file "E:/FPGAProject/01102022/FPGAResearch/5_Final_Submission/Simulink/IP_Core_Based/TN_32bit/STN_32bit/vivado/sysgen_STN/sysgen_STN.ip_user_files/ipstatic/xil_defaultlib/hdl/single_reg_w_init.vhd" into library xil_defaultlib
INFO: [VRFC 10-3107] analyzing entity 'single_reg_w_init'
INFO: [VRFC 10-163] Analyzing VHDL file "E:/FPGAProject/01102022/FPGAResearch/5_Final_Submission/Simulink/IP_Core_Based/TN_32bit/STN_32bit/vivado/sysgen_STN/sysgen_STN.ip_user_files/ipstatic/xil_defaultlib/hdl/xlclockdriver_rd.vhd" into library xil_defaultlib
INFO: [VRFC 10-3107] analyzing entity 'xlclockdriver'
INFO: [VRFC 10-163] Analyzing VHDL file "E:/FPGAProject/01102022/FPGAResearch/5_Final_Submission/Simulink/IP_Core_Based/TN_32bit/STN_32bit/vivado/sysgen_STN/sysgen_STN.ip_user_files/ipstatic/xil_defaultlib/hdl/stn_32bit_entity_declarations.vhd" into library xil_defaultlib
INFO: [VRFC 10-3107] analyzing entity 'sysgen_constant_fced021fae'
INFO: [VRFC 10-3107] analyzing entity 'sysgen_constant_c37656a0d7'
INFO: [VRFC 10-3107] analyzing entity 'sysgen_constant_5ab8cecb0c'
INFO: [VRFC 10-3107] analyzing entity 'sysgen_constant_e0624bab83'
INFO: [VRFC 10-3107] analyzing entity 'sysgen_constant_7980517fa5'
INFO: [VRFC 10-3107] analyzing entity 'sysgen_constant_5b29f3e57b'
INFO: [VRFC 10-3107] analyzing entity 'sysgen_constant_0c6b43914a'
INFO: [VRFC 10-3107] analyzing entity 'sysgen_constant_80a8ec898f'
INFO: [VRFC 10-3107] analyzing entity 'sysgen_constant_2930f523d9'
INFO: [VRFC 10-3107] analyzing entity 'sysgen_constant_d5c70e0488'
INFO: [VRFC 10-3107] analyzing entity 'sysgen_inverter_c4b51b1248'
INFO: [VRFC 10-3107] analyzing entity 'sysgen_logical_69e81b4545'
INFO: [VRFC 10-3107] analyzing entity 'sysgen_mux_6d66ecdd82'
INFO: [VRFC 10-3107] analyzing entity 'sysgen_relational_7de1ca46ef'
INFO: [VRFC 10-3107] analyzing entity 'sysgen_relational_e554fed128'
INFO: [VRFC 10-3107] analyzing entity 'sysgen_shift_0eed059850'
INFO: [VRFC 10-3107] analyzing entity 'stn_32bit_xlslice'
INFO: [VRFC 10-3107] analyzing entity 'stn_32bit_xladdsub'
INFO: [VRFC 10-3107] analyzing entity 'xlcordic_1aad9bd5c23a8c07dd7ff3cd2fd8798d'
INFO: [VRFC 10-3107] analyzing entity 'stn_32bit_xlmult'
INFO: [VRFC 10-163] Analyzing VHDL file "E:/FPGAProject/01102022/FPGAResearch/5_Final_Submission/Simulink/IP_Core_Based/TN_32bit/STN_32bit/vivado/sysgen_STN/sysgen_STN.ip_user_files/ipstatic/xil_defaultlib/hdl/stn_32bit.vhd" into library xil_defaultlib
INFO: [VRFC 10-3107] analyzing entity 'stn_32bit_subsystem_x0'
INFO: [VRFC 10-3107] analyzing entity 'stn_32bit_subsystem1'
INFO: [VRFC 10-3107] analyzing entity 'stn_32bit_subsystem'
INFO: [VRFC 10-3107] analyzing entity 'stn_32bit_struct'
INFO: [VRFC 10-3107] analyzing entity 'stn_32bit_default_clock_driver'
INFO: [VRFC 10-3107] analyzing entity 'stn_32bit'
INFO: [VRFC 10-163] Analyzing VHDL file "E:/FPGAProject/01102022/FPGAResearch/5_Final_Submission/Simulink/IP_Core_Based/TN_32bit/STN_32bit/vivado/sysgen_STN/sysgen_STN.gen/sources_1/ip/stn_32bit_0_2/sim/stn_32bit_0.vhd" into library xil_defaultlib
INFO: [VRFC 10-3107] analyzing entity 'stn_32bit_0'
INFO: [VRFC 10-163] Analyzing VHDL file "E:/FPGAProject/01102022/FPGAResearch/5_Final_Submission/Simulink/IP_Core_Based/TN_32bit/STN_32bit/vivado/sysgen_STN/sysgen_STN.srcs/sources_1/new/input_package.vhd" into library xil_defaultlib
INFO: [VRFC 10-163] Analyzing VHDL file "E:/FPGAProject/01102022/FPGAResearch/5_Final_Submission/Simulink/IP_Core_Based/TN_32bit/STN_32bit/vivado/sysgen_STN/sysgen_STN.srcs/sources_1/new/sysgen_STN.vhd" into library xil_defaultlib
INFO: [VRFC 10-3107] analyzing entity 'sysgen_STN'
INFO: [VRFC 10-163] Analyzing VHDL file "E:/FPGAProject/01102022/FPGAResearch/5_Final_Submission/Simulink/IP_Core_Based/TN_32bit/STN_32bit/vivado/sysgen_STN/sysgen_STN.srcs/sources_1/new/sysgen_STN_tb.vhd" into library xil_defaultlib
INFO: [VRFC 10-3107] analyzing entity 'sysgen_STN_tb'
