Vivado Simulator v2021.1
Copyright 1986-1999, 2001-2021 Xilinx, Inc. All Rights Reserved.
Running: C:/Xilinx/Vivado/2021.1/bin/unwrapped/win64.o/xelab.exe -wto fbe87a45d32c4dd797102ce5a03b483d --incr --debug typical --relax --mt 2 -L xil_defaultlib -L xbip_utils_v3_0_10 -L c_reg_fd_v12_0_6 -L xbip_dsp48_wrapper_v3_0_4 -L xbip_pipe_v3_0_6 -L xbip_dsp48_addsub_v3_0_6 -L xbip_addsub_v3_0_6 -L c_addsub_v12_0_14 -L xbip_bram18k_v3_0_6 -L mult_gen_v12_0_17 -L axi_utils_v2_0_6 -L cordic_v6_0_17 -L unisims_ver -L unimacro_ver -L secureip -L xpm --snapshot sysgen_STN_tb_behav xil_defaultlib.sysgen_STN_tb xil_defaultlib.glbl -log elaborate.log 
Using 2 slave threads.
Starting static elaboration
Pass Through NonSizing Optimizer
Completed static elaboration
Starting simulation data flow analysis
Completed simulation data flow analysis
Time Resolution for simulation is 1ps
Compiling package std.standard
Compiling package std.textio
Compiling package ieee.std_logic_1164
Compiling package ieee.numeric_std
Compiling package ieee.std_logic_textio
Compiling package xil_defaultlib.nn_package
Compiling package xil_defaultlib.conv_pkg
Compiling package unisim.vcomponents
Compiling package ieee.vital_timing
Compiling package ieee.vital_primitives
Compiling package unisim.vpkg
Compiling package ieee.std_logic_arith
Compiling package c_addsub_v12_0_14.c_addsub_v12_0_14_viv_comp
Compiling package xbip_utils_v3_0_10.xbip_utils_v3_0_10_pkg
Compiling package xbip_pipe_v3_0_6.xbip_pipe_v3_0_6_viv_comp
Compiling package xbip_addsub_v3_0_6.xbip_addsub_v3_0_6_viv_comp
Compiling package c_addsub_v12_0_14.c_addsub_v12_0_14_pkg
Compiling package c_addsub_v12_0_14.c_addsub_v12_0_14_pkg_legacy
Compiling package c_reg_fd_v12_0_6.c_reg_fd_v12_0_6_viv_comp
Compiling package cordic_v6_0_17.cordic_v6_0_17_viv_comp
Compiling package axi_utils_v2_0_6.axi_utils_v2_0_6_pkg
Compiling package ieee.math_real
Compiling package axi_utils_v2_0_6.global_util_pkg
Compiling package axi_utils_v2_0_6.axi_utils_comps
Compiling package mult_gen_v12_0_17.mult_gen_v12_0_17_pkg
Compiling package ieee.std_logic_signed
Compiling package cordic_v6_0_17.cordic_pack
Compiling package cordic_v6_0_17.cordic_hdl_comps
Compiling package mult_gen_v12_0_17.mult_gen_v12_0_17_viv_comp
Compiling package mult_gen_v12_0_17.dsp_pkg
Compiling module xil_defaultlib.glbl
Compiling architecture fdre_v of entity unisim.FDRE [fdre_default]
Compiling architecture structural of entity xil_defaultlib.single_reg_w_init [\single_reg_w_init(width=1)(0,3)...]
Compiling architecture structural of entity xil_defaultlib.synth_reg_w_init [\synth_reg_w_init(width=1)(0,3)\]
Compiling architecture behavior of entity xil_defaultlib.xlclockdriver [\xlclockdriver(period=1,log_2_pe...]
Compiling architecture structural of entity xil_defaultlib.stn_32bit_default_clock_driver [stn_32bit_default_clock_driver_d...]
Compiling architecture structural of entity c_reg_fd_v12_0_6.c_reg_fd_v12_0_6_viv [\c_reg_fd_v12_0_6_viv(c_width=33...]
Compiling architecture muxcy_v of entity unisim.MUXCY [muxcy_default]
Compiling architecture xorcy_v of entity unisim.XORCY [xorcy_default]
Compiling architecture rtl of entity c_addsub_v12_0_14.c_addsub_v12_0_14_lut6_legacy [\c_addsub_v12_0_14_lut6_legacy(c...]
Compiling architecture synth of entity c_addsub_v12_0_14.c_addsub_v12_0_14_fabric_legacy [\c_addsub_v12_0_14_fabric_legacy...]
Compiling architecture synth of entity c_addsub_v12_0_14.c_addsub_v12_0_14_legacy [\c_addsub_v12_0_14_legacy(c_fami...]
Compiling architecture synth of entity c_addsub_v12_0_14.c_addsub_v12_0_14_viv [\c_addsub_v12_0_14_viv(c_xdevice...]
Compiling architecture xilinx of entity c_addsub_v12_0_14.c_addsub_v12_0_14 [\c_addsub_v12_0_14(c_xdevicefami...]
Compiling architecture stn_32bit_c_addsub_v12_0_i1_arch of entity xil_defaultlib.stn_32bit_c_addsub_v12_0_i1 [stn_32bit_c_addsub_v12_0_i1_defa...]
Compiling architecture behavior of entity xil_defaultlib.stn_32bit_xladdsub [\stn_32bit_xladdsub(core_name0="...]
Compiling architecture rtl of entity c_addsub_v12_0_14.c_addsub_v12_0_14_lut6_legacy [\c_addsub_v12_0_14_lut6_legacy(c...]
Compiling architecture synth of entity c_addsub_v12_0_14.c_addsub_v12_0_14_fabric_legacy [\c_addsub_v12_0_14_fabric_legacy...]
Compiling architecture synth of entity c_addsub_v12_0_14.c_addsub_v12_0_14_legacy [\c_addsub_v12_0_14_legacy(c_fami...]
Compiling architecture synth of entity c_addsub_v12_0_14.c_addsub_v12_0_14_viv [\c_addsub_v12_0_14_viv(c_xdevice...]
Compiling architecture xilinx of entity c_addsub_v12_0_14.c_addsub_v12_0_14 [\c_addsub_v12_0_14(c_xdevicefami...]
Compiling architecture stn_32bit_c_addsub_v12_0_i0_arch of entity xil_defaultlib.stn_32bit_c_addsub_v12_0_i0 [stn_32bit_c_addsub_v12_0_i0_defa...]
Compiling architecture behavior of entity xil_defaultlib.stn_32bit_xladdsub [\stn_32bit_xladdsub(core_name0="...]
Compiling architecture synth of entity xbip_pipe_v3_0_6.xbip_pipe_v3_0_6_viv [\xbip_pipe_v3_0_6_viv(c_has_ce=1...]
Compiling architecture rtl of entity c_addsub_v12_0_14.c_addsub_v12_0_14_lut6_legacy [\c_addsub_v12_0_14_lut6_legacy(c...]
Compiling architecture synth of entity c_addsub_v12_0_14.c_addsub_v12_0_14_fabric_legacy [\c_addsub_v12_0_14_fabric_legacy...]
Compiling architecture synth of entity c_addsub_v12_0_14.c_addsub_v12_0_14_legacy [\c_addsub_v12_0_14_legacy(c_fami...]
Compiling architecture synth of entity c_addsub_v12_0_14.c_addsub_v12_0_14_viv [\c_addsub_v12_0_14_viv(c_xdevice...]
Compiling architecture synth of entity cordic_v6_0_17.addsub [\addsub(family="zynq",add_mode=2...]
Compiling architecture struct_all of entity cordic_v6_0_17.delay [\delay(delay_len=0,family="zynq"...]
Compiling architecture struct_all of entity cordic_v6_0_17.delay [\delay(delay_len=0,family="zynq"...]
Compiling architecture struct_all of entity cordic_v6_0_17.delay_bit [\delay_bit(delay_len=0,family="z...]
Compiling architecture synth of entity cordic_v6_0_17.cordic_inp_config [\cordic_inp_config(p_xdevicefami...]
Compiling architecture synth of entity cordic_v6_0_17.cordic_dat_acc_slice_par [\cordic_dat_acc_slice_par(p_xdev...]
Compiling architecture synth of entity cordic_v6_0_17.cordic_pha_acc_slice_par [\cordic_pha_acc_slice_par(p_xdev...]
Compiling architecture struct_all of entity cordic_v6_0_17.delay [\delay(delay_len=0,family="zynq"...]
Compiling architecture synth of entity cordic_v6_0_17.cordic_ctrl_slice_par [\cordic_ctrl_slice_par(p_xdevice...]
Compiling architecture synth of entity cordic_v6_0_17.cordic_eng_slice_par [\cordic_eng_slice_par(p_xdevicef...]
Compiling architecture synth of entity cordic_v6_0_17.cordic_dat_acc_slice_par [\cordic_dat_acc_slice_par(p_xdev...]
Compiling architecture synth of entity cordic_v6_0_17.cordic_eng_slice_par [\cordic_eng_slice_par(p_xdevicef...]
Compiling architecture synth of entity cordic_v6_0_17.cordic_dat_acc_slice_par [\cordic_dat_acc_slice_par(p_xdev...]
Compiling architecture synth of entity cordic_v6_0_17.cordic_eng_slice_par [\cordic_eng_slice_par(p_xdevicef...]
Compiling architecture synth of entity cordic_v6_0_17.cordic_dat_acc_slice_par [\cordic_dat_acc_slice_par(p_xdev...]
Compiling architecture synth of entity cordic_v6_0_17.cordic_eng_slice_par [\cordic_eng_slice_par(p_xdevicef...]
Compiling architecture synth of entity cordic_v6_0_17.cordic_dat_acc_slice_par [\cordic_dat_acc_slice_par(p_xdev...]
Compiling architecture synth of entity cordic_v6_0_17.cordic_eng_slice_par [\cordic_eng_slice_par(p_xdevicef...]
Compiling architecture synth of entity cordic_v6_0_17.cordic_dat_acc_slice_par [\cordic_dat_acc_slice_par(p_xdev...]
Compiling architecture synth of entity cordic_v6_0_17.cordic_eng_slice_par [\cordic_eng_slice_par(p_xdevicef...]
Compiling architecture synth of entity cordic_v6_0_17.cordic_dat_acc_slice_par [\cordic_dat_acc_slice_par(p_xdev...]
Compiling architecture synth of entity cordic_v6_0_17.cordic_eng_slice_par [\cordic_eng_slice_par(p_xdevicef...]
Compiling architecture synth of entity cordic_v6_0_17.cordic_dat_acc_slice_par [\cordic_dat_acc_slice_par(p_xdev...]
Compiling architecture synth of entity cordic_v6_0_17.cordic_eng_slice_par [\cordic_eng_slice_par(p_xdevicef...]
Compiling architecture synth of entity cordic_v6_0_17.cordic_dat_acc_slice_par [\cordic_dat_acc_slice_par(p_xdev...]
Compiling architecture synth of entity cordic_v6_0_17.cordic_eng_slice_par [\cordic_eng_slice_par(p_xdevicef...]
Compiling architecture synth of entity cordic_v6_0_17.cordic_dat_acc_slice_par [\cordic_dat_acc_slice_par(p_xdev...]
Compiling architecture synth of entity cordic_v6_0_17.cordic_eng_slice_par [\cordic_eng_slice_par(p_xdevicef...]
Compiling architecture synth of entity cordic_v6_0_17.cordic_dat_acc_slice_par [\cordic_dat_acc_slice_par(p_xdev...]
Compiling architecture synth of entity cordic_v6_0_17.cordic_eng_slice_par [\cordic_eng_slice_par(p_xdevicef...]
Compiling architecture synth of entity cordic_v6_0_17.cordic_dat_acc_slice_par [\cordic_dat_acc_slice_par(p_xdev...]
Compiling architecture synth of entity cordic_v6_0_17.cordic_eng_slice_par [\cordic_eng_slice_par(p_xdevicef...]
Compiling architecture synth of entity cordic_v6_0_17.cordic_dat_acc_slice_par [\cordic_dat_acc_slice_par(p_xdev...]
Compiling architecture synth of entity cordic_v6_0_17.cordic_eng_slice_par [\cordic_eng_slice_par(p_xdevicef...]
Compiling architecture synth of entity cordic_v6_0_17.cordic_dat_acc_slice_par [\cordic_dat_acc_slice_par(p_xdev...]
Compiling architecture synth of entity cordic_v6_0_17.cordic_eng_slice_par [\cordic_eng_slice_par(p_xdevicef...]
Compiling architecture synth of entity cordic_v6_0_17.cordic_dat_acc_slice_par [\cordic_dat_acc_slice_par(p_xdev...]
Compiling architecture synth of entity cordic_v6_0_17.cordic_eng_slice_par [\cordic_eng_slice_par(p_xdevicef...]
Compiling architecture synth of entity cordic_v6_0_17.cordic_dat_acc_slice_par [\cordic_dat_acc_slice_par(p_xdev...]
Compiling architecture synth of entity cordic_v6_0_17.cordic_eng_slice_par [\cordic_eng_slice_par(p_xdevicef...]
Compiling architecture synth of entity cordic_v6_0_17.cordic_dat_acc_slice_par [\cordic_dat_acc_slice_par(p_xdev...]
Compiling architecture synth of entity cordic_v6_0_17.cordic_eng_slice_par [\cordic_eng_slice_par(p_xdevicef...]
Compiling architecture synth of entity cordic_v6_0_17.cordic_dat_acc_slice_par [\cordic_dat_acc_slice_par(p_xdev...]
Compiling architecture synth of entity cordic_v6_0_17.cordic_eng_slice_par [\cordic_eng_slice_par(p_xdevicef...]
Compiling architecture synth of entity cordic_v6_0_17.cordic_dat_acc_slice_par [\cordic_dat_acc_slice_par(p_xdev...]
Compiling architecture synth of entity cordic_v6_0_17.cordic_eng_slice_par [\cordic_eng_slice_par(p_xdevicef...]
Compiling architecture synth of entity cordic_v6_0_17.cordic_dat_acc_slice_par [\cordic_dat_acc_slice_par(p_xdev...]
Compiling architecture synth of entity cordic_v6_0_17.cordic_eng_slice_par [\cordic_eng_slice_par(p_xdevicef...]
Compiling architecture synth of entity cordic_v6_0_17.cordic_dat_acc_slice_par [\cordic_dat_acc_slice_par(p_xdev...]
Compiling architecture synth of entity cordic_v6_0_17.cordic_eng_slice_par [\cordic_eng_slice_par(p_xdevicef...]
Compiling architecture synth of entity cordic_v6_0_17.cordic_dat_acc_slice_par [\cordic_dat_acc_slice_par(p_xdev...]
Compiling architecture synth of entity cordic_v6_0_17.cordic_eng_slice_par [\cordic_eng_slice_par(p_xdevicef...]
Compiling architecture synth of entity cordic_v6_0_17.cordic_dat_acc_slice_par [\cordic_dat_acc_slice_par(p_xdev...]
Compiling architecture synth of entity cordic_v6_0_17.cordic_eng_slice_par [\cordic_eng_slice_par(p_xdevicef...]
Compiling architecture synth of entity cordic_v6_0_17.cordic_dat_acc_slice_par [\cordic_dat_acc_slice_par(p_xdev...]
Compiling architecture synth of entity cordic_v6_0_17.cordic_eng_slice_par [\cordic_eng_slice_par(p_xdevicef...]
Compiling architecture synth of entity cordic_v6_0_17.cordic_dat_acc_slice_par [\cordic_dat_acc_slice_par(p_xdev...]
Compiling architecture synth of entity cordic_v6_0_17.cordic_eng_slice_par [\cordic_eng_slice_par(p_xdevicef...]
Compiling architecture synth of entity cordic_v6_0_17.cordic_dat_acc_slice_par [\cordic_dat_acc_slice_par(p_xdev...]
Compiling architecture synth of entity cordic_v6_0_17.cordic_eng_slice_par [\cordic_eng_slice_par(p_xdevicef...]
Compiling architecture synth of entity cordic_v6_0_17.cordic_dat_acc_slice_par [\cordic_dat_acc_slice_par(p_xdev...]
Compiling architecture synth of entity cordic_v6_0_17.cordic_eng_slice_par [\cordic_eng_slice_par(p_xdevicef...]
Compiling architecture synth of entity cordic_v6_0_17.cordic_dat_acc_slice_par [\cordic_dat_acc_slice_par(p_xdev...]
Compiling architecture synth of entity cordic_v6_0_17.cordic_eng_slice_par [\cordic_eng_slice_par(p_xdevicef...]
Compiling architecture synth of entity cordic_v6_0_17.cordic_dat_acc_slice_par [\cordic_dat_acc_slice_par(p_xdev...]
Compiling architecture synth of entity cordic_v6_0_17.cordic_eng_slice_par [\cordic_eng_slice_par(p_xdevicef...]
Compiling architecture synth of entity cordic_v6_0_17.cordic_dat_acc_slice_par [\cordic_dat_acc_slice_par(p_xdev...]
Compiling architecture synth of entity cordic_v6_0_17.cordic_eng_slice_par [\cordic_eng_slice_par(p_xdevicef...]
Compiling architecture synth of entity cordic_v6_0_17.cordic_eng [\cordic_eng(p_xdevicefamily="zyn...]
Compiling architecture struct_all of entity cordic_v6_0_17.delay [\delay(delay_len=0,family="zynq"...]
Compiling architecture synth of entity cordic_v6_0_17.cordic_round [\cordic_round(p_xdevicefamily="z...]
Compiling architecture synth of entity cordic_v6_0_17.cordic_out_config [\cordic_out_config(p_xdevicefami...]
Compiling architecture synth of entity cordic_v6_0_17.cordic_v6_0_17_synth [\cordic_v6_0_17_synth(c_architec...]
Compiling architecture synth of entity cordic_v6_0_17.cordic_v6_0_17_viv [\cordic_v6_0_17_viv(c_architectu...]
Compiling architecture xilinx of entity cordic_v6_0_17.cordic_v6_0_17 [\cordic_v6_0_17(c_architecture=2...]
Compiling architecture stn_32bit_cordic_v6_0_i0_arch of entity xil_defaultlib.stn_32bit_cordic_v6_0_i0 [stn_32bit_cordic_v6_0_i0_default]
Compiling architecture behavior of entity xil_defaultlib.xlcordic_1aad9bd5c23a8c07dd7ff3cd2fd8798d [xlcordic_1aad9bd5c23a8c07dd7ff3c...]
Compiling architecture behavior of entity xil_defaultlib.sysgen_constant_e0624bab83 [sysgen_constant_e0624bab83_defau...]
Compiling architecture behavior of entity xil_defaultlib.sysgen_constant_7980517fa5 [sysgen_constant_7980517fa5_defau...]
Compiling architecture behavior of entity xil_defaultlib.sysgen_constant_5b29f3e57b [sysgen_constant_5b29f3e57b_defau...]
Compiling architecture behavior of entity xil_defaultlib.sysgen_constant_0c6b43914a [sysgen_constant_0c6b43914a_defau...]
Compiling architecture behavior of entity xil_defaultlib.sysgen_constant_80a8ec898f [sysgen_constant_80a8ec898f_defau...]
Compiling architecture behavior of entity xil_defaultlib.sysgen_constant_2930f523d9 [sysgen_constant_2930f523d9_defau...]
Compiling architecture behavior of entity xil_defaultlib.sysgen_constant_d5c70e0488 [sysgen_constant_d5c70e0488_defau...]
Compiling architecture behavior of entity xil_defaultlib.sysgen_inverter_c4b51b1248 [sysgen_inverter_c4b51b1248_defau...]
Compiling architecture behavior of entity xil_defaultlib.sysgen_logical_69e81b4545 [sysgen_logical_69e81b4545_defaul...]
Compiling architecture behavior of entity xil_defaultlib.sysgen_mux_6d66ecdd82 [sysgen_mux_6d66ecdd82_default]
Compiling architecture behavior of entity xil_defaultlib.sysgen_relational_7de1ca46ef [sysgen_relational_7de1ca46ef_def...]
Compiling architecture behavior of entity xil_defaultlib.sysgen_relational_e554fed128 [sysgen_relational_e554fed128_def...]
Compiling architecture behavior of entity xil_defaultlib.sysgen_shift_0eed059850 [sysgen_shift_0eed059850_default]
Compiling architecture behavior of entity xil_defaultlib.stn_32bit_xlslice [\stn_32bit_xlslice(new_msb=31,ne...]
Compiling architecture structural of entity xil_defaultlib.stn_32bit_subsystem_x0 [stn_32bit_subsystem_x0_default]
Compiling architecture structural of entity xil_defaultlib.stn_32bit_subsystem1 [stn_32bit_subsystem1_default]
Compiling architecture behavior of entity xil_defaultlib.sysgen_constant_fced021fae [sysgen_constant_fced021fae_defau...]
Compiling architecture xilinx of entity mult_gen_v12_0_17.delay_line [\delay_line(c_xdevicefamily="zyn...]
Compiling architecture xilinx of entity mult_gen_v12_0_17.delay_line [\delay_line(c_xdevicefamily="zyn...]
Compiling architecture xilinx of entity mult_gen_v12_0_17.delay_line [\delay_line(c_xdevicefamily="zyn...]
Compiling architecture dsp48e1_v of entity unisim.DSP48E1 [\DSP48E1(alumodereg=0,carryinreg...]
Compiling architecture xilinx of entity mult_gen_v12_0_17.delay_line [\delay_line(c_xdevicefamily="zyn...]
Compiling architecture xilinx of entity mult_gen_v12_0_17.delay_line [\delay_line(c_xdevicefamily="zyn...]
Compiling architecture dsp48e1_v of entity unisim.DSP48E1 [\DSP48E1(acascreg=0,areg=0,a_inp...]
Compiling architecture dsp48e1_v of entity unisim.DSP48E1 [\DSP48E1(acascreg=2,alumodereg=0...]
Compiling architecture dsp48e1_v of entity unisim.DSP48E1 [\DSP48E1(acascreg=0,alumodereg=0...]
Compiling architecture xilinx of entity mult_gen_v12_0_17.delay_line [\delay_line(c_xdevicefamily="zyn...]
Compiling architecture xilinx of entity mult_gen_v12_0_17.op_resize [\op_resize(ai_width=32,bi_width=...]
Compiling architecture xilinx of entity mult_gen_v12_0_17.dsp [\dsp(c_xdevicefamily="zynq",c_a_...]
Compiling architecture xilinx of entity mult_gen_v12_0_17.mult_gen_v12_0_17_viv [\mult_gen_v12_0_17_viv(c_verbosi...]
Compiling architecture xilinx of entity mult_gen_v12_0_17.mult_gen_v12_0_17 [\mult_gen_v12_0_17(c_xdevicefami...]
Compiling architecture stn_32bit_mult_gen_v12_0_i0_arch of entity xil_defaultlib.stn_32bit_mult_gen_v12_0_i0 [stn_32bit_mult_gen_v12_0_i0_defa...]
Compiling architecture behavior of entity xil_defaultlib.stn_32bit_xlmult [\stn_32bit_xlmult(core_name0="st...]
Compiling architecture behavior of entity xil_defaultlib.stn_32bit_xlmult [\stn_32bit_xlmult(core_name0="st...]
Compiling architecture behavior of entity xil_defaultlib.stn_32bit_xlmult [\stn_32bit_xlmult(core_name0="st...]
Compiling architecture behavior of entity xil_defaultlib.sysgen_constant_c37656a0d7 [sysgen_constant_c37656a0d7_defau...]
Compiling architecture behavior of entity xil_defaultlib.sysgen_constant_5ab8cecb0c [sysgen_constant_5ab8cecb0c_defau...]
Compiling architecture structural of entity xil_defaultlib.stn_32bit_subsystem [stn_32bit_subsystem_default]
Compiling architecture structural of entity xil_defaultlib.stn_32bit_struct [stn_32bit_struct_default]
Compiling architecture structural of entity xil_defaultlib.stn_32bit [stn_32bit_default]
Compiling architecture stn_32bit_0_arch of entity xil_defaultlib.stn_32bit_0 [stn_32bit_0_default]
Compiling architecture behavioral of entity xil_defaultlib.sysgen_STN [sysgen_stn_default]
Compiling architecture behavioral of entity xil_defaultlib.sysgen_stn_tb
Built simulation snapshot sysgen_STN_tb_behav
