INFO: [VRFC 10-163] Analyzing VHDL file "E:/FPGAProject/01102022/FPGAResearch/5_Final_Submission/Simulink/BRAM_LT_Based/BRAM16bit/vivado/sysgen_STN/sysgen_STN.gen/sources_1/ip/bram_stn_16bit_0_6/bram_stn_16bit_c_addsub_v12_0_i0/sim/bram_stn_16bit_c_addsub_v12_0_i0.vhd" into library xil_defaultlib
INFO: [VRFC 10-3107] analyzing entity 'bram_stn_16bit_c_addsub_v12_0_i0'
INFO: [VRFC 10-163] Analyzing VHDL file "E:/FPGAProject/01102022/FPGAResearch/5_Final_Submission/Simulink/BRAM_LT_Based/BRAM16bit/vivado/sysgen_STN/sysgen_STN.gen/sources_1/ip/bram_stn_16bit_0_6/bram_stn_16bit_c_addsub_v12_0_i1/sim/bram_stn_16bit_c_addsub_v12_0_i1.vhd" into library xil_defaultlib
INFO: [VRFC 10-3107] analyzing entity 'bram_stn_16bit_c_addsub_v12_0_i1'
INFO: [VRFC 10-163] Analyzing VHDL file "E:/FPGAProject/01102022/FPGAResearch/5_Final_Submission/Simulink/BRAM_LT_Based/BRAM16bit/vivado/sysgen_STN/sysgen_STN.gen/sources_1/ip/bram_stn_16bit_0_6/bram_stn_16bit_div_gen_v5_1_i0/sim/bram_stn_16bit_div_gen_v5_1_i0.vhd" into library xil_defaultlib
INFO: [VRFC 10-3107] analyzing entity 'bram_stn_16bit_div_gen_v5_1_i0'
INFO: [VRFC 10-163] Analyzing VHDL file "E:/FPGAProject/01102022/FPGAResearch/5_Final_Submission/Simulink/BRAM_LT_Based/BRAM16bit/vivado/sysgen_STN/sysgen_STN.gen/sources_1/ip/bram_stn_16bit_0_6/bram_stn_16bit_mult_gen_v12_0_i0/sim/bram_stn_16bit_mult_gen_v12_0_i0.vhd" into library xil_defaultlib
INFO: [VRFC 10-3107] analyzing entity 'bram_stn_16bit_mult_gen_v12_0_i0'
INFO: [VRFC 10-163] Analyzing VHDL file "E:/FPGAProject/01102022/FPGAResearch/5_Final_Submission/Simulink/BRAM_LT_Based/BRAM16bit/vivado/sysgen_STN/sysgen_STN.ip_user_files/ipstatic/xil_defaultlib/hdl/conv_pkg.vhd" into library xil_defaultlib
INFO: [VRFC 10-163] Analyzing VHDL file "E:/FPGAProject/01102022/FPGAResearch/5_Final_Submission/Simulink/BRAM_LT_Based/BRAM16bit/vivado/sysgen_STN/sysgen_STN.ip_user_files/ipstatic/xil_defaultlib/hdl/synth_reg.vhd" into library xil_defaultlib
INFO: [VRFC 10-3107] analyzing entity 'synth_reg'
INFO: [VRFC 10-163] Analyzing VHDL file "E:/FPGAProject/01102022/FPGAResearch/5_Final_Submission/Simulink/BRAM_LT_Based/BRAM16bit/vivado/sysgen_STN/sysgen_STN.ip_user_files/ipstatic/xil_defaultlib/hdl/synth_reg_w_init.vhd" into library xil_defaultlib
INFO: [VRFC 10-3107] analyzing entity 'synth_reg_w_init'
INFO: [VRFC 10-163] Analyzing VHDL file "E:/FPGAProject/01102022/FPGAResearch/5_Final_Submission/Simulink/BRAM_LT_Based/BRAM16bit/vivado/sysgen_STN/sysgen_STN.ip_user_files/ipstatic/xil_defaultlib/hdl/srl17e.vhd" into library xil_defaultlib
INFO: [VRFC 10-3107] analyzing entity 'srl17e'
INFO: [VRFC 10-163] Analyzing VHDL file "E:/FPGAProject/01102022/FPGAResearch/5_Final_Submission/Simulink/BRAM_LT_Based/BRAM16bit/vivado/sysgen_STN/sysgen_STN.ip_user_files/ipstatic/xil_defaultlib/hdl/srl33e.vhd" into library xil_defaultlib
INFO: [VRFC 10-3107] analyzing entity 'srlc33e'
INFO: [VRFC 10-163] Analyzing VHDL file "E:/FPGAProject/01102022/FPGAResearch/5_Final_Submission/Simulink/BRAM_LT_Based/BRAM16bit/vivado/sysgen_STN/sysgen_STN.ip_user_files/ipstatic/xil_defaultlib/hdl/synth_reg_reg.vhd" into library xil_defaultlib
INFO: [VRFC 10-3107] analyzing entity 'synth_reg_reg'
INFO: [VRFC 10-163] Analyzing VHDL file "E:/FPGAProject/01102022/FPGAResearch/5_Final_Submission/Simulink/BRAM_LT_Based/BRAM16bit/vivado/sysgen_STN/sysgen_STN.ip_user_files/ipstatic/xil_defaultlib/hdl/single_reg_w_init.vhd" into library xil_defaultlib
INFO: [VRFC 10-3107] analyzing entity 'single_reg_w_init'
INFO: [VRFC 10-163] Analyzing VHDL file "E:/FPGAProject/01102022/FPGAResearch/5_Final_Submission/Simulink/BRAM_LT_Based/BRAM16bit/vivado/sysgen_STN/sysgen_STN.ip_user_files/ipstatic/xil_defaultlib/hdl/xlclockdriver_rd.vhd" into library xil_defaultlib
INFO: [VRFC 10-3107] analyzing entity 'xlclockdriver'
INFO: [VRFC 10-163] Analyzing VHDL file "E:/FPGAProject/01102022/FPGAResearch/5_Final_Submission/Simulink/BRAM_LT_Based/BRAM16bit/vivado/sysgen_STN/sysgen_STN.ip_user_files/ipstatic/xil_defaultlib/hdl/bram_stn_16bit_entity_declarations.vhd" into library xil_defaultlib
INFO: [VRFC 10-3107] analyzing entity 'sysgen_constant_cde639aef9'
INFO: [VRFC 10-3107] analyzing entity 'sysgen_constant_57ccc14919'
INFO: [VRFC 10-3107] analyzing entity 'sysgen_constant_5d347156bc'
INFO: [VRFC 10-3107] analyzing entity 'bram_stn_16bit_xlregister'
INFO: [VRFC 10-3107] analyzing entity 'sysgen_constant_855464f6af'
INFO: [VRFC 10-3107] analyzing entity 'sysgen_constant_2594e951d7'
INFO: [VRFC 10-3107] analyzing entity 'sysgen_constant_b84959297c'
INFO: [VRFC 10-3107] analyzing entity 'sysgen_constant_dfb878427c'
INFO: [VRFC 10-3107] analyzing entity 'sysgen_constant_a16ea9f928'
INFO: [VRFC 10-3107] analyzing entity 'sysgen_constant_f29dfe6a87'
INFO: [VRFC 10-3107] analyzing entity 'sysgen_inverter_530d40a06c'
INFO: [VRFC 10-3107] analyzing entity 'sysgen_logical_71aa2209b8'
INFO: [VRFC 10-3107] analyzing entity 'sysgen_mux_89920bf785'
INFO: [VRFC 10-3107] analyzing entity 'sysgen_relational_649090ed30'
INFO: [VRFC 10-3107] analyzing entity 'sysgen_relational_7c9aa26dc9'
INFO: [VRFC 10-3107] analyzing entity 'sysgen_shift_8ae68988a0'
INFO: [VRFC 10-3107] analyzing entity 'bram_stn_16bit_xlslice'
INFO: [VRFC 10-3107] analyzing entity 'sysgen_constant_44fb0f4486'
INFO: [VRFC 10-3107] analyzing entity 'sysgen_shift_ac8d1a4e65'
INFO: [VRFC 10-3107] analyzing entity 'bram_stn_16bit_xlsprom'
INFO: [VRFC 10-3107] analyzing entity 'bram_stn_16bit_xladdsub'
INFO: [VRFC 10-3107] analyzing entity 'xldivider_generator_7b60df68a9ee6ba81ab4affad4813e48'
INFO: [VRFC 10-3107] analyzing entity 'bram_stn_16bit_xlmult'
INFO: [VRFC 10-163] Analyzing VHDL file "E:/FPGAProject/01102022/FPGAResearch/5_Final_Submission/Simulink/BRAM_LT_Based/BRAM16bit/vivado/sysgen_STN/sysgen_STN.ip_user_files/ipstatic/xil_defaultlib/hdl/bram_stn_16bit.vhd" into library xil_defaultlib
INFO: [VRFC 10-3107] analyzing entity 'bram_stn_16bit_bram_cordic'
INFO: [VRFC 10-3107] analyzing entity 'bram_stn_16bit_subsystem_x0'
INFO: [VRFC 10-3107] analyzing entity 'bram_stn_16bit_bram_cordic_x0'
INFO: [VRFC 10-3107] analyzing entity 'bram_stn_16bit_subsystem1'
INFO: [VRFC 10-3107] analyzing entity 'bram_stn_16bit_subsystem'
INFO: [VRFC 10-3107] analyzing entity 'bram_stn_16bit_struct'
INFO: [VRFC 10-3107] analyzing entity 'bram_stn_16bit_default_clock_driver'
INFO: [VRFC 10-3107] analyzing entity 'bram_stn_16bit'
INFO: [VRFC 10-163] Analyzing VHDL file "E:/FPGAProject/01102022/FPGAResearch/5_Final_Submission/Simulink/BRAM_LT_Based/BRAM16bit/vivado/sysgen_STN/sysgen_STN.gen/sources_1/ip/bram_stn_16bit_0_6/sim/bram_stn_16bit_0.vhd" into library xil_defaultlib
INFO: [VRFC 10-3107] analyzing entity 'bram_stn_16bit_0'
