INFO: [VRFC 10-163] Analyzing VHDL file "E:/FPGAProject/01102022/FPGAResearch/5_Final_Submission/Simulink/IP_Core_Based/TN_8bit/STN_8bit/vivado/sysgen_STN/sysgen_STN.gen/sources_1/ip/stn_8bit_0_1/stn_8bit_c_addsub_v12_0_i0/sim/stn_8bit_c_addsub_v12_0_i0.vhd" into library xil_defaultlib
INFO: [VRFC 10-3107] analyzing entity 'stn_8bit_c_addsub_v12_0_i0'
INFO: [VRFC 10-163] Analyzing VHDL file "E:/FPGAProject/01102022/FPGAResearch/5_Final_Submission/Simulink/IP_Core_Based/TN_8bit/STN_8bit/vivado/sysgen_STN/sysgen_STN.gen/sources_1/ip/stn_8bit_0_1/stn_8bit_c_addsub_v12_0_i1/sim/stn_8bit_c_addsub_v12_0_i1.vhd" into library xil_defaultlib
INFO: [VRFC 10-3107] analyzing entity 'stn_8bit_c_addsub_v12_0_i1'
INFO: [VRFC 10-163] Analyzing VHDL file "E:/FPGAProject/01102022/FPGAResearch/5_Final_Submission/Simulink/IP_Core_Based/TN_8bit/STN_8bit/vivado/sysgen_STN/sysgen_STN.gen/sources_1/ip/stn_8bit_0_1/stn_8bit_cordic_v6_0_i0/sim/stn_8bit_cordic_v6_0_i0.vhd" into library xil_defaultlib
INFO: [VRFC 10-3107] analyzing entity 'stn_8bit_cordic_v6_0_i0'
INFO: [VRFC 10-163] Analyzing VHDL file "E:/FPGAProject/01102022/FPGAResearch/5_Final_Submission/Simulink/IP_Core_Based/TN_8bit/STN_8bit/vivado/sysgen_STN/sysgen_STN.gen/sources_1/ip/stn_8bit_0_1/stn_8bit_mult_gen_v12_0_i0/sim/stn_8bit_mult_gen_v12_0_i0.vhd" into library xil_defaultlib
INFO: [VRFC 10-3107] analyzing entity 'stn_8bit_mult_gen_v12_0_i0'
INFO: [VRFC 10-163] Analyzing VHDL file "E:/FPGAProject/01102022/FPGAResearch/5_Final_Submission/Simulink/IP_Core_Based/TN_8bit/STN_8bit/vivado/sysgen_STN/sysgen_STN.ip_user_files/ipstatic/xil_defaultlib/hdl/conv_pkg.vhd" into library xil_defaultlib
INFO: [VRFC 10-163] Analyzing VHDL file "E:/FPGAProject/01102022/FPGAResearch/5_Final_Submission/Simulink/IP_Core_Based/TN_8bit/STN_8bit/vivado/sysgen_STN/sysgen_STN.ip_user_files/ipstatic/xil_defaultlib/hdl/synth_reg.vhd" into library xil_defaultlib
INFO: [VRFC 10-3107] analyzing entity 'synth_reg'
INFO: [VRFC 10-163] Analyzing VHDL file "E:/FPGAProject/01102022/FPGAResearch/5_Final_Submission/Simulink/IP_Core_Based/TN_8bit/STN_8bit/vivado/sysgen_STN/sysgen_STN.ip_user_files/ipstatic/xil_defaultlib/hdl/synth_reg_w_init.vhd" into library xil_defaultlib
INFO: [VRFC 10-3107] analyzing entity 'synth_reg_w_init'
INFO: [VRFC 10-163] Analyzing VHDL file "E:/FPGAProject/01102022/FPGAResearch/5_Final_Submission/Simulink/IP_Core_Based/TN_8bit/STN_8bit/vivado/sysgen_STN/sysgen_STN.ip_user_files/ipstatic/xil_defaultlib/hdl/srl17e.vhd" into library xil_defaultlib
INFO: [VRFC 10-3107] analyzing entity 'srl17e'
INFO: [VRFC 10-163] Analyzing VHDL file "E:/FPGAProject/01102022/FPGAResearch/5_Final_Submission/Simulink/IP_Core_Based/TN_8bit/STN_8bit/vivado/sysgen_STN/sysgen_STN.ip_user_files/ipstatic/xil_defaultlib/hdl/srl33e.vhd" into library xil_defaultlib
INFO: [VRFC 10-3107] analyzing entity 'srlc33e'
INFO: [VRFC 10-163] Analyzing VHDL file "E:/FPGAProject/01102022/FPGAResearch/5_Final_Submission/Simulink/IP_Core_Based/TN_8bit/STN_8bit/vivado/sysgen_STN/sysgen_STN.ip_user_files/ipstatic/xil_defaultlib/hdl/synth_reg_reg.vhd" into library xil_defaultlib
INFO: [VRFC 10-3107] analyzing entity 'synth_reg_reg'
INFO: [VRFC 10-163] Analyzing VHDL file "E:/FPGAProject/01102022/FPGAResearch/5_Final_Submission/Simulink/IP_Core_Based/TN_8bit/STN_8bit/vivado/sysgen_STN/sysgen_STN.ip_user_files/ipstatic/xil_defaultlib/hdl/single_reg_w_init.vhd" into library xil_defaultlib
INFO: [VRFC 10-3107] analyzing entity 'single_reg_w_init'
INFO: [VRFC 10-163] Analyzing VHDL file "E:/FPGAProject/01102022/FPGAResearch/5_Final_Submission/Simulink/IP_Core_Based/TN_8bit/STN_8bit/vivado/sysgen_STN/sysgen_STN.ip_user_files/ipstatic/xil_defaultlib/hdl/xlclockdriver_rd.vhd" into library xil_defaultlib
INFO: [VRFC 10-3107] analyzing entity 'xlclockdriver'
INFO: [VRFC 10-163] Analyzing VHDL file "E:/FPGAProject/01102022/FPGAResearch/5_Final_Submission/Simulink/IP_Core_Based/TN_8bit/STN_8bit/vivado/sysgen_STN/sysgen_STN.ip_user_files/ipstatic/xil_defaultlib/hdl/stn_8bit_entity_declarations.vhd" into library xil_defaultlib
INFO: [VRFC 10-3107] analyzing entity 'sysgen_constant_2e0ef23534'
INFO: [VRFC 10-3107] analyzing entity 'sysgen_constant_1999d89de7'
INFO: [VRFC 10-3107] analyzing entity 'sysgen_constant_9376331751'
INFO: [VRFC 10-3107] analyzing entity 'sysgen_constant_2efb9544f4'
INFO: [VRFC 10-3107] analyzing entity 'sysgen_reinterpret_837d8a173b'
INFO: [VRFC 10-3107] analyzing entity 'stn_8bit_xlregister'
INFO: [VRFC 10-3107] analyzing entity 'sysgen_constant_5848a47491'
INFO: [VRFC 10-3107] analyzing entity 'sysgen_constant_26eac75b3e'
INFO: [VRFC 10-3107] analyzing entity 'sysgen_constant_f08a578687'
INFO: [VRFC 10-3107] analyzing entity 'sysgen_constant_404d514570'
INFO: [VRFC 10-3107] analyzing entity 'sysgen_constant_9668e7269f'
INFO: [VRFC 10-3107] analyzing entity 'sysgen_constant_230efeff3b'
INFO: [VRFC 10-3107] analyzing entity 'sysgen_constant_647337a22b'
INFO: [VRFC 10-3107] analyzing entity 'sysgen_inverter_a48c241908'
INFO: [VRFC 10-3107] analyzing entity 'sysgen_logical_d0a5a8348f'
INFO: [VRFC 10-3107] analyzing entity 'sysgen_mux_49ff4f1d79'
INFO: [VRFC 10-3107] analyzing entity 'sysgen_relational_75407bcf55'
INFO: [VRFC 10-3107] analyzing entity 'sysgen_relational_21712366ca'
INFO: [VRFC 10-3107] analyzing entity 'sysgen_shift_e8ffcf643d'
INFO: [VRFC 10-3107] analyzing entity 'stn_8bit_xlslice'
INFO: [VRFC 10-3107] analyzing entity 'stn_8bit_xladdsub'
INFO: [VRFC 10-3107] analyzing entity 'xlcordic_f819f250414fe513e0d0fc1bbf0a1b05'
INFO: [VRFC 10-3107] analyzing entity 'stn_8bit_xlmult'
INFO: [VRFC 10-163] Analyzing VHDL file "E:/FPGAProject/01102022/FPGAResearch/5_Final_Submission/Simulink/IP_Core_Based/TN_8bit/STN_8bit/vivado/sysgen_STN/sysgen_STN.ip_user_files/ipstatic/xil_defaultlib/hdl/stn_8bit.vhd" into library xil_defaultlib
INFO: [VRFC 10-3107] analyzing entity 'stn_8bit_subsystem_x0'
INFO: [VRFC 10-3107] analyzing entity 'stn_8bit_subsystem1'
INFO: [VRFC 10-3107] analyzing entity 'stn_8bit_subsystem'
INFO: [VRFC 10-3107] analyzing entity 'stn_8bit_struct'
INFO: [VRFC 10-3107] analyzing entity 'stn_8bit_default_clock_driver'
INFO: [VRFC 10-3107] analyzing entity 'stn_8bit'
INFO: [VRFC 10-163] Analyzing VHDL file "E:/FPGAProject/01102022/FPGAResearch/5_Final_Submission/Simulink/IP_Core_Based/TN_8bit/STN_8bit/vivado/sysgen_STN/sysgen_STN.gen/sources_1/ip/stn_8bit_0_1/sim/stn_8bit_0.vhd" into library xil_defaultlib
INFO: [VRFC 10-3107] analyzing entity 'stn_8bit_0'
INFO: [VRFC 10-163] Analyzing VHDL file "E:/FPGAProject/01102022/FPGAResearch/5_Final_Submission/Simulink/IP_Core_Based/TN_8bit/STN_8bit/vivado/sysgen_STN/sysgen_STN.srcs/sources_1/new/sysgen_STN_tb.vhd" into library xil_defaultlib
INFO: [VRFC 10-3107] analyzing entity 'sysgen_STN_tb'
