Copyright 1986-2021 Xilinx, Inc. All Rights Reserved.
--------------------------------------------------------------------------------------------------------------------------------------------------------------------
| Tool Version : Vivado v.2021.1 (win64) Build 3247384 Thu Jun 10 19:36:33 MDT 2021
| Date         : Wed Dec 14 13:54:59 2022
| Host         : DESKTOP-1FT5C23 running 64-bit major release  (build 9200)
| Command      : report_methodology -file sysgen_STN_methodology_drc_routed.rpt -pb sysgen_STN_methodology_drc_routed.pb -rpx sysgen_STN_methodology_drc_routed.rpx
| Design       : sysgen_STN
| Device       : xc7z020clg484-1
| Speed File   : -1
| Design State : Fully Routed
--------------------------------------------------------------------------------------------------------------------------------------------------------------------

Report Methodology

Table of Contents
-----------------
1. REPORT SUMMARY
2. REPORT DETAILS

1. REPORT SUMMARY
-----------------
            Netlist: netlist
          Floorplan: design_1
      Design limits: <entire design considered>
             Max violations: <unlimited>
             Violations found: 192
+-----------+----------+-------------------------------+------------+
| Rule      | Severity | Description                   | Violations |
+-----------+----------+-------------------------------+------------+
| TIMING-18 | Warning  | Missing input or output delay | 192        |
+-----------+----------+-------------------------------+------------+

2. REPORT DETAILS
-----------------
TIMING-18#1 Warning
Missing input or output delay  
An input delay is missing on input_t[0] relative to clock(s) CLK
Related violations: <none>

TIMING-18#2 Warning
Missing input or output delay  
An input delay is missing on input_t[10] relative to clock(s) CLK
Related violations: <none>

TIMING-18#3 Warning
Missing input or output delay  
An input delay is missing on input_t[11] relative to clock(s) CLK
Related violations: <none>

TIMING-18#4 Warning
Missing input or output delay  
An input delay is missing on input_t[12] relative to clock(s) CLK
Related violations: <none>

TIMING-18#5 Warning
Missing input or output delay  
An input delay is missing on input_t[13] relative to clock(s) CLK
Related violations: <none>

TIMING-18#6 Warning
Missing input or output delay  
An input delay is missing on input_t[14] relative to clock(s) CLK
Related violations: <none>

TIMING-18#7 Warning
Missing input or output delay  
An input delay is missing on input_t[15] relative to clock(s) CLK
Related violations: <none>

TIMING-18#8 Warning
Missing input or output delay  
An input delay is missing on input_t[16] relative to clock(s) CLK
Related violations: <none>

TIMING-18#9 Warning
Missing input or output delay  
An input delay is missing on input_t[17] relative to clock(s) CLK
Related violations: <none>

TIMING-18#10 Warning
Missing input or output delay  
An input delay is missing on input_t[18] relative to clock(s) CLK
Related violations: <none>

TIMING-18#11 Warning
Missing input or output delay  
An input delay is missing on input_t[19] relative to clock(s) CLK
Related violations: <none>

TIMING-18#12 Warning
Missing input or output delay  
An input delay is missing on input_t[1] relative to clock(s) CLK
Related violations: <none>

TIMING-18#13 Warning
Missing input or output delay  
An input delay is missing on input_t[20] relative to clock(s) CLK
Related violations: <none>

TIMING-18#14 Warning
Missing input or output delay  
An input delay is missing on input_t[21] relative to clock(s) CLK
Related violations: <none>

TIMING-18#15 Warning
Missing input or output delay  
An input delay is missing on input_t[22] relative to clock(s) CLK
Related violations: <none>

TIMING-18#16 Warning
Missing input or output delay  
An input delay is missing on input_t[23] relative to clock(s) CLK
Related violations: <none>

TIMING-18#17 Warning
Missing input or output delay  
An input delay is missing on input_t[24] relative to clock(s) CLK
Related violations: <none>

TIMING-18#18 Warning
Missing input or output delay  
An input delay is missing on input_t[25] relative to clock(s) CLK
Related violations: <none>

TIMING-18#19 Warning
Missing input or output delay  
An input delay is missing on input_t[26] relative to clock(s) CLK
Related violations: <none>

TIMING-18#20 Warning
Missing input or output delay  
An input delay is missing on input_t[27] relative to clock(s) CLK
Related violations: <none>

TIMING-18#21 Warning
Missing input or output delay  
An input delay is missing on input_t[28] relative to clock(s) CLK
Related violations: <none>

TIMING-18#22 Warning
Missing input or output delay  
An input delay is missing on input_t[29] relative to clock(s) CLK
Related violations: <none>

TIMING-18#23 Warning
Missing input or output delay  
An input delay is missing on input_t[2] relative to clock(s) CLK
Related violations: <none>

TIMING-18#24 Warning
Missing input or output delay  
An input delay is missing on input_t[30] relative to clock(s) CLK
Related violations: <none>

TIMING-18#25 Warning
Missing input or output delay  
An input delay is missing on input_t[31] relative to clock(s) CLK
Related violations: <none>

TIMING-18#26 Warning
Missing input or output delay  
An input delay is missing on input_t[32] relative to clock(s) CLK
Related violations: <none>

TIMING-18#27 Warning
Missing input or output delay  
An input delay is missing on input_t[33] relative to clock(s) CLK
Related violations: <none>

TIMING-18#28 Warning
Missing input or output delay  
An input delay is missing on input_t[34] relative to clock(s) CLK
Related violations: <none>

TIMING-18#29 Warning
Missing input or output delay  
An input delay is missing on input_t[35] relative to clock(s) CLK
Related violations: <none>

TIMING-18#30 Warning
Missing input or output delay  
An input delay is missing on input_t[36] relative to clock(s) CLK
Related violations: <none>

TIMING-18#31 Warning
Missing input or output delay  
An input delay is missing on input_t[37] relative to clock(s) CLK
Related violations: <none>

TIMING-18#32 Warning
Missing input or output delay  
An input delay is missing on input_t[38] relative to clock(s) CLK
Related violations: <none>

TIMING-18#33 Warning
Missing input or output delay  
An input delay is missing on input_t[39] relative to clock(s) CLK
Related violations: <none>

TIMING-18#34 Warning
Missing input or output delay  
An input delay is missing on input_t[3] relative to clock(s) CLK
Related violations: <none>

TIMING-18#35 Warning
Missing input or output delay  
An input delay is missing on input_t[40] relative to clock(s) CLK
Related violations: <none>

TIMING-18#36 Warning
Missing input or output delay  
An input delay is missing on input_t[41] relative to clock(s) CLK
Related violations: <none>

TIMING-18#37 Warning
Missing input or output delay  
An input delay is missing on input_t[42] relative to clock(s) CLK
Related violations: <none>

TIMING-18#38 Warning
Missing input or output delay  
An input delay is missing on input_t[43] relative to clock(s) CLK
Related violations: <none>

TIMING-18#39 Warning
Missing input or output delay  
An input delay is missing on input_t[44] relative to clock(s) CLK
Related violations: <none>

TIMING-18#40 Warning
Missing input or output delay  
An input delay is missing on input_t[45] relative to clock(s) CLK
Related violations: <none>

TIMING-18#41 Warning
Missing input or output delay  
An input delay is missing on input_t[46] relative to clock(s) CLK
Related violations: <none>

TIMING-18#42 Warning
Missing input or output delay  
An input delay is missing on input_t[47] relative to clock(s) CLK
Related violations: <none>

TIMING-18#43 Warning
Missing input or output delay  
An input delay is missing on input_t[48] relative to clock(s) CLK
Related violations: <none>

TIMING-18#44 Warning
Missing input or output delay  
An input delay is missing on input_t[49] relative to clock(s) CLK
Related violations: <none>

TIMING-18#45 Warning
Missing input or output delay  
An input delay is missing on input_t[4] relative to clock(s) CLK
Related violations: <none>

TIMING-18#46 Warning
Missing input or output delay  
An input delay is missing on input_t[50] relative to clock(s) CLK
Related violations: <none>

TIMING-18#47 Warning
Missing input or output delay  
An input delay is missing on input_t[51] relative to clock(s) CLK
Related violations: <none>

TIMING-18#48 Warning
Missing input or output delay  
An input delay is missing on input_t[52] relative to clock(s) CLK
Related violations: <none>

TIMING-18#49 Warning
Missing input or output delay  
An input delay is missing on input_t[53] relative to clock(s) CLK
Related violations: <none>

TIMING-18#50 Warning
Missing input or output delay  
An input delay is missing on input_t[54] relative to clock(s) CLK
Related violations: <none>

TIMING-18#51 Warning
Missing input or output delay  
An input delay is missing on input_t[55] relative to clock(s) CLK
Related violations: <none>

TIMING-18#52 Warning
Missing input or output delay  
An input delay is missing on input_t[56] relative to clock(s) CLK
Related violations: <none>

TIMING-18#53 Warning
Missing input or output delay  
An input delay is missing on input_t[57] relative to clock(s) CLK
Related violations: <none>

TIMING-18#54 Warning
Missing input or output delay  
An input delay is missing on input_t[58] relative to clock(s) CLK
Related violations: <none>

TIMING-18#55 Warning
Missing input or output delay  
An input delay is missing on input_t[59] relative to clock(s) CLK
Related violations: <none>

TIMING-18#56 Warning
Missing input or output delay  
An input delay is missing on input_t[5] relative to clock(s) CLK
Related violations: <none>

TIMING-18#57 Warning
Missing input or output delay  
An input delay is missing on input_t[60] relative to clock(s) CLK
Related violations: <none>

TIMING-18#58 Warning
Missing input or output delay  
An input delay is missing on input_t[61] relative to clock(s) CLK
Related violations: <none>

TIMING-18#59 Warning
Missing input or output delay  
An input delay is missing on input_t[62] relative to clock(s) CLK
Related violations: <none>

TIMING-18#60 Warning
Missing input or output delay  
An input delay is missing on input_t[63] relative to clock(s) CLK
Related violations: <none>

TIMING-18#61 Warning
Missing input or output delay  
An input delay is missing on input_t[6] relative to clock(s) CLK
Related violations: <none>

TIMING-18#62 Warning
Missing input or output delay  
An input delay is missing on input_t[7] relative to clock(s) CLK
Related violations: <none>

TIMING-18#63 Warning
Missing input or output delay  
An input delay is missing on input_t[8] relative to clock(s) CLK
Related violations: <none>

TIMING-18#64 Warning
Missing input or output delay  
An input delay is missing on input_t[9] relative to clock(s) CLK
Related violations: <none>

TIMING-18#65 Warning
Missing input or output delay  
An output delay is missing on out_imag[0] relative to clock(s) CLK
Related violations: <none>

TIMING-18#66 Warning
Missing input or output delay  
An output delay is missing on out_imag[10] relative to clock(s) CLK
Related violations: <none>

TIMING-18#67 Warning
Missing input or output delay  
An output delay is missing on out_imag[11] relative to clock(s) CLK
Related violations: <none>

TIMING-18#68 Warning
Missing input or output delay  
An output delay is missing on out_imag[12] relative to clock(s) CLK
Related violations: <none>

TIMING-18#69 Warning
Missing input or output delay  
An output delay is missing on out_imag[13] relative to clock(s) CLK
Related violations: <none>

TIMING-18#70 Warning
Missing input or output delay  
An output delay is missing on out_imag[14] relative to clock(s) CLK
Related violations: <none>

TIMING-18#71 Warning
Missing input or output delay  
An output delay is missing on out_imag[15] relative to clock(s) CLK
Related violations: <none>

TIMING-18#72 Warning
Missing input or output delay  
An output delay is missing on out_imag[16] relative to clock(s) CLK
Related violations: <none>

TIMING-18#73 Warning
Missing input or output delay  
An output delay is missing on out_imag[17] relative to clock(s) CLK
Related violations: <none>

TIMING-18#74 Warning
Missing input or output delay  
An output delay is missing on out_imag[18] relative to clock(s) CLK
Related violations: <none>

TIMING-18#75 Warning
Missing input or output delay  
An output delay is missing on out_imag[19] relative to clock(s) CLK
Related violations: <none>

TIMING-18#76 Warning
Missing input or output delay  
An output delay is missing on out_imag[1] relative to clock(s) CLK
Related violations: <none>

TIMING-18#77 Warning
Missing input or output delay  
An output delay is missing on out_imag[20] relative to clock(s) CLK
Related violations: <none>

TIMING-18#78 Warning
Missing input or output delay  
An output delay is missing on out_imag[21] relative to clock(s) CLK
Related violations: <none>

TIMING-18#79 Warning
Missing input or output delay  
An output delay is missing on out_imag[22] relative to clock(s) CLK
Related violations: <none>

TIMING-18#80 Warning
Missing input or output delay  
An output delay is missing on out_imag[23] relative to clock(s) CLK
Related violations: <none>

TIMING-18#81 Warning
Missing input or output delay  
An output delay is missing on out_imag[24] relative to clock(s) CLK
Related violations: <none>

TIMING-18#82 Warning
Missing input or output delay  
An output delay is missing on out_imag[25] relative to clock(s) CLK
Related violations: <none>

TIMING-18#83 Warning
Missing input or output delay  
An output delay is missing on out_imag[26] relative to clock(s) CLK
Related violations: <none>

TIMING-18#84 Warning
Missing input or output delay  
An output delay is missing on out_imag[27] relative to clock(s) CLK
Related violations: <none>

TIMING-18#85 Warning
Missing input or output delay  
An output delay is missing on out_imag[28] relative to clock(s) CLK
Related violations: <none>

TIMING-18#86 Warning
Missing input or output delay  
An output delay is missing on out_imag[29] relative to clock(s) CLK
Related violations: <none>

TIMING-18#87 Warning
Missing input or output delay  
An output delay is missing on out_imag[2] relative to clock(s) CLK
Related violations: <none>

TIMING-18#88 Warning
Missing input or output delay  
An output delay is missing on out_imag[30] relative to clock(s) CLK
Related violations: <none>

TIMING-18#89 Warning
Missing input or output delay  
An output delay is missing on out_imag[31] relative to clock(s) CLK
Related violations: <none>

TIMING-18#90 Warning
Missing input or output delay  
An output delay is missing on out_imag[32] relative to clock(s) CLK
Related violations: <none>

TIMING-18#91 Warning
Missing input or output delay  
An output delay is missing on out_imag[33] relative to clock(s) CLK
Related violations: <none>

TIMING-18#92 Warning
Missing input or output delay  
An output delay is missing on out_imag[34] relative to clock(s) CLK
Related violations: <none>

TIMING-18#93 Warning
Missing input or output delay  
An output delay is missing on out_imag[35] relative to clock(s) CLK
Related violations: <none>

TIMING-18#94 Warning
Missing input or output delay  
An output delay is missing on out_imag[36] relative to clock(s) CLK
Related violations: <none>

TIMING-18#95 Warning
Missing input or output delay  
An output delay is missing on out_imag[37] relative to clock(s) CLK
Related violations: <none>

TIMING-18#96 Warning
Missing input or output delay  
An output delay is missing on out_imag[38] relative to clock(s) CLK
Related violations: <none>

TIMING-18#97 Warning
Missing input or output delay  
An output delay is missing on out_imag[39] relative to clock(s) CLK
Related violations: <none>

TIMING-18#98 Warning
Missing input or output delay  
An output delay is missing on out_imag[3] relative to clock(s) CLK
Related violations: <none>

TIMING-18#99 Warning
Missing input or output delay  
An output delay is missing on out_imag[40] relative to clock(s) CLK
Related violations: <none>

TIMING-18#100 Warning
Missing input or output delay  
An output delay is missing on out_imag[41] relative to clock(s) CLK
Related violations: <none>

TIMING-18#101 Warning
Missing input or output delay  
An output delay is missing on out_imag[42] relative to clock(s) CLK
Related violations: <none>

TIMING-18#102 Warning
Missing input or output delay  
An output delay is missing on out_imag[43] relative to clock(s) CLK
Related violations: <none>

TIMING-18#103 Warning
Missing input or output delay  
An output delay is missing on out_imag[44] relative to clock(s) CLK
Related violations: <none>

TIMING-18#104 Warning
Missing input or output delay  
An output delay is missing on out_imag[45] relative to clock(s) CLK
Related violations: <none>

TIMING-18#105 Warning
Missing input or output delay  
An output delay is missing on out_imag[46] relative to clock(s) CLK
Related violations: <none>

TIMING-18#106 Warning
Missing input or output delay  
An output delay is missing on out_imag[47] relative to clock(s) CLK
Related violations: <none>

TIMING-18#107 Warning
Missing input or output delay  
An output delay is missing on out_imag[48] relative to clock(s) CLK
Related violations: <none>

TIMING-18#108 Warning
Missing input or output delay  
An output delay is missing on out_imag[49] relative to clock(s) CLK
Related violations: <none>

TIMING-18#109 Warning
Missing input or output delay  
An output delay is missing on out_imag[4] relative to clock(s) CLK
Related violations: <none>

TIMING-18#110 Warning
Missing input or output delay  
An output delay is missing on out_imag[50] relative to clock(s) CLK
Related violations: <none>

TIMING-18#111 Warning
Missing input or output delay  
An output delay is missing on out_imag[51] relative to clock(s) CLK
Related violations: <none>

TIMING-18#112 Warning
Missing input or output delay  
An output delay is missing on out_imag[52] relative to clock(s) CLK
Related violations: <none>

TIMING-18#113 Warning
Missing input or output delay  
An output delay is missing on out_imag[53] relative to clock(s) CLK
Related violations: <none>

TIMING-18#114 Warning
Missing input or output delay  
An output delay is missing on out_imag[54] relative to clock(s) CLK
Related violations: <none>

TIMING-18#115 Warning
Missing input or output delay  
An output delay is missing on out_imag[55] relative to clock(s) CLK
Related violations: <none>

TIMING-18#116 Warning
Missing input or output delay  
An output delay is missing on out_imag[56] relative to clock(s) CLK
Related violations: <none>

TIMING-18#117 Warning
Missing input or output delay  
An output delay is missing on out_imag[57] relative to clock(s) CLK
Related violations: <none>

TIMING-18#118 Warning
Missing input or output delay  
An output delay is missing on out_imag[58] relative to clock(s) CLK
Related violations: <none>

TIMING-18#119 Warning
Missing input or output delay  
An output delay is missing on out_imag[59] relative to clock(s) CLK
Related violations: <none>

TIMING-18#120 Warning
Missing input or output delay  
An output delay is missing on out_imag[5] relative to clock(s) CLK
Related violations: <none>

TIMING-18#121 Warning
Missing input or output delay  
An output delay is missing on out_imag[60] relative to clock(s) CLK
Related violations: <none>

TIMING-18#122 Warning
Missing input or output delay  
An output delay is missing on out_imag[61] relative to clock(s) CLK
Related violations: <none>

TIMING-18#123 Warning
Missing input or output delay  
An output delay is missing on out_imag[62] relative to clock(s) CLK
Related violations: <none>

TIMING-18#124 Warning
Missing input or output delay  
An output delay is missing on out_imag[63] relative to clock(s) CLK
Related violations: <none>

TIMING-18#125 Warning
Missing input or output delay  
An output delay is missing on out_imag[6] relative to clock(s) CLK
Related violations: <none>

TIMING-18#126 Warning
Missing input or output delay  
An output delay is missing on out_imag[7] relative to clock(s) CLK
Related violations: <none>

TIMING-18#127 Warning
Missing input or output delay  
An output delay is missing on out_imag[8] relative to clock(s) CLK
Related violations: <none>

TIMING-18#128 Warning
Missing input or output delay  
An output delay is missing on out_imag[9] relative to clock(s) CLK
Related violations: <none>

TIMING-18#129 Warning
Missing input or output delay  
An output delay is missing on out_real[0] relative to clock(s) CLK
Related violations: <none>

TIMING-18#130 Warning
Missing input or output delay  
An output delay is missing on out_real[10] relative to clock(s) CLK
Related violations: <none>

TIMING-18#131 Warning
Missing input or output delay  
An output delay is missing on out_real[11] relative to clock(s) CLK
Related violations: <none>

TIMING-18#132 Warning
Missing input or output delay  
An output delay is missing on out_real[12] relative to clock(s) CLK
Related violations: <none>

TIMING-18#133 Warning
Missing input or output delay  
An output delay is missing on out_real[13] relative to clock(s) CLK
Related violations: <none>

TIMING-18#134 Warning
Missing input or output delay  
An output delay is missing on out_real[14] relative to clock(s) CLK
Related violations: <none>

TIMING-18#135 Warning
Missing input or output delay  
An output delay is missing on out_real[15] relative to clock(s) CLK
Related violations: <none>

TIMING-18#136 Warning
Missing input or output delay  
An output delay is missing on out_real[16] relative to clock(s) CLK
Related violations: <none>

TIMING-18#137 Warning
Missing input or output delay  
An output delay is missing on out_real[17] relative to clock(s) CLK
Related violations: <none>

TIMING-18#138 Warning
Missing input or output delay  
An output delay is missing on out_real[18] relative to clock(s) CLK
Related violations: <none>

TIMING-18#139 Warning
Missing input or output delay  
An output delay is missing on out_real[19] relative to clock(s) CLK
Related violations: <none>

TIMING-18#140 Warning
Missing input or output delay  
An output delay is missing on out_real[1] relative to clock(s) CLK
Related violations: <none>

TIMING-18#141 Warning
Missing input or output delay  
An output delay is missing on out_real[20] relative to clock(s) CLK
Related violations: <none>

TIMING-18#142 Warning
Missing input or output delay  
An output delay is missing on out_real[21] relative to clock(s) CLK
Related violations: <none>

TIMING-18#143 Warning
Missing input or output delay  
An output delay is missing on out_real[22] relative to clock(s) CLK
Related violations: <none>

TIMING-18#144 Warning
Missing input or output delay  
An output delay is missing on out_real[23] relative to clock(s) CLK
Related violations: <none>

TIMING-18#145 Warning
Missing input or output delay  
An output delay is missing on out_real[24] relative to clock(s) CLK
Related violations: <none>

TIMING-18#146 Warning
Missing input or output delay  
An output delay is missing on out_real[25] relative to clock(s) CLK
Related violations: <none>

TIMING-18#147 Warning
Missing input or output delay  
An output delay is missing on out_real[26] relative to clock(s) CLK
Related violations: <none>

TIMING-18#148 Warning
Missing input or output delay  
An output delay is missing on out_real[27] relative to clock(s) CLK
Related violations: <none>

TIMING-18#149 Warning
Missing input or output delay  
An output delay is missing on out_real[28] relative to clock(s) CLK
Related violations: <none>

TIMING-18#150 Warning
Missing input or output delay  
An output delay is missing on out_real[29] relative to clock(s) CLK
Related violations: <none>

TIMING-18#151 Warning
Missing input or output delay  
An output delay is missing on out_real[2] relative to clock(s) CLK
Related violations: <none>

TIMING-18#152 Warning
Missing input or output delay  
An output delay is missing on out_real[30] relative to clock(s) CLK
Related violations: <none>

TIMING-18#153 Warning
Missing input or output delay  
An output delay is missing on out_real[31] relative to clock(s) CLK
Related violations: <none>

TIMING-18#154 Warning
Missing input or output delay  
An output delay is missing on out_real[32] relative to clock(s) CLK
Related violations: <none>

TIMING-18#155 Warning
Missing input or output delay  
An output delay is missing on out_real[33] relative to clock(s) CLK
Related violations: <none>

TIMING-18#156 Warning
Missing input or output delay  
An output delay is missing on out_real[34] relative to clock(s) CLK
Related violations: <none>

TIMING-18#157 Warning
Missing input or output delay  
An output delay is missing on out_real[35] relative to clock(s) CLK
Related violations: <none>

TIMING-18#158 Warning
Missing input or output delay  
An output delay is missing on out_real[36] relative to clock(s) CLK
Related violations: <none>

TIMING-18#159 Warning
Missing input or output delay  
An output delay is missing on out_real[37] relative to clock(s) CLK
Related violations: <none>

TIMING-18#160 Warning
Missing input or output delay  
An output delay is missing on out_real[38] relative to clock(s) CLK
Related violations: <none>

TIMING-18#161 Warning
Missing input or output delay  
An output delay is missing on out_real[39] relative to clock(s) CLK
Related violations: <none>

TIMING-18#162 Warning
Missing input or output delay  
An output delay is missing on out_real[3] relative to clock(s) CLK
Related violations: <none>

TIMING-18#163 Warning
Missing input or output delay  
An output delay is missing on out_real[40] relative to clock(s) CLK
Related violations: <none>

TIMING-18#164 Warning
Missing input or output delay  
An output delay is missing on out_real[41] relative to clock(s) CLK
Related violations: <none>

TIMING-18#165 Warning
Missing input or output delay  
An output delay is missing on out_real[42] relative to clock(s) CLK
Related violations: <none>

TIMING-18#166 Warning
Missing input or output delay  
An output delay is missing on out_real[43] relative to clock(s) CLK
Related violations: <none>

TIMING-18#167 Warning
Missing input or output delay  
An output delay is missing on out_real[44] relative to clock(s) CLK
Related violations: <none>

TIMING-18#168 Warning
Missing input or output delay  
An output delay is missing on out_real[45] relative to clock(s) CLK
Related violations: <none>

TIMING-18#169 Warning
Missing input or output delay  
An output delay is missing on out_real[46] relative to clock(s) CLK
Related violations: <none>

TIMING-18#170 Warning
Missing input or output delay  
An output delay is missing on out_real[47] relative to clock(s) CLK
Related violations: <none>

TIMING-18#171 Warning
Missing input or output delay  
An output delay is missing on out_real[48] relative to clock(s) CLK
Related violations: <none>

TIMING-18#172 Warning
Missing input or output delay  
An output delay is missing on out_real[49] relative to clock(s) CLK
Related violations: <none>

TIMING-18#173 Warning
Missing input or output delay  
An output delay is missing on out_real[4] relative to clock(s) CLK
Related violations: <none>

TIMING-18#174 Warning
Missing input or output delay  
An output delay is missing on out_real[50] relative to clock(s) CLK
Related violations: <none>

TIMING-18#175 Warning
Missing input or output delay  
An output delay is missing on out_real[51] relative to clock(s) CLK
Related violations: <none>

TIMING-18#176 Warning
Missing input or output delay  
An output delay is missing on out_real[52] relative to clock(s) CLK
Related violations: <none>

TIMING-18#177 Warning
Missing input or output delay  
An output delay is missing on out_real[53] relative to clock(s) CLK
Related violations: <none>

TIMING-18#178 Warning
Missing input or output delay  
An output delay is missing on out_real[54] relative to clock(s) CLK
Related violations: <none>

TIMING-18#179 Warning
Missing input or output delay  
An output delay is missing on out_real[55] relative to clock(s) CLK
Related violations: <none>

TIMING-18#180 Warning
Missing input or output delay  
An output delay is missing on out_real[56] relative to clock(s) CLK
Related violations: <none>

TIMING-18#181 Warning
Missing input or output delay  
An output delay is missing on out_real[57] relative to clock(s) CLK
Related violations: <none>

TIMING-18#182 Warning
Missing input or output delay  
An output delay is missing on out_real[58] relative to clock(s) CLK
Related violations: <none>

TIMING-18#183 Warning
Missing input or output delay  
An output delay is missing on out_real[59] relative to clock(s) CLK
Related violations: <none>

TIMING-18#184 Warning
Missing input or output delay  
An output delay is missing on out_real[5] relative to clock(s) CLK
Related violations: <none>

TIMING-18#185 Warning
Missing input or output delay  
An output delay is missing on out_real[60] relative to clock(s) CLK
Related violations: <none>

TIMING-18#186 Warning
Missing input or output delay  
An output delay is missing on out_real[61] relative to clock(s) CLK
Related violations: <none>

TIMING-18#187 Warning
Missing input or output delay  
An output delay is missing on out_real[62] relative to clock(s) CLK
Related violations: <none>

TIMING-18#188 Warning
Missing input or output delay  
An output delay is missing on out_real[63] relative to clock(s) CLK
Related violations: <none>

TIMING-18#189 Warning
Missing input or output delay  
An output delay is missing on out_real[6] relative to clock(s) CLK
Related violations: <none>

TIMING-18#190 Warning
Missing input or output delay  
An output delay is missing on out_real[7] relative to clock(s) CLK
Related violations: <none>

TIMING-18#191 Warning
Missing input or output delay  
An output delay is missing on out_real[8] relative to clock(s) CLK
Related violations: <none>

TIMING-18#192 Warning
Missing input or output delay  
An output delay is missing on out_real[9] relative to clock(s) CLK
Related violations: <none>


