INFO: [VRFC 10-163] Analyzing VHDL file "E:/FPGAProject/01102022/FPGAResearch/5_Final_Submission/Simulink/BRAM_LT_Based/BRAM32bit/vivado/sysgen_STN/sysgen_STN.gen/sources_1/ip/bram_stn_32bit_0/bram_stn_32bit_c_addsub_v12_0_i0/sim/bram_stn_32bit_c_addsub_v12_0_i0.vhd" into library xil_defaultlib
INFO: [VRFC 10-3107] analyzing entity 'bram_stn_32bit_c_addsub_v12_0_i0'
INFO: [VRFC 10-163] Analyzing VHDL file "E:/FPGAProject/01102022/FPGAResearch/5_Final_Submission/Simulink/BRAM_LT_Based/BRAM32bit/vivado/sysgen_STN/sysgen_STN.gen/sources_1/ip/bram_stn_32bit_0/bram_stn_32bit_c_addsub_v12_0_i1/sim/bram_stn_32bit_c_addsub_v12_0_i1.vhd" into library xil_defaultlib
INFO: [VRFC 10-3107] analyzing entity 'bram_stn_32bit_c_addsub_v12_0_i1'
INFO: [VRFC 10-163] Analyzing VHDL file "E:/FPGAProject/01102022/FPGAResearch/5_Final_Submission/Simulink/BRAM_LT_Based/BRAM32bit/vivado/sysgen_STN/sysgen_STN.gen/sources_1/ip/bram_stn_32bit_0/bram_stn_32bit_div_gen_v5_1_i0/sim/bram_stn_32bit_div_gen_v5_1_i0.vhd" into library xil_defaultlib
INFO: [VRFC 10-3107] analyzing entity 'bram_stn_32bit_div_gen_v5_1_i0'
INFO: [VRFC 10-163] Analyzing VHDL file "E:/FPGAProject/01102022/FPGAResearch/5_Final_Submission/Simulink/BRAM_LT_Based/BRAM32bit/vivado/sysgen_STN/sysgen_STN.gen/sources_1/ip/bram_stn_32bit_0/bram_stn_32bit_mult_gen_v12_0_i0/sim/bram_stn_32bit_mult_gen_v12_0_i0.vhd" into library xil_defaultlib
INFO: [VRFC 10-3107] analyzing entity 'bram_stn_32bit_mult_gen_v12_0_i0'
INFO: [VRFC 10-163] Analyzing VHDL file "E:/FPGAProject/01102022/FPGAResearch/5_Final_Submission/Simulink/BRAM_LT_Based/BRAM32bit/vivado/sysgen_STN/sysgen_STN.ip_user_files/ipstatic/xil_defaultlib/hdl/conv_pkg.vhd" into library xil_defaultlib
INFO: [VRFC 10-163] Analyzing VHDL file "E:/FPGAProject/01102022/FPGAResearch/5_Final_Submission/Simulink/BRAM_LT_Based/BRAM32bit/vivado/sysgen_STN/sysgen_STN.ip_user_files/ipstatic/xil_defaultlib/hdl/synth_reg.vhd" into library xil_defaultlib
INFO: [VRFC 10-3107] analyzing entity 'synth_reg'
INFO: [VRFC 10-163] Analyzing VHDL file "E:/FPGAProject/01102022/FPGAResearch/5_Final_Submission/Simulink/BRAM_LT_Based/BRAM32bit/vivado/sysgen_STN/sysgen_STN.ip_user_files/ipstatic/xil_defaultlib/hdl/synth_reg_w_init.vhd" into library xil_defaultlib
INFO: [VRFC 10-3107] analyzing entity 'synth_reg_w_init'
INFO: [VRFC 10-163] Analyzing VHDL file "E:/FPGAProject/01102022/FPGAResearch/5_Final_Submission/Simulink/BRAM_LT_Based/BRAM32bit/vivado/sysgen_STN/sysgen_STN.ip_user_files/ipstatic/xil_defaultlib/hdl/srl17e.vhd" into library xil_defaultlib
INFO: [VRFC 10-3107] analyzing entity 'srl17e'
INFO: [VRFC 10-163] Analyzing VHDL file "E:/FPGAProject/01102022/FPGAResearch/5_Final_Submission/Simulink/BRAM_LT_Based/BRAM32bit/vivado/sysgen_STN/sysgen_STN.ip_user_files/ipstatic/xil_defaultlib/hdl/srl33e.vhd" into library xil_defaultlib
INFO: [VRFC 10-3107] analyzing entity 'srlc33e'
INFO: [VRFC 10-163] Analyzing VHDL file "E:/FPGAProject/01102022/FPGAResearch/5_Final_Submission/Simulink/BRAM_LT_Based/BRAM32bit/vivado/sysgen_STN/sysgen_STN.ip_user_files/ipstatic/xil_defaultlib/hdl/synth_reg_reg.vhd" into library xil_defaultlib
INFO: [VRFC 10-3107] analyzing entity 'synth_reg_reg'
INFO: [VRFC 10-163] Analyzing VHDL file "E:/FPGAProject/01102022/FPGAResearch/5_Final_Submission/Simulink/BRAM_LT_Based/BRAM32bit/vivado/sysgen_STN/sysgen_STN.ip_user_files/ipstatic/xil_defaultlib/hdl/single_reg_w_init.vhd" into library xil_defaultlib
INFO: [VRFC 10-3107] analyzing entity 'single_reg_w_init'
INFO: [VRFC 10-163] Analyzing VHDL file "E:/FPGAProject/01102022/FPGAResearch/5_Final_Submission/Simulink/BRAM_LT_Based/BRAM32bit/vivado/sysgen_STN/sysgen_STN.ip_user_files/ipstatic/xil_defaultlib/hdl/xlclockdriver_rd.vhd" into library xil_defaultlib
INFO: [VRFC 10-3107] analyzing entity 'xlclockdriver'
INFO: [VRFC 10-163] Analyzing VHDL file "E:/FPGAProject/01102022/FPGAResearch/5_Final_Submission/Simulink/BRAM_LT_Based/BRAM32bit/vivado/sysgen_STN/sysgen_STN.ip_user_files/ipstatic/xil_defaultlib/hdl/bram_stn_32bit_entity_declarations.vhd" into library xil_defaultlib
INFO: [VRFC 10-3107] analyzing entity 'sysgen_constant_c67d2d7bba'
INFO: [VRFC 10-3107] analyzing entity 'sysgen_constant_f120491cc1'
INFO: [VRFC 10-3107] analyzing entity 'sysgen_constant_d9f6deb7db'
INFO: [VRFC 10-3107] analyzing entity 'sysgen_constant_4d3d040bea'
INFO: [VRFC 10-3107] analyzing entity 'sysgen_constant_f0bdbb1afc'
INFO: [VRFC 10-3107] analyzing entity 'sysgen_constant_1cb06a7daa'
INFO: [VRFC 10-3107] analyzing entity 'sysgen_constant_c12dc6e360'
INFO: [VRFC 10-3107] analyzing entity 'sysgen_constant_bcb3021260'
INFO: [VRFC 10-3107] analyzing entity 'sysgen_constant_c82c22241d'
INFO: [VRFC 10-3107] analyzing entity 'sysgen_inverter_3392b3e69f'
INFO: [VRFC 10-3107] analyzing entity 'sysgen_logical_0e44ba8fe7'
INFO: [VRFC 10-3107] analyzing entity 'sysgen_mux_845e9c73a6'
INFO: [VRFC 10-3107] analyzing entity 'sysgen_relational_216090f021'
INFO: [VRFC 10-3107] analyzing entity 'sysgen_relational_a7a4b3c77f'
INFO: [VRFC 10-3107] analyzing entity 'sysgen_shift_af4f5ba2a9'
INFO: [VRFC 10-3107] analyzing entity 'bram_stn_32bit_xlslice'
INFO: [VRFC 10-3107] analyzing entity 'sysgen_constant_96baa3406c'
INFO: [VRFC 10-3107] analyzing entity 'sysgen_shift_0361ceaa31'
INFO: [VRFC 10-3107] analyzing entity 'bram_stn_32bit_xlsprom'
INFO: [VRFC 10-3107] analyzing entity 'bram_stn_32bit_xladdsub'
INFO: [VRFC 10-3107] analyzing entity 'xldivider_generator_37a331c541434d60a99b7e10be4b4fac'
INFO: [VRFC 10-3107] analyzing entity 'bram_stn_32bit_xlmult'
INFO: [VRFC 10-163] Analyzing VHDL file "E:/FPGAProject/01102022/FPGAResearch/5_Final_Submission/Simulink/BRAM_LT_Based/BRAM32bit/vivado/sysgen_STN/sysgen_STN.ip_user_files/ipstatic/xil_defaultlib/hdl/bram_stn_32bit.vhd" into library xil_defaultlib
INFO: [VRFC 10-3107] analyzing entity 'bram_stn_32bit_bram_cordic'
INFO: [VRFC 10-3107] analyzing entity 'bram_stn_32bit_subsystem_x0'
INFO: [VRFC 10-3107] analyzing entity 'bram_stn_32bit_bram_cordic_x0'
INFO: [VRFC 10-3107] analyzing entity 'bram_stn_32bit_subsystem1'
INFO: [VRFC 10-3107] analyzing entity 'bram_stn_32bit_subsystem'
INFO: [VRFC 10-3107] analyzing entity 'bram_stn_32bit_struct'
INFO: [VRFC 10-3107] analyzing entity 'bram_stn_32bit_default_clock_driver'
INFO: [VRFC 10-3107] analyzing entity 'bram_stn_32bit'
INFO: [VRFC 10-163] Analyzing VHDL file "E:/FPGAProject/01102022/FPGAResearch/5_Final_Submission/Simulink/BRAM_LT_Based/BRAM32bit/vivado/sysgen_STN/sysgen_STN.gen/sources_1/ip/bram_stn_32bit_0/sim/bram_stn_32bit_0.vhd" into library xil_defaultlib
INFO: [VRFC 10-3107] analyzing entity 'bram_stn_32bit_0'
INFO: [VRFC 10-163] Analyzing VHDL file "E:/FPGAProject/01102022/FPGAResearch/5_Final_Submission/Simulink/BRAM_LT_Based/BRAM32bit/vivado/sysgen_STN/sysgen_STN.srcs/sources_1/new/input_package.vhd" into library xil_defaultlib
INFO: [VRFC 10-163] Analyzing VHDL file "E:/FPGAProject/01102022/FPGAResearch/5_Final_Submission/Simulink/BRAM_LT_Based/BRAM32bit/vivado/sysgen_STN/sysgen_STN.srcs/sources_1/new/sysgen_STN.vhd" into library xil_defaultlib
INFO: [VRFC 10-3107] analyzing entity 'sysgen_STN'
INFO: [VRFC 10-163] Analyzing VHDL file "E:/FPGAProject/01102022/FPGAResearch/5_Final_Submission/Simulink/BRAM_LT_Based/BRAM32bit/vivado/sysgen_STN/sysgen_STN.srcs/sources_1/new/sysgen_STN_tb.vhd" into library xil_defaultlib
INFO: [VRFC 10-3107] analyzing entity 'sysgen_STN_tb'
