--------------------------------- Version Log ----------------------------------
Version                                 Path
System Generator 2021.1                 C:/Xilinx/Vivado/2021.1
Matlab 9.10.0.1602886 (R2021a)          C:\Program Files\Polyspace\R2021a
Vivado 2021.1                           C:/Xilinx/Vivado/2021.1
--------------------------------------------------------------------------------
Summary of Errors:
Error 0001: Design Rule Check Failed
    Blocks: 'twoNeuronHDL/Subsystem/Gateway Out', et al.
Error 0002: Design Rule Check Failed
    Blocks: 'twoNeuronHDL/Subsystem/Gateway Out1', et al.
Error 0003: Design Rule Check Failed
    Blocks: 'twoNeuronHDL/Subsystem/Gateway Out3', et al.
Error 0004: Design Rule Check Failed
    Blocks: 'twoNeuronHDL/Subsystem/Subsystem/Gateway Out6', et al.
Error 0005: Design Rule Check Failed
    Blocks: 'twoNeuronHDL/Subsystem/Subsystem/Gateway Out7', et al.
Error 0006: Design Rule Check Failed
    Blocks: 'twoNeuronHDL/Subsystem/Subsystem/Gateway Out7', et al.
--------------------------------------------------------------------------------

Error 0001:

Reported by:
  'twoNeuronHDL/Subsystem/Gateway Out'
  'twoNeuronHDL/Subsystem/Subsystem/Gateway Out7'

Details:
Gateway Out named "twoNeuronHDL/Subsystem/Gateway Out" is
connected to Gateway Out named
"twoNeuronHDL/Subsystem/Subsystem/Gateway Out7"
--------------------------------------------------------------------------------

Error 0001:

Reported by:
  'twoNeuronHDL/Subsystem/Gateway Out1'
  'twoNeuronHDL/Subsystem/Subsystem/Gateway Out6'

Details:
Gateway Out named "twoNeuronHDL/Subsystem/Gateway Out1" is
connected to Gateway Out named
"twoNeuronHDL/Subsystem/Subsystem/Gateway Out6"
--------------------------------------------------------------------------------

Error 0001:

Reported by:
  'twoNeuronHDL/Subsystem/Gateway Out3'
  'twoNeuronHDL/Subsystem/Subsystem/Gateway Out7'

Details:
Gateway Out named "twoNeuronHDL/Subsystem/Gateway Out3" is
connected to Gateway Out named
"twoNeuronHDL/Subsystem/Subsystem/Gateway Out7"
--------------------------------------------------------------------------------

Error 0001:

Reported by:
  'twoNeuronHDL/Subsystem/Subsystem/Gateway Out6'
  'twoNeuronHDL/Subsystem/Gateway Out1'

Details:
Gateway Out named "twoNeuronHDL/Subsystem/Subsystem/Gateway Out6"
is connected to Gateway Out named "twoNeuronHDL/Subsystem/Gateway Out1"
--------------------------------------------------------------------------------

Error 0001:

Reported by:
  'twoNeuronHDL/Subsystem/Subsystem/Gateway Out7'
  'twoNeuronHDL/Subsystem/Gateway Out'

Details:
Gateway Out named "twoNeuronHDL/Subsystem/Subsystem/Gateway Out7"
is connected to Gateway Out named "twoNeuronHDL/Subsystem/Gateway Out"
--------------------------------------------------------------------------------

Error 0001:

Reported by:
  'twoNeuronHDL/Subsystem/Subsystem/Gateway Out7'
  'twoNeuronHDL/Subsystem/Gateway Out3'

Details:
Gateway Out named "twoNeuronHDL/Subsystem/Subsystem/Gateway Out7"
is connected to Gateway Out named "twoNeuronHDL/Subsystem/Gateway Out3"
--------------------------------------------------------------------------------
