--------------------------------- Version Log ----------------------------------
Version                                 Path
System Generator 2021.1                 C:/Xilinx/Vivado/2021.1
Matlab 9.10.0.1602886 (R2021a)          C:\Program Files\Polyspace\R2021a
Vivado 2021.1                           C:/Xilinx/Vivado/2021.1
--------------------------------------------------------------------------------
Summary of Errors:
Error 0001: Design Rule Check Failed
    Blocks: 'BRAM_STN_16bit/Subsystem/out_imag', et al.
Error 0002: Design Rule Check Failed
    Blocks: 'BRAM_STN_16bit/Subsystem/out_real', et al.
Error 0003: Design Rule Check Failed
    Blocks: 'BRAM_STN_16bit/Subsystem/Gateway Out', et al.
Error 0004: Design Rule Check Failed
    Blocks: 'BRAM_STN_16bit/Subsystem/Gateway Out1', et al.
--------------------------------------------------------------------------------

Error 0001:

Reported by:
  'BRAM_STN_16bit/Subsystem/out_imag'
  'BRAM_STN_16bit/Subsystem/Gateway Out'

Details:
Gateway Out named "BRAM_STN_16bit/Subsystem/out_imag" is connected
to Gateway Out named "BRAM_STN_16bit/Subsystem/Gateway Out"
--------------------------------------------------------------------------------

Error 0001:

Reported by:
  'BRAM_STN_16bit/Subsystem/out_real'
  'BRAM_STN_16bit/Subsystem/Gateway Out1'

Details:
Gateway Out named "BRAM_STN_16bit/Subsystem/out_real" is connected
to Gateway Out named "BRAM_STN_16bit/Subsystem/Gateway Out1"
--------------------------------------------------------------------------------

Error 0001:

Reported by:
  'BRAM_STN_16bit/Subsystem/Gateway Out'
  'BRAM_STN_16bit/Subsystem/out_imag'

Details:
Gateway Out named "BRAM_STN_16bit/Subsystem/Gateway Out" is
connected to Gateway Out named "BRAM_STN_16bit/Subsystem/out_imag"
--------------------------------------------------------------------------------

Error 0001:

Reported by:
  'BRAM_STN_16bit/Subsystem/Gateway Out1'
  'BRAM_STN_16bit/Subsystem/out_real'

Details:
Gateway Out named "BRAM_STN_16bit/Subsystem/Gateway Out1" is
connected to Gateway Out named "BRAM_STN_16bit/Subsystem/out_real"
--------------------------------------------------------------------------------
