INFO: [VRFC 10-163] Analyzing VHDL file "E:/FPGAProject/01102022/FPGAResearch/5_Final_Submission/Simulink/BRAM_LT_Based/SumofTwoNeuron_64bit/vivado/sysgen_STN/sysgen_STN.ip_user_files/ipstatic/xil_defaultlib/hdl/conv_pkg.vhd" into library xil_defaultlib
INFO: [VRFC 10-163] Analyzing VHDL file "E:/FPGAProject/01102022/FPGAResearch/5_Final_Submission/Simulink/BRAM_LT_Based/SumofTwoNeuron_64bit/vivado/sysgen_STN/sysgen_STN.ip_user_files/ipstatic/xil_defaultlib/hdl/synth_reg.vhd" into library xil_defaultlib
INFO: [VRFC 10-3107] analyzing entity 'synth_reg'
INFO: [VRFC 10-163] Analyzing VHDL file "E:/FPGAProject/01102022/FPGAResearch/5_Final_Submission/Simulink/BRAM_LT_Based/SumofTwoNeuron_64bit/vivado/sysgen_STN/sysgen_STN.ip_user_files/ipstatic/xil_defaultlib/hdl/synth_reg_w_init.vhd" into library xil_defaultlib
INFO: [VRFC 10-3107] analyzing entity 'synth_reg_w_init'
INFO: [VRFC 10-163] Analyzing VHDL file "E:/FPGAProject/01102022/FPGAResearch/5_Final_Submission/Simulink/BRAM_LT_Based/SumofTwoNeuron_64bit/vivado/sysgen_STN/sysgen_STN.ip_user_files/ipstatic/xil_defaultlib/hdl/srl17e.vhd" into library xil_defaultlib
INFO: [VRFC 10-3107] analyzing entity 'srl17e'
INFO: [VRFC 10-163] Analyzing VHDL file "E:/FPGAProject/01102022/FPGAResearch/5_Final_Submission/Simulink/BRAM_LT_Based/SumofTwoNeuron_64bit/vivado/sysgen_STN/sysgen_STN.ip_user_files/ipstatic/xil_defaultlib/hdl/srl33e.vhd" into library xil_defaultlib
INFO: [VRFC 10-3107] analyzing entity 'srlc33e'
INFO: [VRFC 10-163] Analyzing VHDL file "E:/FPGAProject/01102022/FPGAResearch/5_Final_Submission/Simulink/BRAM_LT_Based/SumofTwoNeuron_64bit/vivado/sysgen_STN/sysgen_STN.ip_user_files/ipstatic/xil_defaultlib/hdl/synth_reg_reg.vhd" into library xil_defaultlib
INFO: [VRFC 10-3107] analyzing entity 'synth_reg_reg'
INFO: [VRFC 10-163] Analyzing VHDL file "E:/FPGAProject/01102022/FPGAResearch/5_Final_Submission/Simulink/BRAM_LT_Based/SumofTwoNeuron_64bit/vivado/sysgen_STN/sysgen_STN.ip_user_files/ipstatic/xil_defaultlib/hdl/single_reg_w_init.vhd" into library xil_defaultlib
INFO: [VRFC 10-3107] analyzing entity 'single_reg_w_init'
INFO: [VRFC 10-163] Analyzing VHDL file "E:/FPGAProject/01102022/FPGAResearch/5_Final_Submission/Simulink/BRAM_LT_Based/SumofTwoNeuron_64bit/vivado/sysgen_STN/sysgen_STN.ip_user_files/ipstatic/xil_defaultlib/hdl/xlclockdriver_rd.vhd" into library xil_defaultlib
INFO: [VRFC 10-3107] analyzing entity 'xlclockdriver'
INFO: [VRFC 10-163] Analyzing VHDL file "E:/FPGAProject/01102022/FPGAResearch/5_Final_Submission/Simulink/BRAM_LT_Based/SumofTwoNeuron_64bit/vivado/sysgen_STN/sysgen_STN.ip_user_files/ipstatic/xil_defaultlib/hdl/fourto4genip_entity_declarations.vhd" into library xil_defaultlib
INFO: [VRFC 10-3107] analyzing entity 'fourto4genip_xlsprom'
INFO: [VRFC 10-163] Analyzing VHDL file "E:/FPGAProject/01102022/FPGAResearch/5_Final_Submission/Simulink/BRAM_LT_Based/SumofTwoNeuron_64bit/vivado/sysgen_STN/sysgen_STN.ip_user_files/ipstatic/xil_defaultlib/hdl/fourto4genip.vhd" into library xil_defaultlib
INFO: [VRFC 10-3107] analyzing entity 'fourto4genip_struct'
INFO: [VRFC 10-3107] analyzing entity 'fourto4genip_default_clock_driver'
INFO: [VRFC 10-3107] analyzing entity 'fourto4genip'
INFO: [VRFC 10-163] Analyzing VHDL file "E:/FPGAProject/01102022/FPGAResearch/5_Final_Submission/Simulink/BRAM_LT_Based/SumofTwoNeuron_64bit/vivado/sysgen_STN/sysgen_STN.gen/sources_1/ip/fourto4genip_0/sim/fourto4genip_0.vhd" into library xil_defaultlib
INFO: [VRFC 10-3107] analyzing entity 'fourto4genip_0'
INFO: [VRFC 10-163] Analyzing VHDL file "E:/FPGAProject/01102022/FPGAResearch/5_Final_Submission/Simulink/BRAM_LT_Based/SumofTwoNeuron_64bit/vivado/sysgen_STN/sysgen_STN.gen/sources_1/ip/bram_stn_64bit_0_1/bram_stn_64bit_c_addsub_v12_0_i0/sim/bram_stn_64bit_c_addsub_v12_0_i0.vhd" into library xil_defaultlib
INFO: [VRFC 10-3107] analyzing entity 'bram_stn_64bit_c_addsub_v12_0_i0'
INFO: [VRFC 10-163] Analyzing VHDL file "E:/FPGAProject/01102022/FPGAResearch/5_Final_Submission/Simulink/BRAM_LT_Based/SumofTwoNeuron_64bit/vivado/sysgen_STN/sysgen_STN.gen/sources_1/ip/bram_stn_64bit_0_1/bram_stn_64bit_c_addsub_v12_0_i1/sim/bram_stn_64bit_c_addsub_v12_0_i1.vhd" into library xil_defaultlib
INFO: [VRFC 10-3107] analyzing entity 'bram_stn_64bit_c_addsub_v12_0_i1'
INFO: [VRFC 10-163] Analyzing VHDL file "E:/FPGAProject/01102022/FPGAResearch/5_Final_Submission/Simulink/BRAM_LT_Based/SumofTwoNeuron_64bit/vivado/sysgen_STN/sysgen_STN.gen/sources_1/ip/bram_stn_64bit_0_1/bram_stn_64bit_div_gen_v5_1_i0/sim/bram_stn_64bit_div_gen_v5_1_i0.vhd" into library xil_defaultlib
INFO: [VRFC 10-3107] analyzing entity 'bram_stn_64bit_div_gen_v5_1_i0'
INFO: [VRFC 10-163] Analyzing VHDL file "E:/FPGAProject/01102022/FPGAResearch/5_Final_Submission/Simulink/BRAM_LT_Based/SumofTwoNeuron_64bit/vivado/sysgen_STN/sysgen_STN.gen/sources_1/ip/bram_stn_64bit_0_1/bram_stn_64bit_mult_gen_v12_0_i0/sim/bram_stn_64bit_mult_gen_v12_0_i0.vhd" into library xil_defaultlib
INFO: [VRFC 10-3107] analyzing entity 'bram_stn_64bit_mult_gen_v12_0_i0'
INFO: [VRFC 10-163] Analyzing VHDL file "E:/FPGAProject/01102022/FPGAResearch/5_Final_Submission/Simulink/BRAM_LT_Based/SumofTwoNeuron_64bit/vivado/sysgen_STN/sysgen_STN.ip_user_files/ipstatic/xil_defaultlib/hdl/bram_stn_64bit_entity_declarations.vhd" into library xil_defaultlib
INFO: [VRFC 10-3107] analyzing entity 'sysgen_constant_18a67479bb'
INFO: [VRFC 10-3107] analyzing entity 'sysgen_constant_94780511fa'
INFO: [VRFC 10-3107] analyzing entity 'sysgen_constant_49e8ebca86'
INFO: [VRFC 10-3107] analyzing entity 'bram_stn_64bit_xlregister'
INFO: [VRFC 10-3107] analyzing entity 'sysgen_constant_57f5449656'
INFO: [VRFC 10-3107] analyzing entity 'sysgen_constant_37797ed9f2'
INFO: [VRFC 10-3107] analyzing entity 'sysgen_constant_e86bcf4630'
INFO: [VRFC 10-3107] analyzing entity 'sysgen_constant_3c06a5e127'
INFO: [VRFC 10-3107] analyzing entity 'sysgen_constant_e652a24335'
INFO: [VRFC 10-3107] analyzing entity 'sysgen_constant_d3daf5279f'
INFO: [VRFC 10-3107] analyzing entity 'sysgen_inverter_996b725f98'
INFO: [VRFC 10-3107] analyzing entity 'sysgen_logical_440ac81634'
INFO: [VRFC 10-3107] analyzing entity 'sysgen_mux_0964b0300d'
INFO: [VRFC 10-3107] analyzing entity 'sysgen_relational_62bd1e4e88'
INFO: [VRFC 10-3107] analyzing entity 'sysgen_relational_4cea71015c'
INFO: [VRFC 10-3107] analyzing entity 'sysgen_shift_dce27c0784'
INFO: [VRFC 10-3107] analyzing entity 'bram_stn_64bit_xlslice'
INFO: [VRFC 10-3107] analyzing entity 'sysgen_constant_77b0d315c9'
INFO: [VRFC 10-3107] analyzing entity 'sysgen_shift_95fe856f3d'
INFO: [VRFC 10-3107] analyzing entity 'bram_stn_64bit_xlsprom'
INFO: [VRFC 10-3107] analyzing entity 'bram_stn_64bit_xladdsub'
INFO: [VRFC 10-3107] analyzing entity 'xldivider_generator_79a03b0c16875112cbcd92a4dcfc2dae'
INFO: [VRFC 10-3107] analyzing entity 'bram_stn_64bit_xlmult'
INFO: [VRFC 10-163] Analyzing VHDL file "E:/FPGAProject/01102022/FPGAResearch/5_Final_Submission/Simulink/BRAM_LT_Based/SumofTwoNeuron_64bit/vivado/sysgen_STN/sysgen_STN.ip_user_files/ipstatic/xil_defaultlib/hdl/bram_stn_64bit.vhd" into library xil_defaultlib
INFO: [VRFC 10-3107] analyzing entity 'bram_stn_64bit_bram_cordic'
INFO: [VRFC 10-3107] analyzing entity 'bram_stn_64bit_subsystem'
INFO: [VRFC 10-3107] analyzing entity 'bram_stn_64bit_bram_cordic_x0'
INFO: [VRFC 10-3107] analyzing entity 'bram_stn_64bit_subsystem1'
INFO: [VRFC 10-3107] analyzing entity 'bram_stn_64bit_bram_sumoftwoneurons_64bit'
INFO: [VRFC 10-3107] analyzing entity 'bram_stn_64bit_struct'
INFO: [VRFC 10-3107] analyzing entity 'bram_stn_64bit_default_clock_driver'
INFO: [VRFC 10-3107] analyzing entity 'bram_stn_64bit'
INFO: [VRFC 10-163] Analyzing VHDL file "E:/FPGAProject/01102022/FPGAResearch/5_Final_Submission/Simulink/BRAM_LT_Based/SumofTwoNeuron_64bit/vivado/sysgen_STN/sysgen_STN.gen/sources_1/ip/bram_stn_64bit_0_1/sim/bram_stn_64bit_0.vhd" into library xil_defaultlib
INFO: [VRFC 10-3107] analyzing entity 'bram_stn_64bit_0'
INFO: [VRFC 10-163] Analyzing VHDL file "E:/FPGAProject/01102022/FPGAResearch/5_Final_Submission/Simulink/BRAM_LT_Based/SumofTwoNeuron_64bit/vivado/sysgen_STN/sysgen_STN.srcs/sources_1/new/input_package.vhd" into library xil_defaultlib
INFO: [VRFC 10-163] Analyzing VHDL file "E:/FPGAProject/01102022/FPGAResearch/5_Final_Submission/Simulink/BRAM_LT_Based/SumofTwoNeuron_64bit/vivado/sysgen_STN/sysgen_STN.srcs/sources_1/new/sysgen_STN.vhd" into library xil_defaultlib
INFO: [VRFC 10-3107] analyzing entity 'sysgen_STN'
INFO: [VRFC 10-163] Analyzing VHDL file "E:/FPGAProject/01102022/FPGAResearch/5_Final_Submission/Simulink/BRAM_LT_Based/SumofTwoNeuron_64bit/vivado/sysgen_STN/sysgen_STN.srcs/sources_1/new/sysgen_STN_tb.vhd" into library xil_defaultlib
INFO: [VRFC 10-3107] analyzing entity 'sysgen_STN_tb'
