Copyright 1986-2021 Xilinx, Inc. All Rights Reserved.
--------------------------------------------------------------------------------------------------------------------------------------------------------------------------------------------
| Tool Version : Vivado v.2021.1 (win64) Build 3247384 Thu Jun 10 19:36:33 MDT 2021
| Date         : Sat Dec 10 03:07:38 2022
| Host         : DESKTOP-1FT5C23 running 64-bit major release  (build 9200)
| Command      : report_methodology -file twoNeuronSum_16bit_methodology_drc_routed.rpt -pb twoNeuronSum_16bit_methodology_drc_routed.pb -rpx twoNeuronSum_16bit_methodology_drc_routed.rpx
| Design       : twoNeuronSum_16bit
| Device       : xc7z020clg484-1
| Speed File   : -1
| Design State : Fully Routed
--------------------------------------------------------------------------------------------------------------------------------------------------------------------------------------------

Report Methodology

Table of Contents
-----------------
1. REPORT SUMMARY
2. REPORT DETAILS

1. REPORT SUMMARY
-----------------
            Netlist: netlist
          Floorplan: design_1
      Design limits: <entire design considered>
             Max violations: <unlimited>
             Violations found: 84
+-----------+----------+-------------------------------+------------+
| Rule      | Severity | Description                   | Violations |
+-----------+----------+-------------------------------+------------+
| TIMING-16 | Warning  | Large setup violation         | 36         |
| TIMING-18 | Warning  | Missing input or output delay | 48         |
+-----------+----------+-------------------------------+------------+

2. REPORT DETAILS
-----------------
TIMING-16#1 Warning
Large setup violation  
There is a large setup violation of -1.006 ns between neuron_1_CompExpo/U0/i_synth/i_synth/gen_cordic.cordic_engine/gen_para_arch.gen_iteration[4].eng/phase_slice/phase_plus_atan/inst/i_baseblox.i_baseblox_addsub/no_pipelining.the_addsub/i_lut6.i_lut6_addsub/i_q.i_simple.qreg/i_no_async_controls.output_reg[20]/C (clocked by CLK) and neuron_1_CompExpo/U0/i_synth/i_synth/gen_cordic.cordic_engine/gen_para_arch.gen_iteration[5].eng/phase_slice/phase_plus_atan/inst/i_baseblox.i_baseblox_addsub/no_pipelining.the_addsub/i_lut6.i_lut6_addsub/i_q.i_simple.qreg/i_no_async_controls.output_reg[18]/D (clocked by CLK). Large setup violations at the end of those stages might be difficult to fix during the post-placement implementation flow and could be the result of non-optimal XDC constraints or non-optimal design architecture
Related violations: <none>

TIMING-16#2 Warning
Large setup violation  
There is a large setup violation of -1.006 ns between neuron_2_CompExpo/U0/i_synth/i_synth/gen_cordic.cordic_engine/gen_para_arch.gen_iteration[9].eng/phase_slice/phase_plus_atan/inst/i_baseblox.i_baseblox_addsub/no_pipelining.the_addsub/i_lut6.i_lut6_addsub/i_q.i_simple.qreg/i_no_async_controls.output_reg[20]/C (clocked by CLK) and neuron_2_CompExpo/U0/i_synth/i_synth/gen_cordic.cordic_engine/gen_para_arch.gen_iteration[10].eng/phase_slice/phase_plus_atan/inst/i_baseblox.i_baseblox_addsub/no_pipelining.the_addsub/i_lut6.i_lut6_addsub/i_q.i_simple.qreg/i_no_async_controls.output_reg[16]/D (clocked by CLK). Large setup violations at the end of those stages might be difficult to fix during the post-placement implementation flow and could be the result of non-optimal XDC constraints or non-optimal design architecture
Related violations: <none>

TIMING-16#3 Warning
Large setup violation  
There is a large setup violation of -1.009 ns between neuron_1_CompExpo/U0/i_synth/i_synth/gen_cordic.cordic_engine/gen_para_arch.gen_iteration[0].eng/phase_slice/phase_plus_atan/inst/i_baseblox.i_baseblox_addsub/no_pipelining.the_addsub/i_lut6.i_lut6_addsub/i_q.i_simple.qreg/i_no_async_controls.output_reg[20]/C (clocked by CLK) and neuron_1_CompExpo/U0/i_synth/i_synth/gen_cordic.cordic_engine/gen_para_arch.gen_iteration[1].eng/phase_slice/phase_plus_atan/inst/i_baseblox.i_baseblox_addsub/no_pipelining.the_addsub/i_lut6.i_lut6_addsub/i_q.i_simple.qreg/i_no_async_controls.output_reg[19]/D (clocked by CLK). Large setup violations at the end of those stages might be difficult to fix during the post-placement implementation flow and could be the result of non-optimal XDC constraints or non-optimal design architecture
Related violations: <none>

TIMING-16#4 Warning
Large setup violation  
There is a large setup violation of -1.012 ns between neuron_1_CompExpo/U0/i_synth/i_synth/gen_cordic.cordic_engine/gen_para_arch.gen_iteration[13].eng/cntrl/cntrl_vect_dly/gen_rtl.gen_reg.d_reg_reg[2]/C (clocked by CLK) and neuron_1_CompExpo/U0/i_synth/i_synth/gen_cordic.output_stage/gen_rotation.gen_rotate.gen_data_y_addsub/inst/i_baseblox.i_baseblox_addsub/no_pipelining.the_addsub/i_lut6.i_lut6_addsub/i_q.i_simple.qreg/i_no_async_controls.output_reg[18]/D (clocked by CLK). Large setup violations at the end of those stages might be difficult to fix during the post-placement implementation flow and could be the result of non-optimal XDC constraints or non-optimal design architecture
Related violations: <none>

TIMING-16#5 Warning
Large setup violation  
There is a large setup violation of -1.014 ns between neuron_2_CompExpo/U0/i_synth/i_synth/gen_cordic.cordic_engine/gen_para_arch.gen_iteration[1].eng/phase_slice/phase_plus_atan/inst/i_baseblox.i_baseblox_addsub/no_pipelining.the_addsub/i_lut6.i_lut6_addsub/i_q.i_simple.qreg/i_no_async_controls.output_reg[20]/C (clocked by CLK) and neuron_2_CompExpo/U0/i_synth/i_synth/gen_cordic.cordic_engine/gen_para_arch.gen_iteration[2].eng/data_slice/x_plus_y_shift/inst/i_baseblox.i_baseblox_addsub/no_pipelining.the_addsub/i_lut6.i_lut6_addsub/i_q.i_simple.qreg/i_no_async_controls.output_reg[18]/D (clocked by CLK). Large setup violations at the end of those stages might be difficult to fix during the post-placement implementation flow and could be the result of non-optimal XDC constraints or non-optimal design architecture
Related violations: <none>

TIMING-16#6 Warning
Large setup violation  
There is a large setup violation of -1.018 ns between neuron_2_CompExpo/U0/i_synth/i_synth/gen_cordic.cordic_engine/gen_para_arch.gen_iteration[10].eng/phase_slice/phase_plus_atan/inst/i_baseblox.i_baseblox_addsub/no_pipelining.the_addsub/i_lut6.i_lut6_addsub/i_q.i_simple.qreg/i_no_async_controls.output_reg[20]/C (clocked by CLK) and neuron_2_CompExpo/U0/i_synth/i_synth/gen_cordic.cordic_engine/gen_para_arch.gen_iteration[11].eng/phase_slice/phase_plus_atan/inst/i_baseblox.i_baseblox_addsub/no_pipelining.the_addsub/i_lut6.i_lut6_addsub/i_q.i_simple.qreg/i_no_async_controls.output_reg[20]/D (clocked by CLK). Large setup violations at the end of those stages might be difficult to fix during the post-placement implementation flow and could be the result of non-optimal XDC constraints or non-optimal design architecture
Related violations: <none>

TIMING-16#7 Warning
Large setup violation  
There is a large setup violation of -1.023 ns between neuron_1_CompExpo/U0/i_synth/i_synth/gen_cordic.input_stage/gen_rotation.gen_rot_phase.gen_phase_cr/gen_rtl.gen_reg.d_reg_reg[19]/C (clocked by CLK) and neuron_1_CompExpo/U0/i_synth/i_synth/gen_cordic.cordic_engine/gen_para_arch.gen_iteration[0].eng/data_slice/x_plus_y_shift/inst/i_baseblox.i_baseblox_addsub/no_pipelining.the_addsub/i_lut6.i_lut6_addsub/i_q.i_simple.qreg/i_no_async_controls.output_reg[20]/D (clocked by CLK). Large setup violations at the end of those stages might be difficult to fix during the post-placement implementation flow and could be the result of non-optimal XDC constraints or non-optimal design architecture
Related violations: <none>

TIMING-16#8 Warning
Large setup violation  
There is a large setup violation of -1.027 ns between neuron_2_CompExpo/U0/i_synth/i_synth/gen_cordic.cordic_engine/gen_para_arch.gen_iteration[9].eng/phase_slice/phase_plus_atan/inst/i_baseblox.i_baseblox_addsub/no_pipelining.the_addsub/i_lut6.i_lut6_addsub/i_q.i_simple.qreg/i_no_async_controls.output_reg[20]/C (clocked by CLK) and neuron_2_CompExpo/U0/i_synth/i_synth/gen_cordic.cordic_engine/gen_para_arch.gen_iteration[10].eng/phase_slice/phase_plus_atan/inst/i_baseblox.i_baseblox_addsub/no_pipelining.the_addsub/i_lut6.i_lut6_addsub/i_q.i_simple.qreg/i_no_async_controls.output_reg[14]/D (clocked by CLK). Large setup violations at the end of those stages might be difficult to fix during the post-placement implementation flow and could be the result of non-optimal XDC constraints or non-optimal design architecture
Related violations: <none>

TIMING-16#9 Warning
Large setup violation  
There is a large setup violation of -1.029 ns between neuron_2_CompExpo/U0/i_synth/i_synth/gen_cordic.cordic_engine/gen_para_arch.gen_iteration[8].eng/phase_slice/phase_plus_atan/inst/i_baseblox.i_baseblox_addsub/no_pipelining.the_addsub/i_lut6.i_lut6_addsub/i_q.i_simple.qreg/i_no_async_controls.output_reg[20]/C (clocked by CLK) and neuron_2_CompExpo/U0/i_synth/i_synth/gen_cordic.cordic_engine/gen_para_arch.gen_iteration[9].eng/data_slice/x_plus_y_shift/inst/i_baseblox.i_baseblox_addsub/no_pipelining.the_addsub/i_lut6.i_lut6_addsub/i_q.i_simple.qreg/i_no_async_controls.output_reg[16]/D (clocked by CLK). Large setup violations at the end of those stages might be difficult to fix during the post-placement implementation flow and could be the result of non-optimal XDC constraints or non-optimal design architecture
Related violations: <none>

TIMING-16#10 Warning
Large setup violation  
There is a large setup violation of -1.031 ns between neuron_2_CompExpo/U0/i_synth/i_synth/gen_cordic.cordic_engine/gen_para_arch.gen_iteration[9].eng/phase_slice/phase_plus_atan/inst/i_baseblox.i_baseblox_addsub/no_pipelining.the_addsub/i_lut6.i_lut6_addsub/i_q.i_simple.qreg/i_no_async_controls.output_reg[20]/C (clocked by CLK) and neuron_2_CompExpo/U0/i_synth/i_synth/gen_cordic.cordic_engine/gen_para_arch.gen_iteration[10].eng/phase_slice/phase_plus_atan/inst/i_baseblox.i_baseblox_addsub/no_pipelining.the_addsub/i_lut6.i_lut6_addsub/i_q.i_simple.qreg/i_no_async_controls.output_reg[17]/D (clocked by CLK). Large setup violations at the end of those stages might be difficult to fix during the post-placement implementation flow and could be the result of non-optimal XDC constraints or non-optimal design architecture
Related violations: <none>

TIMING-16#11 Warning
Large setup violation  
There is a large setup violation of -1.036 ns between neuron_2_CompExpo/U0/i_synth/i_synth/gen_cordic.cordic_engine/gen_para_arch.gen_iteration[2].eng/phase_slice/phase_plus_atan/inst/i_baseblox.i_baseblox_addsub/no_pipelining.the_addsub/i_lut6.i_lut6_addsub/i_q.i_simple.qreg/i_no_async_controls.output_reg[20]/C (clocked by CLK) and neuron_2_CompExpo/U0/i_synth/i_synth/gen_cordic.cordic_engine/gen_para_arch.gen_iteration[3].eng/phase_slice/phase_plus_atan/inst/i_baseblox.i_baseblox_addsub/no_pipelining.the_addsub/i_lut6.i_lut6_addsub/i_q.i_simple.qreg/i_no_async_controls.output_reg[20]/D (clocked by CLK). Large setup violations at the end of those stages might be difficult to fix during the post-placement implementation flow and could be the result of non-optimal XDC constraints or non-optimal design architecture
Related violations: <none>

TIMING-16#12 Warning
Large setup violation  
There is a large setup violation of -1.039 ns between neuron_2_CompExpo/U0/i_synth/i_synth/gen_cordic.cordic_engine/gen_para_arch.gen_iteration[10].eng/phase_slice/phase_plus_atan/inst/i_baseblox.i_baseblox_addsub/no_pipelining.the_addsub/i_lut6.i_lut6_addsub/i_q.i_simple.qreg/i_no_async_controls.output_reg[20]/C (clocked by CLK) and neuron_2_CompExpo/U0/i_synth/i_synth/gen_cordic.cordic_engine/gen_para_arch.gen_iteration[11].eng/phase_slice/phase_plus_atan/inst/i_baseblox.i_baseblox_addsub/no_pipelining.the_addsub/i_lut6.i_lut6_addsub/i_q.i_simple.qreg/i_no_async_controls.output_reg[18]/D (clocked by CLK). Large setup violations at the end of those stages might be difficult to fix during the post-placement implementation flow and could be the result of non-optimal XDC constraints or non-optimal design architecture
Related violations: <none>

TIMING-16#13 Warning
Large setup violation  
There is a large setup violation of -1.044 ns between neuron_1_CompExpo/U0/i_synth/i_synth/gen_cordic.input_stage/gen_rotation.gen_rot_phase.gen_phase_cr/gen_rtl.gen_reg.d_reg_reg[19]/C (clocked by CLK) and neuron_1_CompExpo/U0/i_synth/i_synth/gen_cordic.cordic_engine/gen_para_arch.gen_iteration[0].eng/data_slice/x_plus_y_shift/inst/i_baseblox.i_baseblox_addsub/no_pipelining.the_addsub/i_lut6.i_lut6_addsub/i_q.i_simple.qreg/i_no_async_controls.output_reg[18]/D (clocked by CLK). Large setup violations at the end of those stages might be difficult to fix during the post-placement implementation flow and could be the result of non-optimal XDC constraints or non-optimal design architecture
Related violations: <none>

TIMING-16#14 Warning
Large setup violation  
There is a large setup violation of -1.044 ns between neuron_2_CompExpo/U0/i_synth/i_synth/gen_cordic.cordic_engine/gen_para_arch.gen_iteration[2].eng/phase_slice/phase_plus_atan/inst/i_baseblox.i_baseblox_addsub/no_pipelining.the_addsub/i_lut6.i_lut6_addsub/i_q.i_simple.qreg/i_no_async_controls.output_reg[20]/C (clocked by CLK) and neuron_2_CompExpo/U0/i_synth/i_synth/gen_cordic.cordic_engine/gen_para_arch.gen_iteration[3].eng/phase_slice/phase_plus_atan/inst/i_baseblox.i_baseblox_addsub/no_pipelining.the_addsub/i_lut6.i_lut6_addsub/i_q.i_simple.qreg/i_no_async_controls.output_reg[18]/D (clocked by CLK). Large setup violations at the end of those stages might be difficult to fix during the post-placement implementation flow and could be the result of non-optimal XDC constraints or non-optimal design architecture
Related violations: <none>

TIMING-16#15 Warning
Large setup violation  
There is a large setup violation of -1.047 ns between neuron_2_CompExpo/U0/i_synth/i_synth/gen_cordic.cordic_engine/gen_para_arch.gen_iteration[9].eng/phase_slice/phase_plus_atan/inst/i_baseblox.i_baseblox_addsub/no_pipelining.the_addsub/i_lut6.i_lut6_addsub/i_q.i_simple.qreg/i_no_async_controls.output_reg[20]/C (clocked by CLK) and neuron_2_CompExpo/U0/i_synth/i_synth/gen_cordic.cordic_engine/gen_para_arch.gen_iteration[10].eng/phase_slice/phase_plus_atan/inst/i_baseblox.i_baseblox_addsub/no_pipelining.the_addsub/i_lut6.i_lut6_addsub/i_q.i_simple.qreg/i_no_async_controls.output_reg[19]/D (clocked by CLK). Large setup violations at the end of those stages might be difficult to fix during the post-placement implementation flow and could be the result of non-optimal XDC constraints or non-optimal design architecture
Related violations: <none>

TIMING-16#16 Warning
Large setup violation  
There is a large setup violation of -1.048 ns between neuron_2_CompExpo/U0/i_synth/i_synth/gen_cordic.cordic_engine/gen_para_arch.gen_iteration[4].eng/phase_slice/phase_plus_atan/inst/i_baseblox.i_baseblox_addsub/no_pipelining.the_addsub/i_lut6.i_lut6_addsub/i_q.i_simple.qreg/i_no_async_controls.output_reg[20]/C (clocked by CLK) and neuron_2_CompExpo/U0/i_synth/i_synth/gen_cordic.cordic_engine/gen_para_arch.gen_iteration[5].eng/phase_slice/phase_plus_atan/inst/i_baseblox.i_baseblox_addsub/no_pipelining.the_addsub/i_lut6.i_lut6_addsub/i_q.i_simple.qreg/i_no_async_controls.output_reg[20]/D (clocked by CLK). Large setup violations at the end of those stages might be difficult to fix during the post-placement implementation flow and could be the result of non-optimal XDC constraints or non-optimal design architecture
Related violations: <none>

TIMING-16#17 Warning
Large setup violation  
There is a large setup violation of -1.049 ns between neuron_2_CompExpo/U0/i_synth/i_synth/gen_cordic.cordic_engine/gen_para_arch.gen_iteration[11].eng/phase_slice/phase_plus_atan/inst/i_baseblox.i_baseblox_addsub/no_pipelining.the_addsub/i_lut6.i_lut6_addsub/i_q.i_simple.qreg/i_no_async_controls.output_reg[20]/C (clocked by CLK) and neuron_2_CompExpo/U0/i_synth/i_synth/gen_cordic.cordic_engine/gen_para_arch.gen_iteration[12].eng/phase_slice/phase_plus_atan/inst/i_baseblox.i_baseblox_addsub/no_pipelining.the_addsub/i_lut6.i_lut6_addsub/i_q.i_simple.qreg/i_no_async_controls.output_reg[20]/D (clocked by CLK). Large setup violations at the end of those stages might be difficult to fix during the post-placement implementation flow and could be the result of non-optimal XDC constraints or non-optimal design architecture
Related violations: <none>

TIMING-16#18 Warning
Large setup violation  
There is a large setup violation of -1.050 ns between neuron_2_CompExpo/U0/i_synth/i_synth/gen_cordic.cordic_engine/gen_para_arch.gen_iteration[8].eng/phase_slice/phase_plus_atan/inst/i_baseblox.i_baseblox_addsub/no_pipelining.the_addsub/i_lut6.i_lut6_addsub/i_q.i_simple.qreg/i_no_async_controls.output_reg[20]/C (clocked by CLK) and neuron_2_CompExpo/U0/i_synth/i_synth/gen_cordic.cordic_engine/gen_para_arch.gen_iteration[9].eng/data_slice/x_plus_y_shift/inst/i_baseblox.i_baseblox_addsub/no_pipelining.the_addsub/i_lut6.i_lut6_addsub/i_q.i_simple.qreg/i_no_async_controls.output_reg[14]/D (clocked by CLK). Large setup violations at the end of those stages might be difficult to fix during the post-placement implementation flow and could be the result of non-optimal XDC constraints or non-optimal design architecture
Related violations: <none>

TIMING-16#19 Warning
Large setup violation  
There is a large setup violation of -1.052 ns between neuron_2_CompExpo/U0/i_synth/i_synth/gen_cordic.cordic_engine/gen_para_arch.gen_iteration[8].eng/phase_slice/phase_plus_atan/inst/i_baseblox.i_baseblox_addsub/no_pipelining.the_addsub/i_lut6.i_lut6_addsub/i_q.i_simple.qreg/i_no_async_controls.output_reg[20]/C (clocked by CLK) and neuron_2_CompExpo/U0/i_synth/i_synth/gen_cordic.cordic_engine/gen_para_arch.gen_iteration[9].eng/data_slice/x_plus_y_shift/inst/i_baseblox.i_baseblox_addsub/no_pipelining.the_addsub/i_lut6.i_lut6_addsub/i_q.i_simple.qreg/i_no_async_controls.output_reg[17]/D (clocked by CLK). Large setup violations at the end of those stages might be difficult to fix during the post-placement implementation flow and could be the result of non-optimal XDC constraints or non-optimal design architecture
Related violations: <none>

TIMING-16#20 Warning
Large setup violation  
There is a large setup violation of -1.053 ns between neuron_1_CompExpo/U0/i_synth/i_synth/gen_cordic.input_stage/gen_rotation.gen_rot_phase.gen_phase_cr/gen_rtl.gen_reg.d_reg_reg[19]/C (clocked by CLK) and neuron_1_CompExpo/U0/i_synth/i_synth/gen_cordic.cordic_engine/gen_para_arch.gen_iteration[0].eng/phase_slice/phase_plus_atan/inst/i_baseblox.i_baseblox_addsub/no_pipelining.the_addsub/i_lut6.i_lut6_addsub/i_q.i_simple.qreg/i_no_async_controls.output_reg[20]/D (clocked by CLK). Large setup violations at the end of those stages might be difficult to fix during the post-placement implementation flow and could be the result of non-optimal XDC constraints or non-optimal design architecture
Related violations: <none>

TIMING-16#21 Warning
Large setup violation  
There is a large setup violation of -1.054 ns between neuron_2_CompExpo/U0/i_synth/i_synth/gen_cordic.cordic_engine/gen_para_arch.gen_iteration[9].eng/phase_slice/phase_plus_atan/inst/i_baseblox.i_baseblox_addsub/no_pipelining.the_addsub/i_lut6.i_lut6_addsub/i_q.i_simple.qreg/i_no_async_controls.output_reg[20]/C (clocked by CLK) and neuron_2_CompExpo/U0/i_synth/i_synth/gen_cordic.cordic_engine/gen_para_arch.gen_iteration[10].eng/data_slice/x_plus_y_shift/inst/i_baseblox.i_baseblox_addsub/no_pipelining.the_addsub/i_lut6.i_lut6_addsub/i_q.i_simple.qreg/i_no_async_controls.output_reg[16]/D (clocked by CLK). Large setup violations at the end of those stages might be difficult to fix during the post-placement implementation flow and could be the result of non-optimal XDC constraints or non-optimal design architecture
Related violations: <none>

TIMING-16#22 Warning
Large setup violation  
There is a large setup violation of -1.056 ns between neuron_2_CompExpo/U0/i_synth/i_synth/gen_cordic.cordic_engine/gen_para_arch.gen_iteration[4].eng/phase_slice/phase_plus_atan/inst/i_baseblox.i_baseblox_addsub/no_pipelining.the_addsub/i_lut6.i_lut6_addsub/i_q.i_simple.qreg/i_no_async_controls.output_reg[20]/C (clocked by CLK) and neuron_2_CompExpo/U0/i_synth/i_synth/gen_cordic.cordic_engine/gen_para_arch.gen_iteration[5].eng/phase_slice/phase_plus_atan/inst/i_baseblox.i_baseblox_addsub/no_pipelining.the_addsub/i_lut6.i_lut6_addsub/i_q.i_simple.qreg/i_no_async_controls.output_reg[18]/D (clocked by CLK). Large setup violations at the end of those stages might be difficult to fix during the post-placement implementation flow and could be the result of non-optimal XDC constraints or non-optimal design architecture
Related violations: <none>

TIMING-16#23 Warning
Large setup violation  
There is a large setup violation of -1.061 ns between neuron_1_CompExpo/U0/i_synth/i_synth/gen_cordic.input_stage/gen_rotation.gen_rot_phase.gen_phase_cr/gen_rtl.gen_reg.d_reg_reg[19]/C (clocked by CLK) and neuron_1_CompExpo/U0/i_synth/i_synth/gen_cordic.cordic_engine/gen_para_arch.gen_iteration[0].eng/phase_slice/phase_plus_atan/inst/i_baseblox.i_baseblox_addsub/no_pipelining.the_addsub/i_lut6.i_lut6_addsub/i_q.i_simple.qreg/i_no_async_controls.output_reg[18]/D (clocked by CLK). Large setup violations at the end of those stages might be difficult to fix during the post-placement implementation flow and could be the result of non-optimal XDC constraints or non-optimal design architecture
Related violations: <none>

TIMING-16#24 Warning
Large setup violation  
There is a large setup violation of -1.068 ns between neuron_2_CompExpo/U0/i_synth/i_synth/gen_cordic.cordic_engine/gen_para_arch.gen_iteration[8].eng/phase_slice/phase_plus_atan/inst/i_baseblox.i_baseblox_addsub/no_pipelining.the_addsub/i_lut6.i_lut6_addsub/i_q.i_simple.qreg/i_no_async_controls.output_reg[20]/C (clocked by CLK) and neuron_2_CompExpo/U0/i_synth/i_synth/gen_cordic.cordic_engine/gen_para_arch.gen_iteration[9].eng/data_slice/x_plus_y_shift/inst/i_baseblox.i_baseblox_addsub/no_pipelining.the_addsub/i_lut6.i_lut6_addsub/i_q.i_simple.qreg/i_no_async_controls.output_reg[19]/D (clocked by CLK). Large setup violations at the end of those stages might be difficult to fix during the post-placement implementation flow and could be the result of non-optimal XDC constraints or non-optimal design architecture
Related violations: <none>

TIMING-16#25 Warning
Large setup violation  
There is a large setup violation of -1.075 ns between neuron_2_CompExpo/U0/i_synth/i_synth/gen_cordic.cordic_engine/gen_para_arch.gen_iteration[9].eng/phase_slice/phase_plus_atan/inst/i_baseblox.i_baseblox_addsub/no_pipelining.the_addsub/i_lut6.i_lut6_addsub/i_q.i_simple.qreg/i_no_async_controls.output_reg[20]/C (clocked by CLK) and neuron_2_CompExpo/U0/i_synth/i_synth/gen_cordic.cordic_engine/gen_para_arch.gen_iteration[10].eng/data_slice/x_plus_y_shift/inst/i_baseblox.i_baseblox_addsub/no_pipelining.the_addsub/i_lut6.i_lut6_addsub/i_q.i_simple.qreg/i_no_async_controls.output_reg[14]/D (clocked by CLK). Large setup violations at the end of those stages might be difficult to fix during the post-placement implementation flow and could be the result of non-optimal XDC constraints or non-optimal design architecture
Related violations: <none>

TIMING-16#26 Warning
Large setup violation  
There is a large setup violation of -1.076 ns between neuron_2_CompExpo/U0/i_synth/i_synth/gen_cordic.cordic_engine/gen_para_arch.gen_iteration[9].eng/phase_slice/phase_plus_atan/inst/i_baseblox.i_baseblox_addsub/no_pipelining.the_addsub/i_lut6.i_lut6_addsub/i_q.i_simple.qreg/i_no_async_controls.output_reg[20]/C (clocked by CLK) and neuron_2_CompExpo/U0/i_synth/i_synth/gen_cordic.cordic_engine/gen_para_arch.gen_iteration[10].eng/data_slice/x_plus_y_shift/inst/i_baseblox.i_baseblox_addsub/no_pipelining.the_addsub/i_lut6.i_lut6_addsub/i_q.i_simple.qreg/i_no_async_controls.output_reg[17]/D (clocked by CLK). Large setup violations at the end of those stages might be difficult to fix during the post-placement implementation flow and could be the result of non-optimal XDC constraints or non-optimal design architecture
Related violations: <none>

TIMING-16#27 Warning
Large setup violation  
There is a large setup violation of -1.077 ns between neuron_1_CompExpo/U0/i_synth/i_synth/gen_cordic.cordic_engine/gen_para_arch.gen_iteration[11].eng/phase_slice/phase_plus_atan/inst/i_baseblox.i_baseblox_addsub/no_pipelining.the_addsub/i_lut6.i_lut6_addsub/i_q.i_simple.qreg/i_no_async_controls.output_reg[20]/C (clocked by CLK) and neuron_1_CompExpo/U0/i_synth/i_synth/gen_cordic.cordic_engine/gen_para_arch.gen_iteration[12].eng/phase_slice/phase_plus_atan/inst/i_baseblox.i_baseblox_addsub/no_pipelining.the_addsub/i_lut6.i_lut6_addsub/i_q.i_simple.qreg/i_no_async_controls.output_reg[20]/D (clocked by CLK). Large setup violations at the end of those stages might be difficult to fix during the post-placement implementation flow and could be the result of non-optimal XDC constraints or non-optimal design architecture
Related violations: <none>

TIMING-16#28 Warning
Large setup violation  
There is a large setup violation of -1.083 ns between neuron_1_CompExpo/U0/i_synth/i_synth/gen_cordic.cordic_engine/gen_para_arch.gen_iteration[0].eng/phase_slice/phase_plus_atan/inst/i_baseblox.i_baseblox_addsub/no_pipelining.the_addsub/i_lut6.i_lut6_addsub/i_q.i_simple.qreg/i_no_async_controls.output_reg[20]/C (clocked by CLK) and neuron_1_CompExpo/U0/i_synth/i_synth/gen_cordic.cordic_engine/gen_para_arch.gen_iteration[1].eng/phase_slice/phase_plus_atan/inst/i_baseblox.i_baseblox_addsub/no_pipelining.the_addsub/i_lut6.i_lut6_addsub/i_q.i_simple.qreg/i_no_async_controls.output_reg[20]/D (clocked by CLK). Large setup violations at the end of those stages might be difficult to fix during the post-placement implementation flow and could be the result of non-optimal XDC constraints or non-optimal design architecture
Related violations: <none>

TIMING-16#29 Warning
Large setup violation  
There is a large setup violation of -1.092 ns between neuron_2_CompExpo/U0/i_synth/i_synth/gen_cordic.cordic_engine/gen_para_arch.gen_iteration[9].eng/phase_slice/phase_plus_atan/inst/i_baseblox.i_baseblox_addsub/no_pipelining.the_addsub/i_lut6.i_lut6_addsub/i_q.i_simple.qreg/i_no_async_controls.output_reg[20]/C (clocked by CLK) and neuron_2_CompExpo/U0/i_synth/i_synth/gen_cordic.cordic_engine/gen_para_arch.gen_iteration[10].eng/data_slice/x_plus_y_shift/inst/i_baseblox.i_baseblox_addsub/no_pipelining.the_addsub/i_lut6.i_lut6_addsub/i_q.i_simple.qreg/i_no_async_controls.output_reg[19]/D (clocked by CLK). Large setup violations at the end of those stages might be difficult to fix during the post-placement implementation flow and could be the result of non-optimal XDC constraints or non-optimal design architecture
Related violations: <none>

TIMING-16#30 Warning
Large setup violation  
There is a large setup violation of -1.104 ns between neuron_1_CompExpo/U0/i_synth/i_synth/gen_cordic.cordic_engine/gen_para_arch.gen_iteration[0].eng/phase_slice/phase_plus_atan/inst/i_baseblox.i_baseblox_addsub/no_pipelining.the_addsub/i_lut6.i_lut6_addsub/i_q.i_simple.qreg/i_no_async_controls.output_reg[20]/C (clocked by CLK) and neuron_1_CompExpo/U0/i_synth/i_synth/gen_cordic.cordic_engine/gen_para_arch.gen_iteration[1].eng/phase_slice/phase_plus_atan/inst/i_baseblox.i_baseblox_addsub/no_pipelining.the_addsub/i_lut6.i_lut6_addsub/i_q.i_simple.qreg/i_no_async_controls.output_reg[18]/D (clocked by CLK). Large setup violations at the end of those stages might be difficult to fix during the post-placement implementation flow and could be the result of non-optimal XDC constraints or non-optimal design architecture
Related violations: <none>

TIMING-16#31 Warning
Large setup violation  
There is a large setup violation of -1.121 ns between neuron_2_CompExpo/U0/i_synth/i_synth/gen_cordic.cordic_engine/gen_para_arch.gen_iteration[9].eng/phase_slice/phase_plus_atan/inst/i_baseblox.i_baseblox_addsub/no_pipelining.the_addsub/i_lut6.i_lut6_addsub/i_q.i_simple.qreg/i_no_async_controls.output_reg[20]/C (clocked by CLK) and neuron_2_CompExpo/U0/i_synth/i_synth/gen_cordic.cordic_engine/gen_para_arch.gen_iteration[10].eng/phase_slice/phase_plus_atan/inst/i_baseblox.i_baseblox_addsub/no_pipelining.the_addsub/i_lut6.i_lut6_addsub/i_q.i_simple.qreg/i_no_async_controls.output_reg[20]/D (clocked by CLK). Large setup violations at the end of those stages might be difficult to fix during the post-placement implementation flow and could be the result of non-optimal XDC constraints or non-optimal design architecture
Related violations: <none>

TIMING-16#32 Warning
Large setup violation  
There is a large setup violation of -1.142 ns between neuron_2_CompExpo/U0/i_synth/i_synth/gen_cordic.cordic_engine/gen_para_arch.gen_iteration[8].eng/phase_slice/phase_plus_atan/inst/i_baseblox.i_baseblox_addsub/no_pipelining.the_addsub/i_lut6.i_lut6_addsub/i_q.i_simple.qreg/i_no_async_controls.output_reg[20]/C (clocked by CLK) and neuron_2_CompExpo/U0/i_synth/i_synth/gen_cordic.cordic_engine/gen_para_arch.gen_iteration[9].eng/data_slice/x_plus_y_shift/inst/i_baseblox.i_baseblox_addsub/no_pipelining.the_addsub/i_lut6.i_lut6_addsub/i_q.i_simple.qreg/i_no_async_controls.output_reg[20]/D (clocked by CLK). Large setup violations at the end of those stages might be difficult to fix during the post-placement implementation flow and could be the result of non-optimal XDC constraints or non-optimal design architecture
Related violations: <none>

TIMING-16#33 Warning
Large setup violation  
There is a large setup violation of -1.142 ns between neuron_2_CompExpo/U0/i_synth/i_synth/gen_cordic.cordic_engine/gen_para_arch.gen_iteration[9].eng/phase_slice/phase_plus_atan/inst/i_baseblox.i_baseblox_addsub/no_pipelining.the_addsub/i_lut6.i_lut6_addsub/i_q.i_simple.qreg/i_no_async_controls.output_reg[20]/C (clocked by CLK) and neuron_2_CompExpo/U0/i_synth/i_synth/gen_cordic.cordic_engine/gen_para_arch.gen_iteration[10].eng/phase_slice/phase_plus_atan/inst/i_baseblox.i_baseblox_addsub/no_pipelining.the_addsub/i_lut6.i_lut6_addsub/i_q.i_simple.qreg/i_no_async_controls.output_reg[18]/D (clocked by CLK). Large setup violations at the end of those stages might be difficult to fix during the post-placement implementation flow and could be the result of non-optimal XDC constraints or non-optimal design architecture
Related violations: <none>

TIMING-16#34 Warning
Large setup violation  
There is a large setup violation of -1.163 ns between neuron_2_CompExpo/U0/i_synth/i_synth/gen_cordic.cordic_engine/gen_para_arch.gen_iteration[8].eng/phase_slice/phase_plus_atan/inst/i_baseblox.i_baseblox_addsub/no_pipelining.the_addsub/i_lut6.i_lut6_addsub/i_q.i_simple.qreg/i_no_async_controls.output_reg[20]/C (clocked by CLK) and neuron_2_CompExpo/U0/i_synth/i_synth/gen_cordic.cordic_engine/gen_para_arch.gen_iteration[9].eng/data_slice/x_plus_y_shift/inst/i_baseblox.i_baseblox_addsub/no_pipelining.the_addsub/i_lut6.i_lut6_addsub/i_q.i_simple.qreg/i_no_async_controls.output_reg[18]/D (clocked by CLK). Large setup violations at the end of those stages might be difficult to fix during the post-placement implementation flow and could be the result of non-optimal XDC constraints or non-optimal design architecture
Related violations: <none>

TIMING-16#35 Warning
Large setup violation  
There is a large setup violation of -1.166 ns between neuron_2_CompExpo/U0/i_synth/i_synth/gen_cordic.cordic_engine/gen_para_arch.gen_iteration[9].eng/phase_slice/phase_plus_atan/inst/i_baseblox.i_baseblox_addsub/no_pipelining.the_addsub/i_lut6.i_lut6_addsub/i_q.i_simple.qreg/i_no_async_controls.output_reg[20]/C (clocked by CLK) and neuron_2_CompExpo/U0/i_synth/i_synth/gen_cordic.cordic_engine/gen_para_arch.gen_iteration[10].eng/data_slice/x_plus_y_shift/inst/i_baseblox.i_baseblox_addsub/no_pipelining.the_addsub/i_lut6.i_lut6_addsub/i_q.i_simple.qreg/i_no_async_controls.output_reg[20]/D (clocked by CLK). Large setup violations at the end of those stages might be difficult to fix during the post-placement implementation flow and could be the result of non-optimal XDC constraints or non-optimal design architecture
Related violations: <none>

TIMING-16#36 Warning
Large setup violation  
There is a large setup violation of -1.187 ns between neuron_2_CompExpo/U0/i_synth/i_synth/gen_cordic.cordic_engine/gen_para_arch.gen_iteration[9].eng/phase_slice/phase_plus_atan/inst/i_baseblox.i_baseblox_addsub/no_pipelining.the_addsub/i_lut6.i_lut6_addsub/i_q.i_simple.qreg/i_no_async_controls.output_reg[20]/C (clocked by CLK) and neuron_2_CompExpo/U0/i_synth/i_synth/gen_cordic.cordic_engine/gen_para_arch.gen_iteration[10].eng/data_slice/x_plus_y_shift/inst/i_baseblox.i_baseblox_addsub/no_pipelining.the_addsub/i_lut6.i_lut6_addsub/i_q.i_simple.qreg/i_no_async_controls.output_reg[18]/D (clocked by CLK). Large setup violations at the end of those stages might be difficult to fix during the post-placement implementation flow and could be the result of non-optimal XDC constraints or non-optimal design architecture
Related violations: <none>

TIMING-18#1 Warning
Missing input or output delay  
An input delay is missing on t[0] relative to clock(s) CLK
Related violations: <none>

TIMING-18#2 Warning
Missing input or output delay  
An input delay is missing on t[10] relative to clock(s) CLK
Related violations: <none>

TIMING-18#3 Warning
Missing input or output delay  
An input delay is missing on t[11] relative to clock(s) CLK
Related violations: <none>

TIMING-18#4 Warning
Missing input or output delay  
An input delay is missing on t[12] relative to clock(s) CLK
Related violations: <none>

TIMING-18#5 Warning
Missing input or output delay  
An input delay is missing on t[13] relative to clock(s) CLK
Related violations: <none>

TIMING-18#6 Warning
Missing input or output delay  
An input delay is missing on t[14] relative to clock(s) CLK
Related violations: <none>

TIMING-18#7 Warning
Missing input or output delay  
An input delay is missing on t[15] relative to clock(s) CLK
Related violations: <none>

TIMING-18#8 Warning
Missing input or output delay  
An input delay is missing on t[1] relative to clock(s) CLK
Related violations: <none>

TIMING-18#9 Warning
Missing input or output delay  
An input delay is missing on t[2] relative to clock(s) CLK
Related violations: <none>

TIMING-18#10 Warning
Missing input or output delay  
An input delay is missing on t[3] relative to clock(s) CLK
Related violations: <none>

TIMING-18#11 Warning
Missing input or output delay  
An input delay is missing on t[4] relative to clock(s) CLK
Related violations: <none>

TIMING-18#12 Warning
Missing input or output delay  
An input delay is missing on t[5] relative to clock(s) CLK
Related violations: <none>

TIMING-18#13 Warning
Missing input or output delay  
An input delay is missing on t[6] relative to clock(s) CLK
Related violations: <none>

TIMING-18#14 Warning
Missing input or output delay  
An input delay is missing on t[7] relative to clock(s) CLK
Related violations: <none>

TIMING-18#15 Warning
Missing input or output delay  
An input delay is missing on t[8] relative to clock(s) CLK
Related violations: <none>

TIMING-18#16 Warning
Missing input or output delay  
An input delay is missing on t[9] relative to clock(s) CLK
Related violations: <none>

TIMING-18#17 Warning
Missing input or output delay  
An output delay is missing on y_imag[0] relative to clock(s) CLK
Related violations: <none>

TIMING-18#18 Warning
Missing input or output delay  
An output delay is missing on y_imag[10] relative to clock(s) CLK
Related violations: <none>

TIMING-18#19 Warning
Missing input or output delay  
An output delay is missing on y_imag[11] relative to clock(s) CLK
Related violations: <none>

TIMING-18#20 Warning
Missing input or output delay  
An output delay is missing on y_imag[12] relative to clock(s) CLK
Related violations: <none>

TIMING-18#21 Warning
Missing input or output delay  
An output delay is missing on y_imag[13] relative to clock(s) CLK
Related violations: <none>

TIMING-18#22 Warning
Missing input or output delay  
An output delay is missing on y_imag[14] relative to clock(s) CLK
Related violations: <none>

TIMING-18#23 Warning
Missing input or output delay  
An output delay is missing on y_imag[15] relative to clock(s) CLK
Related violations: <none>

TIMING-18#24 Warning
Missing input or output delay  
An output delay is missing on y_imag[1] relative to clock(s) CLK
Related violations: <none>

TIMING-18#25 Warning
Missing input or output delay  
An output delay is missing on y_imag[2] relative to clock(s) CLK
Related violations: <none>

TIMING-18#26 Warning
Missing input or output delay  
An output delay is missing on y_imag[3] relative to clock(s) CLK
Related violations: <none>

TIMING-18#27 Warning
Missing input or output delay  
An output delay is missing on y_imag[4] relative to clock(s) CLK
Related violations: <none>

TIMING-18#28 Warning
Missing input or output delay  
An output delay is missing on y_imag[5] relative to clock(s) CLK
Related violations: <none>

TIMING-18#29 Warning
Missing input or output delay  
An output delay is missing on y_imag[6] relative to clock(s) CLK
Related violations: <none>

TIMING-18#30 Warning
Missing input or output delay  
An output delay is missing on y_imag[7] relative to clock(s) CLK
Related violations: <none>

TIMING-18#31 Warning
Missing input or output delay  
An output delay is missing on y_imag[8] relative to clock(s) CLK
Related violations: <none>

TIMING-18#32 Warning
Missing input or output delay  
An output delay is missing on y_imag[9] relative to clock(s) CLK
Related violations: <none>

TIMING-18#33 Warning
Missing input or output delay  
An output delay is missing on y_real[0] relative to clock(s) CLK
Related violations: <none>

TIMING-18#34 Warning
Missing input or output delay  
An output delay is missing on y_real[10] relative to clock(s) CLK
Related violations: <none>

TIMING-18#35 Warning
Missing input or output delay  
An output delay is missing on y_real[11] relative to clock(s) CLK
Related violations: <none>

TIMING-18#36 Warning
Missing input or output delay  
An output delay is missing on y_real[12] relative to clock(s) CLK
Related violations: <none>

TIMING-18#37 Warning
Missing input or output delay  
An output delay is missing on y_real[13] relative to clock(s) CLK
Related violations: <none>

TIMING-18#38 Warning
Missing input or output delay  
An output delay is missing on y_real[14] relative to clock(s) CLK
Related violations: <none>

TIMING-18#39 Warning
Missing input or output delay  
An output delay is missing on y_real[15] relative to clock(s) CLK
Related violations: <none>

TIMING-18#40 Warning
Missing input or output delay  
An output delay is missing on y_real[1] relative to clock(s) CLK
Related violations: <none>

TIMING-18#41 Warning
Missing input or output delay  
An output delay is missing on y_real[2] relative to clock(s) CLK
Related violations: <none>

TIMING-18#42 Warning
Missing input or output delay  
An output delay is missing on y_real[3] relative to clock(s) CLK
Related violations: <none>

TIMING-18#43 Warning
Missing input or output delay  
An output delay is missing on y_real[4] relative to clock(s) CLK
Related violations: <none>

TIMING-18#44 Warning
Missing input or output delay  
An output delay is missing on y_real[5] relative to clock(s) CLK
Related violations: <none>

TIMING-18#45 Warning
Missing input or output delay  
An output delay is missing on y_real[6] relative to clock(s) CLK
Related violations: <none>

TIMING-18#46 Warning
Missing input or output delay  
An output delay is missing on y_real[7] relative to clock(s) CLK
Related violations: <none>

TIMING-18#47 Warning
Missing input or output delay  
An output delay is missing on y_real[8] relative to clock(s) CLK
Related violations: <none>

TIMING-18#48 Warning
Missing input or output delay  
An output delay is missing on y_real[9] relative to clock(s) CLK
Related violations: <none>


