
*** Running vivado
    with args -log sumofTwoNeuron_32bit.vds -m64 -product Vivado -mode batch -messageDb vivado.pb -notrace -source sumofTwoNeuron_32bit.tcl



****** Vivado v2021.1 (64-bit)
  **** SW Build 3247384 on Thu Jun 10 19:36:33 MDT 2021
  **** IP Build 3246043 on Fri Jun 11 00:30:35 MDT 2021
    ** Copyright 1986-2021 Xilinx, Inc. All Rights Reserved.

source sumofTwoNeuron_32bit.tcl -notrace
Command: synth_design -top sumofTwoNeuron_32bit -part xc7z020clg484-1
Starting synth_design
Attempting to get a license for feature 'Synthesis' and/or device 'xc7z020'
INFO: [Common 17-349] Got license for feature 'Synthesis' and/or device 'xc7z020'
INFO: [Device 21-403] Loading part xc7z020clg484-1
INFO: [Synth 8-7079] Multithreading enabled for synth_design using a maximum of 2 processes.
INFO: [Synth 8-7078] Launching helper process for spawning children vivado processes
INFO: [Synth 8-7075] Helper process launched with PID 1268
---------------------------------------------------------------------------------
Starting RTL Elaboration : Time (s): cpu = 00:00:04 ; elapsed = 00:00:05 . Memory (MB): peak = 1281.992 ; gain = 0.000
---------------------------------------------------------------------------------
INFO: [Synth 8-638] synthesizing module 'sumofTwoNeuron_32bit' [E:/FPGAProject/01102022/FPGAResearch/5_Final_Submission/Vivado_Desgin/SumofTwoNeuron_32bit/sumofTwoNeuron_32bit/sumofTwoNeuron_32bit.srcs/sources_1/new/sumofTwoNeuron_32bit.vhd:43]
INFO: [Synth 8-3491] module 'mult' declared at 'E:/FPGAProject/01102022/FPGAResearch/5_Final_Submission/Vivado_Desgin/SumofTwoNeuron_32bit/sumofTwoNeuron_32bit/sumofTwoNeuron_32bit.srcs/sources_1/new/mult.vhd:6' bound to instance 'neuron_1_mult_unit' of component 'mult' [E:/FPGAProject/01102022/FPGAResearch/5_Final_Submission/Vivado_Desgin/SumofTwoNeuron_32bit/sumofTwoNeuron_32bit/sumofTwoNeuron_32bit.srcs/sources_1/new/sumofTwoNeuron_32bit.vhd:128]
INFO: [Synth 8-638] synthesizing module 'mult' [E:/FPGAProject/01102022/FPGAResearch/5_Final_Submission/Vivado_Desgin/SumofTwoNeuron_32bit/sumofTwoNeuron_32bit/sumofTwoNeuron_32bit.srcs/sources_1/new/mult.vhd:14]
INFO: [Synth 8-256] done synthesizing module 'mult' (1#1) [E:/FPGAProject/01102022/FPGAResearch/5_Final_Submission/Vivado_Desgin/SumofTwoNeuron_32bit/sumofTwoNeuron_32bit/sumofTwoNeuron_32bit.srcs/sources_1/new/mult.vhd:14]
INFO: [Synth 8-3491] module 'mult' declared at 'E:/FPGAProject/01102022/FPGAResearch/5_Final_Submission/Vivado_Desgin/SumofTwoNeuron_32bit/sumofTwoNeuron_32bit/sumofTwoNeuron_32bit.srcs/sources_1/new/mult.vhd:6' bound to instance 'neuron_2_mult_unit' of component 'mult' [E:/FPGAProject/01102022/FPGAResearch/5_Final_Submission/Vivado_Desgin/SumofTwoNeuron_32bit/sumofTwoNeuron_32bit/sumofTwoNeuron_32bit.srcs/sources_1/new/sumofTwoNeuron_32bit.vhd:131]
INFO: [Synth 8-3491] module 'pinormalize' declared at 'E:/FPGAProject/01102022/FPGAResearch/5_Final_Submission/Vivado_Desgin/SumofTwoNeuron_32bit/sumofTwoNeuron_32bit/sumofTwoNeuron_32bit.srcs/sources_1/new/pinormalize.vhd:15' bound to instance 'process_pinormalize_unit' of component 'pinormalize' [E:/FPGAProject/01102022/FPGAResearch/5_Final_Submission/Vivado_Desgin/SumofTwoNeuron_32bit/sumofTwoNeuron_32bit/sumofTwoNeuron_32bit.srcs/sources_1/new/sumofTwoNeuron_32bit.vhd:137]
INFO: [Synth 8-638] synthesizing module 'pinormalize' [E:/FPGAProject/01102022/FPGAResearch/5_Final_Submission/Vivado_Desgin/SumofTwoNeuron_32bit/sumofTwoNeuron_32bit/sumofTwoNeuron_32bit.srcs/sources_1/new/pinormalize.vhd:22]
WARNING: [Synth 8-614] signal 'magnitude' is read in the process but is not in the sensitivity list [E:/FPGAProject/01102022/FPGAResearch/5_Final_Submission/Vivado_Desgin/SumofTwoNeuron_32bit/sumofTwoNeuron_32bit/sumofTwoNeuron_32bit.srcs/sources_1/new/pinormalize.vhd:34]
INFO: [Synth 8-256] done synthesizing module 'pinormalize' (2#1) [E:/FPGAProject/01102022/FPGAResearch/5_Final_Submission/Vivado_Desgin/SumofTwoNeuron_32bit/sumofTwoNeuron_32bit/sumofTwoNeuron_32bit.srcs/sources_1/new/pinormalize.vhd:22]
INFO: [Synth 8-3491] module 'pinormalize' declared at 'E:/FPGAProject/01102022/FPGAResearch/5_Final_Submission/Vivado_Desgin/SumofTwoNeuron_32bit/sumofTwoNeuron_32bit/sumofTwoNeuron_32bit.srcs/sources_1/new/pinormalize.vhd:15' bound to instance 'process_pinormalize_unit2' of component 'pinormalize' [E:/FPGAProject/01102022/FPGAResearch/5_Final_Submission/Vivado_Desgin/SumofTwoNeuron_32bit/sumofTwoNeuron_32bit/sumofTwoNeuron_32bit.srcs/sources_1/new/sumofTwoNeuron_32bit.vhd:142]
INFO: [Synth 8-3491] module 'cordic_0' declared at 'E:/FPGAProject/01102022/FPGAResearch/5_Final_Submission/Vivado_Desgin/SumofTwoNeuron_32bit/sumofTwoNeuron_32bit/sumofTwoNeuron_32bit.runs/synth_1/.Xil/Vivado-7504-DESKTOP-1FT5C23/realtime/cordic_0_stub.vhdl:5' bound to instance 'neuron_1_CompExpo' of component 'cordic_0' [E:/FPGAProject/01102022/FPGAResearch/5_Final_Submission/Vivado_Desgin/SumofTwoNeuron_32bit/sumofTwoNeuron_32bit/sumofTwoNeuron_32bit.srcs/sources_1/new/sumofTwoNeuron_32bit.vhd:157]
INFO: [Synth 8-638] synthesizing module 'cordic_0' [E:/FPGAProject/01102022/FPGAResearch/5_Final_Submission/Vivado_Desgin/SumofTwoNeuron_32bit/sumofTwoNeuron_32bit/sumofTwoNeuron_32bit.runs/synth_1/.Xil/Vivado-7504-DESKTOP-1FT5C23/realtime/cordic_0_stub.vhdl:16]
INFO: [Synth 8-3491] module 'cordic_0' declared at 'E:/FPGAProject/01102022/FPGAResearch/5_Final_Submission/Vivado_Desgin/SumofTwoNeuron_32bit/sumofTwoNeuron_32bit/sumofTwoNeuron_32bit.runs/synth_1/.Xil/Vivado-7504-DESKTOP-1FT5C23/realtime/cordic_0_stub.vhdl:5' bound to instance 'neuron_2_CompExpo' of component 'cordic_0' [E:/FPGAProject/01102022/FPGAResearch/5_Final_Submission/Vivado_Desgin/SumofTwoNeuron_32bit/sumofTwoNeuron_32bit/sumofTwoNeuron_32bit.srcs/sources_1/new/sumofTwoNeuron_32bit.vhd:166]
INFO: [Synth 8-3491] module 'mult' declared at 'E:/FPGAProject/01102022/FPGAResearch/5_Final_Submission/Vivado_Desgin/SumofTwoNeuron_32bit/sumofTwoNeuron_32bit/sumofTwoNeuron_32bit.srcs/sources_1/new/mult.vhd:6' bound to instance 'neuron_1_mult_Real_ExLnTheta' of component 'mult' [E:/FPGAProject/01102022/FPGAResearch/5_Final_Submission/Vivado_Desgin/SumofTwoNeuron_32bit/sumofTwoNeuron_32bit/sumofTwoNeuron_32bit.srcs/sources_1/new/sumofTwoNeuron_32bit.vhd:195]
INFO: [Synth 8-3491] module 'mult' declared at 'E:/FPGAProject/01102022/FPGAResearch/5_Final_Submission/Vivado_Desgin/SumofTwoNeuron_32bit/sumofTwoNeuron_32bit/sumofTwoNeuron_32bit.srcs/sources_1/new/mult.vhd:6' bound to instance 'neuron_1_mult_Imag_ExLnTheta' of component 'mult' [E:/FPGAProject/01102022/FPGAResearch/5_Final_Submission/Vivado_Desgin/SumofTwoNeuron_32bit/sumofTwoNeuron_32bit/sumofTwoNeuron_32bit.srcs/sources_1/new/sumofTwoNeuron_32bit.vhd:197]
INFO: [Synth 8-3491] module 'mult' declared at 'E:/FPGAProject/01102022/FPGAResearch/5_Final_Submission/Vivado_Desgin/SumofTwoNeuron_32bit/sumofTwoNeuron_32bit/sumofTwoNeuron_32bit.srcs/sources_1/new/mult.vhd:6' bound to instance 'neuron_2_mult_Real_ExLnTheta' of component 'mult' [E:/FPGAProject/01102022/FPGAResearch/5_Final_Submission/Vivado_Desgin/SumofTwoNeuron_32bit/sumofTwoNeuron_32bit/sumofTwoNeuron_32bit.srcs/sources_1/new/sumofTwoNeuron_32bit.vhd:200]
INFO: [Synth 8-3491] module 'mult' declared at 'E:/FPGAProject/01102022/FPGAResearch/5_Final_Submission/Vivado_Desgin/SumofTwoNeuron_32bit/sumofTwoNeuron_32bit/sumofTwoNeuron_32bit.srcs/sources_1/new/mult.vhd:6' bound to instance 'neuron_2_mult_Imag_ExLnTheta' of component 'mult' [E:/FPGAProject/01102022/FPGAResearch/5_Final_Submission/Vivado_Desgin/SumofTwoNeuron_32bit/sumofTwoNeuron_32bit/sumofTwoNeuron_32bit.srcs/sources_1/new/sumofTwoNeuron_32bit.vhd:202]
INFO: [Synth 8-256] done synthesizing module 'sumofTwoNeuron_32bit' (3#1) [E:/FPGAProject/01102022/FPGAResearch/5_Final_Submission/Vivado_Desgin/SumofTwoNeuron_32bit/sumofTwoNeuron_32bit/sumofTwoNeuron_32bit.srcs/sources_1/new/sumofTwoNeuron_32bit.vhd:43]
---------------------------------------------------------------------------------
Finished RTL Elaboration : Time (s): cpu = 00:00:05 ; elapsed = 00:00:06 . Memory (MB): peak = 1281.992 ; gain = 0.000
---------------------------------------------------------------------------------
---------------------------------------------------------------------------------
Start Handling Custom Attributes
---------------------------------------------------------------------------------
---------------------------------------------------------------------------------
Finished Handling Custom Attributes : Time (s): cpu = 00:00:05 ; elapsed = 00:00:06 . Memory (MB): peak = 1281.992 ; gain = 0.000
---------------------------------------------------------------------------------
---------------------------------------------------------------------------------
Finished RTL Optimization Phase 1 : Time (s): cpu = 00:00:05 ; elapsed = 00:00:06 . Memory (MB): peak = 1281.992 ; gain = 0.000
---------------------------------------------------------------------------------
Netlist sorting complete. Time (s): cpu = 00:00:00 ; elapsed = 00:00:00.008 . Memory (MB): peak = 1281.992 ; gain = 0.000
INFO: [Project 1-570] Preparing netlist for logic optimization

Processing XDC Constraints
Initializing timing engine
Parsing XDC File [e:/FPGAProject/01102022/FPGAResearch/5_Final_Submission/Vivado_Desgin/SumofTwoNeuron_32bit/sumofTwoNeuron_32bit/sumofTwoNeuron_32bit.gen/sources_1/ip/cordic_0/cordic_0/cordic_0_in_context.xdc] for cell 'neuron_1_CompExpo'
Finished Parsing XDC File [e:/FPGAProject/01102022/FPGAResearch/5_Final_Submission/Vivado_Desgin/SumofTwoNeuron_32bit/sumofTwoNeuron_32bit/sumofTwoNeuron_32bit.gen/sources_1/ip/cordic_0/cordic_0/cordic_0_in_context.xdc] for cell 'neuron_1_CompExpo'
Parsing XDC File [e:/FPGAProject/01102022/FPGAResearch/5_Final_Submission/Vivado_Desgin/SumofTwoNeuron_32bit/sumofTwoNeuron_32bit/sumofTwoNeuron_32bit.gen/sources_1/ip/cordic_0/cordic_0/cordic_0_in_context.xdc] for cell 'neuron_2_CompExpo'
Finished Parsing XDC File [e:/FPGAProject/01102022/FPGAResearch/5_Final_Submission/Vivado_Desgin/SumofTwoNeuron_32bit/sumofTwoNeuron_32bit/sumofTwoNeuron_32bit.gen/sources_1/ip/cordic_0/cordic_0/cordic_0_in_context.xdc] for cell 'neuron_2_CompExpo'
Parsing XDC File [E:/FPGAProject/01102022/FPGAResearch/5_Final_Submission/Vivado_Desgin/SumofTwoNeuron_32bit/sumofTwoNeuron_32bit/sumofTwoNeuron_32bit.srcs/constrs_1/new/config.xdc]
Finished Parsing XDC File [E:/FPGAProject/01102022/FPGAResearch/5_Final_Submission/Vivado_Desgin/SumofTwoNeuron_32bit/sumofTwoNeuron_32bit/sumofTwoNeuron_32bit.srcs/constrs_1/new/config.xdc]
Completed Processing XDC Constraints

Netlist sorting complete. Time (s): cpu = 00:00:00 ; elapsed = 00:00:00 . Memory (MB): peak = 1281.992 ; gain = 0.000
INFO: [Project 1-111] Unisim Transformation Summary:
No Unisim elements were transformed.

Constraint Validation Runtime : Time (s): cpu = 00:00:00 ; elapsed = 00:00:00.009 . Memory (MB): peak = 1281.992 ; gain = 0.000
WARNING: [Timing 38-316] Clock period '1000.000' specified during out-of-context synthesis of instance 'neuron_1_CompExpo' at clock pin 'aclk' is different from the actual clock period '10.000', this can lead to different synthesis results.
WARNING: [Timing 38-316] Clock period '1000.000' specified during out-of-context synthesis of instance 'neuron_2_CompExpo' at clock pin 'aclk' is different from the actual clock period '10.000', this can lead to different synthesis results.
---------------------------------------------------------------------------------
Finished Constraint Validation : Time (s): cpu = 00:00:11 ; elapsed = 00:00:12 . Memory (MB): peak = 1286.734 ; gain = 4.742
---------------------------------------------------------------------------------
---------------------------------------------------------------------------------
Start Loading Part and Timing Information
---------------------------------------------------------------------------------
Loading part: xc7z020clg484-1
---------------------------------------------------------------------------------
Finished Loading Part and Timing Information : Time (s): cpu = 00:00:11 ; elapsed = 00:00:12 . Memory (MB): peak = 1286.734 ; gain = 4.742
---------------------------------------------------------------------------------
---------------------------------------------------------------------------------
Start Applying 'set_property' XDC Constraints
---------------------------------------------------------------------------------
Applied set_property KEEP_HIERARCHY = SOFT for neuron_1_CompExpo. (constraint file  auto generated constraint).
Applied set_property KEEP_HIERARCHY = SOFT for neuron_2_CompExpo. (constraint file  auto generated constraint).
---------------------------------------------------------------------------------
Finished applying 'set_property' XDC Constraints : Time (s): cpu = 00:00:11 ; elapsed = 00:00:12 . Memory (MB): peak = 1286.734 ; gain = 4.742
---------------------------------------------------------------------------------
---------------------------------------------------------------------------------
Finished RTL Optimization Phase 2 : Time (s): cpu = 00:00:11 ; elapsed = 00:00:12 . Memory (MB): peak = 1286.734 ; gain = 4.742
---------------------------------------------------------------------------------
---------------------------------------------------------------------------------
Start RTL Component Statistics 
---------------------------------------------------------------------------------
Detailed RTL Component Info : 
+---Adders : 
	   2 Input   32 Bit       Adders := 8     
+---Multipliers : 
	              32x32  Multipliers := 6     
+---Muxes : 
	   2 Input   32 Bit        Muxes := 8     
---------------------------------------------------------------------------------
Finished RTL Component Statistics 
---------------------------------------------------------------------------------
---------------------------------------------------------------------------------
Start Part Resource Summary
---------------------------------------------------------------------------------
Part Resources:
DSPs: 220 (col length:60)
BRAMs: 280 (col length: RAMB18 60 RAMB36 30)
---------------------------------------------------------------------------------
Finished Part Resource Summary
---------------------------------------------------------------------------------
---------------------------------------------------------------------------------
Start Cross Boundary and Area Optimization
---------------------------------------------------------------------------------
---------------------------------------------------------------------------------
Finished Cross Boundary and Area Optimization : Time (s): cpu = 00:00:12 ; elapsed = 00:00:13 . Memory (MB): peak = 1286.734 ; gain = 4.742
---------------------------------------------------------------------------------
---------------------------------------------------------------------------------
Start Applying XDC Timing Constraints
---------------------------------------------------------------------------------
---------------------------------------------------------------------------------
Finished Applying XDC Timing Constraints : Time (s): cpu = 00:00:17 ; elapsed = 00:00:18 . Memory (MB): peak = 1286.734 ; gain = 4.742
---------------------------------------------------------------------------------
---------------------------------------------------------------------------------
Start Timing Optimization
---------------------------------------------------------------------------------
---------------------------------------------------------------------------------
Finished Timing Optimization : Time (s): cpu = 00:00:17 ; elapsed = 00:00:18 . Memory (MB): peak = 1286.734 ; gain = 4.742
---------------------------------------------------------------------------------
---------------------------------------------------------------------------------
Start Technology Mapping
---------------------------------------------------------------------------------
---------------------------------------------------------------------------------
Finished Technology Mapping : Time (s): cpu = 00:00:17 ; elapsed = 00:00:18 . Memory (MB): peak = 1289.039 ; gain = 7.047
---------------------------------------------------------------------------------
---------------------------------------------------------------------------------
Start IO Insertion
---------------------------------------------------------------------------------
---------------------------------------------------------------------------------
Start Flattening Before IO Insertion
---------------------------------------------------------------------------------
---------------------------------------------------------------------------------
Finished Flattening Before IO Insertion
---------------------------------------------------------------------------------
---------------------------------------------------------------------------------
Start Final Netlist Cleanup
---------------------------------------------------------------------------------
---------------------------------------------------------------------------------
Finished Final Netlist Cleanup
---------------------------------------------------------------------------------
---------------------------------------------------------------------------------
Finished IO Insertion : Time (s): cpu = 00:00:20 ; elapsed = 00:00:22 . Memory (MB): peak = 1296.375 ; gain = 14.383
---------------------------------------------------------------------------------
---------------------------------------------------------------------------------
Start Renaming Generated Instances
---------------------------------------------------------------------------------
---------------------------------------------------------------------------------
Finished Renaming Generated Instances : Time (s): cpu = 00:00:20 ; elapsed = 00:00:22 . Memory (MB): peak = 1296.375 ; gain = 14.383
---------------------------------------------------------------------------------
---------------------------------------------------------------------------------
Start Rebuilding User Hierarchy
---------------------------------------------------------------------------------
---------------------------------------------------------------------------------
Finished Rebuilding User Hierarchy : Time (s): cpu = 00:00:20 ; elapsed = 00:00:22 . Memory (MB): peak = 1296.375 ; gain = 14.383
---------------------------------------------------------------------------------
---------------------------------------------------------------------------------
Start Renaming Generated Ports
---------------------------------------------------------------------------------
---------------------------------------------------------------------------------
Finished Renaming Generated Ports : Time (s): cpu = 00:00:20 ; elapsed = 00:00:22 . Memory (MB): peak = 1296.375 ; gain = 14.383
---------------------------------------------------------------------------------
---------------------------------------------------------------------------------
Start Handling Custom Attributes
---------------------------------------------------------------------------------
---------------------------------------------------------------------------------
Finished Handling Custom Attributes : Time (s): cpu = 00:00:20 ; elapsed = 00:00:22 . Memory (MB): peak = 1296.375 ; gain = 14.383
---------------------------------------------------------------------------------
---------------------------------------------------------------------------------
Start Renaming Generated Nets
---------------------------------------------------------------------------------
---------------------------------------------------------------------------------
Finished Renaming Generated Nets : Time (s): cpu = 00:00:20 ; elapsed = 00:00:22 . Memory (MB): peak = 1296.375 ; gain = 14.383
---------------------------------------------------------------------------------
---------------------------------------------------------------------------------
Start Writing Synthesis Report
---------------------------------------------------------------------------------

Report BlackBoxes: 
+------+--------------+----------+
|      |BlackBox name |Instances |
+------+--------------+----------+
|1     |cordic_0      |         2|
+------+--------------+----------+

Report Cell Usage: 
+------+--------------+------+
|      |Cell          |Count |
+------+--------------+------+
|1     |cordic_0_bbox |     2|
|3     |CARRY4        |    96|
|4     |LUT1          |    75|
|5     |LUT2          |   306|
|6     |LUT3          |     1|
|7     |LUT4          |     1|
|8     |LUT5          |    56|
|9     |IBUF          |    33|
|10    |OBUF          |    64|
+------+--------------+------+
---------------------------------------------------------------------------------
Finished Writing Synthesis Report : Time (s): cpu = 00:00:20 ; elapsed = 00:00:22 . Memory (MB): peak = 1296.375 ; gain = 14.383
---------------------------------------------------------------------------------
Synthesis finished with 0 errors, 0 critical warnings and 0 warnings.
Synthesis Optimization Runtime : Time (s): cpu = 00:00:13 ; elapsed = 00:00:20 . Memory (MB): peak = 1296.375 ; gain = 9.641
Synthesis Optimization Complete : Time (s): cpu = 00:00:20 ; elapsed = 00:00:22 . Memory (MB): peak = 1296.375 ; gain = 14.383
INFO: [Project 1-571] Translating synthesized netlist
Netlist sorting complete. Time (s): cpu = 00:00:00 ; elapsed = 00:00:00.010 . Memory (MB): peak = 1308.449 ; gain = 0.000
INFO: [Netlist 29-17] Analyzing 96 Unisim elements for replacement
INFO: [Netlist 29-28] Unisim Transformation completed in 0 CPU seconds
INFO: [Project 1-570] Preparing netlist for logic optimization
INFO: [Opt 31-138] Pushed 0 inverter(s) to 0 load pin(s).
Netlist sorting complete. Time (s): cpu = 00:00:00 ; elapsed = 00:00:00.001 . Memory (MB): peak = 1320.383 ; gain = 0.000
INFO: [Project 1-111] Unisim Transformation Summary:
No Unisim elements were transformed.

Synth Design complete, checksum: 67c8ec22
INFO: [Common 17-83] Releasing license: Synthesis
31 Infos, 3 Warnings, 0 Critical Warnings and 0 Errors encountered.
synth_design completed successfully
synth_design: Time (s): cpu = 00:00:26 ; elapsed = 00:00:30 . Memory (MB): peak = 1320.383 ; gain = 38.391
INFO: [Common 17-1381] The checkpoint 'E:/FPGAProject/01102022/FPGAResearch/5_Final_Submission/Vivado_Desgin/SumofTwoNeuron_32bit/sumofTwoNeuron_32bit/sumofTwoNeuron_32bit.runs/synth_1/sumofTwoNeuron_32bit.dcp' has been generated.
INFO: [runtcl-4] Executing : report_utilization -file sumofTwoNeuron_32bit_utilization_synth.rpt -pb sumofTwoNeuron_32bit_utilization_synth.pb
INFO: [Common 17-206] Exiting Vivado at Tue Nov 22 11:04:10 2022...
